[0.027s] Invoking command in '/home/jermito/rina_ws/build/robot': CMAKE_PREFIX_PATH=/opt/ros/foxy /usr/bin/cmake /home/jermito/rina_ws/src/robot -DAMENT_CMAKE_SYMLINK_INSTALL=1 -DCMAKE_INSTALL_PREFIX=/home/jermito/rina_ws/install/robot
[0.123s] -- The C compiler identification is GNU 9.4.0
[0.214s] -- The CXX compiler identification is GNU 9.4.0
[0.222s] -- Check for working C compiler: /usr/bin/cc
[0.327s] -- Check for working C compiler: /usr/bin/cc -- works
[0.338s] -- Detecting C compiler ABI info
[0.464s] -- Detecting C compiler ABI info - done
[0.507s] -- Detecting C compile features
[0.508s] -- Detecting C compile features - done
[0.514s] -- Check for working CXX compiler: /usr/bin/c++
[0.648s] -- Check for working CXX compiler: /usr/bin/c++ -- works
[0.650s] -- Detecting CXX compiler ABI info
[0.793s] -- Detecting CXX compiler ABI info - done
[0.823s] -- Detecting CXX compile features
[0.824s] -- Detecting CXX compile features - done
[0.828s] -- Found ament_cmake: 0.9.12 (/opt/ros/foxy/share/ament_cmake/cmake)
[0.885s] -- Found PythonInterp: /usr/bin/python3 (found suitable version "3.8.10", minimum required is "3") 
[0.885s] -- Using PYTHON_EXECUTABLE: /usr/bin/python3
[1.272s] -- Override CMake install command with custom implementation using symlinks instead of copying resources
[1.323s] -- Found ament_lint_auto: 0.9.8 (/opt/ros/foxy/share/ament_lint_auto/cmake)
[1.452s] -- Added test 'copyright' to check source files copyright and LICENSE
[1.471s] -- Added test 'flake8' to check Python code syntax and style conventions
[1.475s] -- Added test 'lint_cmake' to check CMake code style
[1.477s] -- Added test 'pep257' to check Python code against some of the style conventions in PEP 257
[1.482s] -- Added test 'xmllint' to check XML markup files
[1.488s] -- Configuring done
[1.491s] -- Generating done
[1.493s] -- Build files have been written to: /home/jermito/rina_ws/build/robot
[1.498s] Invoked command in '/home/jermito/rina_ws/build/robot' returned '0': CMAKE_PREFIX_PATH=/opt/ros/foxy /usr/bin/cmake /home/jermito/rina_ws/src/robot -DAMENT_CMAKE_SYMLINK_INSTALL=1 -DCMAKE_INSTALL_PREFIX=/home/jermito/rina_ws/install/robot
[1.502s] Invoking command in '/home/jermito/rina_ws/build/robot': CMAKE_PREFIX_PATH=/opt/ros/foxy /usr/bin/cmake --build /home/jermito/rina_ws/build/robot -- -j8 -l8
[1.565s] Invoked command in '/home/jermito/rina_ws/build/robot' returned '0': CMAKE_PREFIX_PATH=/opt/ros/foxy /usr/bin/cmake --build /home/jermito/rina_ws/build/robot -- -j8 -l8
[1.626s] Invoking command in '/home/jermito/rina_ws/build/robot': CMAKE_PREFIX_PATH=/opt/ros/foxy /usr/bin/cmake --install /home/jermito/rina_ws/build/robot
[1.634s] -- Install configuration: ""
[1.634s] -- Execute custom install script
[1.638s] -- Symlinking: /home/jermito/rina_ws/install/robot/share/robot/config/controller.yaml
[1.664s] -- Symlinking: /home/jermito/rina_ws/install/robot/share/robot/urdf/control/gazebo_control.xacro
[1.677s] -- Symlinking: /home/jermito/rina_ws/install/robot/share/robot/urdf/control/ros2_control.xacro
[1.688s] -- Symlinking: /home/jermito/rina_ws/install/robot/share/robot/urdf/materials.xacro
[1.697s] -- Symlinking: /home/jermito/rina_ws/install/robot/share/robot/urdf/properties.xacro
[1.721s] -- Symlinking: /home/jermito/rina_ws/install/robot/share/robot/urdf/robot.urdf.xacro
[1.741s] -- Symlinking: /home/jermito/rina_ws/install/robot/share/robot/urdf/robot_core.urdf.xacro
[1.752s] -- Symlinking: /home/jermito/rina_ws/install/robot/share/robot/urdf/sensors/lidar.xacro
[1.762s] -- Symlinking: /home/jermito/rina_ws/install/robot/share/robot/launch/gazebo.launch.py
[1.772s] -- Symlinking: /home/jermito/rina_ws/install/robot/share/robot/launch/robot.launch.py
[1.780s] -- Symlinking: /home/jermito/rina_ws/install/robot/share/robot/launch/rsp.launch.py
[1.810s] -- Symlinking: /home/jermito/rina_ws/install/robot/share/robot/meshes/Wheel_1_1.stl
[1.823s] -- Symlinking: /home/jermito/rina_ws/install/robot/share/robot/meshes/Wheel_2_1.stl
[1.833s] -- Symlinking: /home/jermito/rina_ws/install/robot/share/robot/meshes/base_link.stl
[1.843s] -- Symlinking: /home/jermito/rina_ws/install/robot/share/robot/meshes/chassis/base_link.stl
[1.868s] -- Symlinking: /home/jermito/rina_ws/install/robot/share/robot/meshes/lidar/base_link.stl
[1.887s] -- Symlinking: /home/jermito/rina_ws/install/robot/share/robot/meshes/wheel/base_link.stl
[1.901s] -- Symlinking: /home/jermito/rina_ws/install/robot/share/ament_index/resource_index/package_run_dependencies/robot
[1.912s] -- Symlinking: /home/jermito/rina_ws/install/robot/share/ament_index/resource_index/parent_prefix_path/robot
[1.922s] -- Symlinking: /home/jermito/rina_ws/install/robot/share/robot/environment/ament_prefix_path.sh
[1.933s] -- Symlinking: /home/jermito/rina_ws/install/robot/share/robot/environment/ament_prefix_path.dsv
[1.967s] -- Symlinking: /home/jermito/rina_ws/install/robot/share/robot/environment/path.sh
[1.986s] -- Symlinking: /home/jermito/rina_ws/install/robot/share/robot/environment/path.dsv
[1.998s] -- Symlinking: /home/jermito/rina_ws/install/robot/share/robot/local_setup.bash
[2.034s] -- Symlinking: /home/jermito/rina_ws/install/robot/share/robot/local_setup.sh
[2.051s] -- Symlinking: /home/jermito/rina_ws/install/robot/share/robot/local_setup.zsh
[2.065s] -- Symlinking: /home/jermito/rina_ws/install/robot/share/robot/local_setup.dsv
[2.101s] -- Symlinking: /home/jermito/rina_ws/install/robot/share/robot/package.dsv
[2.121s] -- Symlinking: /home/jermito/rina_ws/install/robot/share/ament_index/resource_index/packages/robot
[2.137s] -- Symlinking: /home/jermito/rina_ws/install/robot/share/robot/cmake/robotConfig.cmake
[2.173s] -- Symlinking: /home/jermito/rina_ws/install/robot/share/robot/cmake/robotConfig-version.cmake
[2.191s] -- Symlinking: /home/jermito/rina_ws/install/robot/share/robot/package.xml
[2.238s] Invoked command in '/home/jermito/rina_ws/build/robot' returned '0': CMAKE_PREFIX_PATH=/opt/ros/foxy /usr/bin/cmake --install /home/jermito/rina_ws/build/robot
