[0.024s] Invoking command in '/home/jermito/rina_ws/build/robot': CMAKE_PREFIX_PATH=${CMAKE_PREFIX_PATH}:/opt/ros/foxy /usr/bin/cmake /home/jermito/rina_ws/src/robot -DAMENT_CMAKE_SYMLINK_INSTALL=1 -DCMAKE_INSTALL_PREFIX=/home/jermito/rina_ws/install/robot
[0.151s] -- The C compiler identification is GNU 9.4.0
[0.260s] -- The CXX compiler identification is GNU 9.4.0
[0.267s] -- Check for working C compiler: /usr/bin/cc
[0.392s] -- Check for working C compiler: /usr/bin/cc -- works
[0.394s] -- Detecting C compiler ABI info
[0.505s] -- Detecting C compiler ABI info - done
[0.543s] -- Detecting C compile features
[0.544s] -- Detecting C compile features - done
[0.550s] -- Check for working CXX compiler: /usr/bin/c++
[0.634s] -- Check for working CXX compiler: /usr/bin/c++ -- works
[0.635s] -- Detecting CXX compiler ABI info
[0.711s] -- Detecting CXX compiler ABI info - done
[0.731s] -- Detecting CXX compile features
[0.731s] -- Detecting CXX compile features - done
[0.734s] -- Found ament_cmake: 0.9.12 (/opt/ros/foxy/share/ament_cmake/cmake)
[0.757s] -- Found PythonInterp: /usr/bin/python3 (found suitable version "3.8.10", minimum required is "3") 
[0.758s] -- Using PYTHON_EXECUTABLE: /usr/bin/python3
[0.965s] -- Override CMake install command with custom implementation using symlinks instead of copying resources
[0.993s] -- Found ament_lint_auto: 0.9.8 (/opt/ros/foxy/share/ament_lint_auto/cmake)
[1.096s] -- Added test 'copyright' to check source files copyright and LICENSE
[1.100s] -- Added test 'flake8' to check Python code syntax and style conventions
[1.101s] -- Added test 'lint_cmake' to check CMake code style
[1.102s] -- Added test 'pep257' to check Python code against some of the style conventions in PEP 257
[1.105s] -- Added test 'xmllint' to check XML markup files
[1.108s] -- Configuring done
[1.110s] -- Generating done
[1.111s] -- Build files have been written to: /home/jermito/rina_ws/build/robot
[1.117s] Invoked command in '/home/jermito/rina_ws/build/robot' returned '0': CMAKE_PREFIX_PATH=${CMAKE_PREFIX_PATH}:/opt/ros/foxy /usr/bin/cmake /home/jermito/rina_ws/src/robot -DAMENT_CMAKE_SYMLINK_INSTALL=1 -DCMAKE_INSTALL_PREFIX=/home/jermito/rina_ws/install/robot
[1.118s] Invoking command in '/home/jermito/rina_ws/build/robot': CMAKE_PREFIX_PATH=${CMAKE_PREFIX_PATH}:/opt/ros/foxy /usr/bin/cmake --build /home/jermito/rina_ws/build/robot -- -j8 -l8
[1.157s] Invoked command in '/home/jermito/rina_ws/build/robot' returned '0': CMAKE_PREFIX_PATH=${CMAKE_PREFIX_PATH}:/opt/ros/foxy /usr/bin/cmake --build /home/jermito/rina_ws/build/robot -- -j8 -l8
[1.187s] Invoking command in '/home/jermito/rina_ws/build/robot': CMAKE_PREFIX_PATH=${CMAKE_PREFIX_PATH}:/opt/ros/foxy /usr/bin/cmake --install /home/jermito/rina_ws/build/robot
[1.195s] -- Install configuration: ""
[1.196s] -- Execute custom install script
[1.197s] -- Symlinking: /home/jermito/rina_ws/install/robot/share/robot/config/controller.yaml
[1.206s] -- Symlinking: /home/jermito/rina_ws/install/robot/share/robot/urdf/control/gazebo_control.xacro
[1.215s] -- Symlinking: /home/jermito/rina_ws/install/robot/share/robot/urdf/control/ros2_control.xacro
[1.225s] -- Symlinking: /home/jermito/rina_ws/install/robot/share/robot/urdf/materials.xacro
[1.233s] -- Symlinking: /home/jermito/rina_ws/install/robot/share/robot/urdf/properties.xacro
[1.242s] -- Symlinking: /home/jermito/rina_ws/install/robot/share/robot/urdf/robot.urdf.xacro
[1.249s] -- Symlinking: /home/jermito/rina_ws/install/robot/share/robot/urdf/robot_core.urdf.xacro
[1.258s] -- Symlinking: /home/jermito/rina_ws/install/robot/share/robot/urdf/sensors/lidar.xacro
[1.267s] -- Symlinking: /home/jermito/rina_ws/install/robot/share/robot/launch/gazebo.launch.py
[1.277s] -- Symlinking: /home/jermito/rina_ws/install/robot/share/robot/launch/rsp.launch.py
[1.287s] -- Symlinking: /home/jermito/rina_ws/install/robot/share/robot/meshes/Wheel_1_1.stl
[1.297s] -- Symlinking: /home/jermito/rina_ws/install/robot/share/robot/meshes/Wheel_2_1.stl
[1.306s] -- Symlinking: /home/jermito/rina_ws/install/robot/share/robot/meshes/base_link.stl
[1.316s] -- Symlinking: /home/jermito/rina_ws/install/robot/share/ament_index/resource_index/package_run_dependencies/robot
[1.327s] -- Symlinking: /home/jermito/rina_ws/install/robot/share/ament_index/resource_index/parent_prefix_path/robot
[1.338s] -- Symlinking: /home/jermito/rina_ws/install/robot/share/robot/environment/ament_prefix_path.sh
[1.351s] -- Symlinking: /home/jermito/rina_ws/install/robot/share/robot/environment/ament_prefix_path.dsv
[1.362s] -- Symlinking: /home/jermito/rina_ws/install/robot/share/robot/environment/path.sh
[1.374s] -- Symlinking: /home/jermito/rina_ws/install/robot/share/robot/environment/path.dsv
[1.383s] -- Symlinking: /home/jermito/rina_ws/install/robot/share/robot/local_setup.bash
[1.393s] -- Symlinking: /home/jermito/rina_ws/install/robot/share/robot/local_setup.sh
[1.404s] -- Symlinking: /home/jermito/rina_ws/install/robot/share/robot/local_setup.zsh
[1.416s] -- Symlinking: /home/jermito/rina_ws/install/robot/share/robot/local_setup.dsv
[1.429s] -- Symlinking: /home/jermito/rina_ws/install/robot/share/robot/package.dsv
[1.442s] -- Symlinking: /home/jermito/rina_ws/install/robot/share/ament_index/resource_index/packages/robot
[1.456s] -- Symlinking: /home/jermito/rina_ws/install/robot/share/robot/cmake/robotConfig.cmake
[1.470s] -- Symlinking: /home/jermito/rina_ws/install/robot/share/robot/cmake/robotConfig-version.cmake
[1.484s] -- Symlinking: /home/jermito/rina_ws/install/robot/share/robot/package.xml
[1.501s] Invoked command in '/home/jermito/rina_ws/build/robot' returned '0': CMAKE_PREFIX_PATH=${CMAKE_PREFIX_PATH}:/opt/ros/foxy /usr/bin/cmake --install /home/jermito/rina_ws/build/robot
