[0.014s] Invoking command in '/home/jermito/rina_ws/build/diffdrive_arduino': AMENT_PREFIX_PATH=/home/jermito/rina_ws/install/serial:${AMENT_PREFIX_PATH} CMAKE_PREFIX_PATH=/home/jermito/rina_ws/install/serial:/opt/ros/foxy LD_LIBRARY_PATH=/home/jermito/rina_ws/install/serial/lib:${LD_LIBRARY_PATH} /usr/bin/cmake /home/jermito/rina_ws/src/diffdrive_arduino -DAMENT_CMAKE_SYMLINK_INSTALL=1 -DCMAKE_INSTALL_PREFIX=/home/jermito/rina_ws/install/diffdrive_arduino
[0.108s] -- The C compiler identification is GNU 9.4.0
[0.195s] -- The CXX compiler identification is GNU 9.4.0
[0.200s] -- Check for working C compiler: /usr/bin/cc
[0.314s] -- Check for working C compiler: /usr/bin/cc -- works
[0.315s] -- Detecting C compiler ABI info
[0.405s] -- Detecting C compiler ABI info - done
[0.433s] -- Detecting C compile features
[0.434s] -- Detecting C compile features - done
[0.440s] -- Check for working CXX compiler: /usr/bin/c++
[0.546s] -- Check for working CXX compiler: /usr/bin/c++ -- works
[0.555s] -- Detecting CXX compiler ABI info
[0.694s] -- Detecting CXX compiler ABI info - done
[0.719s] -- Detecting CXX compile features
[0.720s] -- Detecting CXX compile features - done
[0.725s] -- Found ament_cmake: 0.9.12 (/opt/ros/foxy/share/ament_cmake/cmake)
[0.761s] -- Found PythonInterp: /usr/bin/python3 (found suitable version "3.8.10", minimum required is "3") 
[0.762s] -- Using PYTHON_EXECUTABLE: /usr/bin/python3
[1.082s] -- Override CMake install command with custom implementation using symlinks instead of copying resources
[1.112s] -- Found serial: 1.2.1 (/home/jermito/rina_ws/install/serial/share/serial/cmake)
[1.128s] -- Found hardware_interface: 0.11.0 (/opt/ros/foxy/share/hardware_interface/cmake)
[1.181s] -- Using all available rosidl_typesupport_c: rosidl_typesupport_fastrtps_c;rosidl_typesupport_introspection_c
[1.189s] -- Found rosidl_adapter: 1.3.1 (/opt/ros/foxy/share/rosidl_adapter/cmake)
[1.309s] -- Found OpenSSL: /usr/lib/x86_64-linux-gnu/libcrypto.so (found version "1.1.1f")  
[1.360s] -- Found FastRTPS: /opt/ros/foxy/include  
[1.476s] -- Using all available rosidl_typesupport_cpp: rosidl_typesupport_fastrtps_cpp;rosidl_typesupport_introspection_cpp
[2.447s] -- Found controller_manager: 0.11.0 (/opt/ros/foxy/share/controller_manager/cmake)
[2.548s] -- Found rmw_implementation_cmake: 1.0.4 (/opt/ros/foxy/share/rmw_implementation_cmake/cmake)
[2.550s] -- Using RMW implementation 'rmw_fastrtps_cpp' as default
[2.551s] -- Looking for pthread.h
[2.669s] -- Looking for pthread.h - found
[2.670s] -- Performing Test CMAKE_HAVE_LIBC_PTHREAD
[2.776s] -- Performing Test CMAKE_HAVE_LIBC_PTHREAD - Failed
[2.776s] -- Looking for pthread_create in pthreads
[2.851s] -- Looking for pthread_create in pthreads - not found
[2.851s] -- Looking for pthread_create in pthread
[2.960s] -- Looking for pthread_create in pthread - found
[2.962s] -- Found Threads: TRUE  
[3.921s] -- Configuring done
[3.990s] -- Generating done
[3.991s] -- Build files have been written to: /home/jermito/rina_ws/build/diffdrive_arduino
[4.000s] Invoked command in '/home/jermito/rina_ws/build/diffdrive_arduino' returned '0': AMENT_PREFIX_PATH=/home/jermito/rina_ws/install/serial:${AMENT_PREFIX_PATH} CMAKE_PREFIX_PATH=/home/jermito/rina_ws/install/serial:/opt/ros/foxy LD_LIBRARY_PATH=/home/jermito/rina_ws/install/serial/lib:${LD_LIBRARY_PATH} /usr/bin/cmake /home/jermito/rina_ws/src/diffdrive_arduino -DAMENT_CMAKE_SYMLINK_INSTALL=1 -DCMAKE_INSTALL_PREFIX=/home/jermito/rina_ws/install/diffdrive_arduino
[4.002s] Invoking command in '/home/jermito/rina_ws/build/diffdrive_arduino': AMENT_PREFIX_PATH=/home/jermito/rina_ws/install/serial:${AMENT_PREFIX_PATH} CMAKE_PREFIX_PATH=/home/jermito/rina_ws/install/serial:/opt/ros/foxy LD_LIBRARY_PATH=/home/jermito/rina_ws/install/serial/lib:${LD_LIBRARY_PATH} /usr/bin/cmake --build /home/jermito/rina_ws/build/diffdrive_arduino -- -j8 -l8
[4.087s] [35m[1mScanning dependencies of target fake_robot[0m
[4.087s] [35m[1mScanning dependencies of target diffdrive_arduino[0m
[4.152s] [ 28%] [32mBuilding CXX object CMakeFiles/fake_robot.dir/src/fake_robot.cpp.o[0m
[4.152s] [ 28%] [32mBuilding CXX object CMakeFiles/fake_robot.dir/src/wheel.cpp.o[0m
[4.175s] [ 42%] [32mBuilding CXX object CMakeFiles/diffdrive_arduino.dir/src/diffdrive_arduino.cpp.o[0m
[4.183s] [ 57%] [32mBuilding CXX object CMakeFiles/diffdrive_arduino.dir/src/wheel.cpp.o[0m
[4.185s] [ 71%] [32mBuilding CXX object CMakeFiles/diffdrive_arduino.dir/src/arduino_comms.cpp.o[0m
[8.294s] [ 85%] [32m[1mLinking CXX shared library libdiffdrive_arduino.so[0m
[8.449s] [100%] [32m[1mLinking CXX shared library libfake_robot.so[0m
[8.597s] [100%] Built target diffdrive_arduino
[8.708s] [100%] Built target fake_robot
[8.719s] Invoked command in '/home/jermito/rina_ws/build/diffdrive_arduino' returned '0': AMENT_PREFIX_PATH=/home/jermito/rina_ws/install/serial:${AMENT_PREFIX_PATH} CMAKE_PREFIX_PATH=/home/jermito/rina_ws/install/serial:/opt/ros/foxy LD_LIBRARY_PATH=/home/jermito/rina_ws/install/serial/lib:${LD_LIBRARY_PATH} /usr/bin/cmake --build /home/jermito/rina_ws/build/diffdrive_arduino -- -j8 -l8
[8.761s] Invoking command in '/home/jermito/rina_ws/build/diffdrive_arduino': AMENT_PREFIX_PATH=/home/jermito/rina_ws/install/serial:${AMENT_PREFIX_PATH} CMAKE_PREFIX_PATH=/home/jermito/rina_ws/install/serial:/opt/ros/foxy LD_LIBRARY_PATH=/home/jermito/rina_ws/install/serial/lib:${LD_LIBRARY_PATH} /usr/bin/cmake --install /home/jermito/rina_ws/build/diffdrive_arduino
[8.787s] -- Install configuration: ""
[8.789s] -- Execute custom install script
[8.791s] -- Symlinking: /home/jermito/rina_ws/install/diffdrive_arduino/share/diffdrive_arduino//robot_hardware.xml
[8.817s] -- Symlinking: /home/jermito/rina_ws/install/diffdrive_arduino/share/diffdrive_arduino//fake_robot_hardware.xml
[8.840s] -- Symlinking: /home/jermito/rina_ws/install/diffdrive_arduino/lib/libdiffdrive_arduino.so
[8.857s] -- Symlinking: /home/jermito/rina_ws/install/diffdrive_arduino/lib/libfake_robot.so
[8.869s] -- Symlinking: /home/jermito/rina_ws/install/diffdrive_arduino/share/diffdrive_arduino/controllers/robot_controller_example.yaml
[8.878s] -- Symlinking: /home/jermito/rina_ws/install/diffdrive_arduino/share/diffdrive_arduino/fake_robot.launch.py
[8.887s] -- Symlinking: /home/jermito/rina_ws/install/diffdrive_arduino/share/diffdrive_arduino/test_robot.launch.py
[8.895s] -- Symlinking: /home/jermito/rina_ws/install/diffdrive_arduino/share/diffdrive_arduino/environment/library_path.sh
[8.921s] -- Symlinking: /home/jermito/rina_ws/install/diffdrive_arduino/share/diffdrive_arduino/environment/library_path.dsv
[8.940s] -- Symlinking: /home/jermito/rina_ws/install/diffdrive_arduino/share/ament_index/resource_index/package_run_dependencies/diffdrive_arduino
[8.953s] -- Symlinking: /home/jermito/rina_ws/install/diffdrive_arduino/share/ament_index/resource_index/parent_prefix_path/diffdrive_arduino
[8.964s] -- Symlinking: /home/jermito/rina_ws/install/diffdrive_arduino/share/diffdrive_arduino/environment/ament_prefix_path.sh
[8.975s] -- Symlinking: /home/jermito/rina_ws/install/diffdrive_arduino/share/diffdrive_arduino/environment/ament_prefix_path.dsv
[8.985s] -- Symlinking: /home/jermito/rina_ws/install/diffdrive_arduino/share/diffdrive_arduino/environment/path.sh
[8.996s] -- Symlinking: /home/jermito/rina_ws/install/diffdrive_arduino/share/diffdrive_arduino/environment/path.dsv
[9.006s] -- Symlinking: /home/jermito/rina_ws/install/diffdrive_arduino/share/diffdrive_arduino/local_setup.bash
[9.016s] -- Symlinking: /home/jermito/rina_ws/install/diffdrive_arduino/share/diffdrive_arduino/local_setup.sh
[9.026s] -- Symlinking: /home/jermito/rina_ws/install/diffdrive_arduino/share/diffdrive_arduino/local_setup.zsh
[9.036s] -- Symlinking: /home/jermito/rina_ws/install/diffdrive_arduino/share/diffdrive_arduino/local_setup.dsv
[9.045s] -- Symlinking: /home/jermito/rina_ws/install/diffdrive_arduino/share/diffdrive_arduino/package.dsv
[9.059s] -- Symlinking: /home/jermito/rina_ws/install/diffdrive_arduino/share/ament_index/resource_index/packages/diffdrive_arduino
[9.082s] -- Symlinking: /home/jermito/rina_ws/install/diffdrive_arduino/share/ament_index/resource_index/hardware_interface__pluginlib__plugin/diffdrive_arduino
[9.095s] -- Symlinking: /home/jermito/rina_ws/install/diffdrive_arduino/share/diffdrive_arduino/cmake/ament_cmake_export_libraries-extras.cmake
[9.105s] -- Symlinking: /home/jermito/rina_ws/install/diffdrive_arduino/share/diffdrive_arduino/cmake/ament_cmake_export_dependencies-extras.cmake
[9.114s] -- Symlinking: /home/jermito/rina_ws/install/diffdrive_arduino/share/diffdrive_arduino/cmake/diffdrive_arduinoConfig.cmake
[9.122s] -- Symlinking: /home/jermito/rina_ws/install/diffdrive_arduino/share/diffdrive_arduino/cmake/diffdrive_arduinoConfig-version.cmake
[9.145s] -- Symlinking: /home/jermito/rina_ws/install/diffdrive_arduino/share/diffdrive_arduino/package.xml
[9.169s] Invoked command in '/home/jermito/rina_ws/build/diffdrive_arduino' returned '0': AMENT_PREFIX_PATH=/home/jermito/rina_ws/install/serial:${AMENT_PREFIX_PATH} CMAKE_PREFIX_PATH=/home/jermito/rina_ws/install/serial:/opt/ros/foxy LD_LIBRARY_PATH=/home/jermito/rina_ws/install/serial/lib:${LD_LIBRARY_PATH} /usr/bin/cmake --install /home/jermito/rina_ws/build/diffdrive_arduino
