[0.041s] Invoking command in '/home/jermito/rina_ws/build/serial': CMAKE_PREFIX_PATH=${CMAKE_PREFIX_PATH}:/opt/ros/foxy /usr/bin/cmake --build /home/jermito/rina_ws/build/serial -- -j8 -l8
[0.106s] [ 14%] Built target gtest
[0.107s] [ 28%] Built target gtest_main
[0.110s] [ 57%] Built target serial
[0.173s] [ 71%] Built target serial_example
[0.174s] [ 85%] Built target serial-test
[0.176s] [100%] Built target serial-test-timer
[0.193s] Invoked command in '/home/jermito/rina_ws/build/serial' returned '0': CMAKE_PREFIX_PATH=${CMAKE_PREFIX_PATH}:/opt/ros/foxy /usr/bin/cmake --build /home/jermito/rina_ws/build/serial -- -j8 -l8
[0.241s] Invoking command in '/home/jermito/rina_ws/build/serial': CMAKE_PREFIX_PATH=${CMAKE_PREFIX_PATH}:/opt/ros/foxy /usr/bin/cmake --install /home/jermito/rina_ws/build/serial
[0.250s] -- Install configuration: ""
[0.251s] -- Execute custom install script
[0.252s] -- Up-to-date symlink: /home/jermito/rina_ws/install/serial/lib/libserial.a
[0.253s] -- Up-to-date symlink: /home/jermito/rina_ws/install/serial/include/serial/serial.h
[0.253s] -- Up-to-date symlink: /home/jermito/rina_ws/install/serial/include/serial/v8stdint.h
[0.253s] -- Up-to-date symlink: /home/jermito/rina_ws/install/serial/share/serial/environment/library_path.sh
[0.253s] -- Up-to-date symlink: /home/jermito/rina_ws/install/serial/share/serial/environment/library_path.dsv
[0.254s] -- Up-to-date symlink: /home/jermito/rina_ws/install/serial/share/ament_index/resource_index/package_run_dependencies/serial
[0.254s] -- Up-to-date symlink: /home/jermito/rina_ws/install/serial/share/ament_index/resource_index/parent_prefix_path/serial
[0.254s] -- Up-to-date symlink: /home/jermito/rina_ws/install/serial/share/serial/environment/ament_prefix_path.sh
[0.255s] -- Up-to-date symlink: /home/jermito/rina_ws/install/serial/share/serial/environment/ament_prefix_path.dsv
[0.255s] -- Up-to-date symlink: /home/jermito/rina_ws/install/serial/share/serial/environment/path.sh
[0.256s] -- Up-to-date symlink: /home/jermito/rina_ws/install/serial/share/serial/environment/path.dsv
[0.256s] -- Up-to-date symlink: /home/jermito/rina_ws/install/serial/share/serial/local_setup.bash
[0.256s] -- Up-to-date symlink: /home/jermito/rina_ws/install/serial/share/serial/local_setup.sh
[0.257s] -- Up-to-date symlink: /home/jermito/rina_ws/install/serial/share/serial/local_setup.zsh
[0.257s] -- Up-to-date symlink: /home/jermito/rina_ws/install/serial/share/serial/local_setup.dsv
[0.257s] -- Symlinking: /home/jermito/rina_ws/install/serial/share/serial/package.dsv
[0.288s] -- Up-to-date symlink: /home/jermito/rina_ws/install/serial/share/ament_index/resource_index/packages/serial
[0.289s] -- Up-to-date symlink: /home/jermito/rina_ws/install/serial/share/serial/cmake/ament_cmake_export_include_directories-extras.cmake
[0.290s] -- Up-to-date symlink: /home/jermito/rina_ws/install/serial/share/serial/cmake/ament_cmake_export_libraries-extras.cmake
[0.291s] -- Up-to-date symlink: /home/jermito/rina_ws/install/serial/share/serial/cmake/serialConfig.cmake
[0.291s] -- Up-to-date symlink: /home/jermito/rina_ws/install/serial/share/serial/cmake/serialConfig-version.cmake
[0.292s] -- Up-to-date symlink: /home/jermito/rina_ws/install/serial/share/serial/package.xml
[0.329s] Invoked command in '/home/jermito/rina_ws/build/serial' returned '0': CMAKE_PREFIX_PATH=${CMAKE_PREFIX_PATH}:/opt/ros/foxy /usr/bin/cmake --install /home/jermito/rina_ws/build/serial
