[0.033s] Invoking command in '/home/jermito/rina_ws/build/serial': CMAKE_PREFIX_PATH=${CMAKE_PREFIX_PATH}:/opt/ros/foxy /usr/bin/cmake --build /home/jermito/rina_ws/build/serial -- -j8 -l8
[0.081s] [ 28%] Built target serial
[0.081s] [ 57%] Built target gtest_main
[0.081s] [ 57%] Built target gtest
[0.102s] [ 85%] Built target serial_example
[0.103s] [ 85%] Built target serial-test
[0.105s] [100%] Built target serial-test-timer
[0.117s] Invoked command in '/home/jermito/rina_ws/build/serial' returned '0': CMAKE_PREFIX_PATH=${CMAKE_PREFIX_PATH}:/opt/ros/foxy /usr/bin/cmake --build /home/jermito/rina_ws/build/serial -- -j8 -l8
[0.157s] Invoking command in '/home/jermito/rina_ws/build/serial': CMAKE_PREFIX_PATH=${CMAKE_PREFIX_PATH}:/opt/ros/foxy /usr/bin/cmake --install /home/jermito/rina_ws/build/serial
[0.164s] -- Install configuration: ""
[0.164s] -- Execute custom install script
[0.165s] -- Up-to-date symlink: /home/jermito/rina_ws/install/serial/lib/libserial.a
[0.165s] -- Up-to-date symlink: /home/jermito/rina_ws/install/serial/include/serial/serial.h
[0.165s] -- Up-to-date symlink: /home/jermito/rina_ws/install/serial/include/serial/v8stdint.h
[0.166s] -- Up-to-date symlink: /home/jermito/rina_ws/install/serial/share/serial/environment/library_path.sh
[0.166s] -- Up-to-date symlink: /home/jermito/rina_ws/install/serial/share/serial/environment/library_path.dsv
[0.167s] -- Up-to-date symlink: /home/jermito/rina_ws/install/serial/share/ament_index/resource_index/package_run_dependencies/serial
[0.167s] -- Up-to-date symlink: /home/jermito/rina_ws/install/serial/share/ament_index/resource_index/parent_prefix_path/serial
[0.167s] -- Up-to-date symlink: /home/jermito/rina_ws/install/serial/share/serial/environment/ament_prefix_path.sh
[0.168s] -- Up-to-date symlink: /home/jermito/rina_ws/install/serial/share/serial/environment/ament_prefix_path.dsv
[0.168s] -- Up-to-date symlink: /home/jermito/rina_ws/install/serial/share/serial/environment/path.sh
[0.169s] -- Up-to-date symlink: /home/jermito/rina_ws/install/serial/share/serial/environment/path.dsv
[0.169s] -- Up-to-date symlink: /home/jermito/rina_ws/install/serial/share/serial/local_setup.bash
[0.169s] -- Up-to-date symlink: /home/jermito/rina_ws/install/serial/share/serial/local_setup.sh
[0.169s] -- Up-to-date symlink: /home/jermito/rina_ws/install/serial/share/serial/local_setup.zsh
[0.170s] -- Up-to-date symlink: /home/jermito/rina_ws/install/serial/share/serial/local_setup.dsv
[0.170s] -- Symlinking: /home/jermito/rina_ws/install/serial/share/serial/package.dsv
[0.180s] -- Up-to-date symlink: /home/jermito/rina_ws/install/serial/share/ament_index/resource_index/packages/serial
[0.180s] -- Up-to-date symlink: /home/jermito/rina_ws/install/serial/share/serial/cmake/ament_cmake_export_include_directories-extras.cmake
[0.181s] -- Up-to-date symlink: /home/jermito/rina_ws/install/serial/share/serial/cmake/ament_cmake_export_libraries-extras.cmake
[0.184s] -- Up-to-date symlink: /home/jermito/rina_ws/install/serial/share/serial/cmake/serialConfig.cmake
[0.184s] -- Up-to-date symlink: /home/jermito/rina_ws/install/serial/share/serial/cmake/serialConfig-version.cmake
[0.184s] -- Up-to-date symlink: /home/jermito/rina_ws/install/serial/share/serial/package.xml
[0.205s] Invoked command in '/home/jermito/rina_ws/build/serial' returned '0': CMAKE_PREFIX_PATH=${CMAKE_PREFIX_PATH}:/opt/ros/foxy /usr/bin/cmake --install /home/jermito/rina_ws/build/serial
