[0.033s] Invoking command in '/home/jermito/rina_ws/build/ydlidar_ros2_driver': CMAKE_PREFIX_PATH=${CMAKE_PREFIX_PATH}:/opt/ros/foxy /usr/bin/cmake --build /home/jermito/rina_ws/build/ydlidar_ros2_driver -- -j8 -l8
[0.149s] [ 50%] Built target ydlidar_ros2_driver_client
[0.149s] [100%] Built target ydlidar_ros2_driver_node
[0.165s] Invoked command in '/home/jermito/rina_ws/build/ydlidar_ros2_driver' returned '0': CMAKE_PREFIX_PATH=${CMAKE_PREFIX_PATH}:/opt/ros/foxy /usr/bin/cmake --build /home/jermito/rina_ws/build/ydlidar_ros2_driver -- -j8 -l8
[0.211s] Invoking command in '/home/jermito/rina_ws/build/ydlidar_ros2_driver': CMAKE_PREFIX_PATH=${CMAKE_PREFIX_PATH}:/opt/ros/foxy /usr/bin/cmake --install /home/jermito/rina_ws/build/ydlidar_ros2_driver
[0.222s] -- Install configuration: ""
[0.223s] -- Execute custom install script
[0.223s] -- Up-to-date symlink: /home/jermito/rina_ws/install/ydlidar_ros2_driver/lib/ydlidar_ros2_driver/ydlidar_ros2_driver_node
[0.224s] -- Up-to-date symlink: /home/jermito/rina_ws/install/ydlidar_ros2_driver/lib/ydlidar_ros2_driver/ydlidar_ros2_driver_client
[0.224s] -- Up-to-date symlink: /home/jermito/rina_ws/install/ydlidar_ros2_driver/share/ydlidar_ros2_driver/launch/ydlidar.py
[0.225s] -- Up-to-date symlink: /home/jermito/rina_ws/install/ydlidar_ros2_driver/share/ydlidar_ros2_driver/launch/ydlidar_launch.py
[0.225s] -- Up-to-date symlink: /home/jermito/rina_ws/install/ydlidar_ros2_driver/share/ydlidar_ros2_driver/launch/ydlidar_launch_view.py
[0.225s] -- Up-to-date symlink: /home/jermito/rina_ws/install/ydlidar_ros2_driver/share/ydlidar_ros2_driver/params/G1.yaml
[0.225s] -- Up-to-date symlink: /home/jermito/rina_ws/install/ydlidar_ros2_driver/share/ydlidar_ros2_driver/params/G2.yaml
[0.226s] -- Up-to-date symlink: /home/jermito/rina_ws/install/ydlidar_ros2_driver/share/ydlidar_ros2_driver/params/G6.yaml
[0.226s] -- Up-to-date symlink: /home/jermito/rina_ws/install/ydlidar_ros2_driver/share/ydlidar_ros2_driver/params/TG.yaml
[0.226s] -- Up-to-date symlink: /home/jermito/rina_ws/install/ydlidar_ros2_driver/share/ydlidar_ros2_driver/params/TminiPro.yaml
[0.226s] -- Up-to-date symlink: /home/jermito/rina_ws/install/ydlidar_ros2_driver/share/ydlidar_ros2_driver/params/X2.yaml
[0.226s] -- Up-to-date symlink: /home/jermito/rina_ws/install/ydlidar_ros2_driver/share/ydlidar_ros2_driver/params/X4-Pro.yaml
[0.227s] -- Up-to-date symlink: /home/jermito/rina_ws/install/ydlidar_ros2_driver/share/ydlidar_ros2_driver/params/X4.yaml
[0.227s] -- Up-to-date symlink: /home/jermito/rina_ws/install/ydlidar_ros2_driver/share/ydlidar_ros2_driver/params/ydlidar.yaml
[0.227s] -- Up-to-date symlink: /home/jermito/rina_ws/install/ydlidar_ros2_driver/share/ydlidar_ros2_driver/startup/initenv.sh
[0.227s] -- Up-to-date symlink: /home/jermito/rina_ws/install/ydlidar_ros2_driver/share/ydlidar_ros2_driver/config/ydlidar.rviz
[0.228s] -- Up-to-date symlink: /home/jermito/rina_ws/install/ydlidar_ros2_driver/share/ament_index/resource_index/package_run_dependencies/ydlidar_ros2_driver
[0.228s] -- Up-to-date symlink: /home/jermito/rina_ws/install/ydlidar_ros2_driver/share/ament_index/resource_index/parent_prefix_path/ydlidar_ros2_driver
[0.229s] -- Up-to-date symlink: /home/jermito/rina_ws/install/ydlidar_ros2_driver/share/ydlidar_ros2_driver/environment/ament_prefix_path.sh
[0.229s] -- Up-to-date symlink: /home/jermito/rina_ws/install/ydlidar_ros2_driver/share/ydlidar_ros2_driver/environment/ament_prefix_path.dsv
[0.229s] -- Up-to-date symlink: /home/jermito/rina_ws/install/ydlidar_ros2_driver/share/ydlidar_ros2_driver/environment/path.sh
[0.230s] -- Up-to-date symlink: /home/jermito/rina_ws/install/ydlidar_ros2_driver/share/ydlidar_ros2_driver/environment/path.dsv
[0.230s] -- Up-to-date symlink: /home/jermito/rina_ws/install/ydlidar_ros2_driver/share/ydlidar_ros2_driver/local_setup.bash
[0.231s] -- Up-to-date symlink: /home/jermito/rina_ws/install/ydlidar_ros2_driver/share/ydlidar_ros2_driver/local_setup.sh
[0.231s] -- Up-to-date symlink: /home/jermito/rina_ws/install/ydlidar_ros2_driver/share/ydlidar_ros2_driver/local_setup.zsh
[0.231s] -- Up-to-date symlink: /home/jermito/rina_ws/install/ydlidar_ros2_driver/share/ydlidar_ros2_driver/local_setup.dsv
[0.232s] -- Symlinking: /home/jermito/rina_ws/install/ydlidar_ros2_driver/share/ydlidar_ros2_driver/package.dsv
[0.265s] -- Up-to-date symlink: /home/jermito/rina_ws/install/ydlidar_ros2_driver/share/ament_index/resource_index/packages/ydlidar_ros2_driver
[0.266s] -- Up-to-date symlink: /home/jermito/rina_ws/install/ydlidar_ros2_driver/share/ydlidar_ros2_driver/cmake/ydlidar_ros2_driverConfig.cmake
[0.266s] -- Up-to-date symlink: /home/jermito/rina_ws/install/ydlidar_ros2_driver/share/ydlidar_ros2_driver/cmake/ydlidar_ros2_driverConfig-version.cmake
[0.267s] -- Up-to-date symlink: /home/jermito/rina_ws/install/ydlidar_ros2_driver/share/ydlidar_ros2_driver/package.xml
[0.273s] Invoked command in '/home/jermito/rina_ws/build/ydlidar_ros2_driver' returned '0': CMAKE_PREFIX_PATH=${CMAKE_PREFIX_PATH}:/opt/ros/foxy /usr/bin/cmake --install /home/jermito/rina_ws/build/ydlidar_ros2_driver
