[0.050s] Invoking command in '/home/jermito/rina_ws/build/articubot_one': CMAKE_PREFIX_PATH=/opt/ros/foxy /usr/bin/cmake /home/jermito/rina_ws/src/articubot_one -DAMENT_CMAKE_SYMLINK_INSTALL=1 -DCMAKE_INSTALL_PREFIX=/home/jermito/rina_ws/install/articubot_one
[0.176s] -- The C compiler identification is GNU 9.4.0
[0.266s] -- The CXX compiler identification is GNU 9.4.0
[0.274s] -- Check for working C compiler: /usr/bin/cc
[0.347s] -- Check for working C compiler: /usr/bin/cc -- works
[0.348s] -- Detecting C compiler ABI info
[0.413s] -- Detecting C compiler ABI info - done
[0.427s] -- Detecting C compile features
[0.427s] -- Detecting C compile features - done
[0.428s] -- Check for working CXX compiler: /usr/bin/c++
[0.499s] -- Check for working CXX compiler: /usr/bin/c++ -- works
[0.500s] -- Detecting CXX compiler ABI info
[0.572s] -- Detecting CXX compiler ABI info - done
[0.584s] -- Detecting CXX compile features
[0.584s] -- Detecting CXX compile features - done
[0.587s] -- Found ament_cmake: 0.9.12 (/opt/ros/foxy/share/ament_cmake/cmake)
[0.617s] -- Found PythonInterp: /usr/bin/python3 (found suitable version "3.8.10", minimum required is "3") 
[0.617s] -- Using PYTHON_EXECUTABLE: /usr/bin/python3
[0.797s] -- Override CMake install command with custom implementation using symlinks instead of copying resources
[0.826s] -- Found ament_lint_auto: 0.9.8 (/opt/ros/foxy/share/ament_lint_auto/cmake)
[0.891s] -- Added test 'copyright' to check source files copyright and LICENSE
[0.897s] -- Added test 'flake8' to check Python code syntax and style conventions
[0.898s] -- Added test 'lint_cmake' to check CMake code style
[0.898s] -- Added test 'pep257' to check Python code against some of the style conventions in PEP 257
[0.902s] -- Added test 'xmllint' to check XML markup files
[0.904s] -- Configuring done
[0.906s] -- Generating done
[0.906s] -- Build files have been written to: /home/jermito/rina_ws/build/articubot_one
[0.909s] Invoked command in '/home/jermito/rina_ws/build/articubot_one' returned '0': CMAKE_PREFIX_PATH=/opt/ros/foxy /usr/bin/cmake /home/jermito/rina_ws/src/articubot_one -DAMENT_CMAKE_SYMLINK_INSTALL=1 -DCMAKE_INSTALL_PREFIX=/home/jermito/rina_ws/install/articubot_one
[0.910s] Invoking command in '/home/jermito/rina_ws/build/articubot_one': CMAKE_PREFIX_PATH=/opt/ros/foxy /usr/bin/cmake --build /home/jermito/rina_ws/build/articubot_one -- -j8 -l8
[0.940s] Invoked command in '/home/jermito/rina_ws/build/articubot_one' returned '0': CMAKE_PREFIX_PATH=/opt/ros/foxy /usr/bin/cmake --build /home/jermito/rina_ws/build/articubot_one -- -j8 -l8
[0.959s] Invoking command in '/home/jermito/rina_ws/build/articubot_one': CMAKE_PREFIX_PATH=/opt/ros/foxy /usr/bin/cmake --install /home/jermito/rina_ws/build/articubot_one
[0.966s] -- Install configuration: ""
[0.966s] -- Execute custom install script
[0.967s] -- Symlinking: /home/jermito/rina_ws/install/articubot_one/share/articubot_one/config/drive_bot.rviz
[0.974s] -- Symlinking: /home/jermito/rina_ws/install/articubot_one/share/articubot_one/config/empty.yaml
[0.981s] -- Symlinking: /home/jermito/rina_ws/install/articubot_one/share/articubot_one/config/gaz_ros2_ctl_use_sim.yaml
[0.988s] -- Symlinking: /home/jermito/rina_ws/install/articubot_one/share/articubot_one/config/gazebo_params.yaml
[0.996s] -- Symlinking: /home/jermito/rina_ws/install/articubot_one/share/articubot_one/config/main.rviz
[1.005s] -- Symlinking: /home/jermito/rina_ws/install/articubot_one/share/articubot_one/config/my_controllers.yaml
[1.012s] -- Symlinking: /home/jermito/rina_ws/install/articubot_one/share/articubot_one/config/view_bot.rviz
[1.020s] -- Symlinking: /home/jermito/rina_ws/install/articubot_one/share/articubot_one/description/camera.xacro
[1.027s] -- Symlinking: /home/jermito/rina_ws/install/articubot_one/share/articubot_one/description/depth_camera.xacro
[1.034s] -- Symlinking: /home/jermito/rina_ws/install/articubot_one/share/articubot_one/description/face.xacro
[1.040s] -- Symlinking: /home/jermito/rina_ws/install/articubot_one/share/articubot_one/description/gazebo_control.xacro
[1.046s] -- Symlinking: /home/jermito/rina_ws/install/articubot_one/share/articubot_one/description/inertial_macros.xacro
[1.053s] -- Symlinking: /home/jermito/rina_ws/install/articubot_one/share/articubot_one/description/lidar.xacro
[1.059s] -- Symlinking: /home/jermito/rina_ws/install/articubot_one/share/articubot_one/description/robot.urdf.xacro
[1.066s] -- Symlinking: /home/jermito/rina_ws/install/articubot_one/share/articubot_one/description/robot_core.xacro
[1.072s] -- Symlinking: /home/jermito/rina_ws/install/articubot_one/share/articubot_one/description/ros2_control.xacro
[1.079s] -- Symlinking: /home/jermito/rina_ws/install/articubot_one/share/articubot_one/launch/camera.launch.py
[1.085s] -- Symlinking: /home/jermito/rina_ws/install/articubot_one/share/articubot_one/launch/launch_robot.launch.py
[1.091s] -- Symlinking: /home/jermito/rina_ws/install/articubot_one/share/articubot_one/launch/launch_sim.launch.py
[1.098s] -- Symlinking: /home/jermito/rina_ws/install/articubot_one/share/articubot_one/launch/rplidar.launch.py
[1.106s] -- Symlinking: /home/jermito/rina_ws/install/articubot_one/share/articubot_one/launch/rsp.launch.py
[1.113s] -- Symlinking: /home/jermito/rina_ws/install/articubot_one/share/articubot_one/worlds/empty.world
[1.120s] -- Symlinking: /home/jermito/rina_ws/install/articubot_one/share/articubot_one/worlds/obstacles.world
[1.127s] -- Symlinking: /home/jermito/rina_ws/install/articubot_one/share/ament_index/resource_index/package_run_dependencies/articubot_one
[1.134s] -- Symlinking: /home/jermito/rina_ws/install/articubot_one/share/ament_index/resource_index/parent_prefix_path/articubot_one
[1.141s] -- Symlinking: /home/jermito/rina_ws/install/articubot_one/share/articubot_one/environment/ament_prefix_path.sh
[1.148s] -- Symlinking: /home/jermito/rina_ws/install/articubot_one/share/articubot_one/environment/ament_prefix_path.dsv
[1.154s] -- Symlinking: /home/jermito/rina_ws/install/articubot_one/share/articubot_one/environment/path.sh
[1.161s] -- Symlinking: /home/jermito/rina_ws/install/articubot_one/share/articubot_one/environment/path.dsv
[1.167s] -- Symlinking: /home/jermito/rina_ws/install/articubot_one/share/articubot_one/local_setup.bash
[1.174s] -- Symlinking: /home/jermito/rina_ws/install/articubot_one/share/articubot_one/local_setup.sh
[1.180s] -- Symlinking: /home/jermito/rina_ws/install/articubot_one/share/articubot_one/local_setup.zsh
[1.187s] -- Symlinking: /home/jermito/rina_ws/install/articubot_one/share/articubot_one/local_setup.dsv
[1.194s] -- Symlinking: /home/jermito/rina_ws/install/articubot_one/share/articubot_one/package.dsv
[1.202s] -- Symlinking: /home/jermito/rina_ws/install/articubot_one/share/ament_index/resource_index/packages/articubot_one
[1.210s] -- Symlinking: /home/jermito/rina_ws/install/articubot_one/share/articubot_one/cmake/articubot_oneConfig.cmake
[1.217s] -- Symlinking: /home/jermito/rina_ws/install/articubot_one/share/articubot_one/cmake/articubot_oneConfig-version.cmake
[1.225s] -- Symlinking: /home/jermito/rina_ws/install/articubot_one/share/articubot_one/package.xml
[1.236s] Invoked command in '/home/jermito/rina_ws/build/articubot_one' returned '0': CMAKE_PREFIX_PATH=/opt/ros/foxy /usr/bin/cmake --install /home/jermito/rina_ws/build/articubot_one
