[0.046s] Invoking command in '/home/jermito/rina_ws/build/serial': CMAKE_PREFIX_PATH=/opt/ros/foxy /usr/bin/cmake /home/jermito/rina_ws/src/serial -DAMENT_CMAKE_SYMLINK_INSTALL=1 -DCMAKE_INSTALL_PREFIX=/home/jermito/rina_ws/install/serial
[0.128s] -- The C compiler identification is GNU 9.4.0
[0.229s] -- The CXX compiler identification is GNU 9.4.0
[0.238s] -- Check for working C compiler: /usr/bin/cc
[0.342s] -- Check for working C compiler: /usr/bin/cc -- works
[0.343s] -- Detecting C compiler ABI info
[0.466s] -- Detecting C compiler ABI info - done
[0.491s] -- Detecting C compile features
[0.492s] -- Detecting C compile features - done
[0.496s] -- Check for working CXX compiler: /usr/bin/c++
[0.646s] -- Check for working CXX compiler: /usr/bin/c++ -- works
[0.655s] -- Detecting CXX compiler ABI info
[0.788s] -- Detecting CXX compiler ABI info - done
[0.830s] -- Detecting CXX compile features
[0.830s] -- Detecting CXX compile features - done
[0.833s] -- Found ament_cmake: 0.9.12 (/opt/ros/foxy/share/ament_cmake/cmake)
[0.878s] -- Found PythonInterp: /usr/bin/python3 (found suitable version "3.8.10", minimum required is "3") 
[0.879s] -- Using PYTHON_EXECUTABLE: /usr/bin/python3
[1.274s] -- Override CMake install command with custom implementation using symlinks instead of copying resources
[1.336s] -- Found ament_cmake_gtest: 0.9.12 (/opt/ros/foxy/share/ament_cmake_gtest/cmake)
[1.350s] -- Found Boost: /usr/lib/x86_64-linux-gnu/cmake/Boost-1.71.0/BoostConfig.cmake (found version "1.71.0")  
[1.354s] -- Found gtest sources under '/opt/ros/foxy/src/gtest_vendor': C++ tests using 'Google Test' will be built
[1.357s] -- Looking for pthread.h
[1.457s] -- Looking for pthread.h - found
[1.458s] -- Performing Test CMAKE_HAVE_LIBC_PTHREAD
[1.624s] -- Performing Test CMAKE_HAVE_LIBC_PTHREAD - Failed
[1.624s] -- Check if compiler accepts -pthread
[1.744s] -- Check if compiler accepts -pthread - yes
[1.748s] -- Found Threads: TRUE  
[1.867s] -- Configuring done
[1.903s] -- Generating done
[1.906s] -- Build files have been written to: /home/jermito/rina_ws/build/serial
[1.913s] Invoked command in '/home/jermito/rina_ws/build/serial' returned '0': CMAKE_PREFIX_PATH=/opt/ros/foxy /usr/bin/cmake /home/jermito/rina_ws/src/serial -DAMENT_CMAKE_SYMLINK_INSTALL=1 -DCMAKE_INSTALL_PREFIX=/home/jermito/rina_ws/install/serial
[1.919s] Invoking command in '/home/jermito/rina_ws/build/serial': CMAKE_PREFIX_PATH=/opt/ros/foxy /usr/bin/cmake --build /home/jermito/rina_ws/build/serial -- -j8 -l8
[1.978s] [35m[1mScanning dependencies of target gtest_main[0m
[1.979s] [35m[1mScanning dependencies of target serial[0m
[1.987s] [35m[1mScanning dependencies of target gtest[0m
[2.003s] [  7%] [32mBuilding CXX object CMakeFiles/serial.dir/src/serial.cc.o[0m
[2.003s] [ 14%] [32mBuilding CXX object CMakeFiles/serial.dir/src/impl/list_ports/list_ports_linux.cc.o[0m
[2.004s] [ 21%] [32mBuilding CXX object CMakeFiles/serial.dir/src/impl/unix.cc.o[0m
[2.013s] [ 28%] [32mBuilding CXX object gtest/CMakeFiles/gtest_main.dir/src/gtest_main.cc.o[0m
[2.021s] [ 35%] [32mBuilding CXX object gtest/CMakeFiles/gtest.dir/src/gtest-all.cc.o[0m
[3.418s] [ 42%] [32m[1mLinking CXX static library libserial.a[0m
[3.505s] [ 42%] Built target serial
[3.524s] [35m[1mScanning dependencies of target serial_example[0m
[3.554s] [ 50%] [32mBuilding CXX object CMakeFiles/serial_example.dir/examples/serial_example.cc.o[0m
[3.833s] [ 57%] [32m[1mLinking CXX static library libgtest_main.a[0m
[3.883s] [ 57%] Built target gtest_main
[4.370s] [ 64%] [32m[1mLinking CXX executable serial_example[0m
[4.495s] [ 64%] Built target serial_example
[8.724s] [ 71%] [32m[1mLinking CXX static library libgtest.a[0m
[8.791s] [ 71%] Built target gtest
[8.807s] [35m[1mScanning dependencies of target serial-test-timer[0m
[8.808s] [35m[1mScanning dependencies of target serial-test[0m
[8.850s] [ 78%] [32mBuilding CXX object tests/CMakeFiles/serial-test.dir/unix_serial_tests.cc.o[0m
[8.855s] [ 85%] [32mBuilding CXX object tests/CMakeFiles/serial-test-timer.dir/unit/unix_timer_tests.cc.o[0m
[10.091s] [ 92%] [32m[1mLinking CXX executable serial-test-timer[0m
[10.265s] [100%] [32m[1mLinking CXX executable serial-test[0m
[10.303s] [100%] Built target serial-test-timer
[10.443s] [100%] Built target serial-test
[10.473s] Invoked command in '/home/jermito/rina_ws/build/serial' returned '0': CMAKE_PREFIX_PATH=/opt/ros/foxy /usr/bin/cmake --build /home/jermito/rina_ws/build/serial -- -j8 -l8
[10.510s] Invoking command in '/home/jermito/rina_ws/build/serial': CMAKE_PREFIX_PATH=/opt/ros/foxy /usr/bin/cmake --install /home/jermito/rina_ws/build/serial
[10.540s] -- Install configuration: ""
[10.542s] -- Execute custom install script
[10.542s] -- Symlinking: /home/jermito/rina_ws/install/serial/lib/libserial.a
[10.556s] -- Symlinking: /home/jermito/rina_ws/install/serial/include/serial/serial.h
[10.567s] -- Symlinking: /home/jermito/rina_ws/install/serial/include/serial/v8stdint.h
[10.599s] -- Symlinking: /home/jermito/rina_ws/install/serial/share/serial/environment/library_path.sh
[10.616s] -- Symlinking: /home/jermito/rina_ws/install/serial/share/serial/environment/library_path.dsv
[10.629s] -- Symlinking: /home/jermito/rina_ws/install/serial/share/ament_index/resource_index/package_run_dependencies/serial
[10.639s] -- Symlinking: /home/jermito/rina_ws/install/serial/share/ament_index/resource_index/parent_prefix_path/serial
[10.651s] -- Symlinking: /home/jermito/rina_ws/install/serial/share/serial/environment/ament_prefix_path.sh
[10.680s] -- Symlinking: /home/jermito/rina_ws/install/serial/share/serial/environment/ament_prefix_path.dsv
[10.695s] -- Symlinking: /home/jermito/rina_ws/install/serial/share/serial/environment/path.sh
[10.706s] -- Symlinking: /home/jermito/rina_ws/install/serial/share/serial/environment/path.dsv
[10.715s] -- Symlinking: /home/jermito/rina_ws/install/serial/share/serial/local_setup.bash
[10.740s] -- Symlinking: /home/jermito/rina_ws/install/serial/share/serial/local_setup.sh
[10.757s] -- Symlinking: /home/jermito/rina_ws/install/serial/share/serial/local_setup.zsh
[10.769s] -- Symlinking: /home/jermito/rina_ws/install/serial/share/serial/local_setup.dsv
[10.781s] -- Symlinking: /home/jermito/rina_ws/install/serial/share/serial/package.dsv
[10.790s] -- Symlinking: /home/jermito/rina_ws/install/serial/share/ament_index/resource_index/packages/serial
[10.799s] -- Symlinking: /home/jermito/rina_ws/install/serial/share/serial/cmake/ament_cmake_export_include_directories-extras.cmake
[10.810s] -- Symlinking: /home/jermito/rina_ws/install/serial/share/serial/cmake/ament_cmake_export_libraries-extras.cmake
[10.820s] -- Symlinking: /home/jermito/rina_ws/install/serial/share/serial/cmake/serialConfig.cmake
[10.827s] -- Symlinking: /home/jermito/rina_ws/install/serial/share/serial/cmake/serialConfig-version.cmake
[10.856s] -- Symlinking: /home/jermito/rina_ws/install/serial/share/serial/package.xml
[10.878s] Invoked command in '/home/jermito/rina_ws/build/serial' returned '0': CMAKE_PREFIX_PATH=/opt/ros/foxy /usr/bin/cmake --install /home/jermito/rina_ws/build/serial
