[0.717s] DEBUG:colcon:Command line arguments: ['/usr/bin/colcon', 'build', '--symlink-install']
[0.717s] DEBUG:colcon:Parsed command line arguments: Namespace(allow_overriding=[], ament_cmake_args=None, base_paths=['.'], build_base='build', catkin_cmake_args=None, catkin_skip_building_tests=False, cmake_args=None, cmake_clean_cache=False, cmake_clean_first=False, cmake_force_configure=False, cmake_target=None, cmake_target_skip_unavailable=False, continue_on_error=False, event_handlers=None, executor='parallel', ignore_user_meta=False, install_base='install', log_base=None, log_level=None, main=<bound method BuildVerb.main of <colcon_core.verb.build.BuildVerb object at 0x7fdf0a4b52e0>>, merge_install=False, metas=['./colcon.meta'], packages_above=None, packages_above_and_dependencies=None, packages_above_depth=None, packages_end=None, packages_ignore=None, packages_ignore_regex=None, packages_select=None, packages_select_build_failed=False, packages_select_by_dep=None, packages_select_regex=None, packages_select_test_failures=False, packages_skip=None, packages_skip_build_finished=False, packages_skip_by_dep=None, packages_skip_regex=None, packages_skip_test_passed=False, packages_skip_up_to=None, packages_start=None, packages_up_to=None, packages_up_to_regex=None, parallel_workers=8, paths=None, symlink_install=True, test_result_base=None, verb_extension=<colcon_core.verb.build.BuildVerb object at 0x7fdf0a4b52e0>, verb_name='build', verb_parser=<colcon_defaults.argument_parser.defaults.DefaultArgumentsDecorator object at 0x7fdf0a4b5820>)
[0.762s] Level 1:colcon.colcon_core.package_discovery:discover_packages(colcon_meta) check parameters
[0.762s] Level 1:colcon.colcon_core.package_discovery:discover_packages(recursive) check parameters
[0.762s] Level 1:colcon.colcon_core.package_discovery:discover_packages(ignore) check parameters
[0.762s] Level 1:colcon.colcon_core.package_discovery:discover_packages(path) check parameters
[0.763s] Level 1:colcon.colcon_core.package_discovery:discover_packages(colcon_meta) discover
[0.763s] Level 1:colcon.colcon_core.package_discovery:discover_packages(recursive) discover
[0.763s] INFO:colcon.colcon_core.package_discovery:Crawling recursively for packages in '/home/jermito/rina_ws'
[0.763s] Level 1:colcon.colcon_core.package_identification:_identify(.) by extensions ['ignore', 'ignore_ament_install']
[0.763s] Level 1:colcon.colcon_core.package_identification:_identify(.) by extension 'ignore'
[0.763s] Level 1:colcon.colcon_core.package_identification:_identify(.) by extension 'ignore_ament_install'
[0.764s] Level 1:colcon.colcon_core.package_identification:_identify(.) by extensions ['colcon_pkg']
[0.764s] Level 1:colcon.colcon_core.package_identification:_identify(.) by extension 'colcon_pkg'
[0.764s] Level 1:colcon.colcon_core.package_identification:_identify(.) by extensions ['colcon_meta']
[0.764s] Level 1:colcon.colcon_core.package_identification:_identify(.) by extension 'colcon_meta'
[0.764s] Level 1:colcon.colcon_core.package_identification:_identify(.) by extensions ['ros']
[0.764s] Level 1:colcon.colcon_core.package_identification:_identify(.) by extension 'ros'
[0.784s] Level 1:colcon.colcon_core.package_identification:_identify(.) by extensions ['cmake', 'python']
[0.784s] Level 1:colcon.colcon_core.package_identification:_identify(.) by extension 'cmake'
[0.784s] Level 1:colcon.colcon_core.package_identification:_identify(.) by extension 'python'
[0.784s] Level 1:colcon.colcon_core.package_identification:_identify(.) by extensions ['python_setup_py']
[0.784s] Level 1:colcon.colcon_core.package_identification:_identify(.) by extension 'python_setup_py'
[0.785s] Level 1:colcon.colcon_core.package_identification:_identify(build) by extensions ['ignore', 'ignore_ament_install']
[0.785s] Level 1:colcon.colcon_core.package_identification:_identify(build) by extension 'ignore'
[0.785s] Level 1:colcon.colcon_core.package_identification:_identify(build) ignored
[0.785s] Level 1:colcon.colcon_core.package_identification:_identify(install) by extensions ['ignore', 'ignore_ament_install']
[0.786s] Level 1:colcon.colcon_core.package_identification:_identify(install) by extension 'ignore'
[0.786s] Level 1:colcon.colcon_core.package_identification:_identify(install) ignored
[0.786s] Level 1:colcon.colcon_core.package_identification:_identify(log) by extensions ['ignore', 'ignore_ament_install']
[0.786s] Level 1:colcon.colcon_core.package_identification:_identify(log) by extension 'ignore'
[0.786s] Level 1:colcon.colcon_core.package_identification:_identify(log) ignored
[0.787s] Level 1:colcon.colcon_core.package_identification:_identify(src) by extensions ['ignore', 'ignore_ament_install']
[0.787s] Level 1:colcon.colcon_core.package_identification:_identify(src) by extension 'ignore'
[0.787s] Level 1:colcon.colcon_core.package_identification:_identify(src) by extension 'ignore_ament_install'
[0.787s] Level 1:colcon.colcon_core.package_identification:_identify(src) by extensions ['colcon_pkg']
[0.787s] Level 1:colcon.colcon_core.package_identification:_identify(src) by extension 'colcon_pkg'
[0.787s] Level 1:colcon.colcon_core.package_identification:_identify(src) by extensions ['colcon_meta']
[0.787s] Level 1:colcon.colcon_core.package_identification:_identify(src) by extension 'colcon_meta'
[0.788s] Level 1:colcon.colcon_core.package_identification:_identify(src) by extensions ['ros']
[0.788s] Level 1:colcon.colcon_core.package_identification:_identify(src) by extension 'ros'
[0.788s] Level 1:colcon.colcon_core.package_identification:_identify(src) by extensions ['cmake', 'python']
[0.788s] Level 1:colcon.colcon_core.package_identification:_identify(src) by extension 'cmake'
[0.788s] Level 1:colcon.colcon_core.package_identification:_identify(src) by extension 'python'
[0.788s] Level 1:colcon.colcon_core.package_identification:_identify(src) by extensions ['python_setup_py']
[0.788s] Level 1:colcon.colcon_core.package_identification:_identify(src) by extension 'python_setup_py'
[0.789s] Level 1:colcon.colcon_core.package_identification:_identify(src/diffdrive_arduino) by extensions ['ignore', 'ignore_ament_install']
[0.789s] Level 1:colcon.colcon_core.package_identification:_identify(src/diffdrive_arduino) by extension 'ignore'
[0.789s] Level 1:colcon.colcon_core.package_identification:_identify(src/diffdrive_arduino) by extension 'ignore_ament_install'
[0.789s] Level 1:colcon.colcon_core.package_identification:_identify(src/diffdrive_arduino) by extensions ['colcon_pkg']
[0.789s] Level 1:colcon.colcon_core.package_identification:_identify(src/diffdrive_arduino) by extension 'colcon_pkg'
[0.789s] Level 1:colcon.colcon_core.package_identification:_identify(src/diffdrive_arduino) by extensions ['colcon_meta']
[0.790s] Level 1:colcon.colcon_core.package_identification:_identify(src/diffdrive_arduino) by extension 'colcon_meta'
[0.790s] Level 1:colcon.colcon_core.package_identification:_identify(src/diffdrive_arduino) by extensions ['ros']
[0.790s] Level 1:colcon.colcon_core.package_identification:_identify(src/diffdrive_arduino) by extension 'ros'
[0.795s] DEBUG:colcon.colcon_core.package_identification:Package 'src/diffdrive_arduino' with type 'ros.ament_cmake' and name 'diffdrive_arduino'
[0.795s] Level 1:colcon.colcon_core.package_identification:_identify(src/robot) by extensions ['ignore', 'ignore_ament_install']
[0.796s] Level 1:colcon.colcon_core.package_identification:_identify(src/robot) by extension 'ignore'
[0.796s] Level 1:colcon.colcon_core.package_identification:_identify(src/robot) by extension 'ignore_ament_install'
[0.796s] Level 1:colcon.colcon_core.package_identification:_identify(src/robot) by extensions ['colcon_pkg']
[0.796s] Level 1:colcon.colcon_core.package_identification:_identify(src/robot) by extension 'colcon_pkg'
[0.796s] Level 1:colcon.colcon_core.package_identification:_identify(src/robot) by extensions ['colcon_meta']
[0.796s] Level 1:colcon.colcon_core.package_identification:_identify(src/robot) by extension 'colcon_meta'
[0.796s] Level 1:colcon.colcon_core.package_identification:_identify(src/robot) by extensions ['ros']
[0.796s] Level 1:colcon.colcon_core.package_identification:_identify(src/robot) by extension 'ros'
[0.798s] DEBUG:colcon.colcon_core.package_identification:Package 'src/robot' with type 'ros.ament_cmake' and name 'robot'
[0.798s] Level 1:colcon.colcon_core.package_identification:_identify(src/serial) by extensions ['ignore', 'ignore_ament_install']
[0.798s] Level 1:colcon.colcon_core.package_identification:_identify(src/serial) by extension 'ignore'
[0.799s] Level 1:colcon.colcon_core.package_identification:_identify(src/serial) by extension 'ignore_ament_install'
[0.799s] Level 1:colcon.colcon_core.package_identification:_identify(src/serial) by extensions ['colcon_pkg']
[0.799s] Level 1:colcon.colcon_core.package_identification:_identify(src/serial) by extension 'colcon_pkg'
[0.799s] Level 1:colcon.colcon_core.package_identification:_identify(src/serial) by extensions ['colcon_meta']
[0.799s] Level 1:colcon.colcon_core.package_identification:_identify(src/serial) by extension 'colcon_meta'
[0.799s] Level 1:colcon.colcon_core.package_identification:_identify(src/serial) by extensions ['ros']
[0.799s] Level 1:colcon.colcon_core.package_identification:_identify(src/serial) by extension 'ros'
[0.800s] DEBUG:colcon.colcon_core.package_identification:Package 'src/serial' with type 'ros.ament_cmake' and name 'serial'
[0.801s] Level 1:colcon.colcon_core.package_identification:_identify(src/ydlidar_ros2_ws) by extensions ['ignore', 'ignore_ament_install']
[0.801s] Level 1:colcon.colcon_core.package_identification:_identify(src/ydlidar_ros2_ws) by extension 'ignore'
[0.801s] Level 1:colcon.colcon_core.package_identification:_identify(src/ydlidar_ros2_ws) by extension 'ignore_ament_install'
[0.801s] Level 1:colcon.colcon_core.package_identification:_identify(src/ydlidar_ros2_ws) by extensions ['colcon_pkg']
[0.801s] Level 1:colcon.colcon_core.package_identification:_identify(src/ydlidar_ros2_ws) by extension 'colcon_pkg'
[0.801s] Level 1:colcon.colcon_core.package_identification:_identify(src/ydlidar_ros2_ws) by extensions ['colcon_meta']
[0.801s] Level 1:colcon.colcon_core.package_identification:_identify(src/ydlidar_ros2_ws) by extension 'colcon_meta'
[0.802s] Level 1:colcon.colcon_core.package_identification:_identify(src/ydlidar_ros2_ws) by extensions ['ros']
[0.802s] Level 1:colcon.colcon_core.package_identification:_identify(src/ydlidar_ros2_ws) by extension 'ros'
[0.802s] Level 1:colcon.colcon_core.package_identification:_identify(src/ydlidar_ros2_ws) by extensions ['cmake', 'python']
[0.802s] Level 1:colcon.colcon_core.package_identification:_identify(src/ydlidar_ros2_ws) by extension 'cmake'
[0.802s] Level 1:colcon.colcon_core.package_identification:_identify(src/ydlidar_ros2_ws) by extension 'python'
[0.802s] Level 1:colcon.colcon_core.package_identification:_identify(src/ydlidar_ros2_ws) by extensions ['python_setup_py']
[0.802s] Level 1:colcon.colcon_core.package_identification:_identify(src/ydlidar_ros2_ws) by extension 'python_setup_py'
[0.803s] Level 1:colcon.colcon_core.package_identification:_identify(src/ydlidar_ros2_ws/src) by extensions ['ignore', 'ignore_ament_install']
[0.803s] Level 1:colcon.colcon_core.package_identification:_identify(src/ydlidar_ros2_ws/src) by extension 'ignore'
[0.803s] Level 1:colcon.colcon_core.package_identification:_identify(src/ydlidar_ros2_ws/src) by extension 'ignore_ament_install'
[0.803s] Level 1:colcon.colcon_core.package_identification:_identify(src/ydlidar_ros2_ws/src) by extensions ['colcon_pkg']
[0.803s] Level 1:colcon.colcon_core.package_identification:_identify(src/ydlidar_ros2_ws/src) by extension 'colcon_pkg'
[0.803s] Level 1:colcon.colcon_core.package_identification:_identify(src/ydlidar_ros2_ws/src) by extensions ['colcon_meta']
[0.804s] Level 1:colcon.colcon_core.package_identification:_identify(src/ydlidar_ros2_ws/src) by extension 'colcon_meta'
[0.804s] Level 1:colcon.colcon_core.package_identification:_identify(src/ydlidar_ros2_ws/src) by extensions ['ros']
[0.804s] Level 1:colcon.colcon_core.package_identification:_identify(src/ydlidar_ros2_ws/src) by extension 'ros'
[0.804s] Level 1:colcon.colcon_core.package_identification:_identify(src/ydlidar_ros2_ws/src) by extensions ['cmake', 'python']
[0.804s] Level 1:colcon.colcon_core.package_identification:_identify(src/ydlidar_ros2_ws/src) by extension 'cmake'
[0.804s] Level 1:colcon.colcon_core.package_identification:_identify(src/ydlidar_ros2_ws/src) by extension 'python'
[0.804s] Level 1:colcon.colcon_core.package_identification:_identify(src/ydlidar_ros2_ws/src) by extensions ['python_setup_py']
[0.804s] Level 1:colcon.colcon_core.package_identification:_identify(src/ydlidar_ros2_ws/src) by extension 'python_setup_py'
[0.805s] Level 1:colcon.colcon_core.package_identification:_identify(src/ydlidar_ros2_ws/src/ydlidar_ros2_driver) by extensions ['ignore', 'ignore_ament_install']
[0.805s] Level 1:colcon.colcon_core.package_identification:_identify(src/ydlidar_ros2_ws/src/ydlidar_ros2_driver) by extension 'ignore'
[0.805s] Level 1:colcon.colcon_core.package_identification:_identify(src/ydlidar_ros2_ws/src/ydlidar_ros2_driver) by extension 'ignore_ament_install'
[0.805s] Level 1:colcon.colcon_core.package_identification:_identify(src/ydlidar_ros2_ws/src/ydlidar_ros2_driver) by extensions ['colcon_pkg']
[0.805s] Level 1:colcon.colcon_core.package_identification:_identify(src/ydlidar_ros2_ws/src/ydlidar_ros2_driver) by extension 'colcon_pkg'
[0.806s] Level 1:colcon.colcon_core.package_identification:_identify(src/ydlidar_ros2_ws/src/ydlidar_ros2_driver) by extensions ['colcon_meta']
[0.806s] Level 1:colcon.colcon_core.package_identification:_identify(src/ydlidar_ros2_ws/src/ydlidar_ros2_driver) by extension 'colcon_meta'
[0.806s] Level 1:colcon.colcon_core.package_identification:_identify(src/ydlidar_ros2_ws/src/ydlidar_ros2_driver) by extensions ['ros']
[0.806s] Level 1:colcon.colcon_core.package_identification:_identify(src/ydlidar_ros2_ws/src/ydlidar_ros2_driver) by extension 'ros'
[0.807s] DEBUG:colcon.colcon_core.package_identification:Package 'src/ydlidar_ros2_ws/src/ydlidar_ros2_driver' with type 'ros.ament_cmake' and name 'ydlidar_ros2_driver'
[0.807s] Level 1:colcon.colcon_core.package_discovery:discover_packages(recursive) using defaults
[0.807s] Level 1:colcon.colcon_core.package_discovery:discover_packages(ignore) discover
[0.807s] Level 1:colcon.colcon_core.package_discovery:discover_packages(ignore) using defaults
[0.808s] Level 1:colcon.colcon_core.package_discovery:discover_packages(path) discover
[0.808s] Level 1:colcon.colcon_core.package_discovery:discover_packages(path) using defaults
[0.853s] Level 1:colcon.colcon_core.package_discovery:discover_packages(prefix_path) check parameters
[0.853s] Level 1:colcon.colcon_core.package_discovery:discover_packages(prefix_path) discover
[0.861s] DEBUG:colcon.colcon_installed_package_information.package_discovery:Found 381 installed packages in /opt/ros/foxy
[0.864s] Level 1:colcon.colcon_core.package_discovery:discover_packages(prefix_path) using defaults
[1.029s] Level 5:colcon.colcon_core.verb:set package 'robot' build argument 'cmake_args' from command line to 'None'
[1.029s] Level 5:colcon.colcon_core.verb:set package 'robot' build argument 'cmake_target' from command line to 'None'
[1.029s] Level 5:colcon.colcon_core.verb:set package 'robot' build argument 'cmake_target_skip_unavailable' from command line to 'False'
[1.029s] Level 5:colcon.colcon_core.verb:set package 'robot' build argument 'cmake_clean_cache' from command line to 'False'
[1.029s] Level 5:colcon.colcon_core.verb:set package 'robot' build argument 'cmake_clean_first' from command line to 'False'
[1.029s] Level 5:colcon.colcon_core.verb:set package 'robot' build argument 'cmake_force_configure' from command line to 'False'
[1.029s] Level 5:colcon.colcon_core.verb:set package 'robot' build argument 'ament_cmake_args' from command line to 'None'
[1.030s] Level 5:colcon.colcon_core.verb:set package 'robot' build argument 'catkin_cmake_args' from command line to 'None'
[1.030s] Level 5:colcon.colcon_core.verb:set package 'robot' build argument 'catkin_skip_building_tests' from command line to 'False'
[1.030s] DEBUG:colcon.colcon_core.verb:Building package 'robot' with the following arguments: {'ament_cmake_args': None, 'build_base': '/home/jermito/rina_ws/build/robot', 'catkin_cmake_args': None, 'catkin_skip_building_tests': False, 'cmake_args': None, 'cmake_clean_cache': False, 'cmake_clean_first': False, 'cmake_force_configure': False, 'cmake_target': None, 'cmake_target_skip_unavailable': False, 'install_base': '/home/jermito/rina_ws/install/robot', 'merge_install': False, 'path': '/home/jermito/rina_ws/src/robot', 'symlink_install': True, 'test_result_base': None}
[1.032s] Level 5:colcon.colcon_core.verb:set package 'serial' build argument 'cmake_args' from command line to 'None'
[1.032s] Level 5:colcon.colcon_core.verb:set package 'serial' build argument 'cmake_target' from command line to 'None'
[1.032s] Level 5:colcon.colcon_core.verb:set package 'serial' build argument 'cmake_target_skip_unavailable' from command line to 'False'
[1.032s] Level 5:colcon.colcon_core.verb:set package 'serial' build argument 'cmake_clean_cache' from command line to 'False'
[1.032s] Level 5:colcon.colcon_core.verb:set package 'serial' build argument 'cmake_clean_first' from command line to 'False'
[1.033s] Level 5:colcon.colcon_core.verb:set package 'serial' build argument 'cmake_force_configure' from command line to 'False'
[1.033s] Level 5:colcon.colcon_core.verb:set package 'serial' build argument 'ament_cmake_args' from command line to 'None'
[1.033s] Level 5:colcon.colcon_core.verb:set package 'serial' build argument 'catkin_cmake_args' from command line to 'None'
[1.033s] Level 5:colcon.colcon_core.verb:set package 'serial' build argument 'catkin_skip_building_tests' from command line to 'False'
[1.033s] DEBUG:colcon.colcon_core.verb:Building package 'serial' with the following arguments: {'ament_cmake_args': None, 'build_base': '/home/jermito/rina_ws/build/serial', 'catkin_cmake_args': None, 'catkin_skip_building_tests': False, 'cmake_args': None, 'cmake_clean_cache': False, 'cmake_clean_first': False, 'cmake_force_configure': False, 'cmake_target': None, 'cmake_target_skip_unavailable': False, 'install_base': '/home/jermito/rina_ws/install/serial', 'merge_install': False, 'path': '/home/jermito/rina_ws/src/serial', 'symlink_install': True, 'test_result_base': None}
[1.035s] Level 5:colcon.colcon_core.verb:set package 'ydlidar_ros2_driver' build argument 'cmake_args' from command line to 'None'
[1.036s] Level 5:colcon.colcon_core.verb:set package 'ydlidar_ros2_driver' build argument 'cmake_target' from command line to 'None'
[1.036s] Level 5:colcon.colcon_core.verb:set package 'ydlidar_ros2_driver' build argument 'cmake_target_skip_unavailable' from command line to 'False'
[1.036s] Level 5:colcon.colcon_core.verb:set package 'ydlidar_ros2_driver' build argument 'cmake_clean_cache' from command line to 'False'
[1.036s] Level 5:colcon.colcon_core.verb:set package 'ydlidar_ros2_driver' build argument 'cmake_clean_first' from command line to 'False'
[1.036s] Level 5:colcon.colcon_core.verb:set package 'ydlidar_ros2_driver' build argument 'cmake_force_configure' from command line to 'False'
[1.036s] Level 5:colcon.colcon_core.verb:set package 'ydlidar_ros2_driver' build argument 'ament_cmake_args' from command line to 'None'
[1.036s] Level 5:colcon.colcon_core.verb:set package 'ydlidar_ros2_driver' build argument 'catkin_cmake_args' from command line to 'None'
[1.036s] Level 5:colcon.colcon_core.verb:set package 'ydlidar_ros2_driver' build argument 'catkin_skip_building_tests' from command line to 'False'
[1.036s] DEBUG:colcon.colcon_core.verb:Building package 'ydlidar_ros2_driver' with the following arguments: {'ament_cmake_args': None, 'build_base': '/home/jermito/rina_ws/build/ydlidar_ros2_driver', 'catkin_cmake_args': None, 'catkin_skip_building_tests': False, 'cmake_args': None, 'cmake_clean_cache': False, 'cmake_clean_first': False, 'cmake_force_configure': False, 'cmake_target': None, 'cmake_target_skip_unavailable': False, 'install_base': '/home/jermito/rina_ws/install/ydlidar_ros2_driver', 'merge_install': False, 'path': '/home/jermito/rina_ws/src/ydlidar_ros2_ws/src/ydlidar_ros2_driver', 'symlink_install': True, 'test_result_base': None}
[1.039s] Level 5:colcon.colcon_core.verb:set package 'diffdrive_arduino' build argument 'cmake_args' from command line to 'None'
[1.039s] Level 5:colcon.colcon_core.verb:set package 'diffdrive_arduino' build argument 'cmake_target' from command line to 'None'
[1.039s] Level 5:colcon.colcon_core.verb:set package 'diffdrive_arduino' build argument 'cmake_target_skip_unavailable' from command line to 'False'
[1.039s] Level 5:colcon.colcon_core.verb:set package 'diffdrive_arduino' build argument 'cmake_clean_cache' from command line to 'False'
[1.039s] Level 5:colcon.colcon_core.verb:set package 'diffdrive_arduino' build argument 'cmake_clean_first' from command line to 'False'
[1.039s] Level 5:colcon.colcon_core.verb:set package 'diffdrive_arduino' build argument 'cmake_force_configure' from command line to 'False'
[1.039s] Level 5:colcon.colcon_core.verb:set package 'diffdrive_arduino' build argument 'ament_cmake_args' from command line to 'None'
[1.039s] Level 5:colcon.colcon_core.verb:set package 'diffdrive_arduino' build argument 'catkin_cmake_args' from command line to 'None'
[1.039s] Level 5:colcon.colcon_core.verb:set package 'diffdrive_arduino' build argument 'catkin_skip_building_tests' from command line to 'False'
[1.039s] DEBUG:colcon.colcon_core.verb:Building package 'diffdrive_arduino' with the following arguments: {'ament_cmake_args': None, 'build_base': '/home/jermito/rina_ws/build/diffdrive_arduino', 'catkin_cmake_args': None, 'catkin_skip_building_tests': False, 'cmake_args': None, 'cmake_clean_cache': False, 'cmake_clean_first': False, 'cmake_force_configure': False, 'cmake_target': None, 'cmake_target_skip_unavailable': False, 'install_base': '/home/jermito/rina_ws/install/diffdrive_arduino', 'merge_install': False, 'path': '/home/jermito/rina_ws/src/diffdrive_arduino', 'symlink_install': True, 'test_result_base': None}
[1.041s] INFO:colcon.colcon_core.executor:Executing jobs using 'parallel' executor
[1.049s] DEBUG:colcon.colcon_parallel_executor.executor.parallel:run_until_complete
[1.049s] INFO:colcon.colcon_ros.task.ament_cmake.build:Building ROS package in '/home/jermito/rina_ws/src/serial' with build type 'ament_cmake'
[1.050s] INFO:colcon.colcon_cmake.task.cmake.build:Building CMake package in '/home/jermito/rina_ws/src/serial'
[1.059s] INFO:colcon.colcon_core.plugin_system:Skipping extension 'colcon_core.shell.bat': Not used on non-Windows systems
[1.059s] INFO:colcon.colcon_core.shell:Skip shell extension 'powershell' for command environment: Not usable outside of PowerShell
[1.059s] DEBUG:colcon.colcon_core.shell:Skip shell extension 'dsv' for command environment
[1.069s] INFO:colcon.colcon_ros.task.ament_cmake.build:Building ROS package in '/home/jermito/rina_ws/src/robot' with build type 'ament_cmake'
[1.070s] INFO:colcon.colcon_cmake.task.cmake.build:Building CMake package in '/home/jermito/rina_ws/src/robot'
[1.073s] INFO:colcon.colcon_core.shell:Skip shell extension 'powershell' for command environment: Not usable outside of PowerShell
[1.073s] DEBUG:colcon.colcon_core.shell:Skip shell extension 'dsv' for command environment
[1.085s] INFO:colcon.colcon_ros.task.ament_cmake.build:Building ROS package in '/home/jermito/rina_ws/src/ydlidar_ros2_ws/src/ydlidar_ros2_driver' with build type 'ament_cmake'
[1.086s] INFO:colcon.colcon_cmake.task.cmake.build:Building CMake package in '/home/jermito/rina_ws/src/ydlidar_ros2_ws/src/ydlidar_ros2_driver'
[1.090s] INFO:colcon.colcon_core.shell:Skip shell extension 'powershell' for command environment: Not usable outside of PowerShell
[1.090s] DEBUG:colcon.colcon_core.shell:Skip shell extension 'dsv' for command environment
[1.114s] DEBUG:colcon.colcon_core.event_handler.log_command:Invoking command in '/home/jermito/rina_ws/build/serial': CMAKE_PREFIX_PATH=/opt/ros/foxy /usr/bin/cmake --build /home/jermito/rina_ws/build/serial -- -j8 -l8
[1.124s] DEBUG:colcon.colcon_core.event_handler.log_command:Invoking command in '/home/jermito/rina_ws/build/robot': CMAKE_PREFIX_PATH=/opt/ros/foxy /usr/bin/cmake --build /home/jermito/rina_ws/build/robot -- -j8 -l8
[1.135s] DEBUG:colcon.colcon_core.event_handler.log_command:Invoking command in '/home/jermito/rina_ws/build/ydlidar_ros2_driver': CMAKE_PREFIX_PATH=/opt/ros/foxy /usr/bin/cmake --build /home/jermito/rina_ws/build/ydlidar_ros2_driver -- -j8 -l8
[1.192s] DEBUG:colcon.colcon_core.event_handler.log_command:Invoked command in '/home/jermito/rina_ws/build/robot' returned '0': CMAKE_PREFIX_PATH=/opt/ros/foxy /usr/bin/cmake --build /home/jermito/rina_ws/build/robot -- -j8 -l8
[1.254s] DEBUG:colcon.colcon_core.event_handler.log_command:Invoking command in '/home/jermito/rina_ws/build/robot': CMAKE_PREFIX_PATH=/opt/ros/foxy /usr/bin/cmake --install /home/jermito/rina_ws/build/robot
[1.287s] DEBUG:colcon.colcon_core.event_handler.log_command:Invoked command in '/home/jermito/rina_ws/build/serial' returned '0': CMAKE_PREFIX_PATH=/opt/ros/foxy /usr/bin/cmake --build /home/jermito/rina_ws/build/serial -- -j8 -l8
[1.314s] DEBUG:colcon.colcon_core.event_handler.log_command:Invoked command in '/home/jermito/rina_ws/build/ydlidar_ros2_driver' returned '0': CMAKE_PREFIX_PATH=/opt/ros/foxy /usr/bin/cmake --build /home/jermito/rina_ws/build/ydlidar_ros2_driver -- -j8 -l8
[1.332s] Level 1:colcon.colcon_core.environment:create_environment_scripts_only(robot)
[1.334s] DEBUG:colcon.colcon_core.event_handler.log_command:Invoked command in '/home/jermito/rina_ws/build/robot' returned '0': CMAKE_PREFIX_PATH=/opt/ros/foxy /usr/bin/cmake --install /home/jermito/rina_ws/build/robot
[1.353s] Level 1:colcon.colcon_core.environment:checking '/home/jermito/rina_ws/install/robot' for CMake module files
[1.354s] Level 1:colcon.colcon_core.environment:checking '/home/jermito/rina_ws/install/robot' for CMake config files
[1.355s] Level 1:colcon.colcon_core.shell:create_environment_hook('robot', 'cmake_prefix_path')
[1.359s] INFO:colcon.colcon_core.shell:Creating environment hook '/home/jermito/rina_ws/install/robot/share/robot/hook/cmake_prefix_path.ps1'
[1.361s] INFO:colcon.colcon_core.shell:Creating environment descriptor '/home/jermito/rina_ws/install/robot/share/robot/hook/cmake_prefix_path.dsv'
[1.362s] INFO:colcon.colcon_core.shell:Creating environment hook '/home/jermito/rina_ws/install/robot/share/robot/hook/cmake_prefix_path.sh'
[1.364s] Level 1:colcon.colcon_core.environment:checking '/home/jermito/rina_ws/install/robot/bin'
[1.364s] Level 1:colcon.colcon_core.environment:checking '/home/jermito/rina_ws/install/robot/lib/pkgconfig/robot.pc'
[1.365s] Level 1:colcon.colcon_core.environment:checking '/home/jermito/rina_ws/install/robot/lib/python3.8/site-packages'
[1.365s] Level 1:colcon.colcon_core.environment:checking '/home/jermito/rina_ws/install/robot/bin'
[1.369s] INFO:colcon.colcon_core.shell:Creating package script '/home/jermito/rina_ws/install/robot/share/robot/package.ps1'
[1.370s] INFO:colcon.colcon_core.shell:Creating package descriptor '/home/jermito/rina_ws/install/robot/share/robot/package.dsv'
[1.372s] INFO:colcon.colcon_core.shell:Creating package script '/home/jermito/rina_ws/install/robot/share/robot/package.sh'
[1.373s] INFO:colcon.colcon_core.shell:Creating package script '/home/jermito/rina_ws/install/robot/share/robot/package.bash'
[1.375s] INFO:colcon.colcon_core.shell:Creating package script '/home/jermito/rina_ws/install/robot/share/robot/package.zsh'
[1.376s] Level 1:colcon.colcon_core.environment:create_file_with_runtime_dependencies(/home/jermito/rina_ws/install/robot/share/colcon-core/packages/robot)
[1.386s] DEBUG:colcon.colcon_core.event_handler.log_command:Invoking command in '/home/jermito/rina_ws/build/serial': CMAKE_PREFIX_PATH=/opt/ros/foxy /usr/bin/cmake --install /home/jermito/rina_ws/build/serial
[1.392s] DEBUG:colcon.colcon_core.event_handler.log_command:Invoking command in '/home/jermito/rina_ws/build/ydlidar_ros2_driver': CMAKE_PREFIX_PATH=/opt/ros/foxy /usr/bin/cmake --install /home/jermito/rina_ws/build/ydlidar_ros2_driver
[1.420s] Level 1:colcon.colcon_core.environment:create_environment_scripts_only(robot)
[1.426s] Level 1:colcon.colcon_core.environment:checking '/home/jermito/rina_ws/install/robot' for CMake module files
[1.430s] Level 1:colcon.colcon_core.environment:checking '/home/jermito/rina_ws/install/robot' for CMake config files
[1.433s] Level 1:colcon.colcon_core.shell:create_environment_hook('robot', 'cmake_prefix_path')
[1.437s] INFO:colcon.colcon_core.shell:Creating environment hook '/home/jermito/rina_ws/install/robot/share/robot/hook/cmake_prefix_path.ps1'
[1.438s] INFO:colcon.colcon_core.shell:Creating environment descriptor '/home/jermito/rina_ws/install/robot/share/robot/hook/cmake_prefix_path.dsv'
[1.439s] INFO:colcon.colcon_core.shell:Creating environment hook '/home/jermito/rina_ws/install/robot/share/robot/hook/cmake_prefix_path.sh'
[1.441s] Level 1:colcon.colcon_core.environment:checking '/home/jermito/rina_ws/install/robot/bin'
[1.441s] Level 1:colcon.colcon_core.environment:checking '/home/jermito/rina_ws/install/robot/lib/pkgconfig/robot.pc'
[1.442s] Level 1:colcon.colcon_core.environment:checking '/home/jermito/rina_ws/install/robot/lib/python3.8/site-packages'
[1.442s] Level 1:colcon.colcon_core.environment:checking '/home/jermito/rina_ws/install/robot/bin'
[1.446s] INFO:colcon.colcon_core.shell:Creating package script '/home/jermito/rina_ws/install/robot/share/robot/package.ps1'
[1.446s] INFO:colcon.colcon_core.shell:Creating package descriptor '/home/jermito/rina_ws/install/robot/share/robot/package.dsv'
[1.447s] INFO:colcon.colcon_core.shell:Creating package script '/home/jermito/rina_ws/install/robot/share/robot/package.sh'
[1.448s] INFO:colcon.colcon_core.shell:Creating package script '/home/jermito/rina_ws/install/robot/share/robot/package.bash'
[1.449s] INFO:colcon.colcon_core.shell:Creating package script '/home/jermito/rina_ws/install/robot/share/robot/package.zsh'
[1.450s] Level 1:colcon.colcon_core.environment:create_file_with_runtime_dependencies(/home/jermito/rina_ws/install/robot/share/colcon-core/packages/robot)
[1.453s] Level 1:colcon.colcon_core.environment:create_environment_scripts_only(serial)
[1.458s] Level 1:colcon.colcon_core.environment:checking '/home/jermito/rina_ws/install/serial' for CMake module files
[1.460s] DEBUG:colcon.colcon_core.event_handler.log_command:Invoked command in '/home/jermito/rina_ws/build/serial' returned '0': CMAKE_PREFIX_PATH=/opt/ros/foxy /usr/bin/cmake --install /home/jermito/rina_ws/build/serial
[1.461s] Level 1:colcon.colcon_core.environment:checking '/home/jermito/rina_ws/install/serial' for CMake config files
[1.461s] Level 1:colcon.colcon_core.shell:create_environment_hook('serial', 'cmake_prefix_path')
[1.465s] INFO:colcon.colcon_core.shell:Creating environment hook '/home/jermito/rina_ws/install/serial/share/serial/hook/cmake_prefix_path.ps1'
[1.466s] INFO:colcon.colcon_core.shell:Creating environment descriptor '/home/jermito/rina_ws/install/serial/share/serial/hook/cmake_prefix_path.dsv'
[1.467s] INFO:colcon.colcon_core.shell:Creating environment hook '/home/jermito/rina_ws/install/serial/share/serial/hook/cmake_prefix_path.sh'
[1.468s] Level 1:colcon.colcon_core.environment:checking '/home/jermito/rina_ws/install/serial/lib'
[1.468s] Level 1:colcon.colcon_core.environment:checking '/home/jermito/rina_ws/install/serial/bin'
[1.468s] Level 1:colcon.colcon_core.environment:checking '/home/jermito/rina_ws/install/serial/lib/pkgconfig/serial.pc'
[1.469s] Level 1:colcon.colcon_core.environment:checking '/home/jermito/rina_ws/install/serial/lib/python3.8/site-packages'
[1.469s] Level 1:colcon.colcon_core.environment:checking '/home/jermito/rina_ws/install/serial/bin'
[1.473s] INFO:colcon.colcon_core.shell:Creating package script '/home/jermito/rina_ws/install/serial/share/serial/package.ps1'
[1.474s] INFO:colcon.colcon_core.shell:Creating package descriptor '/home/jermito/rina_ws/install/serial/share/serial/package.dsv'
[1.474s] INFO:colcon.colcon_core.shell:Creating package script '/home/jermito/rina_ws/install/serial/share/serial/package.sh'
[1.475s] INFO:colcon.colcon_core.shell:Creating package script '/home/jermito/rina_ws/install/serial/share/serial/package.bash'
[1.476s] INFO:colcon.colcon_core.shell:Creating package script '/home/jermito/rina_ws/install/serial/share/serial/package.zsh'
[1.476s] Level 1:colcon.colcon_core.environment:create_file_with_runtime_dependencies(/home/jermito/rina_ws/install/serial/share/colcon-core/packages/serial)
[1.481s] Level 1:colcon.colcon_core.environment:create_environment_scripts_only(ydlidar_ros2_driver)
[1.488s] Level 1:colcon.colcon_core.environment:checking '/home/jermito/rina_ws/install/ydlidar_ros2_driver' for CMake module files
[1.489s] DEBUG:colcon.colcon_core.event_handler.log_command:Invoked command in '/home/jermito/rina_ws/build/ydlidar_ros2_driver' returned '0': CMAKE_PREFIX_PATH=/opt/ros/foxy /usr/bin/cmake --install /home/jermito/rina_ws/build/ydlidar_ros2_driver
[1.490s] Level 1:colcon.colcon_core.environment:checking '/home/jermito/rina_ws/install/ydlidar_ros2_driver' for CMake config files
[1.491s] Level 1:colcon.colcon_core.shell:create_environment_hook('ydlidar_ros2_driver', 'cmake_prefix_path')
[1.494s] INFO:colcon.colcon_core.shell:Creating environment hook '/home/jermito/rina_ws/install/ydlidar_ros2_driver/share/ydlidar_ros2_driver/hook/cmake_prefix_path.ps1'
[1.495s] INFO:colcon.colcon_core.shell:Creating environment descriptor '/home/jermito/rina_ws/install/ydlidar_ros2_driver/share/ydlidar_ros2_driver/hook/cmake_prefix_path.dsv'
[1.495s] INFO:colcon.colcon_core.shell:Creating environment hook '/home/jermito/rina_ws/install/ydlidar_ros2_driver/share/ydlidar_ros2_driver/hook/cmake_prefix_path.sh'
[1.496s] Level 1:colcon.colcon_core.environment:checking '/home/jermito/rina_ws/install/ydlidar_ros2_driver/lib'
[1.496s] Level 1:colcon.colcon_core.environment:checking '/home/jermito/rina_ws/install/ydlidar_ros2_driver/bin'
[1.497s] Level 1:colcon.colcon_core.environment:checking '/home/jermito/rina_ws/install/ydlidar_ros2_driver/lib/pkgconfig/ydlidar_ros2_driver.pc'
[1.497s] Level 1:colcon.colcon_core.environment:checking '/home/jermito/rina_ws/install/ydlidar_ros2_driver/lib/python3.8/site-packages'
[1.497s] Level 1:colcon.colcon_core.environment:checking '/home/jermito/rina_ws/install/ydlidar_ros2_driver/bin'
[1.501s] INFO:colcon.colcon_core.shell:Creating package script '/home/jermito/rina_ws/install/ydlidar_ros2_driver/share/ydlidar_ros2_driver/package.ps1'
[1.503s] INFO:colcon.colcon_core.shell:Creating package descriptor '/home/jermito/rina_ws/install/ydlidar_ros2_driver/share/ydlidar_ros2_driver/package.dsv'
[1.504s] INFO:colcon.colcon_core.shell:Creating package script '/home/jermito/rina_ws/install/ydlidar_ros2_driver/share/ydlidar_ros2_driver/package.sh'
[1.505s] INFO:colcon.colcon_core.shell:Creating package script '/home/jermito/rina_ws/install/ydlidar_ros2_driver/share/ydlidar_ros2_driver/package.bash'
[1.505s] INFO:colcon.colcon_core.shell:Creating package script '/home/jermito/rina_ws/install/ydlidar_ros2_driver/share/ydlidar_ros2_driver/package.zsh'
[1.506s] Level 1:colcon.colcon_core.environment:create_file_with_runtime_dependencies(/home/jermito/rina_ws/install/ydlidar_ros2_driver/share/colcon-core/packages/ydlidar_ros2_driver)
[1.533s] Level 1:colcon.colcon_core.environment:create_environment_scripts_only(serial)
[1.539s] Level 1:colcon.colcon_core.environment:checking '/home/jermito/rina_ws/install/serial' for CMake module files
[1.540s] Level 1:colcon.colcon_core.environment:checking '/home/jermito/rina_ws/install/serial' for CMake config files
[1.541s] Level 1:colcon.colcon_core.shell:create_environment_hook('serial', 'cmake_prefix_path')
[1.544s] INFO:colcon.colcon_core.shell:Creating environment hook '/home/jermito/rina_ws/install/serial/share/serial/hook/cmake_prefix_path.ps1'
[1.545s] INFO:colcon.colcon_core.shell:Creating environment descriptor '/home/jermito/rina_ws/install/serial/share/serial/hook/cmake_prefix_path.dsv'
[1.546s] INFO:colcon.colcon_core.shell:Creating environment hook '/home/jermito/rina_ws/install/serial/share/serial/hook/cmake_prefix_path.sh'
[1.547s] Level 1:colcon.colcon_core.environment:checking '/home/jermito/rina_ws/install/serial/lib'
[1.547s] Level 1:colcon.colcon_core.environment:checking '/home/jermito/rina_ws/install/serial/bin'
[1.547s] Level 1:colcon.colcon_core.environment:checking '/home/jermito/rina_ws/install/serial/lib/pkgconfig/serial.pc'
[1.548s] Level 1:colcon.colcon_core.environment:checking '/home/jermito/rina_ws/install/serial/lib/python3.8/site-packages'
[1.548s] Level 1:colcon.colcon_core.environment:checking '/home/jermito/rina_ws/install/serial/bin'
[1.552s] INFO:colcon.colcon_core.shell:Creating package script '/home/jermito/rina_ws/install/serial/share/serial/package.ps1'
[1.553s] INFO:colcon.colcon_core.shell:Creating package descriptor '/home/jermito/rina_ws/install/serial/share/serial/package.dsv'
[1.554s] INFO:colcon.colcon_core.shell:Creating package script '/home/jermito/rina_ws/install/serial/share/serial/package.sh'
[1.555s] INFO:colcon.colcon_core.shell:Creating package script '/home/jermito/rina_ws/install/serial/share/serial/package.bash'
[1.555s] INFO:colcon.colcon_core.shell:Creating package script '/home/jermito/rina_ws/install/serial/share/serial/package.zsh'
[1.556s] Level 1:colcon.colcon_core.environment:create_file_with_runtime_dependencies(/home/jermito/rina_ws/install/serial/share/colcon-core/packages/serial)
[1.557s] INFO:colcon.colcon_ros.task.ament_cmake.build:Building ROS package in '/home/jermito/rina_ws/src/diffdrive_arduino' with build type 'ament_cmake'
[1.557s] INFO:colcon.colcon_cmake.task.cmake.build:Building CMake package in '/home/jermito/rina_ws/src/diffdrive_arduino'
[1.561s] INFO:colcon.colcon_core.shell:Skip shell extension 'powershell' for command environment: Not usable outside of PowerShell
[1.561s] DEBUG:colcon.colcon_core.shell:Skip shell extension 'dsv' for command environment
[1.577s] Level 1:colcon.colcon_core.environment:create_environment_scripts_only(ydlidar_ros2_driver)
[1.583s] Level 1:colcon.colcon_core.environment:checking '/home/jermito/rina_ws/install/ydlidar_ros2_driver' for CMake module files
[1.584s] Level 1:colcon.colcon_core.environment:checking '/home/jermito/rina_ws/install/ydlidar_ros2_driver' for CMake config files
[1.585s] Level 1:colcon.colcon_core.shell:create_environment_hook('ydlidar_ros2_driver', 'cmake_prefix_path')
[1.589s] INFO:colcon.colcon_core.shell:Creating environment hook '/home/jermito/rina_ws/install/ydlidar_ros2_driver/share/ydlidar_ros2_driver/hook/cmake_prefix_path.ps1'
[1.590s] INFO:colcon.colcon_core.shell:Creating environment descriptor '/home/jermito/rina_ws/install/ydlidar_ros2_driver/share/ydlidar_ros2_driver/hook/cmake_prefix_path.dsv'
[1.590s] INFO:colcon.colcon_core.shell:Creating environment hook '/home/jermito/rina_ws/install/ydlidar_ros2_driver/share/ydlidar_ros2_driver/hook/cmake_prefix_path.sh'
[1.591s] Level 1:colcon.colcon_core.environment:checking '/home/jermito/rina_ws/install/ydlidar_ros2_driver/lib'
[1.592s] Level 1:colcon.colcon_core.environment:checking '/home/jermito/rina_ws/install/ydlidar_ros2_driver/bin'
[1.592s] Level 1:colcon.colcon_core.environment:checking '/home/jermito/rina_ws/install/ydlidar_ros2_driver/lib/pkgconfig/ydlidar_ros2_driver.pc'
[1.592s] Level 1:colcon.colcon_core.environment:checking '/home/jermito/rina_ws/install/ydlidar_ros2_driver/lib/python3.8/site-packages'
[1.592s] Level 1:colcon.colcon_core.environment:checking '/home/jermito/rina_ws/install/ydlidar_ros2_driver/bin'
[1.597s] INFO:colcon.colcon_core.shell:Creating package script '/home/jermito/rina_ws/install/ydlidar_ros2_driver/share/ydlidar_ros2_driver/package.ps1'
[1.598s] INFO:colcon.colcon_core.shell:Creating package descriptor '/home/jermito/rina_ws/install/ydlidar_ros2_driver/share/ydlidar_ros2_driver/package.dsv'
[1.598s] INFO:colcon.colcon_core.shell:Creating package script '/home/jermito/rina_ws/install/ydlidar_ros2_driver/share/ydlidar_ros2_driver/package.sh'
[1.599s] INFO:colcon.colcon_core.shell:Creating package script '/home/jermito/rina_ws/install/ydlidar_ros2_driver/share/ydlidar_ros2_driver/package.bash'
[1.600s] INFO:colcon.colcon_core.shell:Creating package script '/home/jermito/rina_ws/install/ydlidar_ros2_driver/share/ydlidar_ros2_driver/package.zsh'
[1.601s] Level 1:colcon.colcon_core.environment:create_file_with_runtime_dependencies(/home/jermito/rina_ws/install/ydlidar_ros2_driver/share/colcon-core/packages/ydlidar_ros2_driver)
[1.611s] DEBUG:colcon.colcon_core.event_handler.log_command:Invoking command in '/home/jermito/rina_ws/build/diffdrive_arduino': AMENT_PREFIX_PATH=/home/jermito/rina_ws/install/serial:${AMENT_PREFIX_PATH} CMAKE_PREFIX_PATH=/home/jermito/rina_ws/install/serial:/opt/ros/foxy LD_LIBRARY_PATH=/home/jermito/rina_ws/install/serial/lib:${LD_LIBRARY_PATH} /usr/bin/cmake --build /home/jermito/rina_ws/build/diffdrive_arduino -- -j8 -l8
[1.743s] DEBUG:colcon.colcon_core.event_handler.log_command:Invoked command in '/home/jermito/rina_ws/build/diffdrive_arduino' returned '0': AMENT_PREFIX_PATH=/home/jermito/rina_ws/install/serial:${AMENT_PREFIX_PATH} CMAKE_PREFIX_PATH=/home/jermito/rina_ws/install/serial:/opt/ros/foxy LD_LIBRARY_PATH=/home/jermito/rina_ws/install/serial/lib:${LD_LIBRARY_PATH} /usr/bin/cmake --build /home/jermito/rina_ws/build/diffdrive_arduino -- -j8 -l8
[1.792s] DEBUG:colcon.colcon_core.event_handler.log_command:Invoking command in '/home/jermito/rina_ws/build/diffdrive_arduino': AMENT_PREFIX_PATH=/home/jermito/rina_ws/install/serial:${AMENT_PREFIX_PATH} CMAKE_PREFIX_PATH=/home/jermito/rina_ws/install/serial:/opt/ros/foxy LD_LIBRARY_PATH=/home/jermito/rina_ws/install/serial/lib:${LD_LIBRARY_PATH} /usr/bin/cmake --install /home/jermito/rina_ws/build/diffdrive_arduino
[1.839s] Level 1:colcon.colcon_core.environment:create_environment_scripts_only(diffdrive_arduino)
[1.845s] DEBUG:colcon.colcon_core.event_handler.log_command:Invoked command in '/home/jermito/rina_ws/build/diffdrive_arduino' returned '0': AMENT_PREFIX_PATH=/home/jermito/rina_ws/install/serial:${AMENT_PREFIX_PATH} CMAKE_PREFIX_PATH=/home/jermito/rina_ws/install/serial:/opt/ros/foxy LD_LIBRARY_PATH=/home/jermito/rina_ws/install/serial/lib:${LD_LIBRARY_PATH} /usr/bin/cmake --install /home/jermito/rina_ws/build/diffdrive_arduino
[1.844s] Level 1:colcon.colcon_core.environment:checking '/home/jermito/rina_ws/install/diffdrive_arduino' for CMake module files
[1.846s] Level 1:colcon.colcon_core.environment:checking '/home/jermito/rina_ws/install/diffdrive_arduino' for CMake config files
[1.847s] Level 1:colcon.colcon_core.shell:create_environment_hook('diffdrive_arduino', 'cmake_prefix_path')
[1.850s] INFO:colcon.colcon_core.shell:Creating environment hook '/home/jermito/rina_ws/install/diffdrive_arduino/share/diffdrive_arduino/hook/cmake_prefix_path.ps1'
[1.851s] INFO:colcon.colcon_core.shell:Creating environment descriptor '/home/jermito/rina_ws/install/diffdrive_arduino/share/diffdrive_arduino/hook/cmake_prefix_path.dsv'
[1.852s] INFO:colcon.colcon_core.shell:Creating environment hook '/home/jermito/rina_ws/install/diffdrive_arduino/share/diffdrive_arduino/hook/cmake_prefix_path.sh'
[1.853s] Level 1:colcon.colcon_core.environment:checking '/home/jermito/rina_ws/install/diffdrive_arduino/lib'
[1.853s] Level 1:colcon.colcon_core.shell:create_environment_hook('diffdrive_arduino', 'ld_library_path_lib')
[1.856s] INFO:colcon.colcon_core.shell:Creating environment hook '/home/jermito/rina_ws/install/diffdrive_arduino/share/diffdrive_arduino/hook/ld_library_path_lib.ps1'
[1.857s] INFO:colcon.colcon_core.shell:Creating environment descriptor '/home/jermito/rina_ws/install/diffdrive_arduino/share/diffdrive_arduino/hook/ld_library_path_lib.dsv'
[1.858s] INFO:colcon.colcon_core.shell:Creating environment hook '/home/jermito/rina_ws/install/diffdrive_arduino/share/diffdrive_arduino/hook/ld_library_path_lib.sh'
[1.858s] Level 1:colcon.colcon_core.environment:checking '/home/jermito/rina_ws/install/diffdrive_arduino/bin'
[1.859s] Level 1:colcon.colcon_core.environment:checking '/home/jermito/rina_ws/install/diffdrive_arduino/lib/pkgconfig/diffdrive_arduino.pc'
[1.859s] Level 1:colcon.colcon_core.environment:checking '/home/jermito/rina_ws/install/diffdrive_arduino/lib/python3.8/site-packages'
[1.860s] Level 1:colcon.colcon_core.environment:checking '/home/jermito/rina_ws/install/diffdrive_arduino/bin'
[1.863s] INFO:colcon.colcon_core.shell:Creating package script '/home/jermito/rina_ws/install/diffdrive_arduino/share/diffdrive_arduino/package.ps1'
[1.864s] INFO:colcon.colcon_core.shell:Creating package descriptor '/home/jermito/rina_ws/install/diffdrive_arduino/share/diffdrive_arduino/package.dsv'
[1.865s] INFO:colcon.colcon_core.shell:Creating package script '/home/jermito/rina_ws/install/diffdrive_arduino/share/diffdrive_arduino/package.sh'
[1.866s] INFO:colcon.colcon_core.shell:Creating package script '/home/jermito/rina_ws/install/diffdrive_arduino/share/diffdrive_arduino/package.bash'
[1.867s] INFO:colcon.colcon_core.shell:Creating package script '/home/jermito/rina_ws/install/diffdrive_arduino/share/diffdrive_arduino/package.zsh'
[1.868s] Level 1:colcon.colcon_core.environment:create_file_with_runtime_dependencies(/home/jermito/rina_ws/install/diffdrive_arduino/share/colcon-core/packages/diffdrive_arduino)
[1.919s] Level 1:colcon.colcon_core.environment:create_environment_scripts_only(diffdrive_arduino)
[1.923s] Level 1:colcon.colcon_core.environment:checking '/home/jermito/rina_ws/install/diffdrive_arduino' for CMake module files
[1.924s] Level 1:colcon.colcon_core.environment:checking '/home/jermito/rina_ws/install/diffdrive_arduino' for CMake config files
[1.925s] Level 1:colcon.colcon_core.shell:create_environment_hook('diffdrive_arduino', 'cmake_prefix_path')
[1.928s] INFO:colcon.colcon_core.shell:Creating environment hook '/home/jermito/rina_ws/install/diffdrive_arduino/share/diffdrive_arduino/hook/cmake_prefix_path.ps1'
[1.929s] INFO:colcon.colcon_core.shell:Creating environment descriptor '/home/jermito/rina_ws/install/diffdrive_arduino/share/diffdrive_arduino/hook/cmake_prefix_path.dsv'
[1.930s] INFO:colcon.colcon_core.shell:Creating environment hook '/home/jermito/rina_ws/install/diffdrive_arduino/share/diffdrive_arduino/hook/cmake_prefix_path.sh'
[1.931s] Level 1:colcon.colcon_core.environment:checking '/home/jermito/rina_ws/install/diffdrive_arduino/lib'
[1.931s] Level 1:colcon.colcon_core.shell:create_environment_hook('diffdrive_arduino', 'ld_library_path_lib')
[1.934s] INFO:colcon.colcon_core.shell:Creating environment hook '/home/jermito/rina_ws/install/diffdrive_arduino/share/diffdrive_arduino/hook/ld_library_path_lib.ps1'
[1.935s] INFO:colcon.colcon_core.shell:Creating environment descriptor '/home/jermito/rina_ws/install/diffdrive_arduino/share/diffdrive_arduino/hook/ld_library_path_lib.dsv'
[1.936s] INFO:colcon.colcon_core.shell:Creating environment hook '/home/jermito/rina_ws/install/diffdrive_arduino/share/diffdrive_arduino/hook/ld_library_path_lib.sh'
[1.937s] Level 1:colcon.colcon_core.environment:checking '/home/jermito/rina_ws/install/diffdrive_arduino/bin'
[1.937s] Level 1:colcon.colcon_core.environment:checking '/home/jermito/rina_ws/install/diffdrive_arduino/lib/pkgconfig/diffdrive_arduino.pc'
[1.938s] Level 1:colcon.colcon_core.environment:checking '/home/jermito/rina_ws/install/diffdrive_arduino/lib/python3.8/site-packages'
[1.938s] Level 1:colcon.colcon_core.environment:checking '/home/jermito/rina_ws/install/diffdrive_arduino/bin'
[1.941s] INFO:colcon.colcon_core.shell:Creating package script '/home/jermito/rina_ws/install/diffdrive_arduino/share/diffdrive_arduino/package.ps1'
[1.942s] INFO:colcon.colcon_core.shell:Creating package descriptor '/home/jermito/rina_ws/install/diffdrive_arduino/share/diffdrive_arduino/package.dsv'
[1.943s] INFO:colcon.colcon_core.shell:Creating package script '/home/jermito/rina_ws/install/diffdrive_arduino/share/diffdrive_arduino/package.sh'
[1.944s] INFO:colcon.colcon_core.shell:Creating package script '/home/jermito/rina_ws/install/diffdrive_arduino/share/diffdrive_arduino/package.bash'
[1.945s] INFO:colcon.colcon_core.shell:Creating package script '/home/jermito/rina_ws/install/diffdrive_arduino/share/diffdrive_arduino/package.zsh'
[1.946s] Level 1:colcon.colcon_core.environment:create_file_with_runtime_dependencies(/home/jermito/rina_ws/install/diffdrive_arduino/share/colcon-core/packages/diffdrive_arduino)
[1.947s] DEBUG:colcon.colcon_parallel_executor.executor.parallel:closing loop
[1.947s] DEBUG:colcon.colcon_parallel_executor.executor.parallel:loop closed
[1.947s] DEBUG:colcon.colcon_parallel_executor.executor.parallel:run_until_complete finished with '0'
[1.947s] DEBUG:colcon.colcon_core.event_reactor:joining thread
[1.960s] INFO:colcon.colcon_core.plugin_system:Skipping extension 'colcon_notification.desktop_notification.terminal_notifier': Not used on non-Darwin systems
[1.960s] INFO:colcon.colcon_core.plugin_system:Skipping extension 'colcon_notification.desktop_notification.win32': Not used on non-Windows systems
[1.960s] INFO:colcon.colcon_notification.desktop_notification:Sending desktop notification using 'notify2'
[1.986s] DEBUG:colcon.colcon_core.event_reactor:joined thread
[1.989s] INFO:colcon.colcon_core.shell:Creating prefix script '/home/jermito/rina_ws/install/local_setup.ps1'
[1.991s] INFO:colcon.colcon_core.shell:Creating prefix util module '/home/jermito/rina_ws/install/_local_setup_util_ps1.py'
[1.993s] INFO:colcon.colcon_core.shell:Creating prefix chain script '/home/jermito/rina_ws/install/setup.ps1'
[1.996s] INFO:colcon.colcon_core.shell:Creating prefix script '/home/jermito/rina_ws/install/local_setup.sh'
[1.997s] INFO:colcon.colcon_core.shell:Creating prefix util module '/home/jermito/rina_ws/install/_local_setup_util_sh.py'
[1.999s] INFO:colcon.colcon_core.shell:Creating prefix chain script '/home/jermito/rina_ws/install/setup.sh'
[2.003s] INFO:colcon.colcon_core.shell:Creating prefix script '/home/jermito/rina_ws/install/local_setup.bash'
[2.004s] INFO:colcon.colcon_core.shell:Creating prefix chain script '/home/jermito/rina_ws/install/setup.bash'
[2.007s] INFO:colcon.colcon_core.shell:Creating prefix script '/home/jermito/rina_ws/install/local_setup.zsh'
[2.008s] INFO:colcon.colcon_core.shell:Creating prefix chain script '/home/jermito/rina_ws/install/setup.zsh'
