[0.064s] Invoking command in '/home/jermito/rina_ws/build/serial': CMAKE_PREFIX_PATH=${CMAKE_PREFIX_PATH}:/opt/ros/foxy /usr/bin/cmake /home/jermito/rina_ws/src/serial -DAMENT_CMAKE_SYMLINK_INSTALL=1 -DCMAKE_INSTALL_PREFIX=/home/jermito/rina_ws/install/serial
[0.216s] -- The C compiler identification is GNU 9.4.0
[0.374s] -- The CXX compiler identification is GNU 9.4.0
[0.388s] -- Check for working C compiler: /usr/bin/cc
[0.506s] -- Check for working C compiler: /usr/bin/cc -- works
[0.508s] -- Detecting C compiler ABI info
[0.625s] -- Detecting C compiler ABI info - done
[0.649s] -- Detecting C compile features
[0.650s] -- Detecting C compile features - done
[0.655s] -- Check for working CXX compiler: /usr/bin/c++
[0.803s] -- Check for working CXX compiler: /usr/bin/c++ -- works
[0.805s] -- Detecting CXX compiler ABI info
[0.965s] -- Detecting CXX compiler ABI info - done
[0.993s] -- Detecting CXX compile features
[0.994s] -- Detecting CXX compile features - done
[0.999s] -- Found ament_cmake: 0.9.12 (/opt/ros/foxy/share/ament_cmake/cmake)
[1.052s] -- Found PythonInterp: /usr/bin/python3 (found suitable version "3.8.10", minimum required is "3") 
[1.052s] -- Using PYTHON_EXECUTABLE: /usr/bin/python3
[1.452s] -- Override CMake install command with custom implementation using symlinks instead of copying resources
[1.505s] -- Found ament_cmake_gtest: 0.9.12 (/opt/ros/foxy/share/ament_cmake_gtest/cmake)
[1.527s] -- Found Boost: /usr/lib/x86_64-linux-gnu/cmake/Boost-1.71.0/BoostConfig.cmake (found version "1.71.0")  
[1.533s] -- Found gtest sources under '/opt/ros/foxy/src/gtest_vendor': C++ tests using 'Google Test' will be built
[1.537s] -- Looking for pthread.h
[1.666s] -- Looking for pthread.h - found
[1.666s] -- Performing Test CMAKE_HAVE_LIBC_PTHREAD
[1.801s] -- Performing Test CMAKE_HAVE_LIBC_PTHREAD - Failed
[1.801s] -- Check if compiler accepts -pthread
[1.930s] -- Check if compiler accepts -pthread - yes
[1.933s] -- Found Threads: TRUE  
[2.069s] -- Configuring done
[2.098s] -- Generating done
[2.102s] -- Build files have been written to: /home/jermito/rina_ws/build/serial
[2.108s] Invoked command in '/home/jermito/rina_ws/build/serial' returned '0': CMAKE_PREFIX_PATH=${CMAKE_PREFIX_PATH}:/opt/ros/foxy /usr/bin/cmake /home/jermito/rina_ws/src/serial -DAMENT_CMAKE_SYMLINK_INSTALL=1 -DCMAKE_INSTALL_PREFIX=/home/jermito/rina_ws/install/serial
[2.113s] Invoking command in '/home/jermito/rina_ws/build/serial': CMAKE_PREFIX_PATH=${CMAKE_PREFIX_PATH}:/opt/ros/foxy /usr/bin/cmake --build /home/jermito/rina_ws/build/serial -- -j8 -l8
[2.178s] [35m[1mScanning dependencies of target serial[0m
[2.178s] [35m[1mScanning dependencies of target gtest_main[0m
[2.184s] [35m[1mScanning dependencies of target gtest[0m
[2.206s] [  7%] [32mBuilding CXX object CMakeFiles/serial.dir/src/impl/unix.cc.o[0m
[2.206s] [ 14%] [32mBuilding CXX object CMakeFiles/serial.dir/src/serial.cc.o[0m
[2.208s] [ 21%] [32mBuilding CXX object CMakeFiles/serial.dir/src/impl/list_ports/list_ports_linux.cc.o[0m
[2.227s] [ 28%] [32mBuilding CXX object gtest/CMakeFiles/gtest_main.dir/src/gtest_main.cc.o[0m
[2.244s] [ 35%] [32mBuilding CXX object gtest/CMakeFiles/gtest.dir/src/gtest-all.cc.o[0m
[3.537s] [ 42%] [32m[1mLinking CXX static library libserial.a[0m
[3.595s] [ 42%] Built target serial
[3.612s] [35m[1mScanning dependencies of target serial_example[0m
[3.632s] [ 50%] [32mBuilding CXX object CMakeFiles/serial_example.dir/examples/serial_example.cc.o[0m
[3.796s] [ 57%] [32m[1mLinking CXX static library libgtest_main.a[0m
[3.890s] [ 57%] Built target gtest_main
[4.275s] [ 64%] [32m[1mLinking CXX executable serial_example[0m
[4.418s] [ 64%] Built target serial_example
[8.609s] [ 71%] [32m[1mLinking CXX static library libgtest.a[0m
[8.707s] [ 71%] Built target gtest
[8.725s] [35m[1mScanning dependencies of target serial-test-timer[0m
[8.725s] [35m[1mScanning dependencies of target serial-test[0m
[8.751s] [ 78%] [32mBuilding CXX object tests/CMakeFiles/serial-test.dir/unix_serial_tests.cc.o[0m
[8.752s] [ 85%] [32mBuilding CXX object tests/CMakeFiles/serial-test-timer.dir/unit/unix_timer_tests.cc.o[0m
[10.112s] [ 92%] [32m[1mLinking CXX executable serial-test-timer[0m
[10.319s] [100%] [32m[1mLinking CXX executable serial-test[0m
[10.347s] [100%] Built target serial-test-timer
[10.557s] [100%] Built target serial-test
[10.577s] Invoked command in '/home/jermito/rina_ws/build/serial' returned '0': CMAKE_PREFIX_PATH=${CMAKE_PREFIX_PATH}:/opt/ros/foxy /usr/bin/cmake --build /home/jermito/rina_ws/build/serial -- -j8 -l8
[10.627s] Invoking command in '/home/jermito/rina_ws/build/serial': CMAKE_PREFIX_PATH=${CMAKE_PREFIX_PATH}:/opt/ros/foxy /usr/bin/cmake --install /home/jermito/rina_ws/build/serial
[10.644s] -- Install configuration: ""
[10.645s] -- Execute custom install script
[10.646s] -- Symlinking: /home/jermito/rina_ws/install/serial/lib/libserial.a
[10.662s] -- Symlinking: /home/jermito/rina_ws/install/serial/include/serial/serial.h
[10.677s] -- Symlinking: /home/jermito/rina_ws/install/serial/include/serial/v8stdint.h
[10.692s] -- Symlinking: /home/jermito/rina_ws/install/serial/share/serial/environment/library_path.sh
[10.707s] -- Symlinking: /home/jermito/rina_ws/install/serial/share/serial/environment/library_path.dsv
[10.722s] -- Symlinking: /home/jermito/rina_ws/install/serial/share/ament_index/resource_index/package_run_dependencies/serial
[10.737s] -- Symlinking: /home/jermito/rina_ws/install/serial/share/ament_index/resource_index/parent_prefix_path/serial
[10.754s] -- Symlinking: /home/jermito/rina_ws/install/serial/share/serial/environment/ament_prefix_path.sh
[10.770s] -- Symlinking: /home/jermito/rina_ws/install/serial/share/serial/environment/ament_prefix_path.dsv
[10.787s] -- Symlinking: /home/jermito/rina_ws/install/serial/share/serial/environment/path.sh
[10.802s] -- Symlinking: /home/jermito/rina_ws/install/serial/share/serial/environment/path.dsv
[10.817s] -- Symlinking: /home/jermito/rina_ws/install/serial/share/serial/local_setup.bash
[10.832s] -- Symlinking: /home/jermito/rina_ws/install/serial/share/serial/local_setup.sh
[10.846s] -- Symlinking: /home/jermito/rina_ws/install/serial/share/serial/local_setup.zsh
[10.863s] -- Symlinking: /home/jermito/rina_ws/install/serial/share/serial/local_setup.dsv
[10.878s] -- Symlinking: /home/jermito/rina_ws/install/serial/share/serial/package.dsv
[10.897s] -- Symlinking: /home/jermito/rina_ws/install/serial/share/ament_index/resource_index/packages/serial
[10.914s] -- Symlinking: /home/jermito/rina_ws/install/serial/share/serial/cmake/ament_cmake_export_include_directories-extras.cmake
[10.930s] -- Symlinking: /home/jermito/rina_ws/install/serial/share/serial/cmake/ament_cmake_export_libraries-extras.cmake
[10.944s] -- Symlinking: /home/jermito/rina_ws/install/serial/share/serial/cmake/serialConfig.cmake
[10.961s] -- Symlinking: /home/jermito/rina_ws/install/serial/share/serial/cmake/serialConfig-version.cmake
[10.977s] -- Symlinking: /home/jermito/rina_ws/install/serial/share/serial/package.xml
[11.007s] Invoked command in '/home/jermito/rina_ws/build/serial' returned '0': CMAKE_PREFIX_PATH=${CMAKE_PREFIX_PATH}:/opt/ros/foxy /usr/bin/cmake --install /home/jermito/rina_ws/build/serial
