[0.440s] DEBUG:colcon:Command line arguments: ['/usr/bin/colcon', 'build', '--symlink-install']
[0.440s] DEBUG:colcon:Parsed command line arguments: Namespace(allow_overriding=[], ament_cmake_args=None, base_paths=['.'], build_base='build', catkin_cmake_args=None, catkin_skip_building_tests=False, cmake_args=None, cmake_clean_cache=False, cmake_clean_first=False, cmake_force_configure=False, cmake_target=None, cmake_target_skip_unavailable=False, continue_on_error=False, event_handlers=None, executor='parallel', ignore_user_meta=False, install_base='install', log_base=None, log_level=None, main=<bound method BuildVerb.main of <colcon_core.verb.build.BuildVerb object at 0x7f04804ef100>>, merge_install=False, metas=['./colcon.meta'], packages_above=None, packages_above_and_dependencies=None, packages_above_depth=None, packages_end=None, packages_ignore=None, packages_ignore_regex=None, packages_select=None, packages_select_build_failed=False, packages_select_by_dep=None, packages_select_regex=None, packages_select_test_failures=False, packages_skip=None, packages_skip_build_finished=False, packages_skip_by_dep=None, packages_skip_regex=None, packages_skip_test_passed=False, packages_skip_up_to=None, packages_start=None, packages_up_to=None, packages_up_to_regex=None, parallel_workers=8, paths=None, symlink_install=True, test_result_base=None, verb_extension=<colcon_core.verb.build.BuildVerb object at 0x7f04804ef100>, verb_name='build', verb_parser=<colcon_defaults.argument_parser.defaults.DefaultArgumentsDecorator object at 0x7f04804ef640>)
[0.461s] Level 1:colcon.colcon_core.package_discovery:discover_packages(colcon_meta) check parameters
[0.461s] Level 1:colcon.colcon_core.package_discovery:discover_packages(recursive) check parameters
[0.461s] Level 1:colcon.colcon_core.package_discovery:discover_packages(ignore) check parameters
[0.461s] Level 1:colcon.colcon_core.package_discovery:discover_packages(path) check parameters
[0.461s] Level 1:colcon.colcon_core.package_discovery:discover_packages(colcon_meta) discover
[0.461s] Level 1:colcon.colcon_core.package_discovery:discover_packages(recursive) discover
[0.461s] INFO:colcon.colcon_core.package_discovery:Crawling recursively for packages in '/home/jermito/rina_ws'
[0.462s] Level 1:colcon.colcon_core.package_identification:_identify(.) by extensions ['ignore', 'ignore_ament_install']
[0.462s] Level 1:colcon.colcon_core.package_identification:_identify(.) by extension 'ignore'
[0.462s] Level 1:colcon.colcon_core.package_identification:_identify(.) by extension 'ignore_ament_install'
[0.462s] Level 1:colcon.colcon_core.package_identification:_identify(.) by extensions ['colcon_pkg']
[0.462s] Level 1:colcon.colcon_core.package_identification:_identify(.) by extension 'colcon_pkg'
[0.462s] Level 1:colcon.colcon_core.package_identification:_identify(.) by extensions ['colcon_meta']
[0.462s] Level 1:colcon.colcon_core.package_identification:_identify(.) by extension 'colcon_meta'
[0.462s] Level 1:colcon.colcon_core.package_identification:_identify(.) by extensions ['ros']
[0.462s] Level 1:colcon.colcon_core.package_identification:_identify(.) by extension 'ros'
[0.471s] Level 1:colcon.colcon_core.package_identification:_identify(.) by extensions ['cmake', 'python']
[0.471s] Level 1:colcon.colcon_core.package_identification:_identify(.) by extension 'cmake'
[0.471s] Level 1:colcon.colcon_core.package_identification:_identify(.) by extension 'python'
[0.471s] Level 1:colcon.colcon_core.package_identification:_identify(.) by extensions ['python_setup_py']
[0.471s] Level 1:colcon.colcon_core.package_identification:_identify(.) by extension 'python_setup_py'
[0.471s] Level 1:colcon.colcon_core.package_identification:_identify(build) by extensions ['ignore', 'ignore_ament_install']
[0.471s] Level 1:colcon.colcon_core.package_identification:_identify(build) by extension 'ignore'
[0.471s] Level 1:colcon.colcon_core.package_identification:_identify(build) ignored
[0.471s] Level 1:colcon.colcon_core.package_identification:_identify(install) by extensions ['ignore', 'ignore_ament_install']
[0.472s] Level 1:colcon.colcon_core.package_identification:_identify(install) by extension 'ignore'
[0.472s] Level 1:colcon.colcon_core.package_identification:_identify(install) ignored
[0.472s] Level 1:colcon.colcon_core.package_identification:_identify(log) by extensions ['ignore', 'ignore_ament_install']
[0.472s] Level 1:colcon.colcon_core.package_identification:_identify(log) by extension 'ignore'
[0.472s] Level 1:colcon.colcon_core.package_identification:_identify(log) ignored
[0.472s] Level 1:colcon.colcon_core.package_identification:_identify(src) by extensions ['ignore', 'ignore_ament_install']
[0.472s] Level 1:colcon.colcon_core.package_identification:_identify(src) by extension 'ignore'
[0.472s] Level 1:colcon.colcon_core.package_identification:_identify(src) by extension 'ignore_ament_install'
[0.472s] Level 1:colcon.colcon_core.package_identification:_identify(src) by extensions ['colcon_pkg']
[0.472s] Level 1:colcon.colcon_core.package_identification:_identify(src) by extension 'colcon_pkg'
[0.472s] Level 1:colcon.colcon_core.package_identification:_identify(src) by extensions ['colcon_meta']
[0.472s] Level 1:colcon.colcon_core.package_identification:_identify(src) by extension 'colcon_meta'
[0.472s] Level 1:colcon.colcon_core.package_identification:_identify(src) by extensions ['ros']
[0.472s] Level 1:colcon.colcon_core.package_identification:_identify(src) by extension 'ros'
[0.472s] Level 1:colcon.colcon_core.package_identification:_identify(src) by extensions ['cmake', 'python']
[0.472s] Level 1:colcon.colcon_core.package_identification:_identify(src) by extension 'cmake'
[0.472s] Level 1:colcon.colcon_core.package_identification:_identify(src) by extension 'python'
[0.472s] Level 1:colcon.colcon_core.package_identification:_identify(src) by extensions ['python_setup_py']
[0.472s] Level 1:colcon.colcon_core.package_identification:_identify(src) by extension 'python_setup_py'
[0.472s] Level 1:colcon.colcon_core.package_identification:_identify(src/diffdrive_arduino) by extensions ['ignore', 'ignore_ament_install']
[0.473s] Level 1:colcon.colcon_core.package_identification:_identify(src/diffdrive_arduino) by extension 'ignore'
[0.473s] Level 1:colcon.colcon_core.package_identification:_identify(src/diffdrive_arduino) by extension 'ignore_ament_install'
[0.473s] Level 1:colcon.colcon_core.package_identification:_identify(src/diffdrive_arduino) by extensions ['colcon_pkg']
[0.473s] Level 1:colcon.colcon_core.package_identification:_identify(src/diffdrive_arduino) by extension 'colcon_pkg'
[0.473s] Level 1:colcon.colcon_core.package_identification:_identify(src/diffdrive_arduino) by extensions ['colcon_meta']
[0.473s] Level 1:colcon.colcon_core.package_identification:_identify(src/diffdrive_arduino) by extension 'colcon_meta'
[0.473s] Level 1:colcon.colcon_core.package_identification:_identify(src/diffdrive_arduino) by extensions ['ros']
[0.473s] Level 1:colcon.colcon_core.package_identification:_identify(src/diffdrive_arduino) by extension 'ros'
[0.476s] DEBUG:colcon.colcon_core.package_identification:Package 'src/diffdrive_arduino' with type 'ros.ament_cmake' and name 'diffdrive_arduino'
[0.476s] Level 1:colcon.colcon_core.package_identification:_identify(src/robot) by extensions ['ignore', 'ignore_ament_install']
[0.476s] Level 1:colcon.colcon_core.package_identification:_identify(src/robot) by extension 'ignore'
[0.476s] Level 1:colcon.colcon_core.package_identification:_identify(src/robot) by extension 'ignore_ament_install'
[0.476s] Level 1:colcon.colcon_core.package_identification:_identify(src/robot) by extensions ['colcon_pkg']
[0.476s] Level 1:colcon.colcon_core.package_identification:_identify(src/robot) by extension 'colcon_pkg'
[0.476s] Level 1:colcon.colcon_core.package_identification:_identify(src/robot) by extensions ['colcon_meta']
[0.476s] Level 1:colcon.colcon_core.package_identification:_identify(src/robot) by extension 'colcon_meta'
[0.476s] Level 1:colcon.colcon_core.package_identification:_identify(src/robot) by extensions ['ros']
[0.476s] Level 1:colcon.colcon_core.package_identification:_identify(src/robot) by extension 'ros'
[0.477s] DEBUG:colcon.colcon_core.package_identification:Package 'src/robot' with type 'ros.ament_cmake' and name 'robot'
[0.477s] Level 1:colcon.colcon_core.package_identification:_identify(src/serial) by extensions ['ignore', 'ignore_ament_install']
[0.477s] Level 1:colcon.colcon_core.package_identification:_identify(src/serial) by extension 'ignore'
[0.477s] Level 1:colcon.colcon_core.package_identification:_identify(src/serial) by extension 'ignore_ament_install'
[0.477s] Level 1:colcon.colcon_core.package_identification:_identify(src/serial) by extensions ['colcon_pkg']
[0.477s] Level 1:colcon.colcon_core.package_identification:_identify(src/serial) by extension 'colcon_pkg'
[0.477s] Level 1:colcon.colcon_core.package_identification:_identify(src/serial) by extensions ['colcon_meta']
[0.477s] Level 1:colcon.colcon_core.package_identification:_identify(src/serial) by extension 'colcon_meta'
[0.477s] Level 1:colcon.colcon_core.package_identification:_identify(src/serial) by extensions ['ros']
[0.477s] Level 1:colcon.colcon_core.package_identification:_identify(src/serial) by extension 'ros'
[0.477s] DEBUG:colcon.colcon_core.package_identification:Package 'src/serial' with type 'ros.ament_cmake' and name 'serial'
[0.477s] Level 1:colcon.colcon_core.package_identification:_identify(src/ydlidar_ros2_ws) by extensions ['ignore', 'ignore_ament_install']
[0.478s] Level 1:colcon.colcon_core.package_identification:_identify(src/ydlidar_ros2_ws) by extension 'ignore'
[0.478s] Level 1:colcon.colcon_core.package_identification:_identify(src/ydlidar_ros2_ws) by extension 'ignore_ament_install'
[0.478s] Level 1:colcon.colcon_core.package_identification:_identify(src/ydlidar_ros2_ws) by extensions ['colcon_pkg']
[0.478s] Level 1:colcon.colcon_core.package_identification:_identify(src/ydlidar_ros2_ws) by extension 'colcon_pkg'
[0.478s] Level 1:colcon.colcon_core.package_identification:_identify(src/ydlidar_ros2_ws) by extensions ['colcon_meta']
[0.478s] Level 1:colcon.colcon_core.package_identification:_identify(src/ydlidar_ros2_ws) by extension 'colcon_meta'
[0.478s] Level 1:colcon.colcon_core.package_identification:_identify(src/ydlidar_ros2_ws) by extensions ['ros']
[0.478s] Level 1:colcon.colcon_core.package_identification:_identify(src/ydlidar_ros2_ws) by extension 'ros'
[0.478s] Level 1:colcon.colcon_core.package_identification:_identify(src/ydlidar_ros2_ws) by extensions ['cmake', 'python']
[0.478s] Level 1:colcon.colcon_core.package_identification:_identify(src/ydlidar_ros2_ws) by extension 'cmake'
[0.478s] Level 1:colcon.colcon_core.package_identification:_identify(src/ydlidar_ros2_ws) by extension 'python'
[0.478s] Level 1:colcon.colcon_core.package_identification:_identify(src/ydlidar_ros2_ws) by extensions ['python_setup_py']
[0.478s] Level 1:colcon.colcon_core.package_identification:_identify(src/ydlidar_ros2_ws) by extension 'python_setup_py'
[0.478s] Level 1:colcon.colcon_core.package_identification:_identify(src/ydlidar_ros2_ws/src) by extensions ['ignore', 'ignore_ament_install']
[0.478s] Level 1:colcon.colcon_core.package_identification:_identify(src/ydlidar_ros2_ws/src) by extension 'ignore'
[0.478s] Level 1:colcon.colcon_core.package_identification:_identify(src/ydlidar_ros2_ws/src) by extension 'ignore_ament_install'
[0.478s] Level 1:colcon.colcon_core.package_identification:_identify(src/ydlidar_ros2_ws/src) by extensions ['colcon_pkg']
[0.478s] Level 1:colcon.colcon_core.package_identification:_identify(src/ydlidar_ros2_ws/src) by extension 'colcon_pkg'
[0.478s] Level 1:colcon.colcon_core.package_identification:_identify(src/ydlidar_ros2_ws/src) by extensions ['colcon_meta']
[0.478s] Level 1:colcon.colcon_core.package_identification:_identify(src/ydlidar_ros2_ws/src) by extension 'colcon_meta'
[0.478s] Level 1:colcon.colcon_core.package_identification:_identify(src/ydlidar_ros2_ws/src) by extensions ['ros']
[0.478s] Level 1:colcon.colcon_core.package_identification:_identify(src/ydlidar_ros2_ws/src) by extension 'ros'
[0.478s] Level 1:colcon.colcon_core.package_identification:_identify(src/ydlidar_ros2_ws/src) by extensions ['cmake', 'python']
[0.478s] Level 1:colcon.colcon_core.package_identification:_identify(src/ydlidar_ros2_ws/src) by extension 'cmake'
[0.478s] Level 1:colcon.colcon_core.package_identification:_identify(src/ydlidar_ros2_ws/src) by extension 'python'
[0.479s] Level 1:colcon.colcon_core.package_identification:_identify(src/ydlidar_ros2_ws/src) by extensions ['python_setup_py']
[0.479s] Level 1:colcon.colcon_core.package_identification:_identify(src/ydlidar_ros2_ws/src) by extension 'python_setup_py'
[0.479s] Level 1:colcon.colcon_core.package_identification:_identify(src/ydlidar_ros2_ws/src/ydlidar_ros2_driver) by extensions ['ignore', 'ignore_ament_install']
[0.479s] Level 1:colcon.colcon_core.package_identification:_identify(src/ydlidar_ros2_ws/src/ydlidar_ros2_driver) by extension 'ignore'
[0.479s] Level 1:colcon.colcon_core.package_identification:_identify(src/ydlidar_ros2_ws/src/ydlidar_ros2_driver) by extension 'ignore_ament_install'
[0.479s] Level 1:colcon.colcon_core.package_identification:_identify(src/ydlidar_ros2_ws/src/ydlidar_ros2_driver) by extensions ['colcon_pkg']
[0.479s] Level 1:colcon.colcon_core.package_identification:_identify(src/ydlidar_ros2_ws/src/ydlidar_ros2_driver) by extension 'colcon_pkg'
[0.479s] Level 1:colcon.colcon_core.package_identification:_identify(src/ydlidar_ros2_ws/src/ydlidar_ros2_driver) by extensions ['colcon_meta']
[0.479s] Level 1:colcon.colcon_core.package_identification:_identify(src/ydlidar_ros2_ws/src/ydlidar_ros2_driver) by extension 'colcon_meta'
[0.479s] Level 1:colcon.colcon_core.package_identification:_identify(src/ydlidar_ros2_ws/src/ydlidar_ros2_driver) by extensions ['ros']
[0.479s] Level 1:colcon.colcon_core.package_identification:_identify(src/ydlidar_ros2_ws/src/ydlidar_ros2_driver) by extension 'ros'
[0.479s] DEBUG:colcon.colcon_core.package_identification:Package 'src/ydlidar_ros2_ws/src/ydlidar_ros2_driver' with type 'ros.ament_cmake' and name 'ydlidar_ros2_driver'
[0.480s] Level 1:colcon.colcon_core.package_discovery:discover_packages(recursive) using defaults
[0.480s] Level 1:colcon.colcon_core.package_discovery:discover_packages(ignore) discover
[0.480s] Level 1:colcon.colcon_core.package_discovery:discover_packages(ignore) using defaults
[0.480s] Level 1:colcon.colcon_core.package_discovery:discover_packages(path) discover
[0.480s] Level 1:colcon.colcon_core.package_discovery:discover_packages(path) using defaults
[0.521s] Level 1:colcon.colcon_core.package_discovery:discover_packages(prefix_path) check parameters
[0.521s] Level 1:colcon.colcon_core.package_discovery:discover_packages(prefix_path) discover
[0.526s] DEBUG:colcon.colcon_installed_package_information.package_discovery:Found 330 installed packages in /opt/ros/foxy
[0.528s] Level 1:colcon.colcon_core.package_discovery:discover_packages(prefix_path) using defaults
[0.596s] Level 5:colcon.colcon_core.verb:set package 'robot' build argument 'cmake_args' from command line to 'None'
[0.596s] Level 5:colcon.colcon_core.verb:set package 'robot' build argument 'cmake_target' from command line to 'None'
[0.596s] Level 5:colcon.colcon_core.verb:set package 'robot' build argument 'cmake_target_skip_unavailable' from command line to 'False'
[0.596s] Level 5:colcon.colcon_core.verb:set package 'robot' build argument 'cmake_clean_cache' from command line to 'False'
[0.596s] Level 5:colcon.colcon_core.verb:set package 'robot' build argument 'cmake_clean_first' from command line to 'False'
[0.596s] Level 5:colcon.colcon_core.verb:set package 'robot' build argument 'cmake_force_configure' from command line to 'False'
[0.596s] Level 5:colcon.colcon_core.verb:set package 'robot' build argument 'ament_cmake_args' from command line to 'None'
[0.596s] Level 5:colcon.colcon_core.verb:set package 'robot' build argument 'catkin_cmake_args' from command line to 'None'
[0.596s] Level 5:colcon.colcon_core.verb:set package 'robot' build argument 'catkin_skip_building_tests' from command line to 'False'
[0.596s] DEBUG:colcon.colcon_core.verb:Building package 'robot' with the following arguments: {'ament_cmake_args': None, 'build_base': '/home/jermito/rina_ws/build/robot', 'catkin_cmake_args': None, 'catkin_skip_building_tests': False, 'cmake_args': None, 'cmake_clean_cache': False, 'cmake_clean_first': False, 'cmake_force_configure': False, 'cmake_target': None, 'cmake_target_skip_unavailable': False, 'install_base': '/home/jermito/rina_ws/install/robot', 'merge_install': False, 'path': '/home/jermito/rina_ws/src/robot', 'symlink_install': True, 'test_result_base': None}
[0.597s] Level 5:colcon.colcon_core.verb:set package 'serial' build argument 'cmake_args' from command line to 'None'
[0.597s] Level 5:colcon.colcon_core.verb:set package 'serial' build argument 'cmake_target' from command line to 'None'
[0.597s] Level 5:colcon.colcon_core.verb:set package 'serial' build argument 'cmake_target_skip_unavailable' from command line to 'False'
[0.597s] Level 5:colcon.colcon_core.verb:set package 'serial' build argument 'cmake_clean_cache' from command line to 'False'
[0.597s] Level 5:colcon.colcon_core.verb:set package 'serial' build argument 'cmake_clean_first' from command line to 'False'
[0.597s] Level 5:colcon.colcon_core.verb:set package 'serial' build argument 'cmake_force_configure' from command line to 'False'
[0.597s] Level 5:colcon.colcon_core.verb:set package 'serial' build argument 'ament_cmake_args' from command line to 'None'
[0.597s] Level 5:colcon.colcon_core.verb:set package 'serial' build argument 'catkin_cmake_args' from command line to 'None'
[0.598s] Level 5:colcon.colcon_core.verb:set package 'serial' build argument 'catkin_skip_building_tests' from command line to 'False'
[0.598s] DEBUG:colcon.colcon_core.verb:Building package 'serial' with the following arguments: {'ament_cmake_args': None, 'build_base': '/home/jermito/rina_ws/build/serial', 'catkin_cmake_args': None, 'catkin_skip_building_tests': False, 'cmake_args': None, 'cmake_clean_cache': False, 'cmake_clean_first': False, 'cmake_force_configure': False, 'cmake_target': None, 'cmake_target_skip_unavailable': False, 'install_base': '/home/jermito/rina_ws/install/serial', 'merge_install': False, 'path': '/home/jermito/rina_ws/src/serial', 'symlink_install': True, 'test_result_base': None}
[0.598s] Level 5:colcon.colcon_core.verb:set package 'ydlidar_ros2_driver' build argument 'cmake_args' from command line to 'None'
[0.598s] Level 5:colcon.colcon_core.verb:set package 'ydlidar_ros2_driver' build argument 'cmake_target' from command line to 'None'
[0.599s] Level 5:colcon.colcon_core.verb:set package 'ydlidar_ros2_driver' build argument 'cmake_target_skip_unavailable' from command line to 'False'
[0.599s] Level 5:colcon.colcon_core.verb:set package 'ydlidar_ros2_driver' build argument 'cmake_clean_cache' from command line to 'False'
[0.599s] Level 5:colcon.colcon_core.verb:set package 'ydlidar_ros2_driver' build argument 'cmake_clean_first' from command line to 'False'
[0.599s] Level 5:colcon.colcon_core.verb:set package 'ydlidar_ros2_driver' build argument 'cmake_force_configure' from command line to 'False'
[0.599s] Level 5:colcon.colcon_core.verb:set package 'ydlidar_ros2_driver' build argument 'ament_cmake_args' from command line to 'None'
[0.599s] Level 5:colcon.colcon_core.verb:set package 'ydlidar_ros2_driver' build argument 'catkin_cmake_args' from command line to 'None'
[0.599s] Level 5:colcon.colcon_core.verb:set package 'ydlidar_ros2_driver' build argument 'catkin_skip_building_tests' from command line to 'False'
[0.599s] DEBUG:colcon.colcon_core.verb:Building package 'ydlidar_ros2_driver' with the following arguments: {'ament_cmake_args': None, 'build_base': '/home/jermito/rina_ws/build/ydlidar_ros2_driver', 'catkin_cmake_args': None, 'catkin_skip_building_tests': False, 'cmake_args': None, 'cmake_clean_cache': False, 'cmake_clean_first': False, 'cmake_force_configure': False, 'cmake_target': None, 'cmake_target_skip_unavailable': False, 'install_base': '/home/jermito/rina_ws/install/ydlidar_ros2_driver', 'merge_install': False, 'path': '/home/jermito/rina_ws/src/ydlidar_ros2_ws/src/ydlidar_ros2_driver', 'symlink_install': True, 'test_result_base': None}
[0.600s] Level 5:colcon.colcon_core.verb:set package 'diffdrive_arduino' build argument 'cmake_args' from command line to 'None'
[0.600s] Level 5:colcon.colcon_core.verb:set package 'diffdrive_arduino' build argument 'cmake_target' from command line to 'None'
[0.600s] Level 5:colcon.colcon_core.verb:set package 'diffdrive_arduino' build argument 'cmake_target_skip_unavailable' from command line to 'False'
[0.600s] Level 5:colcon.colcon_core.verb:set package 'diffdrive_arduino' build argument 'cmake_clean_cache' from command line to 'False'
[0.600s] Level 5:colcon.colcon_core.verb:set package 'diffdrive_arduino' build argument 'cmake_clean_first' from command line to 'False'
[0.600s] Level 5:colcon.colcon_core.verb:set package 'diffdrive_arduino' build argument 'cmake_force_configure' from command line to 'False'
[0.600s] Level 5:colcon.colcon_core.verb:set package 'diffdrive_arduino' build argument 'ament_cmake_args' from command line to 'None'
[0.600s] Level 5:colcon.colcon_core.verb:set package 'diffdrive_arduino' build argument 'catkin_cmake_args' from command line to 'None'
[0.600s] Level 5:colcon.colcon_core.verb:set package 'diffdrive_arduino' build argument 'catkin_skip_building_tests' from command line to 'False'
[0.600s] DEBUG:colcon.colcon_core.verb:Building package 'diffdrive_arduino' with the following arguments: {'ament_cmake_args': None, 'build_base': '/home/jermito/rina_ws/build/diffdrive_arduino', 'catkin_cmake_args': None, 'catkin_skip_building_tests': False, 'cmake_args': None, 'cmake_clean_cache': False, 'cmake_clean_first': False, 'cmake_force_configure': False, 'cmake_target': None, 'cmake_target_skip_unavailable': False, 'install_base': '/home/jermito/rina_ws/install/diffdrive_arduino', 'merge_install': False, 'path': '/home/jermito/rina_ws/src/diffdrive_arduino', 'symlink_install': True, 'test_result_base': None}
[0.600s] INFO:colcon.colcon_core.executor:Executing jobs using 'parallel' executor
[0.604s] DEBUG:colcon.colcon_parallel_executor.executor.parallel:run_until_complete
[0.604s] INFO:colcon.colcon_ros.task.ament_cmake.build:Building ROS package in '/home/jermito/rina_ws/src/serial' with build type 'ament_cmake'
[0.605s] INFO:colcon.colcon_cmake.task.cmake.build:Building CMake package in '/home/jermito/rina_ws/src/serial'
[0.608s] INFO:colcon.colcon_core.plugin_system:Skipping extension 'colcon_core.shell.bat': Not used on non-Windows systems
[0.608s] INFO:colcon.colcon_core.shell:Skip shell extension 'powershell' for command environment: Not usable outside of PowerShell
[0.608s] DEBUG:colcon.colcon_core.shell:Skip shell extension 'dsv' for command environment
[0.626s] INFO:colcon.colcon_ros.task.ament_cmake.build:Building ROS package in '/home/jermito/rina_ws/src/robot' with build type 'ament_cmake'
[0.626s] INFO:colcon.colcon_cmake.task.cmake.build:Building CMake package in '/home/jermito/rina_ws/src/robot'
[0.629s] INFO:colcon.colcon_core.shell:Skip shell extension 'powershell' for command environment: Not usable outside of PowerShell
[0.630s] DEBUG:colcon.colcon_core.shell:Skip shell extension 'dsv' for command environment
[0.636s] INFO:colcon.colcon_ros.task.ament_cmake.build:Building ROS package in '/home/jermito/rina_ws/src/ydlidar_ros2_ws/src/ydlidar_ros2_driver' with build type 'ament_cmake'
[0.637s] INFO:colcon.colcon_cmake.task.cmake.build:Building CMake package in '/home/jermito/rina_ws/src/ydlidar_ros2_ws/src/ydlidar_ros2_driver'
[0.639s] INFO:colcon.colcon_core.shell:Skip shell extension 'powershell' for command environment: Not usable outside of PowerShell
[0.639s] DEBUG:colcon.colcon_core.shell:Skip shell extension 'dsv' for command environment
[0.651s] DEBUG:colcon.colcon_core.event_handler.log_command:Invoking command in '/home/jermito/rina_ws/build/serial': CMAKE_PREFIX_PATH=/opt/ros/foxy /usr/bin/cmake /home/jermito/rina_ws/src/serial -DAMENT_CMAKE_SYMLINK_INSTALL=1 -DCMAKE_INSTALL_PREFIX=/home/jermito/rina_ws/install/serial
[0.658s] DEBUG:colcon.colcon_core.event_handler.log_command:Invoking command in '/home/jermito/rina_ws/build/robot': CMAKE_PREFIX_PATH=/opt/ros/foxy /usr/bin/cmake /home/jermito/rina_ws/src/robot -DAMENT_CMAKE_SYMLINK_INSTALL=1 -DCMAKE_INSTALL_PREFIX=/home/jermito/rina_ws/install/robot
[0.664s] DEBUG:colcon.colcon_core.event_handler.log_command:Invoking command in '/home/jermito/rina_ws/build/ydlidar_ros2_driver': CMAKE_PREFIX_PATH=/opt/ros/foxy /usr/bin/cmake /home/jermito/rina_ws/src/ydlidar_ros2_ws/src/ydlidar_ros2_driver -DAMENT_CMAKE_SYMLINK_INSTALL=1 -DCMAKE_INSTALL_PREFIX=/home/jermito/rina_ws/install/ydlidar_ros2_driver
[2.129s] DEBUG:colcon.colcon_core.event_handler.log_command:Invoked command in '/home/jermito/rina_ws/build/robot' returned '0': CMAKE_PREFIX_PATH=/opt/ros/foxy /usr/bin/cmake /home/jermito/rina_ws/src/robot -DAMENT_CMAKE_SYMLINK_INSTALL=1 -DCMAKE_INSTALL_PREFIX=/home/jermito/rina_ws/install/robot
[2.134s] DEBUG:colcon.colcon_core.event_handler.log_command:Invoking command in '/home/jermito/rina_ws/build/robot': CMAKE_PREFIX_PATH=/opt/ros/foxy /usr/bin/cmake --build /home/jermito/rina_ws/build/robot -- -j8 -l8
[2.196s] DEBUG:colcon.colcon_core.event_handler.log_command:Invoked command in '/home/jermito/rina_ws/build/robot' returned '0': CMAKE_PREFIX_PATH=/opt/ros/foxy /usr/bin/cmake --build /home/jermito/rina_ws/build/robot -- -j8 -l8
[2.257s] DEBUG:colcon.colcon_core.event_handler.log_command:Invoking command in '/home/jermito/rina_ws/build/robot': CMAKE_PREFIX_PATH=/opt/ros/foxy /usr/bin/cmake --install /home/jermito/rina_ws/build/robot
[2.518s] DEBUG:colcon.colcon_core.event_handler.log_command:Invoked command in '/home/jermito/rina_ws/build/serial' returned '0': CMAKE_PREFIX_PATH=/opt/ros/foxy /usr/bin/cmake /home/jermito/rina_ws/src/serial -DAMENT_CMAKE_SYMLINK_INSTALL=1 -DCMAKE_INSTALL_PREFIX=/home/jermito/rina_ws/install/serial
[2.523s] DEBUG:colcon.colcon_core.event_handler.log_command:Invoking command in '/home/jermito/rina_ws/build/serial': CMAKE_PREFIX_PATH=/opt/ros/foxy /usr/bin/cmake --build /home/jermito/rina_ws/build/serial -- -j8 -l8
[2.860s] Level 1:colcon.colcon_core.environment:create_environment_scripts_only(robot)
[2.869s] DEBUG:colcon.colcon_core.event_handler.log_command:Invoked command in '/home/jermito/rina_ws/build/robot' returned '0': CMAKE_PREFIX_PATH=/opt/ros/foxy /usr/bin/cmake --install /home/jermito/rina_ws/build/robot
[2.879s] Level 1:colcon.colcon_core.environment:checking '/home/jermito/rina_ws/install/robot' for CMake module files
[2.880s] Level 1:colcon.colcon_core.environment:checking '/home/jermito/rina_ws/install/robot' for CMake config files
[2.880s] Level 1:colcon.colcon_core.shell:create_environment_hook('robot', 'cmake_prefix_path')
[2.884s] INFO:colcon.colcon_core.shell:Creating environment hook '/home/jermito/rina_ws/install/robot/share/robot/hook/cmake_prefix_path.ps1'
[2.885s] INFO:colcon.colcon_core.shell:Creating environment descriptor '/home/jermito/rina_ws/install/robot/share/robot/hook/cmake_prefix_path.dsv'
[2.886s] INFO:colcon.colcon_core.shell:Creating environment hook '/home/jermito/rina_ws/install/robot/share/robot/hook/cmake_prefix_path.sh'
[2.887s] Level 1:colcon.colcon_core.environment:checking '/home/jermito/rina_ws/install/robot/bin'
[2.888s] Level 1:colcon.colcon_core.environment:checking '/home/jermito/rina_ws/install/robot/lib/pkgconfig/robot.pc'
[2.888s] Level 1:colcon.colcon_core.environment:checking '/home/jermito/rina_ws/install/robot/lib/python3.8/site-packages'
[2.888s] Level 1:colcon.colcon_core.environment:checking '/home/jermito/rina_ws/install/robot/bin'
[2.891s] INFO:colcon.colcon_core.shell:Creating package script '/home/jermito/rina_ws/install/robot/share/robot/package.ps1'
[2.893s] INFO:colcon.colcon_core.shell:Creating package descriptor '/home/jermito/rina_ws/install/robot/share/robot/package.dsv'
[2.894s] INFO:colcon.colcon_core.shell:Creating package script '/home/jermito/rina_ws/install/robot/share/robot/package.sh'
[2.895s] INFO:colcon.colcon_core.shell:Creating package script '/home/jermito/rina_ws/install/robot/share/robot/package.bash'
[2.902s] INFO:colcon.colcon_core.shell:Creating package script '/home/jermito/rina_ws/install/robot/share/robot/package.zsh'
[2.910s] Level 1:colcon.colcon_core.environment:create_file_with_runtime_dependencies(/home/jermito/rina_ws/install/robot/share/colcon-core/packages/robot)
[2.957s] Level 1:colcon.colcon_core.environment:create_environment_scripts_only(robot)
[2.976s] Level 1:colcon.colcon_core.environment:checking '/home/jermito/rina_ws/install/robot' for CMake module files
[2.978s] Level 1:colcon.colcon_core.environment:checking '/home/jermito/rina_ws/install/robot' for CMake config files
[2.979s] Level 1:colcon.colcon_core.shell:create_environment_hook('robot', 'cmake_prefix_path')
[2.983s] INFO:colcon.colcon_core.shell:Creating environment hook '/home/jermito/rina_ws/install/robot/share/robot/hook/cmake_prefix_path.ps1'
[2.984s] INFO:colcon.colcon_core.shell:Creating environment descriptor '/home/jermito/rina_ws/install/robot/share/robot/hook/cmake_prefix_path.dsv'
[2.985s] INFO:colcon.colcon_core.shell:Creating environment hook '/home/jermito/rina_ws/install/robot/share/robot/hook/cmake_prefix_path.sh'
[2.986s] Level 1:colcon.colcon_core.environment:checking '/home/jermito/rina_ws/install/robot/bin'
[2.986s] Level 1:colcon.colcon_core.environment:checking '/home/jermito/rina_ws/install/robot/lib/pkgconfig/robot.pc'
[2.987s] Level 1:colcon.colcon_core.environment:checking '/home/jermito/rina_ws/install/robot/lib/python3.8/site-packages'
[2.987s] Level 1:colcon.colcon_core.environment:checking '/home/jermito/rina_ws/install/robot/bin'
[2.992s] INFO:colcon.colcon_core.shell:Creating package script '/home/jermito/rina_ws/install/robot/share/robot/package.ps1'
[2.994s] INFO:colcon.colcon_core.shell:Creating package descriptor '/home/jermito/rina_ws/install/robot/share/robot/package.dsv'
[2.995s] INFO:colcon.colcon_core.shell:Creating package script '/home/jermito/rina_ws/install/robot/share/robot/package.sh'
[3.012s] INFO:colcon.colcon_core.shell:Creating package script '/home/jermito/rina_ws/install/robot/share/robot/package.bash'
[3.013s] INFO:colcon.colcon_core.shell:Creating package script '/home/jermito/rina_ws/install/robot/share/robot/package.zsh'
[3.014s] Level 1:colcon.colcon_core.environment:create_file_with_runtime_dependencies(/home/jermito/rina_ws/install/robot/share/colcon-core/packages/robot)
[5.061s] DEBUG:colcon.colcon_core.event_handler.log_command:Invoked command in '/home/jermito/rina_ws/build/ydlidar_ros2_driver' returned '0': CMAKE_PREFIX_PATH=/opt/ros/foxy /usr/bin/cmake /home/jermito/rina_ws/src/ydlidar_ros2_ws/src/ydlidar_ros2_driver -DAMENT_CMAKE_SYMLINK_INSTALL=1 -DCMAKE_INSTALL_PREFIX=/home/jermito/rina_ws/install/ydlidar_ros2_driver
[5.065s] DEBUG:colcon.colcon_core.event_handler.log_command:Invoking command in '/home/jermito/rina_ws/build/ydlidar_ros2_driver': CMAKE_PREFIX_PATH=/opt/ros/foxy /usr/bin/cmake --build /home/jermito/rina_ws/build/ydlidar_ros2_driver -- -j8 -l8
[11.078s] DEBUG:colcon.colcon_core.event_handler.log_command:Invoked command in '/home/jermito/rina_ws/build/serial' returned '0': CMAKE_PREFIX_PATH=/opt/ros/foxy /usr/bin/cmake --build /home/jermito/rina_ws/build/serial -- -j8 -l8
[11.115s] DEBUG:colcon.colcon_core.event_handler.log_command:Invoking command in '/home/jermito/rina_ws/build/serial': CMAKE_PREFIX_PATH=/opt/ros/foxy /usr/bin/cmake --install /home/jermito/rina_ws/build/serial
[11.478s] Level 1:colcon.colcon_core.environment:create_environment_scripts_only(serial)
[11.482s] Level 1:colcon.colcon_core.environment:checking '/home/jermito/rina_ws/install/serial' for CMake module files
[11.483s] DEBUG:colcon.colcon_core.event_handler.log_command:Invoked command in '/home/jermito/rina_ws/build/serial' returned '0': CMAKE_PREFIX_PATH=/opt/ros/foxy /usr/bin/cmake --install /home/jermito/rina_ws/build/serial
[11.483s] Level 1:colcon.colcon_core.environment:checking '/home/jermito/rina_ws/install/serial' for CMake config files
[11.484s] Level 1:colcon.colcon_core.shell:create_environment_hook('serial', 'cmake_prefix_path')
[11.486s] INFO:colcon.colcon_core.shell:Creating environment hook '/home/jermito/rina_ws/install/serial/share/serial/hook/cmake_prefix_path.ps1'
[11.487s] INFO:colcon.colcon_core.shell:Creating environment descriptor '/home/jermito/rina_ws/install/serial/share/serial/hook/cmake_prefix_path.dsv'
[11.487s] INFO:colcon.colcon_core.shell:Creating environment hook '/home/jermito/rina_ws/install/serial/share/serial/hook/cmake_prefix_path.sh'
[11.487s] Level 1:colcon.colcon_core.environment:checking '/home/jermito/rina_ws/install/serial/lib'
[11.488s] Level 1:colcon.colcon_core.environment:checking '/home/jermito/rina_ws/install/serial/bin'
[11.488s] Level 1:colcon.colcon_core.environment:checking '/home/jermito/rina_ws/install/serial/lib/pkgconfig/serial.pc'
[11.488s] Level 1:colcon.colcon_core.environment:checking '/home/jermito/rina_ws/install/serial/lib/python3.8/site-packages'
[11.488s] Level 1:colcon.colcon_core.environment:checking '/home/jermito/rina_ws/install/serial/bin'
[11.490s] INFO:colcon.colcon_core.shell:Creating package script '/home/jermito/rina_ws/install/serial/share/serial/package.ps1'
[11.491s] INFO:colcon.colcon_core.shell:Creating package descriptor '/home/jermito/rina_ws/install/serial/share/serial/package.dsv'
[11.491s] INFO:colcon.colcon_core.shell:Creating package script '/home/jermito/rina_ws/install/serial/share/serial/package.sh'
[11.492s] INFO:colcon.colcon_core.shell:Creating package script '/home/jermito/rina_ws/install/serial/share/serial/package.bash'
[11.492s] INFO:colcon.colcon_core.shell:Creating package script '/home/jermito/rina_ws/install/serial/share/serial/package.zsh'
[11.492s] Level 1:colcon.colcon_core.environment:create_file_with_runtime_dependencies(/home/jermito/rina_ws/install/serial/share/colcon-core/packages/serial)
[11.550s] Level 1:colcon.colcon_core.environment:create_environment_scripts_only(serial)
[11.554s] Level 1:colcon.colcon_core.environment:checking '/home/jermito/rina_ws/install/serial' for CMake module files
[11.554s] Level 1:colcon.colcon_core.environment:checking '/home/jermito/rina_ws/install/serial' for CMake config files
[11.555s] Level 1:colcon.colcon_core.shell:create_environment_hook('serial', 'cmake_prefix_path')
[11.557s] INFO:colcon.colcon_core.shell:Creating environment hook '/home/jermito/rina_ws/install/serial/share/serial/hook/cmake_prefix_path.ps1'
[11.558s] INFO:colcon.colcon_core.shell:Creating environment descriptor '/home/jermito/rina_ws/install/serial/share/serial/hook/cmake_prefix_path.dsv'
[11.558s] INFO:colcon.colcon_core.shell:Creating environment hook '/home/jermito/rina_ws/install/serial/share/serial/hook/cmake_prefix_path.sh'
[11.559s] Level 1:colcon.colcon_core.environment:checking '/home/jermito/rina_ws/install/serial/lib'
[11.559s] Level 1:colcon.colcon_core.environment:checking '/home/jermito/rina_ws/install/serial/bin'
[11.559s] Level 1:colcon.colcon_core.environment:checking '/home/jermito/rina_ws/install/serial/lib/pkgconfig/serial.pc'
[11.559s] Level 1:colcon.colcon_core.environment:checking '/home/jermito/rina_ws/install/serial/lib/python3.8/site-packages'
[11.559s] Level 1:colcon.colcon_core.environment:checking '/home/jermito/rina_ws/install/serial/bin'
[11.561s] INFO:colcon.colcon_core.shell:Creating package script '/home/jermito/rina_ws/install/serial/share/serial/package.ps1'
[11.562s] INFO:colcon.colcon_core.shell:Creating package descriptor '/home/jermito/rina_ws/install/serial/share/serial/package.dsv'
[11.563s] INFO:colcon.colcon_core.shell:Creating package script '/home/jermito/rina_ws/install/serial/share/serial/package.sh'
[11.563s] INFO:colcon.colcon_core.shell:Creating package script '/home/jermito/rina_ws/install/serial/share/serial/package.bash'
[11.564s] INFO:colcon.colcon_core.shell:Creating package script '/home/jermito/rina_ws/install/serial/share/serial/package.zsh'
[11.564s] Level 1:colcon.colcon_core.environment:create_file_with_runtime_dependencies(/home/jermito/rina_ws/install/serial/share/colcon-core/packages/serial)
[11.564s] INFO:colcon.colcon_ros.task.ament_cmake.build:Building ROS package in '/home/jermito/rina_ws/src/diffdrive_arduino' with build type 'ament_cmake'
[11.565s] INFO:colcon.colcon_cmake.task.cmake.build:Building CMake package in '/home/jermito/rina_ws/src/diffdrive_arduino'
[11.567s] INFO:colcon.colcon_core.shell:Skip shell extension 'powershell' for command environment: Not usable outside of PowerShell
[11.567s] DEBUG:colcon.colcon_core.shell:Skip shell extension 'dsv' for command environment
[11.587s] DEBUG:colcon.colcon_core.event_handler.log_command:Invoking command in '/home/jermito/rina_ws/build/diffdrive_arduino': AMENT_PREFIX_PATH=/home/jermito/rina_ws/install/serial:${AMENT_PREFIX_PATH} CMAKE_PREFIX_PATH=/home/jermito/rina_ws/install/serial:/opt/ros/foxy LD_LIBRARY_PATH=/home/jermito/rina_ws/install/serial/lib:${LD_LIBRARY_PATH} /usr/bin/cmake /home/jermito/rina_ws/src/diffdrive_arduino -DAMENT_CMAKE_SYMLINK_INSTALL=1 -DCMAKE_INSTALL_PREFIX=/home/jermito/rina_ws/install/diffdrive_arduino
[14.451s] DEBUG:colcon.colcon_core.event_handler.log_command:Invoked command in '/home/jermito/rina_ws/build/ydlidar_ros2_driver' returned '0': CMAKE_PREFIX_PATH=/opt/ros/foxy /usr/bin/cmake --build /home/jermito/rina_ws/build/ydlidar_ros2_driver -- -j8 -l8
[14.495s] DEBUG:colcon.colcon_core.event_handler.log_command:Invoking command in '/home/jermito/rina_ws/build/ydlidar_ros2_driver': CMAKE_PREFIX_PATH=/opt/ros/foxy /usr/bin/cmake --install /home/jermito/rina_ws/build/ydlidar_ros2_driver
[15.030s] Level 1:colcon.colcon_core.environment:create_environment_scripts_only(ydlidar_ros2_driver)
[15.034s] Level 1:colcon.colcon_core.environment:checking '/home/jermito/rina_ws/install/ydlidar_ros2_driver' for CMake module files
[15.035s] DEBUG:colcon.colcon_core.event_handler.log_command:Invoked command in '/home/jermito/rina_ws/build/ydlidar_ros2_driver' returned '0': CMAKE_PREFIX_PATH=/opt/ros/foxy /usr/bin/cmake --install /home/jermito/rina_ws/build/ydlidar_ros2_driver
[15.036s] Level 1:colcon.colcon_core.environment:checking '/home/jermito/rina_ws/install/ydlidar_ros2_driver' for CMake config files
[15.036s] Level 1:colcon.colcon_core.shell:create_environment_hook('ydlidar_ros2_driver', 'cmake_prefix_path')
[15.038s] INFO:colcon.colcon_core.shell:Creating environment hook '/home/jermito/rina_ws/install/ydlidar_ros2_driver/share/ydlidar_ros2_driver/hook/cmake_prefix_path.ps1'
[15.039s] INFO:colcon.colcon_core.shell:Creating environment descriptor '/home/jermito/rina_ws/install/ydlidar_ros2_driver/share/ydlidar_ros2_driver/hook/cmake_prefix_path.dsv'
[15.039s] INFO:colcon.colcon_core.shell:Creating environment hook '/home/jermito/rina_ws/install/ydlidar_ros2_driver/share/ydlidar_ros2_driver/hook/cmake_prefix_path.sh'
[15.040s] Level 1:colcon.colcon_core.environment:checking '/home/jermito/rina_ws/install/ydlidar_ros2_driver/lib'
[15.040s] Level 1:colcon.colcon_core.environment:checking '/home/jermito/rina_ws/install/ydlidar_ros2_driver/bin'
[15.040s] Level 1:colcon.colcon_core.environment:checking '/home/jermito/rina_ws/install/ydlidar_ros2_driver/lib/pkgconfig/ydlidar_ros2_driver.pc'
[15.040s] Level 1:colcon.colcon_core.environment:checking '/home/jermito/rina_ws/install/ydlidar_ros2_driver/lib/python3.8/site-packages'
[15.040s] Level 1:colcon.colcon_core.environment:checking '/home/jermito/rina_ws/install/ydlidar_ros2_driver/bin'
[15.043s] INFO:colcon.colcon_core.shell:Creating package script '/home/jermito/rina_ws/install/ydlidar_ros2_driver/share/ydlidar_ros2_driver/package.ps1'
[15.044s] INFO:colcon.colcon_core.shell:Creating package descriptor '/home/jermito/rina_ws/install/ydlidar_ros2_driver/share/ydlidar_ros2_driver/package.dsv'
[15.044s] INFO:colcon.colcon_core.shell:Creating package script '/home/jermito/rina_ws/install/ydlidar_ros2_driver/share/ydlidar_ros2_driver/package.sh'
[15.044s] INFO:colcon.colcon_core.shell:Creating package script '/home/jermito/rina_ws/install/ydlidar_ros2_driver/share/ydlidar_ros2_driver/package.bash'
[15.045s] INFO:colcon.colcon_core.shell:Creating package script '/home/jermito/rina_ws/install/ydlidar_ros2_driver/share/ydlidar_ros2_driver/package.zsh'
[15.045s] Level 1:colcon.colcon_core.environment:create_file_with_runtime_dependencies(/home/jermito/rina_ws/install/ydlidar_ros2_driver/share/colcon-core/packages/ydlidar_ros2_driver)
[15.076s] Level 1:colcon.colcon_core.environment:create_environment_scripts_only(ydlidar_ros2_driver)
[15.079s] Level 1:colcon.colcon_core.environment:checking '/home/jermito/rina_ws/install/ydlidar_ros2_driver' for CMake module files
[15.080s] Level 1:colcon.colcon_core.environment:checking '/home/jermito/rina_ws/install/ydlidar_ros2_driver' for CMake config files
[15.081s] Level 1:colcon.colcon_core.shell:create_environment_hook('ydlidar_ros2_driver', 'cmake_prefix_path')
[15.083s] INFO:colcon.colcon_core.shell:Creating environment hook '/home/jermito/rina_ws/install/ydlidar_ros2_driver/share/ydlidar_ros2_driver/hook/cmake_prefix_path.ps1'
[15.083s] INFO:colcon.colcon_core.shell:Creating environment descriptor '/home/jermito/rina_ws/install/ydlidar_ros2_driver/share/ydlidar_ros2_driver/hook/cmake_prefix_path.dsv'
[15.084s] INFO:colcon.colcon_core.shell:Creating environment hook '/home/jermito/rina_ws/install/ydlidar_ros2_driver/share/ydlidar_ros2_driver/hook/cmake_prefix_path.sh'
[15.084s] Level 1:colcon.colcon_core.environment:checking '/home/jermito/rina_ws/install/ydlidar_ros2_driver/lib'
[15.084s] Level 1:colcon.colcon_core.environment:checking '/home/jermito/rina_ws/install/ydlidar_ros2_driver/bin'
[15.084s] Level 1:colcon.colcon_core.environment:checking '/home/jermito/rina_ws/install/ydlidar_ros2_driver/lib/pkgconfig/ydlidar_ros2_driver.pc'
[15.085s] Level 1:colcon.colcon_core.environment:checking '/home/jermito/rina_ws/install/ydlidar_ros2_driver/lib/python3.8/site-packages'
[15.085s] Level 1:colcon.colcon_core.environment:checking '/home/jermito/rina_ws/install/ydlidar_ros2_driver/bin'
[15.087s] INFO:colcon.colcon_core.shell:Creating package script '/home/jermito/rina_ws/install/ydlidar_ros2_driver/share/ydlidar_ros2_driver/package.ps1'
[15.088s] INFO:colcon.colcon_core.shell:Creating package descriptor '/home/jermito/rina_ws/install/ydlidar_ros2_driver/share/ydlidar_ros2_driver/package.dsv'
[15.089s] INFO:colcon.colcon_core.shell:Creating package script '/home/jermito/rina_ws/install/ydlidar_ros2_driver/share/ydlidar_ros2_driver/package.sh'
[15.090s] INFO:colcon.colcon_core.shell:Creating package script '/home/jermito/rina_ws/install/ydlidar_ros2_driver/share/ydlidar_ros2_driver/package.bash'
[15.090s] INFO:colcon.colcon_core.shell:Creating package script '/home/jermito/rina_ws/install/ydlidar_ros2_driver/share/ydlidar_ros2_driver/package.zsh'
[15.091s] Level 1:colcon.colcon_core.environment:create_file_with_runtime_dependencies(/home/jermito/rina_ws/install/ydlidar_ros2_driver/share/colcon-core/packages/ydlidar_ros2_driver)
[15.975s] DEBUG:colcon.colcon_core.event_handler.log_command:Invoked command in '/home/jermito/rina_ws/build/diffdrive_arduino' returned '0': AMENT_PREFIX_PATH=/home/jermito/rina_ws/install/serial:${AMENT_PREFIX_PATH} CMAKE_PREFIX_PATH=/home/jermito/rina_ws/install/serial:/opt/ros/foxy LD_LIBRARY_PATH=/home/jermito/rina_ws/install/serial/lib:${LD_LIBRARY_PATH} /usr/bin/cmake /home/jermito/rina_ws/src/diffdrive_arduino -DAMENT_CMAKE_SYMLINK_INSTALL=1 -DCMAKE_INSTALL_PREFIX=/home/jermito/rina_ws/install/diffdrive_arduino
[15.977s] DEBUG:colcon.colcon_core.event_handler.log_command:Invoking command in '/home/jermito/rina_ws/build/diffdrive_arduino': AMENT_PREFIX_PATH=/home/jermito/rina_ws/install/serial:${AMENT_PREFIX_PATH} CMAKE_PREFIX_PATH=/home/jermito/rina_ws/install/serial:/opt/ros/foxy LD_LIBRARY_PATH=/home/jermito/rina_ws/install/serial/lib:${LD_LIBRARY_PATH} /usr/bin/cmake --build /home/jermito/rina_ws/build/diffdrive_arduino -- -j8 -l8
[20.681s] DEBUG:colcon.colcon_core.event_handler.log_command:Invoked command in '/home/jermito/rina_ws/build/diffdrive_arduino' returned '0': AMENT_PREFIX_PATH=/home/jermito/rina_ws/install/serial:${AMENT_PREFIX_PATH} CMAKE_PREFIX_PATH=/home/jermito/rina_ws/install/serial:/opt/ros/foxy LD_LIBRARY_PATH=/home/jermito/rina_ws/install/serial/lib:${LD_LIBRARY_PATH} /usr/bin/cmake --build /home/jermito/rina_ws/build/diffdrive_arduino -- -j8 -l8
[20.708s] DEBUG:colcon.colcon_core.event_handler.log_command:Invoking command in '/home/jermito/rina_ws/build/diffdrive_arduino': AMENT_PREFIX_PATH=/home/jermito/rina_ws/install/serial:${AMENT_PREFIX_PATH} CMAKE_PREFIX_PATH=/home/jermito/rina_ws/install/serial:/opt/ros/foxy LD_LIBRARY_PATH=/home/jermito/rina_ws/install/serial/lib:${LD_LIBRARY_PATH} /usr/bin/cmake --install /home/jermito/rina_ws/build/diffdrive_arduino
[20.955s] Level 1:colcon.colcon_core.environment:create_environment_scripts_only(diffdrive_arduino)
[20.958s] Level 1:colcon.colcon_core.environment:checking '/home/jermito/rina_ws/install/diffdrive_arduino' for CMake module files
[20.959s] DEBUG:colcon.colcon_core.event_handler.log_command:Invoked command in '/home/jermito/rina_ws/build/diffdrive_arduino' returned '0': AMENT_PREFIX_PATH=/home/jermito/rina_ws/install/serial:${AMENT_PREFIX_PATH} CMAKE_PREFIX_PATH=/home/jermito/rina_ws/install/serial:/opt/ros/foxy LD_LIBRARY_PATH=/home/jermito/rina_ws/install/serial/lib:${LD_LIBRARY_PATH} /usr/bin/cmake --install /home/jermito/rina_ws/build/diffdrive_arduino
[20.959s] Level 1:colcon.colcon_core.environment:checking '/home/jermito/rina_ws/install/diffdrive_arduino' for CMake config files
[20.959s] Level 1:colcon.colcon_core.shell:create_environment_hook('diffdrive_arduino', 'cmake_prefix_path')
[20.961s] INFO:colcon.colcon_core.shell:Creating environment hook '/home/jermito/rina_ws/install/diffdrive_arduino/share/diffdrive_arduino/hook/cmake_prefix_path.ps1'
[20.961s] INFO:colcon.colcon_core.shell:Creating environment descriptor '/home/jermito/rina_ws/install/diffdrive_arduino/share/diffdrive_arduino/hook/cmake_prefix_path.dsv'
[20.962s] INFO:colcon.colcon_core.shell:Creating environment hook '/home/jermito/rina_ws/install/diffdrive_arduino/share/diffdrive_arduino/hook/cmake_prefix_path.sh'
[20.962s] Level 1:colcon.colcon_core.environment:checking '/home/jermito/rina_ws/install/diffdrive_arduino/lib'
[20.962s] Level 1:colcon.colcon_core.shell:create_environment_hook('diffdrive_arduino', 'ld_library_path_lib')
[20.964s] INFO:colcon.colcon_core.shell:Creating environment hook '/home/jermito/rina_ws/install/diffdrive_arduino/share/diffdrive_arduino/hook/ld_library_path_lib.ps1'
[20.964s] INFO:colcon.colcon_core.shell:Creating environment descriptor '/home/jermito/rina_ws/install/diffdrive_arduino/share/diffdrive_arduino/hook/ld_library_path_lib.dsv'
[20.964s] INFO:colcon.colcon_core.shell:Creating environment hook '/home/jermito/rina_ws/install/diffdrive_arduino/share/diffdrive_arduino/hook/ld_library_path_lib.sh'
[20.965s] Level 1:colcon.colcon_core.environment:checking '/home/jermito/rina_ws/install/diffdrive_arduino/bin'
[20.965s] Level 1:colcon.colcon_core.environment:checking '/home/jermito/rina_ws/install/diffdrive_arduino/lib/pkgconfig/diffdrive_arduino.pc'
[20.965s] Level 1:colcon.colcon_core.environment:checking '/home/jermito/rina_ws/install/diffdrive_arduino/lib/python3.8/site-packages'
[20.965s] Level 1:colcon.colcon_core.environment:checking '/home/jermito/rina_ws/install/diffdrive_arduino/bin'
[20.967s] INFO:colcon.colcon_core.shell:Creating package script '/home/jermito/rina_ws/install/diffdrive_arduino/share/diffdrive_arduino/package.ps1'
[20.967s] INFO:colcon.colcon_core.shell:Creating package descriptor '/home/jermito/rina_ws/install/diffdrive_arduino/share/diffdrive_arduino/package.dsv'
[20.967s] INFO:colcon.colcon_core.shell:Creating package script '/home/jermito/rina_ws/install/diffdrive_arduino/share/diffdrive_arduino/package.sh'
[20.968s] INFO:colcon.colcon_core.shell:Creating package script '/home/jermito/rina_ws/install/diffdrive_arduino/share/diffdrive_arduino/package.bash'
[20.968s] INFO:colcon.colcon_core.shell:Creating package script '/home/jermito/rina_ws/install/diffdrive_arduino/share/diffdrive_arduino/package.zsh'
[20.968s] Level 1:colcon.colcon_core.environment:create_file_with_runtime_dependencies(/home/jermito/rina_ws/install/diffdrive_arduino/share/colcon-core/packages/diffdrive_arduino)
[20.993s] Level 1:colcon.colcon_core.environment:create_environment_scripts_only(diffdrive_arduino)
[20.995s] Level 1:colcon.colcon_core.environment:checking '/home/jermito/rina_ws/install/diffdrive_arduino' for CMake module files
[20.995s] Level 1:colcon.colcon_core.environment:checking '/home/jermito/rina_ws/install/diffdrive_arduino' for CMake config files
[20.996s] Level 1:colcon.colcon_core.shell:create_environment_hook('diffdrive_arduino', 'cmake_prefix_path')
[20.997s] INFO:colcon.colcon_core.shell:Creating environment hook '/home/jermito/rina_ws/install/diffdrive_arduino/share/diffdrive_arduino/hook/cmake_prefix_path.ps1'
[20.998s] INFO:colcon.colcon_core.shell:Creating environment descriptor '/home/jermito/rina_ws/install/diffdrive_arduino/share/diffdrive_arduino/hook/cmake_prefix_path.dsv'
[20.998s] INFO:colcon.colcon_core.shell:Creating environment hook '/home/jermito/rina_ws/install/diffdrive_arduino/share/diffdrive_arduino/hook/cmake_prefix_path.sh'
[20.998s] Level 1:colcon.colcon_core.environment:checking '/home/jermito/rina_ws/install/diffdrive_arduino/lib'
[20.998s] Level 1:colcon.colcon_core.shell:create_environment_hook('diffdrive_arduino', 'ld_library_path_lib')
[21.000s] INFO:colcon.colcon_core.shell:Creating environment hook '/home/jermito/rina_ws/install/diffdrive_arduino/share/diffdrive_arduino/hook/ld_library_path_lib.ps1'
[21.000s] INFO:colcon.colcon_core.shell:Creating environment descriptor '/home/jermito/rina_ws/install/diffdrive_arduino/share/diffdrive_arduino/hook/ld_library_path_lib.dsv'
[21.000s] INFO:colcon.colcon_core.shell:Creating environment hook '/home/jermito/rina_ws/install/diffdrive_arduino/share/diffdrive_arduino/hook/ld_library_path_lib.sh'
[21.001s] Level 1:colcon.colcon_core.environment:checking '/home/jermito/rina_ws/install/diffdrive_arduino/bin'
[21.001s] Level 1:colcon.colcon_core.environment:checking '/home/jermito/rina_ws/install/diffdrive_arduino/lib/pkgconfig/diffdrive_arduino.pc'
[21.001s] Level 1:colcon.colcon_core.environment:checking '/home/jermito/rina_ws/install/diffdrive_arduino/lib/python3.8/site-packages'
[21.001s] Level 1:colcon.colcon_core.environment:checking '/home/jermito/rina_ws/install/diffdrive_arduino/bin'
[21.003s] INFO:colcon.colcon_core.shell:Creating package script '/home/jermito/rina_ws/install/diffdrive_arduino/share/diffdrive_arduino/package.ps1'
[21.003s] INFO:colcon.colcon_core.shell:Creating package descriptor '/home/jermito/rina_ws/install/diffdrive_arduino/share/diffdrive_arduino/package.dsv'
[21.004s] INFO:colcon.colcon_core.shell:Creating package script '/home/jermito/rina_ws/install/diffdrive_arduino/share/diffdrive_arduino/package.sh'
[21.004s] INFO:colcon.colcon_core.shell:Creating package script '/home/jermito/rina_ws/install/diffdrive_arduino/share/diffdrive_arduino/package.bash'
[21.005s] INFO:colcon.colcon_core.shell:Creating package script '/home/jermito/rina_ws/install/diffdrive_arduino/share/diffdrive_arduino/package.zsh'
[21.005s] Level 1:colcon.colcon_core.environment:create_file_with_runtime_dependencies(/home/jermito/rina_ws/install/diffdrive_arduino/share/colcon-core/packages/diffdrive_arduino)
[21.005s] DEBUG:colcon.colcon_parallel_executor.executor.parallel:closing loop
[21.006s] DEBUG:colcon.colcon_parallel_executor.executor.parallel:loop closed
[21.006s] DEBUG:colcon.colcon_parallel_executor.executor.parallel:run_until_complete finished with '0'
[21.006s] DEBUG:colcon.colcon_core.event_reactor:joining thread
[21.012s] INFO:colcon.colcon_core.plugin_system:Skipping extension 'colcon_notification.desktop_notification.terminal_notifier': Not used on non-Darwin systems
[21.013s] INFO:colcon.colcon_core.plugin_system:Skipping extension 'colcon_notification.desktop_notification.win32': Not used on non-Windows systems
[21.013s] INFO:colcon.colcon_notification.desktop_notification:Sending desktop notification using 'notify2'
[21.050s] DEBUG:colcon.colcon_core.event_reactor:joined thread
[21.052s] INFO:colcon.colcon_core.shell:Creating prefix script '/home/jermito/rina_ws/install/local_setup.ps1'
[21.053s] INFO:colcon.colcon_core.shell:Creating prefix util module '/home/jermito/rina_ws/install/_local_setup_util_ps1.py'
[21.055s] INFO:colcon.colcon_core.shell:Creating prefix chain script '/home/jermito/rina_ws/install/setup.ps1'
[21.056s] INFO:colcon.colcon_core.shell:Creating prefix script '/home/jermito/rina_ws/install/local_setup.sh'
[21.057s] INFO:colcon.colcon_core.shell:Creating prefix util module '/home/jermito/rina_ws/install/_local_setup_util_sh.py'
[21.057s] INFO:colcon.colcon_core.shell:Creating prefix chain script '/home/jermito/rina_ws/install/setup.sh'
[21.059s] INFO:colcon.colcon_core.shell:Creating prefix script '/home/jermito/rina_ws/install/local_setup.bash'
[21.059s] INFO:colcon.colcon_core.shell:Creating prefix chain script '/home/jermito/rina_ws/install/setup.bash'
[21.060s] INFO:colcon.colcon_core.shell:Creating prefix script '/home/jermito/rina_ws/install/local_setup.zsh'
[21.061s] INFO:colcon.colcon_core.shell:Creating prefix chain script '/home/jermito/rina_ws/install/setup.zsh'
