[0.025s] Invoking command in '/home/jermito/rina_ws/build/ydlidar_ros2_driver': CMAKE_PREFIX_PATH=/opt/ros/foxy /usr/bin/cmake /home/jermito/rina_ws/src/ydlidar_ros2_ws/src/ydlidar_ros2_driver -DAMENT_CMAKE_SYMLINK_INSTALL=1 -DCMAKE_INSTALL_PREFIX=/home/jermito/rina_ws/install/ydlidar_ros2_driver
[0.127s] -- The C compiler identification is GNU 9.4.0
[0.214s] -- The CXX compiler identification is GNU 9.4.0
[0.221s] -- Check for working C compiler: /usr/bin/cc
[0.352s] -- Check for working C compiler: /usr/bin/cc -- works
[0.354s] -- Detecting C compiler ABI info
[0.458s] -- Detecting C compiler ABI info - done
[0.506s] -- Detecting C compile features
[0.507s] -- Detecting C compile features - done
[0.511s] -- Check for working CXX compiler: /usr/bin/c++
[0.645s] -- Check for working CXX compiler: /usr/bin/c++ -- works
[0.647s] -- Detecting CXX compiler ABI info
[0.786s] -- Detecting CXX compiler ABI info - done
[0.816s] -- Detecting CXX compile features
[0.817s] -- Detecting CXX compile features - done
[0.820s] -- Found ament_cmake: 0.9.12 (/opt/ros/foxy/share/ament_cmake/cmake)
[0.876s] -- Found PythonInterp: /usr/bin/python3 (found suitable version "3.8.10", minimum required is "3") 
[0.876s] -- Using PYTHON_EXECUTABLE: /usr/bin/python3
[1.254s] -- Override CMake install command with custom implementation using symlinks instead of copying resources
[1.303s] -- Found rclcpp: 2.4.3 (/opt/ros/foxy/share/rclcpp/cmake)
[1.392s] -- Using all available rosidl_typesupport_c: rosidl_typesupport_fastrtps_c;rosidl_typesupport_introspection_c
[1.407s] -- Found rosidl_adapter: 1.3.1 (/opt/ros/foxy/share/rosidl_adapter/cmake)
[1.607s] -- Found OpenSSL: /usr/lib/x86_64-linux-gnu/libcrypto.so (found version "1.1.1f")  
[1.667s] -- Found FastRTPS: /opt/ros/foxy/include  
[1.824s] -- Using all available rosidl_typesupport_cpp: rosidl_typesupport_fastrtps_cpp;rosidl_typesupport_introspection_cpp
[1.985s] -- Found rmw_implementation_cmake: 1.0.4 (/opt/ros/foxy/share/rmw_implementation_cmake/cmake)
[1.988s] -- Using RMW implementation 'rmw_fastrtps_cpp' as default
[1.989s] -- Looking for pthread.h
[2.215s] -- Looking for pthread.h - found
[2.215s] -- Performing Test CMAKE_HAVE_LIBC_PTHREAD
[2.439s] -- Performing Test CMAKE_HAVE_LIBC_PTHREAD - Failed
[2.439s] -- Looking for pthread_create in pthreads
[2.684s] -- Looking for pthread_create in pthreads - not found
[2.685s] -- Looking for pthread_create in pthread
[2.949s] -- Looking for pthread_create in pthread - found
[2.960s] -- Found Threads: TRUE  
[3.467s] -- Found sensor_msgs: 2.0.5 (/opt/ros/foxy/share/sensor_msgs/cmake)
[3.836s] -- Found visualization_msgs: 2.0.5 (/opt/ros/foxy/share/visualization_msgs/cmake)
[4.098s] -- Found std_srvs: 2.0.5 (/opt/ros/foxy/share/std_srvs/cmake)
[4.124s] -- Found ament_lint_auto: 0.9.8 (/opt/ros/foxy/share/ament_lint_auto/cmake)
[4.271s] -- Added test 'copyright' to check source files copyright and LICENSE
[4.319s] -- Added test 'cppcheck' to perform static code analysis on C / C++ code
[4.320s] -- Configured cppcheck include dirs: /home/jermito/rina_ws/src/ydlidar_ros2_ws/src/ydlidar_ros2_driver/src
[4.320s] -- Configured cppcheck exclude dirs and/or files: 
[4.333s] -- Added test 'cpplint' to check C / C++ code against the Google style
[4.333s] -- Configured cpplint exclude dirs and/or files: 
[4.335s] -- Added test 'flake8' to check Python code syntax and style conventions
[4.338s] -- Added test 'lint_cmake' to check CMake code style
[4.340s] -- Added test 'pep257' to check Python code against some of the style conventions in PEP 257
[4.354s] -- Added test 'uncrustify' to check C / C++ code style
[4.355s] -- Configured uncrustify additional arguments: 
[4.364s] -- Added test 'xmllint' to check XML markup files
[4.375s] -- Configuring done
[4.406s] -- Generating done
[4.409s] -- Build files have been written to: /home/jermito/rina_ws/build/ydlidar_ros2_driver
[4.421s] Invoked command in '/home/jermito/rina_ws/build/ydlidar_ros2_driver' returned '0': CMAKE_PREFIX_PATH=/opt/ros/foxy /usr/bin/cmake /home/jermito/rina_ws/src/ydlidar_ros2_ws/src/ydlidar_ros2_driver -DAMENT_CMAKE_SYMLINK_INSTALL=1 -DCMAKE_INSTALL_PREFIX=/home/jermito/rina_ws/install/ydlidar_ros2_driver
[4.425s] Invoking command in '/home/jermito/rina_ws/build/ydlidar_ros2_driver': CMAKE_PREFIX_PATH=/opt/ros/foxy /usr/bin/cmake --build /home/jermito/rina_ws/build/ydlidar_ros2_driver -- -j8 -l8
[4.489s] [35m[1mScanning dependencies of target ydlidar_ros2_driver_client[0m
[4.496s] [35m[1mScanning dependencies of target ydlidar_ros2_driver_node[0m
[4.619s] [ 25%] [32mBuilding CXX object CMakeFiles/ydlidar_ros2_driver_node.dir/src/ydlidar_ros2_driver_node.cpp.o[0m
[4.636s] [ 50%] [32mBuilding CXX object CMakeFiles/ydlidar_ros2_driver_client.dir/src/ydlidar_ros2_driver_client.cpp.o[0m
[7.288s] [01m[K/home/jermito/rina_ws/src/ydlidar_ros2_ws/src/ydlidar_ros2_driver/src/ydlidar_ros2_driver_node.cpp:[m[K In lambda function:
[7.288s] [01m[K/home/jermito/rina_ws/src/ydlidar_ros2_ws/src/ydlidar_ros2_driver/src/ydlidar_ros2_driver_node.cpp:168:54:[m[K [01;35m[Kwarning: [m[Kunused parameter ‘[01m[Krequest_header[m[K’ [[01;35m[K-Wunused-parameter[m[K]
[7.288s]   168 |     [&laser]([01;35m[Kconst std::shared_ptr<rmw_request_id_t> request_header[m[K,
[7.288s]       |              [01;35m[K~~~~~~~~~~~~~~~~~~~~~~~~~~~~~~~~~~~~~~~~^~~~~~~~~~~~~~[m[K
[7.289s] [01m[K/home/jermito/rina_ws/src/ydlidar_ros2_ws/src/ydlidar_ros2_driver/src/ydlidar_ros2_driver_node.cpp:169:56:[m[K [01;35m[Kwarning: [m[Kunused parameter ‘[01m[Kreq[m[K’ [[01;35m[K-Wunused-parameter[m[K]
[7.289s]   169 |   [01;35m[Kconst std::shared_ptr<std_srvs::srv::Empty::Request> req[m[K,
[7.289s]       |   [01;35m[K~~~~~~~~~~~~~~~~~~~~~~~~~~~~~~~~~~~~~~~~~~~~~~~~~~~~~^~~[m[K
[7.289s] [01m[K/home/jermito/rina_ws/src/ydlidar_ros2_ws/src/ydlidar_ros2_driver/src/ydlidar_ros2_driver_node.cpp:170:51:[m[K [01;35m[Kwarning: [m[Kunused parameter ‘[01m[Kresponse[m[K’ [[01;35m[K-Wunused-parameter[m[K]
[7.289s]   170 |   [01;35m[Kstd::shared_ptr<std_srvs::srv::Empty::Response> response[m[K) -> bool
[7.289s]       |   [01;35m[K~~~~~~~~~~~~~~~~~~~~~~~~~~~~~~~~~~~~~~~~~~~~~~~~^~~~~~~~[m[K
[7.293s] [01m[K/home/jermito/rina_ws/src/ydlidar_ros2_ws/src/ydlidar_ros2_driver/src/ydlidar_ros2_driver_node.cpp:[m[K In lambda function:
[7.295s] [01m[K/home/jermito/rina_ws/src/ydlidar_ros2_ws/src/ydlidar_ros2_driver/src/ydlidar_ros2_driver_node.cpp:178:54:[m[K [01;35m[Kwarning: [m[Kunused parameter ‘[01m[Krequest_header[m[K’ [[01;35m[K-Wunused-parameter[m[K]
[7.295s]   178 |     [&laser]([01;35m[Kconst std::shared_ptr<rmw_request_id_t> request_header[m[K,
[7.296s]       |              [01;35m[K~~~~~~~~~~~~~~~~~~~~~~~~~~~~~~~~~~~~~~~~^~~~~~~~~~~~~~[m[K
[7.297s] [01m[K/home/jermito/rina_ws/src/ydlidar_ros2_ws/src/ydlidar_ros2_driver/src/ydlidar_ros2_driver_node.cpp:179:56:[m[K [01;35m[Kwarning: [m[Kunused parameter ‘[01m[Kreq[m[K’ [[01;35m[K-Wunused-parameter[m[K]
[7.298s]   179 |   [01;35m[Kconst std::shared_ptr<std_srvs::srv::Empty::Request> req[m[K,
[7.299s]       |   [01;35m[K~~~~~~~~~~~~~~~~~~~~~~~~~~~~~~~~~~~~~~~~~~~~~~~~~~~~~^~~[m[K
[7.300s] [01m[K/home/jermito/rina_ws/src/ydlidar_ros2_ws/src/ydlidar_ros2_driver/src/ydlidar_ros2_driver_node.cpp:180:51:[m[K [01;35m[Kwarning: [m[Kunused parameter ‘[01m[Kresponse[m[K’ [[01;35m[K-Wunused-parameter[m[K]
[7.301s]   180 |   [01;35m[Kstd::shared_ptr<std_srvs::srv::Empty::Response> response[m[K) -> bool
[7.302s]       |   [01;35m[K~~~~~~~~~~~~~~~~~~~~~~~~~~~~~~~~~~~~~~~~~~~~~~~~^~~~~~~~[m[K
[10.784s] [ 75%] [32m[1mLinking CXX executable ydlidar_ros2_driver_node[0m
[11.363s] [ 75%] Built target ydlidar_ros2_driver_node
[13.446s] [100%] [32m[1mLinking CXX executable ydlidar_ros2_driver_client[0m
[13.800s] [100%] Built target ydlidar_ros2_driver_client
[13.811s] Invoked command in '/home/jermito/rina_ws/build/ydlidar_ros2_driver' returned '0': CMAKE_PREFIX_PATH=/opt/ros/foxy /usr/bin/cmake --build /home/jermito/rina_ws/build/ydlidar_ros2_driver -- -j8 -l8
[13.855s] Invoking command in '/home/jermito/rina_ws/build/ydlidar_ros2_driver': CMAKE_PREFIX_PATH=/opt/ros/foxy /usr/bin/cmake --install /home/jermito/rina_ws/build/ydlidar_ros2_driver
[13.878s] -- Install configuration: ""
[13.880s] -- Execute custom install script
[13.881s] -- Symlinking: /home/jermito/rina_ws/install/ydlidar_ros2_driver/lib/ydlidar_ros2_driver/ydlidar_ros2_driver_node
[13.905s] -- Symlinking: /home/jermito/rina_ws/install/ydlidar_ros2_driver/lib/ydlidar_ros2_driver/ydlidar_ros2_driver_client
[13.930s] -- Symlinking: /home/jermito/rina_ws/install/ydlidar_ros2_driver/share/ydlidar_ros2_driver/launch/ydlidar.py
[13.956s] -- Symlinking: /home/jermito/rina_ws/install/ydlidar_ros2_driver/share/ydlidar_ros2_driver/launch/ydlidar_launch.py
[13.979s] -- Symlinking: /home/jermito/rina_ws/install/ydlidar_ros2_driver/share/ydlidar_ros2_driver/launch/ydlidar_launch_view.py
[13.997s] -- Symlinking: /home/jermito/rina_ws/install/ydlidar_ros2_driver/share/ydlidar_ros2_driver/params/G1.yaml
[14.013s] -- Symlinking: /home/jermito/rina_ws/install/ydlidar_ros2_driver/share/ydlidar_ros2_driver/params/G2.yaml
[14.031s] -- Symlinking: /home/jermito/rina_ws/install/ydlidar_ros2_driver/share/ydlidar_ros2_driver/params/G6.yaml
[14.048s] -- Symlinking: /home/jermito/rina_ws/install/ydlidar_ros2_driver/share/ydlidar_ros2_driver/params/TG.yaml
[14.067s] -- Symlinking: /home/jermito/rina_ws/install/ydlidar_ros2_driver/share/ydlidar_ros2_driver/params/TminiPro.yaml
[14.085s] -- Symlinking: /home/jermito/rina_ws/install/ydlidar_ros2_driver/share/ydlidar_ros2_driver/params/X2.yaml
[14.102s] -- Symlinking: /home/jermito/rina_ws/install/ydlidar_ros2_driver/share/ydlidar_ros2_driver/params/X4-Pro.yaml
[14.124s] -- Symlinking: /home/jermito/rina_ws/install/ydlidar_ros2_driver/share/ydlidar_ros2_driver/params/X4.yaml
[14.145s] -- Symlinking: /home/jermito/rina_ws/install/ydlidar_ros2_driver/share/ydlidar_ros2_driver/params/ydlidar.yaml
[14.165s] -- Symlinking: /home/jermito/rina_ws/install/ydlidar_ros2_driver/share/ydlidar_ros2_driver/startup/initenv.sh
[14.184s] -- Symlinking: /home/jermito/rina_ws/install/ydlidar_ros2_driver/share/ydlidar_ros2_driver/config/ydlidar.rviz
[14.201s] -- Symlinking: /home/jermito/rina_ws/install/ydlidar_ros2_driver/share/ament_index/resource_index/package_run_dependencies/ydlidar_ros2_driver
[14.214s] -- Symlinking: /home/jermito/rina_ws/install/ydlidar_ros2_driver/share/ament_index/resource_index/parent_prefix_path/ydlidar_ros2_driver
[14.225s] -- Symlinking: /home/jermito/rina_ws/install/ydlidar_ros2_driver/share/ydlidar_ros2_driver/environment/ament_prefix_path.sh
[14.234s] -- Symlinking: /home/jermito/rina_ws/install/ydlidar_ros2_driver/share/ydlidar_ros2_driver/environment/ament_prefix_path.dsv
[14.243s] -- Symlinking: /home/jermito/rina_ws/install/ydlidar_ros2_driver/share/ydlidar_ros2_driver/environment/path.sh
[14.252s] -- Symlinking: /home/jermito/rina_ws/install/ydlidar_ros2_driver/share/ydlidar_ros2_driver/environment/path.dsv
[14.262s] -- Symlinking: /home/jermito/rina_ws/install/ydlidar_ros2_driver/share/ydlidar_ros2_driver/local_setup.bash
[14.270s] -- Symlinking: /home/jermito/rina_ws/install/ydlidar_ros2_driver/share/ydlidar_ros2_driver/local_setup.sh
[14.279s] -- Symlinking: /home/jermito/rina_ws/install/ydlidar_ros2_driver/share/ydlidar_ros2_driver/local_setup.zsh
[14.305s] -- Symlinking: /home/jermito/rina_ws/install/ydlidar_ros2_driver/share/ydlidar_ros2_driver/local_setup.dsv
[14.319s] -- Symlinking: /home/jermito/rina_ws/install/ydlidar_ros2_driver/share/ydlidar_ros2_driver/package.dsv
[14.332s] -- Symlinking: /home/jermito/rina_ws/install/ydlidar_ros2_driver/share/ament_index/resource_index/packages/ydlidar_ros2_driver
[14.340s] -- Symlinking: /home/jermito/rina_ws/install/ydlidar_ros2_driver/share/ydlidar_ros2_driver/cmake/ydlidar_ros2_driverConfig.cmake
[14.349s] -- Symlinking: /home/jermito/rina_ws/install/ydlidar_ros2_driver/share/ydlidar_ros2_driver/cmake/ydlidar_ros2_driverConfig-version.cmake
[14.373s] -- Symlinking: /home/jermito/rina_ws/install/ydlidar_ros2_driver/share/ydlidar_ros2_driver/package.xml
[14.395s] Invoked command in '/home/jermito/rina_ws/build/ydlidar_ros2_driver' returned '0': CMAKE_PREFIX_PATH=/opt/ros/foxy /usr/bin/cmake --install /home/jermito/rina_ws/build/ydlidar_ros2_driver
