[0.455s] DEBUG:colcon:Command line arguments: ['/usr/bin/colcon', 'build', '--symlink-install']
[0.456s] DEBUG:colcon:Parsed command line arguments: Namespace(allow_overriding=[], ament_cmake_args=None, base_paths=['.'], build_base='build', catkin_cmake_args=None, catkin_skip_building_tests=False, cmake_args=None, cmake_clean_cache=False, cmake_clean_first=False, cmake_force_configure=False, cmake_target=None, cmake_target_skip_unavailable=False, continue_on_error=False, event_handlers=None, executor='parallel', ignore_user_meta=False, install_base='install', log_base=None, log_level=None, main=<bound method BuildVerb.main of <colcon_core.verb.build.BuildVerb object at 0x7f7a82f36df0>>, merge_install=False, metas=['./colcon.meta'], packages_above=None, packages_above_and_dependencies=None, packages_above_depth=None, packages_end=None, packages_ignore=None, packages_ignore_regex=None, packages_select=None, packages_select_build_failed=False, packages_select_by_dep=None, packages_select_regex=None, packages_select_test_failures=False, packages_skip=None, packages_skip_build_finished=False, packages_skip_by_dep=None, packages_skip_regex=None, packages_skip_test_passed=False, packages_skip_up_to=None, packages_start=None, packages_up_to=None, packages_up_to_regex=None, parallel_workers=8, paths=None, symlink_install=True, test_result_base=None, verb_extension=<colcon_core.verb.build.BuildVerb object at 0x7f7a82f36df0>, verb_name='build', verb_parser=<colcon_defaults.argument_parser.defaults.DefaultArgumentsDecorator object at 0x7f7a82f423a0>)
[0.510s] Level 1:colcon.colcon_core.package_discovery:discover_packages(colcon_meta) check parameters
[0.510s] Level 1:colcon.colcon_core.package_discovery:discover_packages(recursive) check parameters
[0.510s] Level 1:colcon.colcon_core.package_discovery:discover_packages(ignore) check parameters
[0.510s] Level 1:colcon.colcon_core.package_discovery:discover_packages(path) check parameters
[0.510s] Level 1:colcon.colcon_core.package_discovery:discover_packages(colcon_meta) discover
[0.510s] Level 1:colcon.colcon_core.package_discovery:discover_packages(recursive) discover
[0.510s] INFO:colcon.colcon_core.package_discovery:Crawling recursively for packages in '/home/jermito/rina_ws'
[0.510s] Level 1:colcon.colcon_core.package_identification:_identify(.) by extensions ['ignore', 'ignore_ament_install']
[0.510s] Level 1:colcon.colcon_core.package_identification:_identify(.) by extension 'ignore'
[0.511s] Level 1:colcon.colcon_core.package_identification:_identify(.) by extension 'ignore_ament_install'
[0.511s] Level 1:colcon.colcon_core.package_identification:_identify(.) by extensions ['colcon_pkg']
[0.511s] Level 1:colcon.colcon_core.package_identification:_identify(.) by extension 'colcon_pkg'
[0.511s] Level 1:colcon.colcon_core.package_identification:_identify(.) by extensions ['colcon_meta']
[0.511s] Level 1:colcon.colcon_core.package_identification:_identify(.) by extension 'colcon_meta'
[0.511s] Level 1:colcon.colcon_core.package_identification:_identify(.) by extensions ['ros']
[0.511s] Level 1:colcon.colcon_core.package_identification:_identify(.) by extension 'ros'
[0.525s] Level 1:colcon.colcon_core.package_identification:_identify(.) by extensions ['cmake', 'python']
[0.525s] Level 1:colcon.colcon_core.package_identification:_identify(.) by extension 'cmake'
[0.525s] Level 1:colcon.colcon_core.package_identification:_identify(.) by extension 'python'
[0.525s] Level 1:colcon.colcon_core.package_identification:_identify(.) by extensions ['python_setup_py']
[0.525s] Level 1:colcon.colcon_core.package_identification:_identify(.) by extension 'python_setup_py'
[0.525s] Level 1:colcon.colcon_core.package_identification:_identify(build) by extensions ['ignore', 'ignore_ament_install']
[0.526s] Level 1:colcon.colcon_core.package_identification:_identify(build) by extension 'ignore'
[0.526s] Level 1:colcon.colcon_core.package_identification:_identify(build) ignored
[0.526s] Level 1:colcon.colcon_core.package_identification:_identify(install) by extensions ['ignore', 'ignore_ament_install']
[0.526s] Level 1:colcon.colcon_core.package_identification:_identify(install) by extension 'ignore'
[0.526s] Level 1:colcon.colcon_core.package_identification:_identify(install) ignored
[0.526s] Level 1:colcon.colcon_core.package_identification:_identify(log) by extensions ['ignore', 'ignore_ament_install']
[0.526s] Level 1:colcon.colcon_core.package_identification:_identify(log) by extension 'ignore'
[0.526s] Level 1:colcon.colcon_core.package_identification:_identify(log) ignored
[0.526s] Level 1:colcon.colcon_core.package_identification:_identify(src) by extensions ['ignore', 'ignore_ament_install']
[0.526s] Level 1:colcon.colcon_core.package_identification:_identify(src) by extension 'ignore'
[0.526s] Level 1:colcon.colcon_core.package_identification:_identify(src) by extension 'ignore_ament_install'
[0.526s] Level 1:colcon.colcon_core.package_identification:_identify(src) by extensions ['colcon_pkg']
[0.527s] Level 1:colcon.colcon_core.package_identification:_identify(src) by extension 'colcon_pkg'
[0.527s] Level 1:colcon.colcon_core.package_identification:_identify(src) by extensions ['colcon_meta']
[0.527s] Level 1:colcon.colcon_core.package_identification:_identify(src) by extension 'colcon_meta'
[0.527s] Level 1:colcon.colcon_core.package_identification:_identify(src) by extensions ['ros']
[0.527s] Level 1:colcon.colcon_core.package_identification:_identify(src) by extension 'ros'
[0.527s] Level 1:colcon.colcon_core.package_identification:_identify(src) by extensions ['cmake', 'python']
[0.527s] Level 1:colcon.colcon_core.package_identification:_identify(src) by extension 'cmake'
[0.527s] Level 1:colcon.colcon_core.package_identification:_identify(src) by extension 'python'
[0.527s] Level 1:colcon.colcon_core.package_identification:_identify(src) by extensions ['python_setup_py']
[0.527s] Level 1:colcon.colcon_core.package_identification:_identify(src) by extension 'python_setup_py'
[0.527s] Level 1:colcon.colcon_core.package_identification:_identify(src/diffdrive_arduino) by extensions ['ignore', 'ignore_ament_install']
[0.527s] Level 1:colcon.colcon_core.package_identification:_identify(src/diffdrive_arduino) by extension 'ignore'
[0.527s] Level 1:colcon.colcon_core.package_identification:_identify(src/diffdrive_arduino) by extension 'ignore_ament_install'
[0.527s] Level 1:colcon.colcon_core.package_identification:_identify(src/diffdrive_arduino) by extensions ['colcon_pkg']
[0.527s] Level 1:colcon.colcon_core.package_identification:_identify(src/diffdrive_arduino) by extension 'colcon_pkg'
[0.527s] Level 1:colcon.colcon_core.package_identification:_identify(src/diffdrive_arduino) by extensions ['colcon_meta']
[0.527s] Level 1:colcon.colcon_core.package_identification:_identify(src/diffdrive_arduino) by extension 'colcon_meta'
[0.527s] Level 1:colcon.colcon_core.package_identification:_identify(src/diffdrive_arduino) by extensions ['ros']
[0.527s] Level 1:colcon.colcon_core.package_identification:_identify(src/diffdrive_arduino) by extension 'ros'
[0.530s] DEBUG:colcon.colcon_core.package_identification:Package 'src/diffdrive_arduino' with type 'ros.ament_cmake' and name 'diffdrive_arduino'
[0.530s] Level 1:colcon.colcon_core.package_identification:_identify(src/robot) by extensions ['ignore', 'ignore_ament_install']
[0.531s] Level 1:colcon.colcon_core.package_identification:_identify(src/robot) by extension 'ignore'
[0.531s] Level 1:colcon.colcon_core.package_identification:_identify(src/robot) by extension 'ignore_ament_install'
[0.531s] Level 1:colcon.colcon_core.package_identification:_identify(src/robot) by extensions ['colcon_pkg']
[0.531s] Level 1:colcon.colcon_core.package_identification:_identify(src/robot) by extension 'colcon_pkg'
[0.531s] Level 1:colcon.colcon_core.package_identification:_identify(src/robot) by extensions ['colcon_meta']
[0.531s] Level 1:colcon.colcon_core.package_identification:_identify(src/robot) by extension 'colcon_meta'
[0.531s] Level 1:colcon.colcon_core.package_identification:_identify(src/robot) by extensions ['ros']
[0.531s] Level 1:colcon.colcon_core.package_identification:_identify(src/robot) by extension 'ros'
[0.532s] DEBUG:colcon.colcon_core.package_identification:Package 'src/robot' with type 'ros.ament_cmake' and name 'robot'
[0.532s] Level 1:colcon.colcon_core.package_identification:_identify(src/serial) by extensions ['ignore', 'ignore_ament_install']
[0.532s] Level 1:colcon.colcon_core.package_identification:_identify(src/serial) by extension 'ignore'
[0.533s] Level 1:colcon.colcon_core.package_identification:_identify(src/serial) by extension 'ignore_ament_install'
[0.533s] Level 1:colcon.colcon_core.package_identification:_identify(src/serial) by extensions ['colcon_pkg']
[0.533s] Level 1:colcon.colcon_core.package_identification:_identify(src/serial) by extension 'colcon_pkg'
[0.533s] Level 1:colcon.colcon_core.package_identification:_identify(src/serial) by extensions ['colcon_meta']
[0.533s] Level 1:colcon.colcon_core.package_identification:_identify(src/serial) by extension 'colcon_meta'
[0.533s] Level 1:colcon.colcon_core.package_identification:_identify(src/serial) by extensions ['ros']
[0.533s] Level 1:colcon.colcon_core.package_identification:_identify(src/serial) by extension 'ros'
[0.534s] DEBUG:colcon.colcon_core.package_identification:Package 'src/serial' with type 'ros.ament_cmake' and name 'serial'
[0.534s] Level 1:colcon.colcon_core.package_identification:_identify(src/ydlidar_ros2_ws) by extensions ['ignore', 'ignore_ament_install']
[0.534s] Level 1:colcon.colcon_core.package_identification:_identify(src/ydlidar_ros2_ws) by extension 'ignore'
[0.534s] Level 1:colcon.colcon_core.package_identification:_identify(src/ydlidar_ros2_ws) by extension 'ignore_ament_install'
[0.534s] Level 1:colcon.colcon_core.package_identification:_identify(src/ydlidar_ros2_ws) by extensions ['colcon_pkg']
[0.534s] Level 1:colcon.colcon_core.package_identification:_identify(src/ydlidar_ros2_ws) by extension 'colcon_pkg'
[0.534s] Level 1:colcon.colcon_core.package_identification:_identify(src/ydlidar_ros2_ws) by extensions ['colcon_meta']
[0.534s] Level 1:colcon.colcon_core.package_identification:_identify(src/ydlidar_ros2_ws) by extension 'colcon_meta'
[0.534s] Level 1:colcon.colcon_core.package_identification:_identify(src/ydlidar_ros2_ws) by extensions ['ros']
[0.534s] Level 1:colcon.colcon_core.package_identification:_identify(src/ydlidar_ros2_ws) by extension 'ros'
[0.534s] Level 1:colcon.colcon_core.package_identification:_identify(src/ydlidar_ros2_ws) by extensions ['cmake', 'python']
[0.534s] Level 1:colcon.colcon_core.package_identification:_identify(src/ydlidar_ros2_ws) by extension 'cmake'
[0.534s] Level 1:colcon.colcon_core.package_identification:_identify(src/ydlidar_ros2_ws) by extension 'python'
[0.535s] Level 1:colcon.colcon_core.package_identification:_identify(src/ydlidar_ros2_ws) by extensions ['python_setup_py']
[0.535s] Level 1:colcon.colcon_core.package_identification:_identify(src/ydlidar_ros2_ws) by extension 'python_setup_py'
[0.535s] Level 1:colcon.colcon_core.package_identification:_identify(src/ydlidar_ros2_ws/src) by extensions ['ignore', 'ignore_ament_install']
[0.535s] Level 1:colcon.colcon_core.package_identification:_identify(src/ydlidar_ros2_ws/src) by extension 'ignore'
[0.535s] Level 1:colcon.colcon_core.package_identification:_identify(src/ydlidar_ros2_ws/src) by extension 'ignore_ament_install'
[0.535s] Level 1:colcon.colcon_core.package_identification:_identify(src/ydlidar_ros2_ws/src) by extensions ['colcon_pkg']
[0.535s] Level 1:colcon.colcon_core.package_identification:_identify(src/ydlidar_ros2_ws/src) by extension 'colcon_pkg'
[0.535s] Level 1:colcon.colcon_core.package_identification:_identify(src/ydlidar_ros2_ws/src) by extensions ['colcon_meta']
[0.535s] Level 1:colcon.colcon_core.package_identification:_identify(src/ydlidar_ros2_ws/src) by extension 'colcon_meta'
[0.535s] Level 1:colcon.colcon_core.package_identification:_identify(src/ydlidar_ros2_ws/src) by extensions ['ros']
[0.535s] Level 1:colcon.colcon_core.package_identification:_identify(src/ydlidar_ros2_ws/src) by extension 'ros'
[0.535s] Level 1:colcon.colcon_core.package_identification:_identify(src/ydlidar_ros2_ws/src) by extensions ['cmake', 'python']
[0.535s] Level 1:colcon.colcon_core.package_identification:_identify(src/ydlidar_ros2_ws/src) by extension 'cmake'
[0.535s] Level 1:colcon.colcon_core.package_identification:_identify(src/ydlidar_ros2_ws/src) by extension 'python'
[0.535s] Level 1:colcon.colcon_core.package_identification:_identify(src/ydlidar_ros2_ws/src) by extensions ['python_setup_py']
[0.535s] Level 1:colcon.colcon_core.package_identification:_identify(src/ydlidar_ros2_ws/src) by extension 'python_setup_py'
[0.536s] Level 1:colcon.colcon_core.package_identification:_identify(src/ydlidar_ros2_ws/src/ydlidar_ros2_driver) by extensions ['ignore', 'ignore_ament_install']
[0.536s] Level 1:colcon.colcon_core.package_identification:_identify(src/ydlidar_ros2_ws/src/ydlidar_ros2_driver) by extension 'ignore'
[0.536s] Level 1:colcon.colcon_core.package_identification:_identify(src/ydlidar_ros2_ws/src/ydlidar_ros2_driver) by extension 'ignore_ament_install'
[0.536s] Level 1:colcon.colcon_core.package_identification:_identify(src/ydlidar_ros2_ws/src/ydlidar_ros2_driver) by extensions ['colcon_pkg']
[0.536s] Level 1:colcon.colcon_core.package_identification:_identify(src/ydlidar_ros2_ws/src/ydlidar_ros2_driver) by extension 'colcon_pkg'
[0.536s] Level 1:colcon.colcon_core.package_identification:_identify(src/ydlidar_ros2_ws/src/ydlidar_ros2_driver) by extensions ['colcon_meta']
[0.536s] Level 1:colcon.colcon_core.package_identification:_identify(src/ydlidar_ros2_ws/src/ydlidar_ros2_driver) by extension 'colcon_meta'
[0.536s] Level 1:colcon.colcon_core.package_identification:_identify(src/ydlidar_ros2_ws/src/ydlidar_ros2_driver) by extensions ['ros']
[0.536s] Level 1:colcon.colcon_core.package_identification:_identify(src/ydlidar_ros2_ws/src/ydlidar_ros2_driver) by extension 'ros'
[0.537s] DEBUG:colcon.colcon_core.package_identification:Package 'src/ydlidar_ros2_ws/src/ydlidar_ros2_driver' with type 'ros.ament_cmake' and name 'ydlidar_ros2_driver'
[0.537s] Level 1:colcon.colcon_core.package_discovery:discover_packages(recursive) using defaults
[0.537s] Level 1:colcon.colcon_core.package_discovery:discover_packages(ignore) discover
[0.537s] Level 1:colcon.colcon_core.package_discovery:discover_packages(ignore) using defaults
[0.537s] Level 1:colcon.colcon_core.package_discovery:discover_packages(path) discover
[0.537s] Level 1:colcon.colcon_core.package_discovery:discover_packages(path) using defaults
[0.570s] Level 1:colcon.colcon_core.package_discovery:discover_packages(prefix_path) check parameters
[0.570s] Level 1:colcon.colcon_core.package_discovery:discover_packages(prefix_path) discover
[0.577s] DEBUG:colcon.colcon_installed_package_information.package_discovery:Found 381 installed packages in /opt/ros/foxy
[0.579s] Level 1:colcon.colcon_core.package_discovery:discover_packages(prefix_path) using defaults
[0.725s] Level 5:colcon.colcon_core.verb:set package 'robot' build argument 'cmake_args' from command line to 'None'
[0.725s] Level 5:colcon.colcon_core.verb:set package 'robot' build argument 'cmake_target' from command line to 'None'
[0.725s] Level 5:colcon.colcon_core.verb:set package 'robot' build argument 'cmake_target_skip_unavailable' from command line to 'False'
[0.725s] Level 5:colcon.colcon_core.verb:set package 'robot' build argument 'cmake_clean_cache' from command line to 'False'
[0.725s] Level 5:colcon.colcon_core.verb:set package 'robot' build argument 'cmake_clean_first' from command line to 'False'
[0.725s] Level 5:colcon.colcon_core.verb:set package 'robot' build argument 'cmake_force_configure' from command line to 'False'
[0.725s] Level 5:colcon.colcon_core.verb:set package 'robot' build argument 'ament_cmake_args' from command line to 'None'
[0.725s] Level 5:colcon.colcon_core.verb:set package 'robot' build argument 'catkin_cmake_args' from command line to 'None'
[0.725s] Level 5:colcon.colcon_core.verb:set package 'robot' build argument 'catkin_skip_building_tests' from command line to 'False'
[0.725s] DEBUG:colcon.colcon_core.verb:Building package 'robot' with the following arguments: {'ament_cmake_args': None, 'build_base': '/home/jermito/rina_ws/build/robot', 'catkin_cmake_args': None, 'catkin_skip_building_tests': False, 'cmake_args': None, 'cmake_clean_cache': False, 'cmake_clean_first': False, 'cmake_force_configure': False, 'cmake_target': None, 'cmake_target_skip_unavailable': False, 'install_base': '/home/jermito/rina_ws/install/robot', 'merge_install': False, 'path': '/home/jermito/rina_ws/src/robot', 'symlink_install': True, 'test_result_base': None}
[0.726s] Level 5:colcon.colcon_core.verb:set package 'serial' build argument 'cmake_args' from command line to 'None'
[0.726s] Level 5:colcon.colcon_core.verb:set package 'serial' build argument 'cmake_target' from command line to 'None'
[0.726s] Level 5:colcon.colcon_core.verb:set package 'serial' build argument 'cmake_target_skip_unavailable' from command line to 'False'
[0.726s] Level 5:colcon.colcon_core.verb:set package 'serial' build argument 'cmake_clean_cache' from command line to 'False'
[0.726s] Level 5:colcon.colcon_core.verb:set package 'serial' build argument 'cmake_clean_first' from command line to 'False'
[0.726s] Level 5:colcon.colcon_core.verb:set package 'serial' build argument 'cmake_force_configure' from command line to 'False'
[0.726s] Level 5:colcon.colcon_core.verb:set package 'serial' build argument 'ament_cmake_args' from command line to 'None'
[0.726s] Level 5:colcon.colcon_core.verb:set package 'serial' build argument 'catkin_cmake_args' from command line to 'None'
[0.726s] Level 5:colcon.colcon_core.verb:set package 'serial' build argument 'catkin_skip_building_tests' from command line to 'False'
[0.726s] DEBUG:colcon.colcon_core.verb:Building package 'serial' with the following arguments: {'ament_cmake_args': None, 'build_base': '/home/jermito/rina_ws/build/serial', 'catkin_cmake_args': None, 'catkin_skip_building_tests': False, 'cmake_args': None, 'cmake_clean_cache': False, 'cmake_clean_first': False, 'cmake_force_configure': False, 'cmake_target': None, 'cmake_target_skip_unavailable': False, 'install_base': '/home/jermito/rina_ws/install/serial', 'merge_install': False, 'path': '/home/jermito/rina_ws/src/serial', 'symlink_install': True, 'test_result_base': None}
[0.727s] Level 5:colcon.colcon_core.verb:set package 'ydlidar_ros2_driver' build argument 'cmake_args' from command line to 'None'
[0.727s] Level 5:colcon.colcon_core.verb:set package 'ydlidar_ros2_driver' build argument 'cmake_target' from command line to 'None'
[0.727s] Level 5:colcon.colcon_core.verb:set package 'ydlidar_ros2_driver' build argument 'cmake_target_skip_unavailable' from command line to 'False'
[0.727s] Level 5:colcon.colcon_core.verb:set package 'ydlidar_ros2_driver' build argument 'cmake_clean_cache' from command line to 'False'
[0.728s] Level 5:colcon.colcon_core.verb:set package 'ydlidar_ros2_driver' build argument 'cmake_clean_first' from command line to 'False'
[0.728s] Level 5:colcon.colcon_core.verb:set package 'ydlidar_ros2_driver' build argument 'cmake_force_configure' from command line to 'False'
[0.728s] Level 5:colcon.colcon_core.verb:set package 'ydlidar_ros2_driver' build argument 'ament_cmake_args' from command line to 'None'
[0.728s] Level 5:colcon.colcon_core.verb:set package 'ydlidar_ros2_driver' build argument 'catkin_cmake_args' from command line to 'None'
[0.728s] Level 5:colcon.colcon_core.verb:set package 'ydlidar_ros2_driver' build argument 'catkin_skip_building_tests' from command line to 'False'
[0.728s] DEBUG:colcon.colcon_core.verb:Building package 'ydlidar_ros2_driver' with the following arguments: {'ament_cmake_args': None, 'build_base': '/home/jermito/rina_ws/build/ydlidar_ros2_driver', 'catkin_cmake_args': None, 'catkin_skip_building_tests': False, 'cmake_args': None, 'cmake_clean_cache': False, 'cmake_clean_first': False, 'cmake_force_configure': False, 'cmake_target': None, 'cmake_target_skip_unavailable': False, 'install_base': '/home/jermito/rina_ws/install/ydlidar_ros2_driver', 'merge_install': False, 'path': '/home/jermito/rina_ws/src/ydlidar_ros2_ws/src/ydlidar_ros2_driver', 'symlink_install': True, 'test_result_base': None}
[0.729s] Level 5:colcon.colcon_core.verb:set package 'diffdrive_arduino' build argument 'cmake_args' from command line to 'None'
[0.729s] Level 5:colcon.colcon_core.verb:set package 'diffdrive_arduino' build argument 'cmake_target' from command line to 'None'
[0.729s] Level 5:colcon.colcon_core.verb:set package 'diffdrive_arduino' build argument 'cmake_target_skip_unavailable' from command line to 'False'
[0.729s] Level 5:colcon.colcon_core.verb:set package 'diffdrive_arduino' build argument 'cmake_clean_cache' from command line to 'False'
[0.729s] Level 5:colcon.colcon_core.verb:set package 'diffdrive_arduino' build argument 'cmake_clean_first' from command line to 'False'
[0.729s] Level 5:colcon.colcon_core.verb:set package 'diffdrive_arduino' build argument 'cmake_force_configure' from command line to 'False'
[0.729s] Level 5:colcon.colcon_core.verb:set package 'diffdrive_arduino' build argument 'ament_cmake_args' from command line to 'None'
[0.729s] Level 5:colcon.colcon_core.verb:set package 'diffdrive_arduino' build argument 'catkin_cmake_args' from command line to 'None'
[0.729s] Level 5:colcon.colcon_core.verb:set package 'diffdrive_arduino' build argument 'catkin_skip_building_tests' from command line to 'False'
[0.729s] DEBUG:colcon.colcon_core.verb:Building package 'diffdrive_arduino' with the following arguments: {'ament_cmake_args': None, 'build_base': '/home/jermito/rina_ws/build/diffdrive_arduino', 'catkin_cmake_args': None, 'catkin_skip_building_tests': False, 'cmake_args': None, 'cmake_clean_cache': False, 'cmake_clean_first': False, 'cmake_force_configure': False, 'cmake_target': None, 'cmake_target_skip_unavailable': False, 'install_base': '/home/jermito/rina_ws/install/diffdrive_arduino', 'merge_install': False, 'path': '/home/jermito/rina_ws/src/diffdrive_arduino', 'symlink_install': True, 'test_result_base': None}
[0.729s] INFO:colcon.colcon_core.executor:Executing jobs using 'parallel' executor
[0.733s] DEBUG:colcon.colcon_parallel_executor.executor.parallel:run_until_complete
[0.734s] INFO:colcon.colcon_ros.task.ament_cmake.build:Building ROS package in '/home/jermito/rina_ws/src/serial' with build type 'ament_cmake'
[0.734s] INFO:colcon.colcon_cmake.task.cmake.build:Building CMake package in '/home/jermito/rina_ws/src/serial'
[0.740s] INFO:colcon.colcon_core.plugin_system:Skipping extension 'colcon_core.shell.bat': Not used on non-Windows systems
[0.740s] INFO:colcon.colcon_core.shell:Skip shell extension 'powershell' for command environment: Not usable outside of PowerShell
[0.741s] DEBUG:colcon.colcon_core.shell:Skip shell extension 'dsv' for command environment
[0.746s] INFO:colcon.colcon_ros.task.ament_cmake.build:Building ROS package in '/home/jermito/rina_ws/src/robot' with build type 'ament_cmake'
[0.747s] INFO:colcon.colcon_cmake.task.cmake.build:Building CMake package in '/home/jermito/rina_ws/src/robot'
[0.749s] INFO:colcon.colcon_core.shell:Skip shell extension 'powershell' for command environment: Not usable outside of PowerShell
[0.749s] DEBUG:colcon.colcon_core.shell:Skip shell extension 'dsv' for command environment
[0.755s] INFO:colcon.colcon_ros.task.ament_cmake.build:Building ROS package in '/home/jermito/rina_ws/src/ydlidar_ros2_ws/src/ydlidar_ros2_driver' with build type 'ament_cmake'
[0.756s] INFO:colcon.colcon_cmake.task.cmake.build:Building CMake package in '/home/jermito/rina_ws/src/ydlidar_ros2_ws/src/ydlidar_ros2_driver'
[0.759s] INFO:colcon.colcon_core.shell:Skip shell extension 'powershell' for command environment: Not usable outside of PowerShell
[0.759s] DEBUG:colcon.colcon_core.shell:Skip shell extension 'dsv' for command environment
[0.773s] DEBUG:colcon.colcon_core.event_handler.log_command:Invoking command in '/home/jermito/rina_ws/build/serial': CMAKE_PREFIX_PATH=/opt/ros/foxy /usr/bin/cmake --build /home/jermito/rina_ws/build/serial -- -j8 -l8
[0.783s] DEBUG:colcon.colcon_core.event_handler.log_command:Invoking command in '/home/jermito/rina_ws/build/robot': CMAKE_PREFIX_PATH=/opt/ros/foxy /usr/bin/cmake --build /home/jermito/rina_ws/build/robot -- -j8 -l8
[0.792s] DEBUG:colcon.colcon_core.event_handler.log_command:Invoking command in '/home/jermito/rina_ws/build/ydlidar_ros2_driver': CMAKE_PREFIX_PATH=/opt/ros/foxy /usr/bin/cmake --build /home/jermito/rina_ws/build/ydlidar_ros2_driver -- -j8 -l8
[0.884s] DEBUG:colcon.colcon_core.event_handler.log_command:Invoked command in '/home/jermito/rina_ws/build/robot' returned '0': CMAKE_PREFIX_PATH=/opt/ros/foxy /usr/bin/cmake --build /home/jermito/rina_ws/build/robot -- -j8 -l8
[0.921s] DEBUG:colcon.colcon_core.event_handler.log_command:Invoking command in '/home/jermito/rina_ws/build/robot': CMAKE_PREFIX_PATH=/opt/ros/foxy /usr/bin/cmake --install /home/jermito/rina_ws/build/robot
[0.930s] DEBUG:colcon.colcon_core.event_handler.log_command:Invoked command in '/home/jermito/rina_ws/build/serial' returned '0': CMAKE_PREFIX_PATH=/opt/ros/foxy /usr/bin/cmake --build /home/jermito/rina_ws/build/serial -- -j8 -l8
[0.959s] DEBUG:colcon.colcon_core.event_handler.log_command:Invoked command in '/home/jermito/rina_ws/build/ydlidar_ros2_driver' returned '0': CMAKE_PREFIX_PATH=/opt/ros/foxy /usr/bin/cmake --build /home/jermito/rina_ws/build/ydlidar_ros2_driver -- -j8 -l8
[0.970s] DEBUG:colcon.colcon_core.event_handler.log_command:Invoking command in '/home/jermito/rina_ws/build/serial': CMAKE_PREFIX_PATH=/opt/ros/foxy /usr/bin/cmake --install /home/jermito/rina_ws/build/serial
[0.982s] Level 1:colcon.colcon_core.environment:create_environment_scripts_only(robot)
[0.983s] DEBUG:colcon.colcon_core.event_handler.log_command:Invoked command in '/home/jermito/rina_ws/build/robot' returned '0': CMAKE_PREFIX_PATH=/opt/ros/foxy /usr/bin/cmake --install /home/jermito/rina_ws/build/robot
[0.991s] Level 1:colcon.colcon_core.environment:checking '/home/jermito/rina_ws/install/robot' for CMake module files
[0.992s] Level 1:colcon.colcon_core.environment:checking '/home/jermito/rina_ws/install/robot' for CMake config files
[0.992s] Level 1:colcon.colcon_core.shell:create_environment_hook('robot', 'cmake_prefix_path')
[0.994s] INFO:colcon.colcon_core.shell:Creating environment hook '/home/jermito/rina_ws/install/robot/share/robot/hook/cmake_prefix_path.ps1'
[0.996s] INFO:colcon.colcon_core.shell:Creating environment descriptor '/home/jermito/rina_ws/install/robot/share/robot/hook/cmake_prefix_path.dsv'
[0.996s] INFO:colcon.colcon_core.shell:Creating environment hook '/home/jermito/rina_ws/install/robot/share/robot/hook/cmake_prefix_path.sh'
[0.997s] Level 1:colcon.colcon_core.environment:checking '/home/jermito/rina_ws/install/robot/bin'
[0.997s] Level 1:colcon.colcon_core.environment:checking '/home/jermito/rina_ws/install/robot/lib/pkgconfig/robot.pc'
[0.998s] Level 1:colcon.colcon_core.environment:checking '/home/jermito/rina_ws/install/robot/lib/python3.8/site-packages'
[0.998s] Level 1:colcon.colcon_core.environment:checking '/home/jermito/rina_ws/install/robot/bin'
[0.999s] INFO:colcon.colcon_core.shell:Creating package script '/home/jermito/rina_ws/install/robot/share/robot/package.ps1'
[1.001s] INFO:colcon.colcon_core.shell:Creating package descriptor '/home/jermito/rina_ws/install/robot/share/robot/package.dsv'
[1.001s] INFO:colcon.colcon_core.shell:Creating package script '/home/jermito/rina_ws/install/robot/share/robot/package.sh'
[1.002s] INFO:colcon.colcon_core.shell:Creating package script '/home/jermito/rina_ws/install/robot/share/robot/package.bash'
[1.003s] INFO:colcon.colcon_core.shell:Creating package script '/home/jermito/rina_ws/install/robot/share/robot/package.zsh'
[1.004s] Level 1:colcon.colcon_core.environment:create_file_with_runtime_dependencies(/home/jermito/rina_ws/install/robot/share/colcon-core/packages/robot)
[1.009s] DEBUG:colcon.colcon_core.event_handler.log_command:Invoking command in '/home/jermito/rina_ws/build/ydlidar_ros2_driver': CMAKE_PREFIX_PATH=/opt/ros/foxy /usr/bin/cmake --install /home/jermito/rina_ws/build/ydlidar_ros2_driver
[1.010s] Level 1:colcon.colcon_core.environment:create_environment_scripts_only(serial)
[1.013s] Level 1:colcon.colcon_core.environment:checking '/home/jermito/rina_ws/install/serial' for CMake module files
[1.014s] DEBUG:colcon.colcon_core.event_handler.log_command:Invoked command in '/home/jermito/rina_ws/build/serial' returned '0': CMAKE_PREFIX_PATH=/opt/ros/foxy /usr/bin/cmake --install /home/jermito/rina_ws/build/serial
[1.014s] Level 1:colcon.colcon_core.environment:checking '/home/jermito/rina_ws/install/serial' for CMake config files
[1.014s] Level 1:colcon.colcon_core.shell:create_environment_hook('serial', 'cmake_prefix_path')
[1.017s] INFO:colcon.colcon_core.shell:Creating environment hook '/home/jermito/rina_ws/install/serial/share/serial/hook/cmake_prefix_path.ps1'
[1.018s] INFO:colcon.colcon_core.shell:Creating environment descriptor '/home/jermito/rina_ws/install/serial/share/serial/hook/cmake_prefix_path.dsv'
[1.018s] INFO:colcon.colcon_core.shell:Creating environment hook '/home/jermito/rina_ws/install/serial/share/serial/hook/cmake_prefix_path.sh'
[1.019s] Level 1:colcon.colcon_core.environment:checking '/home/jermito/rina_ws/install/serial/lib'
[1.019s] Level 1:colcon.colcon_core.environment:checking '/home/jermito/rina_ws/install/serial/bin'
[1.019s] Level 1:colcon.colcon_core.environment:checking '/home/jermito/rina_ws/install/serial/lib/pkgconfig/serial.pc'
[1.020s] Level 1:colcon.colcon_core.environment:checking '/home/jermito/rina_ws/install/serial/lib/python3.8/site-packages'
[1.020s] Level 1:colcon.colcon_core.environment:checking '/home/jermito/rina_ws/install/serial/bin'
[1.022s] INFO:colcon.colcon_core.shell:Creating package script '/home/jermito/rina_ws/install/serial/share/serial/package.ps1'
[1.023s] INFO:colcon.colcon_core.shell:Creating package descriptor '/home/jermito/rina_ws/install/serial/share/serial/package.dsv'
[1.024s] INFO:colcon.colcon_core.shell:Creating package script '/home/jermito/rina_ws/install/serial/share/serial/package.sh'
[1.025s] INFO:colcon.colcon_core.shell:Creating package script '/home/jermito/rina_ws/install/serial/share/serial/package.bash'
[1.025s] INFO:colcon.colcon_core.shell:Creating package script '/home/jermito/rina_ws/install/serial/share/serial/package.zsh'
[1.026s] Level 1:colcon.colcon_core.environment:create_file_with_runtime_dependencies(/home/jermito/rina_ws/install/serial/share/colcon-core/packages/serial)
[1.033s] Level 1:colcon.colcon_core.environment:create_environment_scripts_only(robot)
[1.037s] Level 1:colcon.colcon_core.environment:checking '/home/jermito/rina_ws/install/robot' for CMake module files
[1.039s] Level 1:colcon.colcon_core.environment:checking '/home/jermito/rina_ws/install/robot' for CMake config files
[1.040s] Level 1:colcon.colcon_core.shell:create_environment_hook('robot', 'cmake_prefix_path')
[1.043s] INFO:colcon.colcon_core.shell:Creating environment hook '/home/jermito/rina_ws/install/robot/share/robot/hook/cmake_prefix_path.ps1'
[1.043s] INFO:colcon.colcon_core.shell:Creating environment descriptor '/home/jermito/rina_ws/install/robot/share/robot/hook/cmake_prefix_path.dsv'
[1.044s] INFO:colcon.colcon_core.shell:Creating environment hook '/home/jermito/rina_ws/install/robot/share/robot/hook/cmake_prefix_path.sh'
[1.045s] Level 1:colcon.colcon_core.environment:checking '/home/jermito/rina_ws/install/robot/bin'
[1.045s] Level 1:colcon.colcon_core.environment:checking '/home/jermito/rina_ws/install/robot/lib/pkgconfig/robot.pc'
[1.045s] Level 1:colcon.colcon_core.environment:checking '/home/jermito/rina_ws/install/robot/lib/python3.8/site-packages'
[1.045s] Level 1:colcon.colcon_core.environment:checking '/home/jermito/rina_ws/install/robot/bin'
[1.048s] INFO:colcon.colcon_core.shell:Creating package script '/home/jermito/rina_ws/install/robot/share/robot/package.ps1'
[1.049s] INFO:colcon.colcon_core.shell:Creating package descriptor '/home/jermito/rina_ws/install/robot/share/robot/package.dsv'
[1.050s] INFO:colcon.colcon_core.shell:Creating package script '/home/jermito/rina_ws/install/robot/share/robot/package.sh'
[1.051s] INFO:colcon.colcon_core.shell:Creating package script '/home/jermito/rina_ws/install/robot/share/robot/package.bash'
[1.051s] INFO:colcon.colcon_core.shell:Creating package script '/home/jermito/rina_ws/install/robot/share/robot/package.zsh'
[1.052s] Level 1:colcon.colcon_core.environment:create_file_with_runtime_dependencies(/home/jermito/rina_ws/install/robot/share/colcon-core/packages/robot)
[1.053s] Level 1:colcon.colcon_core.environment:create_environment_scripts_only(ydlidar_ros2_driver)
[1.056s] Level 1:colcon.colcon_core.environment:checking '/home/jermito/rina_ws/install/ydlidar_ros2_driver' for CMake module files
[1.057s] DEBUG:colcon.colcon_core.event_handler.log_command:Invoked command in '/home/jermito/rina_ws/build/ydlidar_ros2_driver' returned '0': CMAKE_PREFIX_PATH=/opt/ros/foxy /usr/bin/cmake --install /home/jermito/rina_ws/build/ydlidar_ros2_driver
[1.057s] Level 1:colcon.colcon_core.environment:checking '/home/jermito/rina_ws/install/ydlidar_ros2_driver' for CMake config files
[1.057s] Level 1:colcon.colcon_core.shell:create_environment_hook('ydlidar_ros2_driver', 'cmake_prefix_path')
[1.059s] INFO:colcon.colcon_core.shell:Creating environment hook '/home/jermito/rina_ws/install/ydlidar_ros2_driver/share/ydlidar_ros2_driver/hook/cmake_prefix_path.ps1'
[1.059s] INFO:colcon.colcon_core.shell:Creating environment descriptor '/home/jermito/rina_ws/install/ydlidar_ros2_driver/share/ydlidar_ros2_driver/hook/cmake_prefix_path.dsv'
[1.060s] INFO:colcon.colcon_core.shell:Creating environment hook '/home/jermito/rina_ws/install/ydlidar_ros2_driver/share/ydlidar_ros2_driver/hook/cmake_prefix_path.sh'
[1.060s] Level 1:colcon.colcon_core.environment:checking '/home/jermito/rina_ws/install/ydlidar_ros2_driver/lib'
[1.060s] Level 1:colcon.colcon_core.environment:checking '/home/jermito/rina_ws/install/ydlidar_ros2_driver/bin'
[1.061s] Level 1:colcon.colcon_core.environment:checking '/home/jermito/rina_ws/install/ydlidar_ros2_driver/lib/pkgconfig/ydlidar_ros2_driver.pc'
[1.061s] Level 1:colcon.colcon_core.environment:checking '/home/jermito/rina_ws/install/ydlidar_ros2_driver/lib/python3.8/site-packages'
[1.061s] Level 1:colcon.colcon_core.environment:checking '/home/jermito/rina_ws/install/ydlidar_ros2_driver/bin'
[1.063s] INFO:colcon.colcon_core.shell:Creating package script '/home/jermito/rina_ws/install/ydlidar_ros2_driver/share/ydlidar_ros2_driver/package.ps1'
[1.063s] INFO:colcon.colcon_core.shell:Creating package descriptor '/home/jermito/rina_ws/install/ydlidar_ros2_driver/share/ydlidar_ros2_driver/package.dsv'
[1.064s] INFO:colcon.colcon_core.shell:Creating package script '/home/jermito/rina_ws/install/ydlidar_ros2_driver/share/ydlidar_ros2_driver/package.sh'
[1.064s] INFO:colcon.colcon_core.shell:Creating package script '/home/jermito/rina_ws/install/ydlidar_ros2_driver/share/ydlidar_ros2_driver/package.bash'
[1.065s] INFO:colcon.colcon_core.shell:Creating package script '/home/jermito/rina_ws/install/ydlidar_ros2_driver/share/ydlidar_ros2_driver/package.zsh'
[1.065s] Level 1:colcon.colcon_core.environment:create_file_with_runtime_dependencies(/home/jermito/rina_ws/install/ydlidar_ros2_driver/share/colcon-core/packages/ydlidar_ros2_driver)
[1.071s] Level 1:colcon.colcon_core.environment:create_environment_scripts_only(serial)
[1.074s] Level 1:colcon.colcon_core.environment:checking '/home/jermito/rina_ws/install/serial' for CMake module files
[1.074s] Level 1:colcon.colcon_core.environment:checking '/home/jermito/rina_ws/install/serial' for CMake config files
[1.074s] Level 1:colcon.colcon_core.shell:create_environment_hook('serial', 'cmake_prefix_path')
[1.076s] INFO:colcon.colcon_core.shell:Creating environment hook '/home/jermito/rina_ws/install/serial/share/serial/hook/cmake_prefix_path.ps1'
[1.077s] INFO:colcon.colcon_core.shell:Creating environment descriptor '/home/jermito/rina_ws/install/serial/share/serial/hook/cmake_prefix_path.dsv'
[1.077s] INFO:colcon.colcon_core.shell:Creating environment hook '/home/jermito/rina_ws/install/serial/share/serial/hook/cmake_prefix_path.sh'
[1.077s] Level 1:colcon.colcon_core.environment:checking '/home/jermito/rina_ws/install/serial/lib'
[1.078s] Level 1:colcon.colcon_core.environment:checking '/home/jermito/rina_ws/install/serial/bin'
[1.078s] Level 1:colcon.colcon_core.environment:checking '/home/jermito/rina_ws/install/serial/lib/pkgconfig/serial.pc'
[1.078s] Level 1:colcon.colcon_core.environment:checking '/home/jermito/rina_ws/install/serial/lib/python3.8/site-packages'
[1.078s] Level 1:colcon.colcon_core.environment:checking '/home/jermito/rina_ws/install/serial/bin'
[1.080s] INFO:colcon.colcon_core.shell:Creating package script '/home/jermito/rina_ws/install/serial/share/serial/package.ps1'
[1.081s] INFO:colcon.colcon_core.shell:Creating package descriptor '/home/jermito/rina_ws/install/serial/share/serial/package.dsv'
[1.081s] INFO:colcon.colcon_core.shell:Creating package script '/home/jermito/rina_ws/install/serial/share/serial/package.sh'
[1.082s] INFO:colcon.colcon_core.shell:Creating package script '/home/jermito/rina_ws/install/serial/share/serial/package.bash'
[1.082s] INFO:colcon.colcon_core.shell:Creating package script '/home/jermito/rina_ws/install/serial/share/serial/package.zsh'
[1.083s] Level 1:colcon.colcon_core.environment:create_file_with_runtime_dependencies(/home/jermito/rina_ws/install/serial/share/colcon-core/packages/serial)
[1.083s] INFO:colcon.colcon_ros.task.ament_cmake.build:Building ROS package in '/home/jermito/rina_ws/src/diffdrive_arduino' with build type 'ament_cmake'
[1.084s] INFO:colcon.colcon_cmake.task.cmake.build:Building CMake package in '/home/jermito/rina_ws/src/diffdrive_arduino'
[1.086s] INFO:colcon.colcon_core.shell:Skip shell extension 'powershell' for command environment: Not usable outside of PowerShell
[1.086s] DEBUG:colcon.colcon_core.shell:Skip shell extension 'dsv' for command environment
[1.097s] Level 1:colcon.colcon_core.environment:create_environment_scripts_only(ydlidar_ros2_driver)
[1.102s] Level 1:colcon.colcon_core.environment:checking '/home/jermito/rina_ws/install/ydlidar_ros2_driver' for CMake module files
[1.103s] Level 1:colcon.colcon_core.environment:checking '/home/jermito/rina_ws/install/ydlidar_ros2_driver' for CMake config files
[1.103s] Level 1:colcon.colcon_core.shell:create_environment_hook('ydlidar_ros2_driver', 'cmake_prefix_path')
[1.106s] INFO:colcon.colcon_core.shell:Creating environment hook '/home/jermito/rina_ws/install/ydlidar_ros2_driver/share/ydlidar_ros2_driver/hook/cmake_prefix_path.ps1'
[1.107s] INFO:colcon.colcon_core.shell:Creating environment descriptor '/home/jermito/rina_ws/install/ydlidar_ros2_driver/share/ydlidar_ros2_driver/hook/cmake_prefix_path.dsv'
[1.108s] INFO:colcon.colcon_core.shell:Creating environment hook '/home/jermito/rina_ws/install/ydlidar_ros2_driver/share/ydlidar_ros2_driver/hook/cmake_prefix_path.sh'
[1.109s] Level 1:colcon.colcon_core.environment:checking '/home/jermito/rina_ws/install/ydlidar_ros2_driver/lib'
[1.109s] Level 1:colcon.colcon_core.environment:checking '/home/jermito/rina_ws/install/ydlidar_ros2_driver/bin'
[1.109s] Level 1:colcon.colcon_core.environment:checking '/home/jermito/rina_ws/install/ydlidar_ros2_driver/lib/pkgconfig/ydlidar_ros2_driver.pc'
[1.109s] Level 1:colcon.colcon_core.environment:checking '/home/jermito/rina_ws/install/ydlidar_ros2_driver/lib/python3.8/site-packages'
[1.109s] Level 1:colcon.colcon_core.environment:checking '/home/jermito/rina_ws/install/ydlidar_ros2_driver/bin'
[1.112s] INFO:colcon.colcon_core.shell:Creating package script '/home/jermito/rina_ws/install/ydlidar_ros2_driver/share/ydlidar_ros2_driver/package.ps1'
[1.113s] INFO:colcon.colcon_core.shell:Creating package descriptor '/home/jermito/rina_ws/install/ydlidar_ros2_driver/share/ydlidar_ros2_driver/package.dsv'
[1.113s] INFO:colcon.colcon_core.shell:Creating package script '/home/jermito/rina_ws/install/ydlidar_ros2_driver/share/ydlidar_ros2_driver/package.sh'
[1.114s] INFO:colcon.colcon_core.shell:Creating package script '/home/jermito/rina_ws/install/ydlidar_ros2_driver/share/ydlidar_ros2_driver/package.bash'
[1.114s] INFO:colcon.colcon_core.shell:Creating package script '/home/jermito/rina_ws/install/ydlidar_ros2_driver/share/ydlidar_ros2_driver/package.zsh'
[1.115s] Level 1:colcon.colcon_core.environment:create_file_with_runtime_dependencies(/home/jermito/rina_ws/install/ydlidar_ros2_driver/share/colcon-core/packages/ydlidar_ros2_driver)
[1.122s] DEBUG:colcon.colcon_core.event_handler.log_command:Invoking command in '/home/jermito/rina_ws/build/diffdrive_arduino': AMENT_PREFIX_PATH=/home/jermito/rina_ws/install/serial:${AMENT_PREFIX_PATH} CMAKE_PREFIX_PATH=/home/jermito/rina_ws/install/serial:/opt/ros/foxy LD_LIBRARY_PATH=/home/jermito/rina_ws/install/serial/lib:${LD_LIBRARY_PATH} /usr/bin/cmake --build /home/jermito/rina_ws/build/diffdrive_arduino -- -j8 -l8
[1.216s] DEBUG:colcon.colcon_core.event_handler.log_command:Invoked command in '/home/jermito/rina_ws/build/diffdrive_arduino' returned '0': AMENT_PREFIX_PATH=/home/jermito/rina_ws/install/serial:${AMENT_PREFIX_PATH} CMAKE_PREFIX_PATH=/home/jermito/rina_ws/install/serial:/opt/ros/foxy LD_LIBRARY_PATH=/home/jermito/rina_ws/install/serial/lib:${LD_LIBRARY_PATH} /usr/bin/cmake --build /home/jermito/rina_ws/build/diffdrive_arduino -- -j8 -l8
[1.246s] DEBUG:colcon.colcon_core.event_handler.log_command:Invoking command in '/home/jermito/rina_ws/build/diffdrive_arduino': AMENT_PREFIX_PATH=/home/jermito/rina_ws/install/serial:${AMENT_PREFIX_PATH} CMAKE_PREFIX_PATH=/home/jermito/rina_ws/install/serial:/opt/ros/foxy LD_LIBRARY_PATH=/home/jermito/rina_ws/install/serial/lib:${LD_LIBRARY_PATH} /usr/bin/cmake --install /home/jermito/rina_ws/build/diffdrive_arduino
[1.276s] Level 1:colcon.colcon_core.environment:create_environment_scripts_only(diffdrive_arduino)
[1.280s] Level 1:colcon.colcon_core.environment:checking '/home/jermito/rina_ws/install/diffdrive_arduino' for CMake module files
[1.281s] DEBUG:colcon.colcon_core.event_handler.log_command:Invoked command in '/home/jermito/rina_ws/build/diffdrive_arduino' returned '0': AMENT_PREFIX_PATH=/home/jermito/rina_ws/install/serial:${AMENT_PREFIX_PATH} CMAKE_PREFIX_PATH=/home/jermito/rina_ws/install/serial:/opt/ros/foxy LD_LIBRARY_PATH=/home/jermito/rina_ws/install/serial/lib:${LD_LIBRARY_PATH} /usr/bin/cmake --install /home/jermito/rina_ws/build/diffdrive_arduino
[1.281s] Level 1:colcon.colcon_core.environment:checking '/home/jermito/rina_ws/install/diffdrive_arduino' for CMake config files
[1.282s] Level 1:colcon.colcon_core.shell:create_environment_hook('diffdrive_arduino', 'cmake_prefix_path')
[1.284s] INFO:colcon.colcon_core.shell:Creating environment hook '/home/jermito/rina_ws/install/diffdrive_arduino/share/diffdrive_arduino/hook/cmake_prefix_path.ps1'
[1.284s] INFO:colcon.colcon_core.shell:Creating environment descriptor '/home/jermito/rina_ws/install/diffdrive_arduino/share/diffdrive_arduino/hook/cmake_prefix_path.dsv'
[1.285s] INFO:colcon.colcon_core.shell:Creating environment hook '/home/jermito/rina_ws/install/diffdrive_arduino/share/diffdrive_arduino/hook/cmake_prefix_path.sh'
[1.286s] Level 1:colcon.colcon_core.environment:checking '/home/jermito/rina_ws/install/diffdrive_arduino/lib'
[1.286s] Level 1:colcon.colcon_core.shell:create_environment_hook('diffdrive_arduino', 'ld_library_path_lib')
[1.287s] INFO:colcon.colcon_core.shell:Creating environment hook '/home/jermito/rina_ws/install/diffdrive_arduino/share/diffdrive_arduino/hook/ld_library_path_lib.ps1'
[1.288s] INFO:colcon.colcon_core.shell:Creating environment descriptor '/home/jermito/rina_ws/install/diffdrive_arduino/share/diffdrive_arduino/hook/ld_library_path_lib.dsv'
[1.288s] INFO:colcon.colcon_core.shell:Creating environment hook '/home/jermito/rina_ws/install/diffdrive_arduino/share/diffdrive_arduino/hook/ld_library_path_lib.sh'
[1.289s] Level 1:colcon.colcon_core.environment:checking '/home/jermito/rina_ws/install/diffdrive_arduino/bin'
[1.289s] Level 1:colcon.colcon_core.environment:checking '/home/jermito/rina_ws/install/diffdrive_arduino/lib/pkgconfig/diffdrive_arduino.pc'
[1.289s] Level 1:colcon.colcon_core.environment:checking '/home/jermito/rina_ws/install/diffdrive_arduino/lib/python3.8/site-packages'
[1.289s] Level 1:colcon.colcon_core.environment:checking '/home/jermito/rina_ws/install/diffdrive_arduino/bin'
[1.291s] INFO:colcon.colcon_core.shell:Creating package script '/home/jermito/rina_ws/install/diffdrive_arduino/share/diffdrive_arduino/package.ps1'
[1.292s] INFO:colcon.colcon_core.shell:Creating package descriptor '/home/jermito/rina_ws/install/diffdrive_arduino/share/diffdrive_arduino/package.dsv'
[1.292s] INFO:colcon.colcon_core.shell:Creating package script '/home/jermito/rina_ws/install/diffdrive_arduino/share/diffdrive_arduino/package.sh'
[1.293s] INFO:colcon.colcon_core.shell:Creating package script '/home/jermito/rina_ws/install/diffdrive_arduino/share/diffdrive_arduino/package.bash'
[1.293s] INFO:colcon.colcon_core.shell:Creating package script '/home/jermito/rina_ws/install/diffdrive_arduino/share/diffdrive_arduino/package.zsh'
[1.293s] Level 1:colcon.colcon_core.environment:create_file_with_runtime_dependencies(/home/jermito/rina_ws/install/diffdrive_arduino/share/colcon-core/packages/diffdrive_arduino)
[1.322s] Level 1:colcon.colcon_core.environment:create_environment_scripts_only(diffdrive_arduino)
[1.324s] Level 1:colcon.colcon_core.environment:checking '/home/jermito/rina_ws/install/diffdrive_arduino' for CMake module files
[1.325s] Level 1:colcon.colcon_core.environment:checking '/home/jermito/rina_ws/install/diffdrive_arduino' for CMake config files
[1.325s] Level 1:colcon.colcon_core.shell:create_environment_hook('diffdrive_arduino', 'cmake_prefix_path')
[1.327s] INFO:colcon.colcon_core.shell:Creating environment hook '/home/jermito/rina_ws/install/diffdrive_arduino/share/diffdrive_arduino/hook/cmake_prefix_path.ps1'
[1.327s] INFO:colcon.colcon_core.shell:Creating environment descriptor '/home/jermito/rina_ws/install/diffdrive_arduino/share/diffdrive_arduino/hook/cmake_prefix_path.dsv'
[1.328s] INFO:colcon.colcon_core.shell:Creating environment hook '/home/jermito/rina_ws/install/diffdrive_arduino/share/diffdrive_arduino/hook/cmake_prefix_path.sh'
[1.328s] Level 1:colcon.colcon_core.environment:checking '/home/jermito/rina_ws/install/diffdrive_arduino/lib'
[1.328s] Level 1:colcon.colcon_core.shell:create_environment_hook('diffdrive_arduino', 'ld_library_path_lib')
[1.330s] INFO:colcon.colcon_core.shell:Creating environment hook '/home/jermito/rina_ws/install/diffdrive_arduino/share/diffdrive_arduino/hook/ld_library_path_lib.ps1'
[1.330s] INFO:colcon.colcon_core.shell:Creating environment descriptor '/home/jermito/rina_ws/install/diffdrive_arduino/share/diffdrive_arduino/hook/ld_library_path_lib.dsv'
[1.331s] INFO:colcon.colcon_core.shell:Creating environment hook '/home/jermito/rina_ws/install/diffdrive_arduino/share/diffdrive_arduino/hook/ld_library_path_lib.sh'
[1.331s] Level 1:colcon.colcon_core.environment:checking '/home/jermito/rina_ws/install/diffdrive_arduino/bin'
[1.331s] Level 1:colcon.colcon_core.environment:checking '/home/jermito/rina_ws/install/diffdrive_arduino/lib/pkgconfig/diffdrive_arduino.pc'
[1.331s] Level 1:colcon.colcon_core.environment:checking '/home/jermito/rina_ws/install/diffdrive_arduino/lib/python3.8/site-packages'
[1.331s] Level 1:colcon.colcon_core.environment:checking '/home/jermito/rina_ws/install/diffdrive_arduino/bin'
[1.333s] INFO:colcon.colcon_core.shell:Creating package script '/home/jermito/rina_ws/install/diffdrive_arduino/share/diffdrive_arduino/package.ps1'
[1.334s] INFO:colcon.colcon_core.shell:Creating package descriptor '/home/jermito/rina_ws/install/diffdrive_arduino/share/diffdrive_arduino/package.dsv'
[1.335s] INFO:colcon.colcon_core.shell:Creating package script '/home/jermito/rina_ws/install/diffdrive_arduino/share/diffdrive_arduino/package.sh'
[1.335s] INFO:colcon.colcon_core.shell:Creating package script '/home/jermito/rina_ws/install/diffdrive_arduino/share/diffdrive_arduino/package.bash'
[1.335s] INFO:colcon.colcon_core.shell:Creating package script '/home/jermito/rina_ws/install/diffdrive_arduino/share/diffdrive_arduino/package.zsh'
[1.336s] Level 1:colcon.colcon_core.environment:create_file_with_runtime_dependencies(/home/jermito/rina_ws/install/diffdrive_arduino/share/colcon-core/packages/diffdrive_arduino)
[1.336s] DEBUG:colcon.colcon_parallel_executor.executor.parallel:closing loop
[1.337s] DEBUG:colcon.colcon_parallel_executor.executor.parallel:loop closed
[1.337s] DEBUG:colcon.colcon_parallel_executor.executor.parallel:run_until_complete finished with '0'
[1.337s] DEBUG:colcon.colcon_core.event_reactor:joining thread
[1.350s] INFO:colcon.colcon_core.plugin_system:Skipping extension 'colcon_notification.desktop_notification.terminal_notifier': Not used on non-Darwin systems
[1.350s] INFO:colcon.colcon_core.plugin_system:Skipping extension 'colcon_notification.desktop_notification.win32': Not used on non-Windows systems
[1.351s] INFO:colcon.colcon_notification.desktop_notification:Sending desktop notification using 'notify2'
[1.413s] DEBUG:colcon.colcon_core.event_reactor:joined thread
[1.416s] INFO:colcon.colcon_core.shell:Creating prefix script '/home/jermito/rina_ws/install/local_setup.ps1'
[1.418s] INFO:colcon.colcon_core.shell:Creating prefix util module '/home/jermito/rina_ws/install/_local_setup_util_ps1.py'
[1.421s] INFO:colcon.colcon_core.shell:Creating prefix chain script '/home/jermito/rina_ws/install/setup.ps1'
[1.423s] INFO:colcon.colcon_core.shell:Creating prefix script '/home/jermito/rina_ws/install/local_setup.sh'
[1.424s] INFO:colcon.colcon_core.shell:Creating prefix util module '/home/jermito/rina_ws/install/_local_setup_util_sh.py'
[1.425s] INFO:colcon.colcon_core.shell:Creating prefix chain script '/home/jermito/rina_ws/install/setup.sh'
[1.428s] INFO:colcon.colcon_core.shell:Creating prefix script '/home/jermito/rina_ws/install/local_setup.bash'
[1.428s] INFO:colcon.colcon_core.shell:Creating prefix chain script '/home/jermito/rina_ws/install/setup.bash'
[1.431s] INFO:colcon.colcon_core.shell:Creating prefix script '/home/jermito/rina_ws/install/local_setup.zsh'
[1.432s] INFO:colcon.colcon_core.shell:Creating prefix chain script '/home/jermito/rina_ws/install/setup.zsh'
