[0.045s] Invoking command in '/home/jermito/rina_ws/build/robot': CMAKE_PREFIX_PATH=${CMAKE_PREFIX_PATH}:/opt/ros/foxy /usr/bin/cmake /home/jermito/rina_ws/src/robot -DAMENT_CMAKE_SYMLINK_INSTALL=1 -DCMAKE_INSTALL_PREFIX=/home/jermito/rina_ws/install/robot
[0.190s] -- The C compiler identification is GNU 9.4.0
[0.337s] -- The CXX compiler identification is GNU 9.4.0
[0.350s] -- Check for working C compiler: /usr/bin/cc
[0.473s] -- Check for working C compiler: /usr/bin/cc -- works
[0.475s] -- Detecting C compiler ABI info
[0.592s] -- Detecting C compiler ABI info - done
[0.634s] -- Detecting C compile features
[0.635s] -- Detecting C compile features - done
[0.643s] -- Check for working CXX compiler: /usr/bin/c++
[0.788s] -- Check for working CXX compiler: /usr/bin/c++ -- works
[0.791s] -- Detecting CXX compiler ABI info
[0.954s] -- Detecting CXX compiler ABI info - done
[0.986s] -- Detecting CXX compile features
[0.987s] -- Detecting CXX compile features - done
[0.991s] -- Found ament_cmake: 0.9.12 (/opt/ros/foxy/share/ament_cmake/cmake)
[1.041s] -- Found PythonInterp: /usr/bin/python3 (found suitable version "3.8.10", minimum required is "3") 
[1.041s] -- Using PYTHON_EXECUTABLE: /usr/bin/python3
[1.425s] -- Override CMake install command with custom implementation using symlinks instead of copying resources
[1.471s] -- Found ament_lint_auto: 0.9.8 (/opt/ros/foxy/share/ament_lint_auto/cmake)
[1.636s] -- Added test 'copyright' to check source files copyright and LICENSE
[1.643s] -- Added test 'flake8' to check Python code syntax and style conventions
[1.645s] -- Added test 'lint_cmake' to check CMake code style
[1.646s] -- Added test 'pep257' to check Python code against some of the style conventions in PEP 257
[1.650s] -- Added test 'xmllint' to check XML markup files
[1.655s] -- Configuring done
[1.660s] -- Generating done
[1.662s] -- Build files have been written to: /home/jermito/rina_ws/build/robot
[1.667s] Invoked command in '/home/jermito/rina_ws/build/robot' returned '0': CMAKE_PREFIX_PATH=${CMAKE_PREFIX_PATH}:/opt/ros/foxy /usr/bin/cmake /home/jermito/rina_ws/src/robot -DAMENT_CMAKE_SYMLINK_INSTALL=1 -DCMAKE_INSTALL_PREFIX=/home/jermito/rina_ws/install/robot
[1.672s] Invoking command in '/home/jermito/rina_ws/build/robot': CMAKE_PREFIX_PATH=${CMAKE_PREFIX_PATH}:/opt/ros/foxy /usr/bin/cmake --build /home/jermito/rina_ws/build/robot -- -j8 -l8
[1.744s] Invoked command in '/home/jermito/rina_ws/build/robot' returned '0': CMAKE_PREFIX_PATH=${CMAKE_PREFIX_PATH}:/opt/ros/foxy /usr/bin/cmake --build /home/jermito/rina_ws/build/robot -- -j8 -l8
[1.803s] Invoking command in '/home/jermito/rina_ws/build/robot': CMAKE_PREFIX_PATH=${CMAKE_PREFIX_PATH}:/opt/ros/foxy /usr/bin/cmake --install /home/jermito/rina_ws/build/robot
[1.816s] -- Install configuration: ""
[1.817s] -- Execute custom install script
[1.818s] -- Symlinking: /home/jermito/rina_ws/install/robot/share/robot/config/controller.yaml
[1.833s] -- Symlinking: /home/jermito/rina_ws/install/robot/share/robot/urdf/control/gazebo_control.xacro
[1.848s] -- Symlinking: /home/jermito/rina_ws/install/robot/share/robot/urdf/control/ros2_control.xacro
[1.861s] -- Symlinking: /home/jermito/rina_ws/install/robot/share/robot/urdf/materials.xacro
[1.876s] -- Symlinking: /home/jermito/rina_ws/install/robot/share/robot/urdf/properties.xacro
[1.891s] -- Symlinking: /home/jermito/rina_ws/install/robot/share/robot/urdf/robot.urdf.xacro
[1.908s] -- Symlinking: /home/jermito/rina_ws/install/robot/share/robot/urdf/robot_core.urdf.xacro
[1.923s] -- Symlinking: /home/jermito/rina_ws/install/robot/share/robot/urdf/sensors/lidar.xacro
[1.937s] -- Symlinking: /home/jermito/rina_ws/install/robot/share/robot/launch/gazebo.launch.py
[1.952s] -- Symlinking: /home/jermito/rina_ws/install/robot/share/robot/launch/rsp.launch.py
[1.970s] -- Symlinking: /home/jermito/rina_ws/install/robot/share/robot/meshes/Wheel_1_1.stl
[1.986s] -- Symlinking: /home/jermito/rina_ws/install/robot/share/robot/meshes/Wheel_2_1.stl
[2.002s] -- Symlinking: /home/jermito/rina_ws/install/robot/share/robot/meshes/base_link.stl
[2.017s] -- Symlinking: /home/jermito/rina_ws/install/robot/share/robot/meshes/chassis/base_link.stl
[2.031s] -- Symlinking: /home/jermito/rina_ws/install/robot/share/robot/meshes/lidar/base_link.stl
[2.046s] -- Symlinking: /home/jermito/rina_ws/install/robot/share/robot/meshes/wheel/base_link.stl
[2.061s] -- Symlinking: /home/jermito/rina_ws/install/robot/share/ament_index/resource_index/package_run_dependencies/robot
[2.075s] -- Symlinking: /home/jermito/rina_ws/install/robot/share/ament_index/resource_index/parent_prefix_path/robot
[2.096s] -- Symlinking: /home/jermito/rina_ws/install/robot/share/robot/environment/ament_prefix_path.sh
[2.112s] -- Symlinking: /home/jermito/rina_ws/install/robot/share/robot/environment/ament_prefix_path.dsv
[2.126s] -- Symlinking: /home/jermito/rina_ws/install/robot/share/robot/environment/path.sh
[2.141s] -- Symlinking: /home/jermito/rina_ws/install/robot/share/robot/environment/path.dsv
[2.162s] -- Symlinking: /home/jermito/rina_ws/install/robot/share/robot/local_setup.bash
[2.183s] -- Symlinking: /home/jermito/rina_ws/install/robot/share/robot/local_setup.sh
[2.206s] -- Symlinking: /home/jermito/rina_ws/install/robot/share/robot/local_setup.zsh
[2.228s] -- Symlinking: /home/jermito/rina_ws/install/robot/share/robot/local_setup.dsv
[2.247s] -- Symlinking: /home/jermito/rina_ws/install/robot/share/robot/package.dsv
[2.268s] -- Symlinking: /home/jermito/rina_ws/install/robot/share/ament_index/resource_index/packages/robot
[2.295s] -- Symlinking: /home/jermito/rina_ws/install/robot/share/robot/cmake/robotConfig.cmake
[2.318s] -- Symlinking: /home/jermito/rina_ws/install/robot/share/robot/cmake/robotConfig-version.cmake
[2.341s] -- Symlinking: /home/jermito/rina_ws/install/robot/share/robot/package.xml
[2.370s] Invoked command in '/home/jermito/rina_ws/build/robot' returned '0': CMAKE_PREFIX_PATH=${CMAKE_PREFIX_PATH}:/opt/ros/foxy /usr/bin/cmake --install /home/jermito/rina_ws/build/robot
