[0.030s] Invoking command in '/home/jermito/rina_ws/build/serial': CMAKE_PREFIX_PATH=${CMAKE_PREFIX_PATH}:/opt/ros/foxy /usr/bin/cmake /home/jermito/rina_ws/src/serial -DAMENT_CMAKE_SYMLINK_INSTALL=1 -DCMAKE_INSTALL_PREFIX=/home/jermito/rina_ws/install/serial
[0.162s] -- The C compiler identification is GNU 9.4.0
[0.270s] -- The CXX compiler identification is GNU 9.4.0
[0.277s] -- Check for working C compiler: /usr/bin/cc
[0.404s] -- Check for working C compiler: /usr/bin/cc -- works
[0.406s] -- Detecting C compiler ABI info
[0.515s] -- Detecting C compiler ABI info - done
[0.553s] -- Detecting C compile features
[0.554s] -- Detecting C compile features - done
[0.560s] -- Check for working CXX compiler: /usr/bin/c++
[0.641s] -- Check for working CXX compiler: /usr/bin/c++ -- works
[0.642s] -- Detecting CXX compiler ABI info
[0.723s] -- Detecting CXX compiler ABI info - done
[0.743s] -- Detecting CXX compile features
[0.744s] -- Detecting CXX compile features - done
[0.747s] -- Found ament_cmake: 0.9.12 (/opt/ros/foxy/share/ament_cmake/cmake)
[0.771s] -- Found PythonInterp: /usr/bin/python3 (found suitable version "3.8.10", minimum required is "3") 
[0.771s] -- Using PYTHON_EXECUTABLE: /usr/bin/python3
[0.979s] -- Override CMake install command with custom implementation using symlinks instead of copying resources
[1.004s] -- Found ament_cmake_gtest: 0.9.12 (/opt/ros/foxy/share/ament_cmake_gtest/cmake)
[1.016s] -- Found Boost: /usr/lib/x86_64-linux-gnu/cmake/Boost-1.71.0/BoostConfig.cmake (found version "1.71.0")  
[1.019s] -- Found gtest sources under '/opt/ros/foxy/src/gtest_vendor': C++ tests using 'Google Test' will be built
[1.022s] -- Looking for pthread.h
[1.131s] -- Looking for pthread.h - found
[1.131s] -- Performing Test CMAKE_HAVE_LIBC_PTHREAD
[1.202s] -- Performing Test CMAKE_HAVE_LIBC_PTHREAD - Failed
[1.202s] -- Check if compiler accepts -pthread
[1.273s] -- Check if compiler accepts -pthread - yes
[1.275s] -- Found Threads: TRUE  
[1.355s] -- Configuring done
[1.370s] -- Generating done
[1.373s] -- Build files have been written to: /home/jermito/rina_ws/build/serial
[1.379s] Invoked command in '/home/jermito/rina_ws/build/serial' returned '0': CMAKE_PREFIX_PATH=${CMAKE_PREFIX_PATH}:/opt/ros/foxy /usr/bin/cmake /home/jermito/rina_ws/src/serial -DAMENT_CMAKE_SYMLINK_INSTALL=1 -DCMAKE_INSTALL_PREFIX=/home/jermito/rina_ws/install/serial
[1.382s] Invoking command in '/home/jermito/rina_ws/build/serial': CMAKE_PREFIX_PATH=${CMAKE_PREFIX_PATH}:/opt/ros/foxy /usr/bin/cmake --build /home/jermito/rina_ws/build/serial -- -j8 -l8
[1.428s] [35m[1mScanning dependencies of target serial[0m
[1.428s] [35m[1mScanning dependencies of target gtest[0m
[1.429s] [35m[1mScanning dependencies of target gtest_main[0m
[1.450s] [  7%] [32mBuilding CXX object CMakeFiles/serial.dir/src/serial.cc.o[0m
[1.450s] [ 14%] [32mBuilding CXX object CMakeFiles/serial.dir/src/impl/unix.cc.o[0m
[1.451s] [ 21%] [32mBuilding CXX object CMakeFiles/serial.dir/src/impl/list_ports/list_ports_linux.cc.o[0m
[1.463s] [ 28%] [32mBuilding CXX object gtest/CMakeFiles/gtest.dir/src/gtest-all.cc.o[0m
[1.471s] [ 35%] [32mBuilding CXX object gtest/CMakeFiles/gtest_main.dir/src/gtest_main.cc.o[0m
[2.245s] [ 42%] [32m[1mLinking CXX static library libserial.a[0m
[2.279s] [ 42%] Built target serial
[2.289s] [35m[1mScanning dependencies of target serial_example[0m
[2.299s] [ 50%] [32mBuilding CXX object CMakeFiles/serial_example.dir/examples/serial_example.cc.o[0m
[2.499s] [ 57%] [32m[1mLinking CXX static library libgtest_main.a[0m
[2.559s] [ 57%] Built target gtest_main
[2.750s] [ 64%] [32m[1mLinking CXX executable serial_example[0m
[2.848s] [ 64%] Built target serial_example
[5.429s] [ 71%] [32m[1mLinking CXX static library libgtest.a[0m
[5.493s] [ 71%] Built target gtest
[5.503s] [35m[1mScanning dependencies of target serial-test[0m
[5.503s] [35m[1mScanning dependencies of target serial-test-timer[0m
[5.517s] [ 85%] [32mBuilding CXX object tests/CMakeFiles/serial-test.dir/unix_serial_tests.cc.o[0m
[5.517s] [ 85%] [32mBuilding CXX object tests/CMakeFiles/serial-test-timer.dir/unit/unix_timer_tests.cc.o[0m
[6.350s] [ 92%] [32m[1mLinking CXX executable serial-test-timer[0m
[6.502s] [ 92%] Built target serial-test-timer
[6.530s] [100%] [32m[1mLinking CXX executable serial-test[0m
[6.679s] [100%] Built target serial-test
[6.691s] Invoked command in '/home/jermito/rina_ws/build/serial' returned '0': CMAKE_PREFIX_PATH=${CMAKE_PREFIX_PATH}:/opt/ros/foxy /usr/bin/cmake --build /home/jermito/rina_ws/build/serial -- -j8 -l8
[6.722s] Invoking command in '/home/jermito/rina_ws/build/serial': CMAKE_PREFIX_PATH=${CMAKE_PREFIX_PATH}:/opt/ros/foxy /usr/bin/cmake --install /home/jermito/rina_ws/build/serial
[6.733s] -- Install configuration: ""
[6.733s] -- Execute custom install script
[6.734s] -- Symlinking: /home/jermito/rina_ws/install/serial/lib/libserial.a
[6.743s] -- Symlinking: /home/jermito/rina_ws/install/serial/include/serial/serial.h
[6.753s] -- Symlinking: /home/jermito/rina_ws/install/serial/include/serial/v8stdint.h
[6.762s] -- Symlinking: /home/jermito/rina_ws/install/serial/share/serial/environment/library_path.sh
[6.771s] -- Symlinking: /home/jermito/rina_ws/install/serial/share/serial/environment/library_path.dsv
[6.780s] -- Symlinking: /home/jermito/rina_ws/install/serial/share/ament_index/resource_index/package_run_dependencies/serial
[6.788s] -- Symlinking: /home/jermito/rina_ws/install/serial/share/ament_index/resource_index/parent_prefix_path/serial
[6.797s] -- Symlinking: /home/jermito/rina_ws/install/serial/share/serial/environment/ament_prefix_path.sh
[6.805s] -- Symlinking: /home/jermito/rina_ws/install/serial/share/serial/environment/ament_prefix_path.dsv
[6.815s] -- Symlinking: /home/jermito/rina_ws/install/serial/share/serial/environment/path.sh
[6.824s] -- Symlinking: /home/jermito/rina_ws/install/serial/share/serial/environment/path.dsv
[6.835s] -- Symlinking: /home/jermito/rina_ws/install/serial/share/serial/local_setup.bash
[6.844s] -- Symlinking: /home/jermito/rina_ws/install/serial/share/serial/local_setup.sh
[6.853s] -- Symlinking: /home/jermito/rina_ws/install/serial/share/serial/local_setup.zsh
[6.862s] -- Symlinking: /home/jermito/rina_ws/install/serial/share/serial/local_setup.dsv
[6.872s] -- Symlinking: /home/jermito/rina_ws/install/serial/share/serial/package.dsv
[6.881s] -- Symlinking: /home/jermito/rina_ws/install/serial/share/ament_index/resource_index/packages/serial
[6.890s] -- Symlinking: /home/jermito/rina_ws/install/serial/share/serial/cmake/ament_cmake_export_include_directories-extras.cmake
[6.899s] -- Symlinking: /home/jermito/rina_ws/install/serial/share/serial/cmake/ament_cmake_export_libraries-extras.cmake
[6.909s] -- Symlinking: /home/jermito/rina_ws/install/serial/share/serial/cmake/serialConfig.cmake
[6.918s] -- Symlinking: /home/jermito/rina_ws/install/serial/share/serial/cmake/serialConfig-version.cmake
[6.929s] -- Symlinking: /home/jermito/rina_ws/install/serial/share/serial/package.xml
[6.941s] Invoked command in '/home/jermito/rina_ws/build/serial' returned '0': CMAKE_PREFIX_PATH=${CMAKE_PREFIX_PATH}:/opt/ros/foxy /usr/bin/cmake --install /home/jermito/rina_ws/build/serial
