[0.565s] DEBUG:colcon:Command line arguments: ['/usr/bin/colcon', 'build', '--symlink-install']
[0.566s] DEBUG:colcon:Parsed command line arguments: Namespace(allow_overriding=[], ament_cmake_args=None, base_paths=['.'], build_base='build', catkin_cmake_args=None, catkin_skip_building_tests=False, cmake_args=None, cmake_clean_cache=False, cmake_clean_first=False, cmake_force_configure=False, cmake_target=None, cmake_target_skip_unavailable=False, continue_on_error=False, event_handlers=None, executor='parallel', ignore_user_meta=False, install_base='install', log_base=None, log_level=None, main=<bound method BuildVerb.main of <colcon_core.verb.build.BuildVerb object at 0x7fa26c570100>>, merge_install=False, metas=['./colcon.meta'], packages_above=None, packages_above_and_dependencies=None, packages_above_depth=None, packages_end=None, packages_ignore=None, packages_ignore_regex=None, packages_select=None, packages_select_build_failed=False, packages_select_by_dep=None, packages_select_regex=None, packages_select_test_failures=False, packages_skip=None, packages_skip_build_finished=False, packages_skip_by_dep=None, packages_skip_regex=None, packages_skip_test_passed=False, packages_skip_up_to=None, packages_start=None, packages_up_to=None, packages_up_to_regex=None, parallel_workers=8, paths=None, symlink_install=True, test_result_base=None, verb_extension=<colcon_core.verb.build.BuildVerb object at 0x7fa26c570100>, verb_name='build', verb_parser=<colcon_defaults.argument_parser.defaults.DefaultArgumentsDecorator object at 0x7fa26c4b00d0>)
[0.643s] Level 1:colcon.colcon_core.package_discovery:discover_packages(colcon_meta) check parameters
[0.644s] Level 1:colcon.colcon_core.package_discovery:discover_packages(recursive) check parameters
[0.644s] Level 1:colcon.colcon_core.package_discovery:discover_packages(ignore) check parameters
[0.644s] Level 1:colcon.colcon_core.package_discovery:discover_packages(path) check parameters
[0.644s] Level 1:colcon.colcon_core.package_discovery:discover_packages(colcon_meta) discover
[0.644s] Level 1:colcon.colcon_core.package_discovery:discover_packages(recursive) discover
[0.644s] INFO:colcon.colcon_core.package_discovery:Crawling recursively for packages in '/home/jermito/rina_ws'
[0.644s] Level 1:colcon.colcon_core.package_identification:_identify(.) by extensions ['ignore', 'ignore_ament_install']
[0.645s] Level 1:colcon.colcon_core.package_identification:_identify(.) by extension 'ignore'
[0.645s] Level 1:colcon.colcon_core.package_identification:_identify(.) by extension 'ignore_ament_install'
[0.645s] Level 1:colcon.colcon_core.package_identification:_identify(.) by extensions ['colcon_pkg']
[0.645s] Level 1:colcon.colcon_core.package_identification:_identify(.) by extension 'colcon_pkg'
[0.645s] Level 1:colcon.colcon_core.package_identification:_identify(.) by extensions ['colcon_meta']
[0.645s] Level 1:colcon.colcon_core.package_identification:_identify(.) by extension 'colcon_meta'
[0.645s] Level 1:colcon.colcon_core.package_identification:_identify(.) by extensions ['ros']
[0.645s] Level 1:colcon.colcon_core.package_identification:_identify(.) by extension 'ros'
[0.673s] Level 1:colcon.colcon_core.package_identification:_identify(.) by extensions ['cmake', 'python']
[0.673s] Level 1:colcon.colcon_core.package_identification:_identify(.) by extension 'cmake'
[0.673s] Level 1:colcon.colcon_core.package_identification:_identify(.) by extension 'python'
[0.673s] Level 1:colcon.colcon_core.package_identification:_identify(.) by extensions ['python_setup_py']
[0.673s] Level 1:colcon.colcon_core.package_identification:_identify(.) by extension 'python_setup_py'
[0.673s] Level 1:colcon.colcon_core.package_identification:_identify(build) by extensions ['ignore', 'ignore_ament_install']
[0.673s] Level 1:colcon.colcon_core.package_identification:_identify(build) by extension 'ignore'
[0.673s] Level 1:colcon.colcon_core.package_identification:_identify(build) ignored
[0.674s] Level 1:colcon.colcon_core.package_identification:_identify(install) by extensions ['ignore', 'ignore_ament_install']
[0.674s] Level 1:colcon.colcon_core.package_identification:_identify(install) by extension 'ignore'
[0.674s] Level 1:colcon.colcon_core.package_identification:_identify(install) ignored
[0.674s] Level 1:colcon.colcon_core.package_identification:_identify(log) by extensions ['ignore', 'ignore_ament_install']
[0.674s] Level 1:colcon.colcon_core.package_identification:_identify(log) by extension 'ignore'
[0.674s] Level 1:colcon.colcon_core.package_identification:_identify(log) ignored
[0.675s] Level 1:colcon.colcon_core.package_identification:_identify(src) by extensions ['ignore', 'ignore_ament_install']
[0.675s] Level 1:colcon.colcon_core.package_identification:_identify(src) by extension 'ignore'
[0.675s] Level 1:colcon.colcon_core.package_identification:_identify(src) by extension 'ignore_ament_install'
[0.675s] Level 1:colcon.colcon_core.package_identification:_identify(src) by extensions ['colcon_pkg']
[0.675s] Level 1:colcon.colcon_core.package_identification:_identify(src) by extension 'colcon_pkg'
[0.675s] Level 1:colcon.colcon_core.package_identification:_identify(src) by extensions ['colcon_meta']
[0.675s] Level 1:colcon.colcon_core.package_identification:_identify(src) by extension 'colcon_meta'
[0.675s] Level 1:colcon.colcon_core.package_identification:_identify(src) by extensions ['ros']
[0.675s] Level 1:colcon.colcon_core.package_identification:_identify(src) by extension 'ros'
[0.675s] Level 1:colcon.colcon_core.package_identification:_identify(src) by extensions ['cmake', 'python']
[0.676s] Level 1:colcon.colcon_core.package_identification:_identify(src) by extension 'cmake'
[0.676s] Level 1:colcon.colcon_core.package_identification:_identify(src) by extension 'python'
[0.676s] Level 1:colcon.colcon_core.package_identification:_identify(src) by extensions ['python_setup_py']
[0.676s] Level 1:colcon.colcon_core.package_identification:_identify(src) by extension 'python_setup_py'
[0.676s] Level 1:colcon.colcon_core.package_identification:_identify(src/diffdrive_arduino) by extensions ['ignore', 'ignore_ament_install']
[0.676s] Level 1:colcon.colcon_core.package_identification:_identify(src/diffdrive_arduino) by extension 'ignore'
[0.676s] Level 1:colcon.colcon_core.package_identification:_identify(src/diffdrive_arduino) by extension 'ignore_ament_install'
[0.676s] Level 1:colcon.colcon_core.package_identification:_identify(src/diffdrive_arduino) by extensions ['colcon_pkg']
[0.676s] Level 1:colcon.colcon_core.package_identification:_identify(src/diffdrive_arduino) by extension 'colcon_pkg'
[0.676s] Level 1:colcon.colcon_core.package_identification:_identify(src/diffdrive_arduino) by extensions ['colcon_meta']
[0.677s] Level 1:colcon.colcon_core.package_identification:_identify(src/diffdrive_arduino) by extension 'colcon_meta'
[0.677s] Level 1:colcon.colcon_core.package_identification:_identify(src/diffdrive_arduino) by extensions ['ros']
[0.677s] Level 1:colcon.colcon_core.package_identification:_identify(src/diffdrive_arduino) by extension 'ros'
[0.682s] DEBUG:colcon.colcon_core.package_identification:Package 'src/diffdrive_arduino' with type 'ros.ament_cmake' and name 'diffdrive_arduino'
[0.682s] Level 1:colcon.colcon_core.package_identification:_identify(src/robot) by extensions ['ignore', 'ignore_ament_install']
[0.682s] Level 1:colcon.colcon_core.package_identification:_identify(src/robot) by extension 'ignore'
[0.682s] Level 1:colcon.colcon_core.package_identification:_identify(src/robot) by extension 'ignore_ament_install'
[0.682s] Level 1:colcon.colcon_core.package_identification:_identify(src/robot) by extensions ['colcon_pkg']
[0.683s] Level 1:colcon.colcon_core.package_identification:_identify(src/robot) by extension 'colcon_pkg'
[0.683s] Level 1:colcon.colcon_core.package_identification:_identify(src/robot) by extensions ['colcon_meta']
[0.683s] Level 1:colcon.colcon_core.package_identification:_identify(src/robot) by extension 'colcon_meta'
[0.683s] Level 1:colcon.colcon_core.package_identification:_identify(src/robot) by extensions ['ros']
[0.683s] Level 1:colcon.colcon_core.package_identification:_identify(src/robot) by extension 'ros'
[0.684s] DEBUG:colcon.colcon_core.package_identification:Package 'src/robot' with type 'ros.ament_cmake' and name 'robot'
[0.684s] Level 1:colcon.colcon_core.package_identification:_identify(src/serial) by extensions ['ignore', 'ignore_ament_install']
[0.684s] Level 1:colcon.colcon_core.package_identification:_identify(src/serial) by extension 'ignore'
[0.685s] Level 1:colcon.colcon_core.package_identification:_identify(src/serial) by extension 'ignore_ament_install'
[0.685s] Level 1:colcon.colcon_core.package_identification:_identify(src/serial) by extensions ['colcon_pkg']
[0.685s] Level 1:colcon.colcon_core.package_identification:_identify(src/serial) by extension 'colcon_pkg'
[0.685s] Level 1:colcon.colcon_core.package_identification:_identify(src/serial) by extensions ['colcon_meta']
[0.685s] Level 1:colcon.colcon_core.package_identification:_identify(src/serial) by extension 'colcon_meta'
[0.685s] Level 1:colcon.colcon_core.package_identification:_identify(src/serial) by extensions ['ros']
[0.685s] Level 1:colcon.colcon_core.package_identification:_identify(src/serial) by extension 'ros'
[0.686s] DEBUG:colcon.colcon_core.package_identification:Package 'src/serial' with type 'ros.ament_cmake' and name 'serial'
[0.686s] Level 1:colcon.colcon_core.package_identification:_identify(src/ydlidar_ros2_ws) by extensions ['ignore', 'ignore_ament_install']
[0.687s] Level 1:colcon.colcon_core.package_identification:_identify(src/ydlidar_ros2_ws) by extension 'ignore'
[0.687s] Level 1:colcon.colcon_core.package_identification:_identify(src/ydlidar_ros2_ws) by extension 'ignore_ament_install'
[0.687s] Level 1:colcon.colcon_core.package_identification:_identify(src/ydlidar_ros2_ws) by extensions ['colcon_pkg']
[0.687s] Level 1:colcon.colcon_core.package_identification:_identify(src/ydlidar_ros2_ws) by extension 'colcon_pkg'
[0.687s] Level 1:colcon.colcon_core.package_identification:_identify(src/ydlidar_ros2_ws) by extensions ['colcon_meta']
[0.687s] Level 1:colcon.colcon_core.package_identification:_identify(src/ydlidar_ros2_ws) by extension 'colcon_meta'
[0.687s] Level 1:colcon.colcon_core.package_identification:_identify(src/ydlidar_ros2_ws) by extensions ['ros']
[0.687s] Level 1:colcon.colcon_core.package_identification:_identify(src/ydlidar_ros2_ws) by extension 'ros'
[0.687s] Level 1:colcon.colcon_core.package_identification:_identify(src/ydlidar_ros2_ws) by extensions ['cmake', 'python']
[0.687s] Level 1:colcon.colcon_core.package_identification:_identify(src/ydlidar_ros2_ws) by extension 'cmake'
[0.687s] Level 1:colcon.colcon_core.package_identification:_identify(src/ydlidar_ros2_ws) by extension 'python'
[0.688s] Level 1:colcon.colcon_core.package_identification:_identify(src/ydlidar_ros2_ws) by extensions ['python_setup_py']
[0.688s] Level 1:colcon.colcon_core.package_identification:_identify(src/ydlidar_ros2_ws) by extension 'python_setup_py'
[0.688s] Level 1:colcon.colcon_core.package_identification:_identify(src/ydlidar_ros2_ws/src) by extensions ['ignore', 'ignore_ament_install']
[0.688s] Level 1:colcon.colcon_core.package_identification:_identify(src/ydlidar_ros2_ws/src) by extension 'ignore'
[0.688s] Level 1:colcon.colcon_core.package_identification:_identify(src/ydlidar_ros2_ws/src) by extension 'ignore_ament_install'
[0.688s] Level 1:colcon.colcon_core.package_identification:_identify(src/ydlidar_ros2_ws/src) by extensions ['colcon_pkg']
[0.688s] Level 1:colcon.colcon_core.package_identification:_identify(src/ydlidar_ros2_ws/src) by extension 'colcon_pkg'
[0.688s] Level 1:colcon.colcon_core.package_identification:_identify(src/ydlidar_ros2_ws/src) by extensions ['colcon_meta']
[0.688s] Level 1:colcon.colcon_core.package_identification:_identify(src/ydlidar_ros2_ws/src) by extension 'colcon_meta'
[0.688s] Level 1:colcon.colcon_core.package_identification:_identify(src/ydlidar_ros2_ws/src) by extensions ['ros']
[0.689s] Level 1:colcon.colcon_core.package_identification:_identify(src/ydlidar_ros2_ws/src) by extension 'ros'
[0.689s] Level 1:colcon.colcon_core.package_identification:_identify(src/ydlidar_ros2_ws/src) by extensions ['cmake', 'python']
[0.689s] Level 1:colcon.colcon_core.package_identification:_identify(src/ydlidar_ros2_ws/src) by extension 'cmake'
[0.689s] Level 1:colcon.colcon_core.package_identification:_identify(src/ydlidar_ros2_ws/src) by extension 'python'
[0.689s] Level 1:colcon.colcon_core.package_identification:_identify(src/ydlidar_ros2_ws/src) by extensions ['python_setup_py']
[0.689s] Level 1:colcon.colcon_core.package_identification:_identify(src/ydlidar_ros2_ws/src) by extension 'python_setup_py'
[0.689s] Level 1:colcon.colcon_core.package_identification:_identify(src/ydlidar_ros2_ws/src/ydlidar_ros2_driver) by extensions ['ignore', 'ignore_ament_install']
[0.689s] Level 1:colcon.colcon_core.package_identification:_identify(src/ydlidar_ros2_ws/src/ydlidar_ros2_driver) by extension 'ignore'
[0.689s] Level 1:colcon.colcon_core.package_identification:_identify(src/ydlidar_ros2_ws/src/ydlidar_ros2_driver) by extension 'ignore_ament_install'
[0.690s] Level 1:colcon.colcon_core.package_identification:_identify(src/ydlidar_ros2_ws/src/ydlidar_ros2_driver) by extensions ['colcon_pkg']
[0.690s] Level 1:colcon.colcon_core.package_identification:_identify(src/ydlidar_ros2_ws/src/ydlidar_ros2_driver) by extension 'colcon_pkg'
[0.690s] Level 1:colcon.colcon_core.package_identification:_identify(src/ydlidar_ros2_ws/src/ydlidar_ros2_driver) by extensions ['colcon_meta']
[0.690s] Level 1:colcon.colcon_core.package_identification:_identify(src/ydlidar_ros2_ws/src/ydlidar_ros2_driver) by extension 'colcon_meta'
[0.690s] Level 1:colcon.colcon_core.package_identification:_identify(src/ydlidar_ros2_ws/src/ydlidar_ros2_driver) by extensions ['ros']
[0.690s] Level 1:colcon.colcon_core.package_identification:_identify(src/ydlidar_ros2_ws/src/ydlidar_ros2_driver) by extension 'ros'
[0.691s] DEBUG:colcon.colcon_core.package_identification:Package 'src/ydlidar_ros2_ws/src/ydlidar_ros2_driver' with type 'ros.ament_cmake' and name 'ydlidar_ros2_driver'
[0.691s] Level 1:colcon.colcon_core.package_discovery:discover_packages(recursive) using defaults
[0.691s] Level 1:colcon.colcon_core.package_discovery:discover_packages(ignore) discover
[0.691s] Level 1:colcon.colcon_core.package_discovery:discover_packages(ignore) using defaults
[0.691s] Level 1:colcon.colcon_core.package_discovery:discover_packages(path) discover
[0.691s] Level 1:colcon.colcon_core.package_discovery:discover_packages(path) using defaults
[0.738s] Level 1:colcon.colcon_core.package_discovery:discover_packages(prefix_path) check parameters
[0.738s] Level 1:colcon.colcon_core.package_discovery:discover_packages(prefix_path) discover
[0.746s] DEBUG:colcon.colcon_installed_package_information.package_discovery:Found 331 installed packages in /opt/ros/foxy
[0.749s] Level 1:colcon.colcon_core.package_discovery:discover_packages(prefix_path) using defaults
[0.877s] Level 5:colcon.colcon_core.verb:set package 'robot' build argument 'cmake_args' from command line to 'None'
[0.878s] Level 5:colcon.colcon_core.verb:set package 'robot' build argument 'cmake_target' from command line to 'None'
[0.878s] Level 5:colcon.colcon_core.verb:set package 'robot' build argument 'cmake_target_skip_unavailable' from command line to 'False'
[0.878s] Level 5:colcon.colcon_core.verb:set package 'robot' build argument 'cmake_clean_cache' from command line to 'False'
[0.878s] Level 5:colcon.colcon_core.verb:set package 'robot' build argument 'cmake_clean_first' from command line to 'False'
[0.878s] Level 5:colcon.colcon_core.verb:set package 'robot' build argument 'cmake_force_configure' from command line to 'False'
[0.878s] Level 5:colcon.colcon_core.verb:set package 'robot' build argument 'ament_cmake_args' from command line to 'None'
[0.878s] Level 5:colcon.colcon_core.verb:set package 'robot' build argument 'catkin_cmake_args' from command line to 'None'
[0.878s] Level 5:colcon.colcon_core.verb:set package 'robot' build argument 'catkin_skip_building_tests' from command line to 'False'
[0.878s] DEBUG:colcon.colcon_core.verb:Building package 'robot' with the following arguments: {'ament_cmake_args': None, 'build_base': '/home/jermito/rina_ws/build/robot', 'catkin_cmake_args': None, 'catkin_skip_building_tests': False, 'cmake_args': None, 'cmake_clean_cache': False, 'cmake_clean_first': False, 'cmake_force_configure': False, 'cmake_target': None, 'cmake_target_skip_unavailable': False, 'install_base': '/home/jermito/rina_ws/install/robot', 'merge_install': False, 'path': '/home/jermito/rina_ws/src/robot', 'symlink_install': True, 'test_result_base': None}
[0.880s] Level 5:colcon.colcon_core.verb:set package 'serial' build argument 'cmake_args' from command line to 'None'
[0.880s] Level 5:colcon.colcon_core.verb:set package 'serial' build argument 'cmake_target' from command line to 'None'
[0.880s] Level 5:colcon.colcon_core.verb:set package 'serial' build argument 'cmake_target_skip_unavailable' from command line to 'False'
[0.880s] Level 5:colcon.colcon_core.verb:set package 'serial' build argument 'cmake_clean_cache' from command line to 'False'
[0.880s] Level 5:colcon.colcon_core.verb:set package 'serial' build argument 'cmake_clean_first' from command line to 'False'
[0.880s] Level 5:colcon.colcon_core.verb:set package 'serial' build argument 'cmake_force_configure' from command line to 'False'
[0.880s] Level 5:colcon.colcon_core.verb:set package 'serial' build argument 'ament_cmake_args' from command line to 'None'
[0.881s] Level 5:colcon.colcon_core.verb:set package 'serial' build argument 'catkin_cmake_args' from command line to 'None'
[0.881s] Level 5:colcon.colcon_core.verb:set package 'serial' build argument 'catkin_skip_building_tests' from command line to 'False'
[0.881s] DEBUG:colcon.colcon_core.verb:Building package 'serial' with the following arguments: {'ament_cmake_args': None, 'build_base': '/home/jermito/rina_ws/build/serial', 'catkin_cmake_args': None, 'catkin_skip_building_tests': False, 'cmake_args': None, 'cmake_clean_cache': False, 'cmake_clean_first': False, 'cmake_force_configure': False, 'cmake_target': None, 'cmake_target_skip_unavailable': False, 'install_base': '/home/jermito/rina_ws/install/serial', 'merge_install': False, 'path': '/home/jermito/rina_ws/src/serial', 'symlink_install': True, 'test_result_base': None}
[0.883s] Level 5:colcon.colcon_core.verb:set package 'ydlidar_ros2_driver' build argument 'cmake_args' from command line to 'None'
[0.883s] Level 5:colcon.colcon_core.verb:set package 'ydlidar_ros2_driver' build argument 'cmake_target' from command line to 'None'
[0.883s] Level 5:colcon.colcon_core.verb:set package 'ydlidar_ros2_driver' build argument 'cmake_target_skip_unavailable' from command line to 'False'
[0.883s] Level 5:colcon.colcon_core.verb:set package 'ydlidar_ros2_driver' build argument 'cmake_clean_cache' from command line to 'False'
[0.883s] Level 5:colcon.colcon_core.verb:set package 'ydlidar_ros2_driver' build argument 'cmake_clean_first' from command line to 'False'
[0.883s] Level 5:colcon.colcon_core.verb:set package 'ydlidar_ros2_driver' build argument 'cmake_force_configure' from command line to 'False'
[0.883s] Level 5:colcon.colcon_core.verb:set package 'ydlidar_ros2_driver' build argument 'ament_cmake_args' from command line to 'None'
[0.883s] Level 5:colcon.colcon_core.verb:set package 'ydlidar_ros2_driver' build argument 'catkin_cmake_args' from command line to 'None'
[0.883s] Level 5:colcon.colcon_core.verb:set package 'ydlidar_ros2_driver' build argument 'catkin_skip_building_tests' from command line to 'False'
[0.883s] DEBUG:colcon.colcon_core.verb:Building package 'ydlidar_ros2_driver' with the following arguments: {'ament_cmake_args': None, 'build_base': '/home/jermito/rina_ws/build/ydlidar_ros2_driver', 'catkin_cmake_args': None, 'catkin_skip_building_tests': False, 'cmake_args': None, 'cmake_clean_cache': False, 'cmake_clean_first': False, 'cmake_force_configure': False, 'cmake_target': None, 'cmake_target_skip_unavailable': False, 'install_base': '/home/jermito/rina_ws/install/ydlidar_ros2_driver', 'merge_install': False, 'path': '/home/jermito/rina_ws/src/ydlidar_ros2_ws/src/ydlidar_ros2_driver', 'symlink_install': True, 'test_result_base': None}
[0.885s] Level 5:colcon.colcon_core.verb:set package 'diffdrive_arduino' build argument 'cmake_args' from command line to 'None'
[0.885s] Level 5:colcon.colcon_core.verb:set package 'diffdrive_arduino' build argument 'cmake_target' from command line to 'None'
[0.885s] Level 5:colcon.colcon_core.verb:set package 'diffdrive_arduino' build argument 'cmake_target_skip_unavailable' from command line to 'False'
[0.885s] Level 5:colcon.colcon_core.verb:set package 'diffdrive_arduino' build argument 'cmake_clean_cache' from command line to 'False'
[0.885s] Level 5:colcon.colcon_core.verb:set package 'diffdrive_arduino' build argument 'cmake_clean_first' from command line to 'False'
[0.886s] Level 5:colcon.colcon_core.verb:set package 'diffdrive_arduino' build argument 'cmake_force_configure' from command line to 'False'
[0.886s] Level 5:colcon.colcon_core.verb:set package 'diffdrive_arduino' build argument 'ament_cmake_args' from command line to 'None'
[0.886s] Level 5:colcon.colcon_core.verb:set package 'diffdrive_arduino' build argument 'catkin_cmake_args' from command line to 'None'
[0.886s] Level 5:colcon.colcon_core.verb:set package 'diffdrive_arduino' build argument 'catkin_skip_building_tests' from command line to 'False'
[0.886s] DEBUG:colcon.colcon_core.verb:Building package 'diffdrive_arduino' with the following arguments: {'ament_cmake_args': None, 'build_base': '/home/jermito/rina_ws/build/diffdrive_arduino', 'catkin_cmake_args': None, 'catkin_skip_building_tests': False, 'cmake_args': None, 'cmake_clean_cache': False, 'cmake_clean_first': False, 'cmake_force_configure': False, 'cmake_target': None, 'cmake_target_skip_unavailable': False, 'install_base': '/home/jermito/rina_ws/install/diffdrive_arduino', 'merge_install': False, 'path': '/home/jermito/rina_ws/src/diffdrive_arduino', 'symlink_install': True, 'test_result_base': None}
[0.887s] INFO:colcon.colcon_core.executor:Executing jobs using 'parallel' executor
[0.894s] DEBUG:colcon.colcon_parallel_executor.executor.parallel:run_until_complete
[0.895s] INFO:colcon.colcon_ros.task.ament_cmake.build:Building ROS package in '/home/jermito/rina_ws/src/serial' with build type 'ament_cmake'
[0.895s] INFO:colcon.colcon_cmake.task.cmake.build:Building CMake package in '/home/jermito/rina_ws/src/serial'
[0.904s] INFO:colcon.colcon_core.plugin_system:Skipping extension 'colcon_core.shell.bat': Not used on non-Windows systems
[0.905s] INFO:colcon.colcon_core.shell:Skip shell extension 'powershell' for command environment: Not usable outside of PowerShell
[0.905s] DEBUG:colcon.colcon_core.shell:Skip shell extension 'dsv' for command environment
[0.915s] INFO:colcon.colcon_ros.task.ament_cmake.build:Building ROS package in '/home/jermito/rina_ws/src/robot' with build type 'ament_cmake'
[0.916s] INFO:colcon.colcon_cmake.task.cmake.build:Building CMake package in '/home/jermito/rina_ws/src/robot'
[0.920s] INFO:colcon.colcon_core.shell:Skip shell extension 'powershell' for command environment: Not usable outside of PowerShell
[0.920s] DEBUG:colcon.colcon_core.shell:Skip shell extension 'dsv' for command environment
[0.930s] INFO:colcon.colcon_ros.task.ament_cmake.build:Building ROS package in '/home/jermito/rina_ws/src/ydlidar_ros2_ws/src/ydlidar_ros2_driver' with build type 'ament_cmake'
[0.931s] INFO:colcon.colcon_cmake.task.cmake.build:Building CMake package in '/home/jermito/rina_ws/src/ydlidar_ros2_ws/src/ydlidar_ros2_driver'
[0.937s] INFO:colcon.colcon_core.shell:Skip shell extension 'powershell' for command environment: Not usable outside of PowerShell
[0.937s] DEBUG:colcon.colcon_core.shell:Skip shell extension 'dsv' for command environment
[0.962s] DEBUG:colcon.colcon_core.event_handler.log_command:Invoking command in '/home/jermito/rina_ws/build/serial': CMAKE_PREFIX_PATH=/opt/ros/foxy /usr/bin/cmake --build /home/jermito/rina_ws/build/serial -- -j8 -l8
[0.972s] DEBUG:colcon.colcon_core.event_handler.log_command:Invoking command in '/home/jermito/rina_ws/build/robot': CMAKE_PREFIX_PATH=/opt/ros/foxy /usr/bin/cmake --build /home/jermito/rina_ws/build/robot -- -j8 -l8
[0.985s] DEBUG:colcon.colcon_core.event_handler.log_command:Invoking command in '/home/jermito/rina_ws/build/ydlidar_ros2_driver': CMAKE_PREFIX_PATH=/opt/ros/foxy /usr/bin/cmake --build /home/jermito/rina_ws/build/ydlidar_ros2_driver -- -j8 -l8
[1.048s] DEBUG:colcon.colcon_core.event_handler.log_command:Invoked command in '/home/jermito/rina_ws/build/robot' returned '0': CMAKE_PREFIX_PATH=/opt/ros/foxy /usr/bin/cmake --build /home/jermito/rina_ws/build/robot -- -j8 -l8
[1.114s] DEBUG:colcon.colcon_core.event_handler.log_command:Invoking command in '/home/jermito/rina_ws/build/robot': CMAKE_PREFIX_PATH=/opt/ros/foxy /usr/bin/cmake --install /home/jermito/rina_ws/build/robot
[1.140s] DEBUG:colcon.colcon_core.event_handler.log_command:Invoked command in '/home/jermito/rina_ws/build/serial' returned '0': CMAKE_PREFIX_PATH=/opt/ros/foxy /usr/bin/cmake --build /home/jermito/rina_ws/build/serial -- -j8 -l8
[1.154s] DEBUG:colcon.colcon_core.event_handler.log_command:Invoked command in '/home/jermito/rina_ws/build/ydlidar_ros2_driver' returned '0': CMAKE_PREFIX_PATH=/opt/ros/foxy /usr/bin/cmake --build /home/jermito/rina_ws/build/ydlidar_ros2_driver -- -j8 -l8
[1.175s] Level 1:colcon.colcon_core.environment:create_environment_scripts_only(robot)
[1.178s] DEBUG:colcon.colcon_core.event_handler.log_command:Invoked command in '/home/jermito/rina_ws/build/robot' returned '0': CMAKE_PREFIX_PATH=/opt/ros/foxy /usr/bin/cmake --install /home/jermito/rina_ws/build/robot
[1.194s] Level 1:colcon.colcon_core.environment:checking '/home/jermito/rina_ws/install/robot' for CMake module files
[1.195s] Level 1:colcon.colcon_core.environment:checking '/home/jermito/rina_ws/install/robot' for CMake config files
[1.196s] Level 1:colcon.colcon_core.shell:create_environment_hook('robot', 'cmake_prefix_path')
[1.199s] INFO:colcon.colcon_core.shell:Creating environment hook '/home/jermito/rina_ws/install/robot/share/robot/hook/cmake_prefix_path.ps1'
[1.201s] INFO:colcon.colcon_core.shell:Creating environment descriptor '/home/jermito/rina_ws/install/robot/share/robot/hook/cmake_prefix_path.dsv'
[1.202s] INFO:colcon.colcon_core.shell:Creating environment hook '/home/jermito/rina_ws/install/robot/share/robot/hook/cmake_prefix_path.sh'
[1.203s] Level 1:colcon.colcon_core.environment:checking '/home/jermito/rina_ws/install/robot/bin'
[1.204s] Level 1:colcon.colcon_core.environment:checking '/home/jermito/rina_ws/install/robot/lib/pkgconfig/robot.pc'
[1.204s] Level 1:colcon.colcon_core.environment:checking '/home/jermito/rina_ws/install/robot/lib/python3.8/site-packages'
[1.204s] Level 1:colcon.colcon_core.environment:checking '/home/jermito/rina_ws/install/robot/bin'
[1.208s] INFO:colcon.colcon_core.shell:Creating package script '/home/jermito/rina_ws/install/robot/share/robot/package.ps1'
[1.210s] INFO:colcon.colcon_core.shell:Creating package descriptor '/home/jermito/rina_ws/install/robot/share/robot/package.dsv'
[1.211s] INFO:colcon.colcon_core.shell:Creating package script '/home/jermito/rina_ws/install/robot/share/robot/package.sh'
[1.213s] INFO:colcon.colcon_core.shell:Creating package script '/home/jermito/rina_ws/install/robot/share/robot/package.bash'
[1.214s] INFO:colcon.colcon_core.shell:Creating package script '/home/jermito/rina_ws/install/robot/share/robot/package.zsh'
[1.215s] Level 1:colcon.colcon_core.environment:create_file_with_runtime_dependencies(/home/jermito/rina_ws/install/robot/share/colcon-core/packages/robot)
[1.226s] DEBUG:colcon.colcon_core.event_handler.log_command:Invoking command in '/home/jermito/rina_ws/build/serial': CMAKE_PREFIX_PATH=/opt/ros/foxy /usr/bin/cmake --install /home/jermito/rina_ws/build/serial
[1.232s] DEBUG:colcon.colcon_core.event_handler.log_command:Invoking command in '/home/jermito/rina_ws/build/ydlidar_ros2_driver': CMAKE_PREFIX_PATH=/opt/ros/foxy /usr/bin/cmake --install /home/jermito/rina_ws/build/ydlidar_ros2_driver
[1.256s] Level 1:colcon.colcon_core.environment:create_environment_scripts_only(robot)
[1.263s] Level 1:colcon.colcon_core.environment:checking '/home/jermito/rina_ws/install/robot' for CMake module files
[1.268s] Level 1:colcon.colcon_core.environment:checking '/home/jermito/rina_ws/install/robot' for CMake config files
[1.271s] Level 1:colcon.colcon_core.shell:create_environment_hook('robot', 'cmake_prefix_path')
[1.276s] INFO:colcon.colcon_core.shell:Creating environment hook '/home/jermito/rina_ws/install/robot/share/robot/hook/cmake_prefix_path.ps1'
[1.278s] INFO:colcon.colcon_core.shell:Creating environment descriptor '/home/jermito/rina_ws/install/robot/share/robot/hook/cmake_prefix_path.dsv'
[1.279s] INFO:colcon.colcon_core.shell:Creating environment hook '/home/jermito/rina_ws/install/robot/share/robot/hook/cmake_prefix_path.sh'
[1.281s] Level 1:colcon.colcon_core.environment:checking '/home/jermito/rina_ws/install/robot/bin'
[1.282s] Level 1:colcon.colcon_core.environment:checking '/home/jermito/rina_ws/install/robot/lib/pkgconfig/robot.pc'
[1.282s] Level 1:colcon.colcon_core.environment:checking '/home/jermito/rina_ws/install/robot/lib/python3.8/site-packages'
[1.283s] Level 1:colcon.colcon_core.environment:checking '/home/jermito/rina_ws/install/robot/bin'
[1.288s] INFO:colcon.colcon_core.shell:Creating package script '/home/jermito/rina_ws/install/robot/share/robot/package.ps1'
[1.290s] INFO:colcon.colcon_core.shell:Creating package descriptor '/home/jermito/rina_ws/install/robot/share/robot/package.dsv'
[1.291s] INFO:colcon.colcon_core.shell:Creating package script '/home/jermito/rina_ws/install/robot/share/robot/package.sh'
[1.292s] INFO:colcon.colcon_core.shell:Creating package script '/home/jermito/rina_ws/install/robot/share/robot/package.bash'
[1.293s] INFO:colcon.colcon_core.shell:Creating package script '/home/jermito/rina_ws/install/robot/share/robot/package.zsh'
[1.293s] Level 1:colcon.colcon_core.environment:create_file_with_runtime_dependencies(/home/jermito/rina_ws/install/robot/share/colcon-core/packages/robot)
[1.296s] Level 1:colcon.colcon_core.environment:create_environment_scripts_only(ydlidar_ros2_driver)
[1.302s] Level 1:colcon.colcon_core.environment:checking '/home/jermito/rina_ws/install/ydlidar_ros2_driver' for CMake module files
[1.303s] DEBUG:colcon.colcon_core.event_handler.log_command:Invoked command in '/home/jermito/rina_ws/build/ydlidar_ros2_driver' returned '0': CMAKE_PREFIX_PATH=/opt/ros/foxy /usr/bin/cmake --install /home/jermito/rina_ws/build/ydlidar_ros2_driver
[1.304s] Level 1:colcon.colcon_core.environment:checking '/home/jermito/rina_ws/install/ydlidar_ros2_driver' for CMake config files
[1.304s] Level 1:colcon.colcon_core.shell:create_environment_hook('ydlidar_ros2_driver', 'cmake_prefix_path')
[1.308s] INFO:colcon.colcon_core.shell:Creating environment hook '/home/jermito/rina_ws/install/ydlidar_ros2_driver/share/ydlidar_ros2_driver/hook/cmake_prefix_path.ps1'
[1.309s] INFO:colcon.colcon_core.shell:Creating environment descriptor '/home/jermito/rina_ws/install/ydlidar_ros2_driver/share/ydlidar_ros2_driver/hook/cmake_prefix_path.dsv'
[1.309s] INFO:colcon.colcon_core.shell:Creating environment hook '/home/jermito/rina_ws/install/ydlidar_ros2_driver/share/ydlidar_ros2_driver/hook/cmake_prefix_path.sh'
[1.310s] Level 1:colcon.colcon_core.environment:checking '/home/jermito/rina_ws/install/ydlidar_ros2_driver/lib'
[1.311s] Level 1:colcon.colcon_core.environment:checking '/home/jermito/rina_ws/install/ydlidar_ros2_driver/bin'
[1.311s] Level 1:colcon.colcon_core.environment:checking '/home/jermito/rina_ws/install/ydlidar_ros2_driver/lib/pkgconfig/ydlidar_ros2_driver.pc'
[1.311s] Level 1:colcon.colcon_core.environment:checking '/home/jermito/rina_ws/install/ydlidar_ros2_driver/lib/python3.8/site-packages'
[1.312s] Level 1:colcon.colcon_core.environment:checking '/home/jermito/rina_ws/install/ydlidar_ros2_driver/bin'
[1.315s] INFO:colcon.colcon_core.shell:Creating package script '/home/jermito/rina_ws/install/ydlidar_ros2_driver/share/ydlidar_ros2_driver/package.ps1'
[1.316s] INFO:colcon.colcon_core.shell:Creating package descriptor '/home/jermito/rina_ws/install/ydlidar_ros2_driver/share/ydlidar_ros2_driver/package.dsv'
[1.316s] INFO:colcon.colcon_core.shell:Creating package script '/home/jermito/rina_ws/install/ydlidar_ros2_driver/share/ydlidar_ros2_driver/package.sh'
[1.317s] INFO:colcon.colcon_core.shell:Creating package script '/home/jermito/rina_ws/install/ydlidar_ros2_driver/share/ydlidar_ros2_driver/package.bash'
[1.318s] INFO:colcon.colcon_core.shell:Creating package script '/home/jermito/rina_ws/install/ydlidar_ros2_driver/share/ydlidar_ros2_driver/package.zsh'
[1.318s] Level 1:colcon.colcon_core.environment:create_file_with_runtime_dependencies(/home/jermito/rina_ws/install/ydlidar_ros2_driver/share/colcon-core/packages/ydlidar_ros2_driver)
[1.323s] Level 1:colcon.colcon_core.environment:create_environment_scripts_only(serial)
[1.324s] DEBUG:colcon.colcon_core.event_handler.log_command:Invoked command in '/home/jermito/rina_ws/build/serial' returned '0': CMAKE_PREFIX_PATH=/opt/ros/foxy /usr/bin/cmake --install /home/jermito/rina_ws/build/serial
[1.329s] Level 1:colcon.colcon_core.environment:checking '/home/jermito/rina_ws/install/serial' for CMake module files
[1.330s] Level 1:colcon.colcon_core.environment:checking '/home/jermito/rina_ws/install/serial' for CMake config files
[1.331s] Level 1:colcon.colcon_core.shell:create_environment_hook('serial', 'cmake_prefix_path')
[1.335s] INFO:colcon.colcon_core.shell:Creating environment hook '/home/jermito/rina_ws/install/serial/share/serial/hook/cmake_prefix_path.ps1'
[1.336s] INFO:colcon.colcon_core.shell:Creating environment descriptor '/home/jermito/rina_ws/install/serial/share/serial/hook/cmake_prefix_path.dsv'
[1.337s] INFO:colcon.colcon_core.shell:Creating environment hook '/home/jermito/rina_ws/install/serial/share/serial/hook/cmake_prefix_path.sh'
[1.338s] Level 1:colcon.colcon_core.environment:checking '/home/jermito/rina_ws/install/serial/lib'
[1.338s] Level 1:colcon.colcon_core.environment:checking '/home/jermito/rina_ws/install/serial/bin'
[1.339s] Level 1:colcon.colcon_core.environment:checking '/home/jermito/rina_ws/install/serial/lib/pkgconfig/serial.pc'
[1.339s] Level 1:colcon.colcon_core.environment:checking '/home/jermito/rina_ws/install/serial/lib/python3.8/site-packages'
[1.339s] Level 1:colcon.colcon_core.environment:checking '/home/jermito/rina_ws/install/serial/bin'
[1.343s] INFO:colcon.colcon_core.shell:Creating package script '/home/jermito/rina_ws/install/serial/share/serial/package.ps1'
[1.344s] INFO:colcon.colcon_core.shell:Creating package descriptor '/home/jermito/rina_ws/install/serial/share/serial/package.dsv'
[1.344s] INFO:colcon.colcon_core.shell:Creating package script '/home/jermito/rina_ws/install/serial/share/serial/package.sh'
[1.345s] INFO:colcon.colcon_core.shell:Creating package script '/home/jermito/rina_ws/install/serial/share/serial/package.bash'
[1.345s] INFO:colcon.colcon_core.shell:Creating package script '/home/jermito/rina_ws/install/serial/share/serial/package.zsh'
[1.346s] Level 1:colcon.colcon_core.environment:create_file_with_runtime_dependencies(/home/jermito/rina_ws/install/serial/share/colcon-core/packages/serial)
[1.363s] Level 1:colcon.colcon_core.environment:create_environment_scripts_only(ydlidar_ros2_driver)
[1.367s] Level 1:colcon.colcon_core.environment:checking '/home/jermito/rina_ws/install/ydlidar_ros2_driver' for CMake module files
[1.369s] Level 1:colcon.colcon_core.environment:checking '/home/jermito/rina_ws/install/ydlidar_ros2_driver' for CMake config files
[1.370s] Level 1:colcon.colcon_core.shell:create_environment_hook('ydlidar_ros2_driver', 'cmake_prefix_path')
[1.373s] INFO:colcon.colcon_core.shell:Creating environment hook '/home/jermito/rina_ws/install/ydlidar_ros2_driver/share/ydlidar_ros2_driver/hook/cmake_prefix_path.ps1'
[1.374s] INFO:colcon.colcon_core.shell:Creating environment descriptor '/home/jermito/rina_ws/install/ydlidar_ros2_driver/share/ydlidar_ros2_driver/hook/cmake_prefix_path.dsv'
[1.375s] INFO:colcon.colcon_core.shell:Creating environment hook '/home/jermito/rina_ws/install/ydlidar_ros2_driver/share/ydlidar_ros2_driver/hook/cmake_prefix_path.sh'
[1.375s] Level 1:colcon.colcon_core.environment:checking '/home/jermito/rina_ws/install/ydlidar_ros2_driver/lib'
[1.376s] Level 1:colcon.colcon_core.environment:checking '/home/jermito/rina_ws/install/ydlidar_ros2_driver/bin'
[1.376s] Level 1:colcon.colcon_core.environment:checking '/home/jermito/rina_ws/install/ydlidar_ros2_driver/lib/pkgconfig/ydlidar_ros2_driver.pc'
[1.376s] Level 1:colcon.colcon_core.environment:checking '/home/jermito/rina_ws/install/ydlidar_ros2_driver/lib/python3.8/site-packages'
[1.377s] Level 1:colcon.colcon_core.environment:checking '/home/jermito/rina_ws/install/ydlidar_ros2_driver/bin'
[1.380s] INFO:colcon.colcon_core.shell:Creating package script '/home/jermito/rina_ws/install/ydlidar_ros2_driver/share/ydlidar_ros2_driver/package.ps1'
[1.381s] INFO:colcon.colcon_core.shell:Creating package descriptor '/home/jermito/rina_ws/install/ydlidar_ros2_driver/share/ydlidar_ros2_driver/package.dsv'
[1.382s] INFO:colcon.colcon_core.shell:Creating package script '/home/jermito/rina_ws/install/ydlidar_ros2_driver/share/ydlidar_ros2_driver/package.sh'
[1.384s] INFO:colcon.colcon_core.shell:Creating package script '/home/jermito/rina_ws/install/ydlidar_ros2_driver/share/ydlidar_ros2_driver/package.bash'
[1.384s] INFO:colcon.colcon_core.shell:Creating package script '/home/jermito/rina_ws/install/ydlidar_ros2_driver/share/ydlidar_ros2_driver/package.zsh'
[1.385s] Level 1:colcon.colcon_core.environment:create_file_with_runtime_dependencies(/home/jermito/rina_ws/install/ydlidar_ros2_driver/share/colcon-core/packages/ydlidar_ros2_driver)
[1.400s] Level 1:colcon.colcon_core.environment:create_environment_scripts_only(serial)
[1.404s] Level 1:colcon.colcon_core.environment:checking '/home/jermito/rina_ws/install/serial' for CMake module files
[1.405s] Level 1:colcon.colcon_core.environment:checking '/home/jermito/rina_ws/install/serial' for CMake config files
[1.406s] Level 1:colcon.colcon_core.shell:create_environment_hook('serial', 'cmake_prefix_path')
[1.409s] INFO:colcon.colcon_core.shell:Creating environment hook '/home/jermito/rina_ws/install/serial/share/serial/hook/cmake_prefix_path.ps1'
[1.410s] INFO:colcon.colcon_core.shell:Creating environment descriptor '/home/jermito/rina_ws/install/serial/share/serial/hook/cmake_prefix_path.dsv'
[1.411s] INFO:colcon.colcon_core.shell:Creating environment hook '/home/jermito/rina_ws/install/serial/share/serial/hook/cmake_prefix_path.sh'
[1.412s] Level 1:colcon.colcon_core.environment:checking '/home/jermito/rina_ws/install/serial/lib'
[1.412s] Level 1:colcon.colcon_core.environment:checking '/home/jermito/rina_ws/install/serial/bin'
[1.412s] Level 1:colcon.colcon_core.environment:checking '/home/jermito/rina_ws/install/serial/lib/pkgconfig/serial.pc'
[1.412s] Level 1:colcon.colcon_core.environment:checking '/home/jermito/rina_ws/install/serial/lib/python3.8/site-packages'
[1.413s] Level 1:colcon.colcon_core.environment:checking '/home/jermito/rina_ws/install/serial/bin'
[1.416s] INFO:colcon.colcon_core.shell:Creating package script '/home/jermito/rina_ws/install/serial/share/serial/package.ps1'
[1.417s] INFO:colcon.colcon_core.shell:Creating package descriptor '/home/jermito/rina_ws/install/serial/share/serial/package.dsv'
[1.418s] INFO:colcon.colcon_core.shell:Creating package script '/home/jermito/rina_ws/install/serial/share/serial/package.sh'
[1.419s] INFO:colcon.colcon_core.shell:Creating package script '/home/jermito/rina_ws/install/serial/share/serial/package.bash'
[1.420s] INFO:colcon.colcon_core.shell:Creating package script '/home/jermito/rina_ws/install/serial/share/serial/package.zsh'
[1.420s] Level 1:colcon.colcon_core.environment:create_file_with_runtime_dependencies(/home/jermito/rina_ws/install/serial/share/colcon-core/packages/serial)
[1.421s] INFO:colcon.colcon_ros.task.ament_cmake.build:Building ROS package in '/home/jermito/rina_ws/src/diffdrive_arduino' with build type 'ament_cmake'
[1.422s] INFO:colcon.colcon_cmake.task.cmake.build:Building CMake package in '/home/jermito/rina_ws/src/diffdrive_arduino'
[1.425s] INFO:colcon.colcon_core.shell:Skip shell extension 'powershell' for command environment: Not usable outside of PowerShell
[1.425s] DEBUG:colcon.colcon_core.shell:Skip shell extension 'dsv' for command environment
[1.453s] DEBUG:colcon.colcon_core.event_handler.log_command:Invoking command in '/home/jermito/rina_ws/build/diffdrive_arduino': AMENT_PREFIX_PATH=/home/jermito/rina_ws/install/serial:${AMENT_PREFIX_PATH} CMAKE_PREFIX_PATH=/home/jermito/rina_ws/install/serial:/opt/ros/foxy LD_LIBRARY_PATH=/home/jermito/rina_ws/install/serial/lib:${LD_LIBRARY_PATH} /usr/bin/cmake --build /home/jermito/rina_ws/build/diffdrive_arduino -- -j8 -l8
[1.584s] DEBUG:colcon.colcon_core.event_handler.log_command:Invoked command in '/home/jermito/rina_ws/build/diffdrive_arduino' returned '0': AMENT_PREFIX_PATH=/home/jermito/rina_ws/install/serial:${AMENT_PREFIX_PATH} CMAKE_PREFIX_PATH=/home/jermito/rina_ws/install/serial:/opt/ros/foxy LD_LIBRARY_PATH=/home/jermito/rina_ws/install/serial/lib:${LD_LIBRARY_PATH} /usr/bin/cmake --build /home/jermito/rina_ws/build/diffdrive_arduino -- -j8 -l8
[1.635s] DEBUG:colcon.colcon_core.event_handler.log_command:Invoking command in '/home/jermito/rina_ws/build/diffdrive_arduino': AMENT_PREFIX_PATH=/home/jermito/rina_ws/install/serial:${AMENT_PREFIX_PATH} CMAKE_PREFIX_PATH=/home/jermito/rina_ws/install/serial:/opt/ros/foxy LD_LIBRARY_PATH=/home/jermito/rina_ws/install/serial/lib:${LD_LIBRARY_PATH} /usr/bin/cmake --install /home/jermito/rina_ws/build/diffdrive_arduino
[1.687s] Level 1:colcon.colcon_core.environment:create_environment_scripts_only(diffdrive_arduino)
[1.692s] Level 1:colcon.colcon_core.environment:checking '/home/jermito/rina_ws/install/diffdrive_arduino' for CMake module files
[1.693s] DEBUG:colcon.colcon_core.event_handler.log_command:Invoked command in '/home/jermito/rina_ws/build/diffdrive_arduino' returned '0': AMENT_PREFIX_PATH=/home/jermito/rina_ws/install/serial:${AMENT_PREFIX_PATH} CMAKE_PREFIX_PATH=/home/jermito/rina_ws/install/serial:/opt/ros/foxy LD_LIBRARY_PATH=/home/jermito/rina_ws/install/serial/lib:${LD_LIBRARY_PATH} /usr/bin/cmake --install /home/jermito/rina_ws/build/diffdrive_arduino
[1.694s] Level 1:colcon.colcon_core.environment:checking '/home/jermito/rina_ws/install/diffdrive_arduino' for CMake config files
[1.694s] Level 1:colcon.colcon_core.shell:create_environment_hook('diffdrive_arduino', 'cmake_prefix_path')
[1.697s] INFO:colcon.colcon_core.shell:Creating environment hook '/home/jermito/rina_ws/install/diffdrive_arduino/share/diffdrive_arduino/hook/cmake_prefix_path.ps1'
[1.698s] INFO:colcon.colcon_core.shell:Creating environment descriptor '/home/jermito/rina_ws/install/diffdrive_arduino/share/diffdrive_arduino/hook/cmake_prefix_path.dsv'
[1.699s] INFO:colcon.colcon_core.shell:Creating environment hook '/home/jermito/rina_ws/install/diffdrive_arduino/share/diffdrive_arduino/hook/cmake_prefix_path.sh'
[1.700s] Level 1:colcon.colcon_core.environment:checking '/home/jermito/rina_ws/install/diffdrive_arduino/lib'
[1.700s] Level 1:colcon.colcon_core.shell:create_environment_hook('diffdrive_arduino', 'ld_library_path_lib')
[1.703s] INFO:colcon.colcon_core.shell:Creating environment hook '/home/jermito/rina_ws/install/diffdrive_arduino/share/diffdrive_arduino/hook/ld_library_path_lib.ps1'
[1.703s] INFO:colcon.colcon_core.shell:Creating environment descriptor '/home/jermito/rina_ws/install/diffdrive_arduino/share/diffdrive_arduino/hook/ld_library_path_lib.dsv'
[1.704s] INFO:colcon.colcon_core.shell:Creating environment hook '/home/jermito/rina_ws/install/diffdrive_arduino/share/diffdrive_arduino/hook/ld_library_path_lib.sh'
[1.705s] Level 1:colcon.colcon_core.environment:checking '/home/jermito/rina_ws/install/diffdrive_arduino/bin'
[1.705s] Level 1:colcon.colcon_core.environment:checking '/home/jermito/rina_ws/install/diffdrive_arduino/lib/pkgconfig/diffdrive_arduino.pc'
[1.705s] Level 1:colcon.colcon_core.environment:checking '/home/jermito/rina_ws/install/diffdrive_arduino/lib/python3.8/site-packages'
[1.706s] Level 1:colcon.colcon_core.environment:checking '/home/jermito/rina_ws/install/diffdrive_arduino/bin'
[1.709s] INFO:colcon.colcon_core.shell:Creating package script '/home/jermito/rina_ws/install/diffdrive_arduino/share/diffdrive_arduino/package.ps1'
[1.710s] INFO:colcon.colcon_core.shell:Creating package descriptor '/home/jermito/rina_ws/install/diffdrive_arduino/share/diffdrive_arduino/package.dsv'
[1.711s] INFO:colcon.colcon_core.shell:Creating package script '/home/jermito/rina_ws/install/diffdrive_arduino/share/diffdrive_arduino/package.sh'
[1.711s] INFO:colcon.colcon_core.shell:Creating package script '/home/jermito/rina_ws/install/diffdrive_arduino/share/diffdrive_arduino/package.bash'
[1.712s] INFO:colcon.colcon_core.shell:Creating package script '/home/jermito/rina_ws/install/diffdrive_arduino/share/diffdrive_arduino/package.zsh'
[1.713s] Level 1:colcon.colcon_core.environment:create_file_with_runtime_dependencies(/home/jermito/rina_ws/install/diffdrive_arduino/share/colcon-core/packages/diffdrive_arduino)
[1.762s] Level 1:colcon.colcon_core.environment:create_environment_scripts_only(diffdrive_arduino)
[1.766s] Level 1:colcon.colcon_core.environment:checking '/home/jermito/rina_ws/install/diffdrive_arduino' for CMake module files
[1.767s] Level 1:colcon.colcon_core.environment:checking '/home/jermito/rina_ws/install/diffdrive_arduino' for CMake config files
[1.768s] Level 1:colcon.colcon_core.shell:create_environment_hook('diffdrive_arduino', 'cmake_prefix_path')
[1.771s] INFO:colcon.colcon_core.shell:Creating environment hook '/home/jermito/rina_ws/install/diffdrive_arduino/share/diffdrive_arduino/hook/cmake_prefix_path.ps1'
[1.772s] INFO:colcon.colcon_core.shell:Creating environment descriptor '/home/jermito/rina_ws/install/diffdrive_arduino/share/diffdrive_arduino/hook/cmake_prefix_path.dsv'
[1.772s] INFO:colcon.colcon_core.shell:Creating environment hook '/home/jermito/rina_ws/install/diffdrive_arduino/share/diffdrive_arduino/hook/cmake_prefix_path.sh'
[1.773s] Level 1:colcon.colcon_core.environment:checking '/home/jermito/rina_ws/install/diffdrive_arduino/lib'
[1.773s] Level 1:colcon.colcon_core.shell:create_environment_hook('diffdrive_arduino', 'ld_library_path_lib')
[1.776s] INFO:colcon.colcon_core.shell:Creating environment hook '/home/jermito/rina_ws/install/diffdrive_arduino/share/diffdrive_arduino/hook/ld_library_path_lib.ps1'
[1.777s] INFO:colcon.colcon_core.shell:Creating environment descriptor '/home/jermito/rina_ws/install/diffdrive_arduino/share/diffdrive_arduino/hook/ld_library_path_lib.dsv'
[1.777s] INFO:colcon.colcon_core.shell:Creating environment hook '/home/jermito/rina_ws/install/diffdrive_arduino/share/diffdrive_arduino/hook/ld_library_path_lib.sh'
[1.778s] Level 1:colcon.colcon_core.environment:checking '/home/jermito/rina_ws/install/diffdrive_arduino/bin'
[1.778s] Level 1:colcon.colcon_core.environment:checking '/home/jermito/rina_ws/install/diffdrive_arduino/lib/pkgconfig/diffdrive_arduino.pc'
[1.779s] Level 1:colcon.colcon_core.environment:checking '/home/jermito/rina_ws/install/diffdrive_arduino/lib/python3.8/site-packages'
[1.779s] Level 1:colcon.colcon_core.environment:checking '/home/jermito/rina_ws/install/diffdrive_arduino/bin'
[1.782s] INFO:colcon.colcon_core.shell:Creating package script '/home/jermito/rina_ws/install/diffdrive_arduino/share/diffdrive_arduino/package.ps1'
[1.783s] INFO:colcon.colcon_core.shell:Creating package descriptor '/home/jermito/rina_ws/install/diffdrive_arduino/share/diffdrive_arduino/package.dsv'
[1.784s] INFO:colcon.colcon_core.shell:Creating package script '/home/jermito/rina_ws/install/diffdrive_arduino/share/diffdrive_arduino/package.sh'
[1.785s] INFO:colcon.colcon_core.shell:Creating package script '/home/jermito/rina_ws/install/diffdrive_arduino/share/diffdrive_arduino/package.bash'
[1.785s] INFO:colcon.colcon_core.shell:Creating package script '/home/jermito/rina_ws/install/diffdrive_arduino/share/diffdrive_arduino/package.zsh'
[1.786s] Level 1:colcon.colcon_core.environment:create_file_with_runtime_dependencies(/home/jermito/rina_ws/install/diffdrive_arduino/share/colcon-core/packages/diffdrive_arduino)
[1.786s] DEBUG:colcon.colcon_parallel_executor.executor.parallel:closing loop
[1.787s] DEBUG:colcon.colcon_parallel_executor.executor.parallel:loop closed
[1.787s] DEBUG:colcon.colcon_parallel_executor.executor.parallel:run_until_complete finished with '0'
[1.787s] DEBUG:colcon.colcon_core.event_reactor:joining thread
[1.799s] INFO:colcon.colcon_core.plugin_system:Skipping extension 'colcon_notification.desktop_notification.terminal_notifier': Not used on non-Darwin systems
[1.799s] INFO:colcon.colcon_core.plugin_system:Skipping extension 'colcon_notification.desktop_notification.win32': Not used on non-Windows systems
[1.799s] INFO:colcon.colcon_notification.desktop_notification:Sending desktop notification using 'notify2'
[1.826s] DEBUG:colcon.colcon_core.event_reactor:joined thread
[1.830s] INFO:colcon.colcon_core.shell:Creating prefix script '/home/jermito/rina_ws/install/local_setup.ps1'
[1.832s] INFO:colcon.colcon_core.shell:Creating prefix util module '/home/jermito/rina_ws/install/_local_setup_util_ps1.py'
[1.835s] INFO:colcon.colcon_core.shell:Creating prefix chain script '/home/jermito/rina_ws/install/setup.ps1'
[1.838s] INFO:colcon.colcon_core.shell:Creating prefix script '/home/jermito/rina_ws/install/local_setup.sh'
[1.840s] INFO:colcon.colcon_core.shell:Creating prefix util module '/home/jermito/rina_ws/install/_local_setup_util_sh.py'
[1.841s] INFO:colcon.colcon_core.shell:Creating prefix chain script '/home/jermito/rina_ws/install/setup.sh'
[1.845s] INFO:colcon.colcon_core.shell:Creating prefix script '/home/jermito/rina_ws/install/local_setup.bash'
[1.847s] INFO:colcon.colcon_core.shell:Creating prefix chain script '/home/jermito/rina_ws/install/setup.bash'
[1.851s] INFO:colcon.colcon_core.shell:Creating prefix script '/home/jermito/rina_ws/install/local_setup.zsh'
[1.852s] INFO:colcon.colcon_core.shell:Creating prefix chain script '/home/jermito/rina_ws/install/setup.zsh'
