[0.075s] Invoking command in '/home/jermito/rina_ws/build/serial': CMAKE_PREFIX_PATH=${CMAKE_PREFIX_PATH}:/opt/ros/foxy /usr/bin/cmake --build /home/jermito/rina_ws/build/serial -- -j8 -l8
[0.168s] [ 28%] Built target serial
[0.170s] [ 42%] Built target gtest_main
[0.174s] [ 57%] Built target gtest
[0.211s] [ 71%] Built target serial_example
[0.219s] [ 85%] Built target serial-test-timer
[0.224s] [100%] Built target serial-test
[0.250s] Invoked command in '/home/jermito/rina_ws/build/serial' returned '0': CMAKE_PREFIX_PATH=${CMAKE_PREFIX_PATH}:/opt/ros/foxy /usr/bin/cmake --build /home/jermito/rina_ws/build/serial -- -j8 -l8
[0.336s] Invoking command in '/home/jermito/rina_ws/build/serial': CMAKE_PREFIX_PATH=${CMAKE_PREFIX_PATH}:/opt/ros/foxy /usr/bin/cmake --install /home/jermito/rina_ws/build/serial
[0.349s] -- Install configuration: ""
[0.351s] -- Execute custom install script
[0.351s] -- Up-to-date symlink: /home/jermito/rina_ws/install/serial/lib/libserial.a
[0.352s] -- Up-to-date symlink: /home/jermito/rina_ws/install/serial/include/serial/serial.h
[0.352s] -- Up-to-date symlink: /home/jermito/rina_ws/install/serial/include/serial/v8stdint.h
[0.353s] -- Up-to-date symlink: /home/jermito/rina_ws/install/serial/share/serial/environment/library_path.sh
[0.353s] -- Up-to-date symlink: /home/jermito/rina_ws/install/serial/share/serial/environment/library_path.dsv
[0.354s] -- Up-to-date symlink: /home/jermito/rina_ws/install/serial/share/ament_index/resource_index/package_run_dependencies/serial
[0.354s] -- Up-to-date symlink: /home/jermito/rina_ws/install/serial/share/ament_index/resource_index/parent_prefix_path/serial
[0.355s] -- Up-to-date symlink: /home/jermito/rina_ws/install/serial/share/serial/environment/ament_prefix_path.sh
[0.355s] -- Up-to-date symlink: /home/jermito/rina_ws/install/serial/share/serial/environment/ament_prefix_path.dsv
[0.356s] -- Up-to-date symlink: /home/jermito/rina_ws/install/serial/share/serial/environment/path.sh
[0.356s] -- Up-to-date symlink: /home/jermito/rina_ws/install/serial/share/serial/environment/path.dsv
[0.357s] -- Up-to-date symlink: /home/jermito/rina_ws/install/serial/share/serial/local_setup.bash
[0.358s] -- Up-to-date symlink: /home/jermito/rina_ws/install/serial/share/serial/local_setup.sh
[0.358s] -- Up-to-date symlink: /home/jermito/rina_ws/install/serial/share/serial/local_setup.zsh
[0.359s] -- Up-to-date symlink: /home/jermito/rina_ws/install/serial/share/serial/local_setup.dsv
[0.360s] -- Symlinking: /home/jermito/rina_ws/install/serial/share/serial/package.dsv
[0.382s] -- Up-to-date symlink: /home/jermito/rina_ws/install/serial/share/ament_index/resource_index/packages/serial
[0.383s] -- Up-to-date symlink: /home/jermito/rina_ws/install/serial/share/serial/cmake/ament_cmake_export_include_directories-extras.cmake
[0.383s] -- Up-to-date symlink: /home/jermito/rina_ws/install/serial/share/serial/cmake/ament_cmake_export_libraries-extras.cmake
[0.383s] -- Up-to-date symlink: /home/jermito/rina_ws/install/serial/share/serial/cmake/serialConfig.cmake
[0.384s] -- Up-to-date symlink: /home/jermito/rina_ws/install/serial/share/serial/cmake/serialConfig-version.cmake
[0.384s] -- Up-to-date symlink: /home/jermito/rina_ws/install/serial/share/serial/package.xml
[0.438s] Invoked command in '/home/jermito/rina_ws/build/serial' returned '0': CMAKE_PREFIX_PATH=${CMAKE_PREFIX_PATH}:/opt/ros/foxy /usr/bin/cmake --install /home/jermito/rina_ws/build/serial
