[0.946s] DEBUG:colcon:Command line arguments: ['/usr/bin/colcon', 'build', '--symlink-install']
[0.946s] DEBUG:colcon:Parsed command line arguments: Namespace(allow_overriding=[], ament_cmake_args=None, base_paths=['.'], build_base='build', catkin_cmake_args=None, catkin_skip_building_tests=False, cmake_args=None, cmake_clean_cache=False, cmake_clean_first=False, cmake_force_configure=False, cmake_target=None, cmake_target_skip_unavailable=False, continue_on_error=False, event_handlers=None, executor='parallel', ignore_user_meta=False, install_base='install', log_base=None, log_level=None, main=<bound method BuildVerb.main of <colcon_core.verb.build.BuildVerb object at 0x7f11bccfa100>>, merge_install=False, metas=['./colcon.meta'], packages_above=None, packages_above_and_dependencies=None, packages_above_depth=None, packages_end=None, packages_ignore=None, packages_ignore_regex=None, packages_select=None, packages_select_build_failed=False, packages_select_by_dep=None, packages_select_regex=None, packages_select_test_failures=False, packages_skip=None, packages_skip_build_finished=False, packages_skip_by_dep=None, packages_skip_regex=None, packages_skip_test_passed=False, packages_skip_up_to=None, packages_start=None, packages_up_to=None, packages_up_to_regex=None, parallel_workers=8, paths=None, symlink_install=True, test_result_base=None, verb_extension=<colcon_core.verb.build.BuildVerb object at 0x7f11bccfa100>, verb_name='build', verb_parser=<colcon_defaults.argument_parser.defaults.DefaultArgumentsDecorator object at 0x7f11bccfa640>)
[1.015s] Level 1:colcon.colcon_core.package_discovery:discover_packages(colcon_meta) check parameters
[1.015s] Level 1:colcon.colcon_core.package_discovery:discover_packages(recursive) check parameters
[1.015s] Level 1:colcon.colcon_core.package_discovery:discover_packages(ignore) check parameters
[1.016s] Level 1:colcon.colcon_core.package_discovery:discover_packages(path) check parameters
[1.016s] Level 1:colcon.colcon_core.package_discovery:discover_packages(colcon_meta) discover
[1.016s] Level 1:colcon.colcon_core.package_discovery:discover_packages(recursive) discover
[1.016s] INFO:colcon.colcon_core.package_discovery:Crawling recursively for packages in '/home/jermito/rina_ws'
[1.016s] Level 1:colcon.colcon_core.package_identification:_identify(.) by extensions ['ignore', 'ignore_ament_install']
[1.016s] Level 1:colcon.colcon_core.package_identification:_identify(.) by extension 'ignore'
[1.016s] Level 1:colcon.colcon_core.package_identification:_identify(.) by extension 'ignore_ament_install'
[1.016s] Level 1:colcon.colcon_core.package_identification:_identify(.) by extensions ['colcon_pkg']
[1.016s] Level 1:colcon.colcon_core.package_identification:_identify(.) by extension 'colcon_pkg'
[1.017s] Level 1:colcon.colcon_core.package_identification:_identify(.) by extensions ['colcon_meta']
[1.017s] Level 1:colcon.colcon_core.package_identification:_identify(.) by extension 'colcon_meta'
[1.017s] Level 1:colcon.colcon_core.package_identification:_identify(.) by extensions ['ros']
[1.017s] Level 1:colcon.colcon_core.package_identification:_identify(.) by extension 'ros'
[1.040s] Level 1:colcon.colcon_core.package_identification:_identify(.) by extensions ['cmake', 'python']
[1.040s] Level 1:colcon.colcon_core.package_identification:_identify(.) by extension 'cmake'
[1.040s] Level 1:colcon.colcon_core.package_identification:_identify(.) by extension 'python'
[1.041s] Level 1:colcon.colcon_core.package_identification:_identify(.) by extensions ['python_setup_py']
[1.041s] Level 1:colcon.colcon_core.package_identification:_identify(.) by extension 'python_setup_py'
[1.041s] Level 1:colcon.colcon_core.package_identification:_identify(build) by extensions ['ignore', 'ignore_ament_install']
[1.041s] Level 1:colcon.colcon_core.package_identification:_identify(build) by extension 'ignore'
[1.041s] Level 1:colcon.colcon_core.package_identification:_identify(build) ignored
[1.041s] Level 1:colcon.colcon_core.package_identification:_identify(install) by extensions ['ignore', 'ignore_ament_install']
[1.041s] Level 1:colcon.colcon_core.package_identification:_identify(install) by extension 'ignore'
[1.042s] Level 1:colcon.colcon_core.package_identification:_identify(install) ignored
[1.042s] Level 1:colcon.colcon_core.package_identification:_identify(log) by extensions ['ignore', 'ignore_ament_install']
[1.042s] Level 1:colcon.colcon_core.package_identification:_identify(log) by extension 'ignore'
[1.042s] Level 1:colcon.colcon_core.package_identification:_identify(log) ignored
[1.042s] Level 1:colcon.colcon_core.package_identification:_identify(src) by extensions ['ignore', 'ignore_ament_install']
[1.042s] Level 1:colcon.colcon_core.package_identification:_identify(src) by extension 'ignore'
[1.043s] Level 1:colcon.colcon_core.package_identification:_identify(src) by extension 'ignore_ament_install'
[1.043s] Level 1:colcon.colcon_core.package_identification:_identify(src) by extensions ['colcon_pkg']
[1.043s] Level 1:colcon.colcon_core.package_identification:_identify(src) by extension 'colcon_pkg'
[1.043s] Level 1:colcon.colcon_core.package_identification:_identify(src) by extensions ['colcon_meta']
[1.043s] Level 1:colcon.colcon_core.package_identification:_identify(src) by extension 'colcon_meta'
[1.043s] Level 1:colcon.colcon_core.package_identification:_identify(src) by extensions ['ros']
[1.043s] Level 1:colcon.colcon_core.package_identification:_identify(src) by extension 'ros'
[1.043s] Level 1:colcon.colcon_core.package_identification:_identify(src) by extensions ['cmake', 'python']
[1.043s] Level 1:colcon.colcon_core.package_identification:_identify(src) by extension 'cmake'
[1.043s] Level 1:colcon.colcon_core.package_identification:_identify(src) by extension 'python'
[1.044s] Level 1:colcon.colcon_core.package_identification:_identify(src) by extensions ['python_setup_py']
[1.044s] Level 1:colcon.colcon_core.package_identification:_identify(src) by extension 'python_setup_py'
[1.044s] Level 1:colcon.colcon_core.package_identification:_identify(src/diffdrive_arduino) by extensions ['ignore', 'ignore_ament_install']
[1.044s] Level 1:colcon.colcon_core.package_identification:_identify(src/diffdrive_arduino) by extension 'ignore'
[1.044s] Level 1:colcon.colcon_core.package_identification:_identify(src/diffdrive_arduino) by extension 'ignore_ament_install'
[1.044s] Level 1:colcon.colcon_core.package_identification:_identify(src/diffdrive_arduino) by extensions ['colcon_pkg']
[1.044s] Level 1:colcon.colcon_core.package_identification:_identify(src/diffdrive_arduino) by extension 'colcon_pkg'
[1.044s] Level 1:colcon.colcon_core.package_identification:_identify(src/diffdrive_arduino) by extensions ['colcon_meta']
[1.045s] Level 1:colcon.colcon_core.package_identification:_identify(src/diffdrive_arduino) by extension 'colcon_meta'
[1.045s] Level 1:colcon.colcon_core.package_identification:_identify(src/diffdrive_arduino) by extensions ['ros']
[1.045s] Level 1:colcon.colcon_core.package_identification:_identify(src/diffdrive_arduino) by extension 'ros'
[1.051s] DEBUG:colcon.colcon_core.package_identification:Package 'src/diffdrive_arduino' with type 'ros.ament_cmake' and name 'diffdrive_arduino'
[1.051s] Level 1:colcon.colcon_core.package_identification:_identify(src/robot) by extensions ['ignore', 'ignore_ament_install']
[1.051s] Level 1:colcon.colcon_core.package_identification:_identify(src/robot) by extension 'ignore'
[1.051s] Level 1:colcon.colcon_core.package_identification:_identify(src/robot) by extension 'ignore_ament_install'
[1.051s] Level 1:colcon.colcon_core.package_identification:_identify(src/robot) by extensions ['colcon_pkg']
[1.052s] Level 1:colcon.colcon_core.package_identification:_identify(src/robot) by extension 'colcon_pkg'
[1.052s] Level 1:colcon.colcon_core.package_identification:_identify(src/robot) by extensions ['colcon_meta']
[1.052s] Level 1:colcon.colcon_core.package_identification:_identify(src/robot) by extension 'colcon_meta'
[1.052s] Level 1:colcon.colcon_core.package_identification:_identify(src/robot) by extensions ['ros']
[1.052s] Level 1:colcon.colcon_core.package_identification:_identify(src/robot) by extension 'ros'
[1.053s] DEBUG:colcon.colcon_core.package_identification:Package 'src/robot' with type 'ros.ament_cmake' and name 'robot'
[1.054s] Level 1:colcon.colcon_core.package_identification:_identify(src/serial) by extensions ['ignore', 'ignore_ament_install']
[1.054s] Level 1:colcon.colcon_core.package_identification:_identify(src/serial) by extension 'ignore'
[1.054s] Level 1:colcon.colcon_core.package_identification:_identify(src/serial) by extension 'ignore_ament_install'
[1.054s] Level 1:colcon.colcon_core.package_identification:_identify(src/serial) by extensions ['colcon_pkg']
[1.054s] Level 1:colcon.colcon_core.package_identification:_identify(src/serial) by extension 'colcon_pkg'
[1.054s] Level 1:colcon.colcon_core.package_identification:_identify(src/serial) by extensions ['colcon_meta']
[1.054s] Level 1:colcon.colcon_core.package_identification:_identify(src/serial) by extension 'colcon_meta'
[1.054s] Level 1:colcon.colcon_core.package_identification:_identify(src/serial) by extensions ['ros']
[1.054s] Level 1:colcon.colcon_core.package_identification:_identify(src/serial) by extension 'ros'
[1.055s] DEBUG:colcon.colcon_core.package_identification:Package 'src/serial' with type 'ros.ament_cmake' and name 'serial'
[1.056s] Level 1:colcon.colcon_core.package_identification:_identify(src/ydlidar_ros2_ws) by extensions ['ignore', 'ignore_ament_install']
[1.056s] Level 1:colcon.colcon_core.package_identification:_identify(src/ydlidar_ros2_ws) by extension 'ignore'
[1.056s] Level 1:colcon.colcon_core.package_identification:_identify(src/ydlidar_ros2_ws) by extension 'ignore_ament_install'
[1.056s] Level 1:colcon.colcon_core.package_identification:_identify(src/ydlidar_ros2_ws) by extensions ['colcon_pkg']
[1.056s] Level 1:colcon.colcon_core.package_identification:_identify(src/ydlidar_ros2_ws) by extension 'colcon_pkg'
[1.056s] Level 1:colcon.colcon_core.package_identification:_identify(src/ydlidar_ros2_ws) by extensions ['colcon_meta']
[1.056s] Level 1:colcon.colcon_core.package_identification:_identify(src/ydlidar_ros2_ws) by extension 'colcon_meta'
[1.057s] Level 1:colcon.colcon_core.package_identification:_identify(src/ydlidar_ros2_ws) by extensions ['ros']
[1.057s] Level 1:colcon.colcon_core.package_identification:_identify(src/ydlidar_ros2_ws) by extension 'ros'
[1.057s] Level 1:colcon.colcon_core.package_identification:_identify(src/ydlidar_ros2_ws) by extensions ['cmake', 'python']
[1.057s] Level 1:colcon.colcon_core.package_identification:_identify(src/ydlidar_ros2_ws) by extension 'cmake'
[1.057s] Level 1:colcon.colcon_core.package_identification:_identify(src/ydlidar_ros2_ws) by extension 'python'
[1.057s] Level 1:colcon.colcon_core.package_identification:_identify(src/ydlidar_ros2_ws) by extensions ['python_setup_py']
[1.057s] Level 1:colcon.colcon_core.package_identification:_identify(src/ydlidar_ros2_ws) by extension 'python_setup_py'
[1.057s] Level 1:colcon.colcon_core.package_identification:_identify(src/ydlidar_ros2_ws/src) by extensions ['ignore', 'ignore_ament_install']
[1.058s] Level 1:colcon.colcon_core.package_identification:_identify(src/ydlidar_ros2_ws/src) by extension 'ignore'
[1.058s] Level 1:colcon.colcon_core.package_identification:_identify(src/ydlidar_ros2_ws/src) by extension 'ignore_ament_install'
[1.058s] Level 1:colcon.colcon_core.package_identification:_identify(src/ydlidar_ros2_ws/src) by extensions ['colcon_pkg']
[1.058s] Level 1:colcon.colcon_core.package_identification:_identify(src/ydlidar_ros2_ws/src) by extension 'colcon_pkg'
[1.058s] Level 1:colcon.colcon_core.package_identification:_identify(src/ydlidar_ros2_ws/src) by extensions ['colcon_meta']
[1.058s] Level 1:colcon.colcon_core.package_identification:_identify(src/ydlidar_ros2_ws/src) by extension 'colcon_meta'
[1.058s] Level 1:colcon.colcon_core.package_identification:_identify(src/ydlidar_ros2_ws/src) by extensions ['ros']
[1.058s] Level 1:colcon.colcon_core.package_identification:_identify(src/ydlidar_ros2_ws/src) by extension 'ros'
[1.058s] Level 1:colcon.colcon_core.package_identification:_identify(src/ydlidar_ros2_ws/src) by extensions ['cmake', 'python']
[1.058s] Level 1:colcon.colcon_core.package_identification:_identify(src/ydlidar_ros2_ws/src) by extension 'cmake'
[1.059s] Level 1:colcon.colcon_core.package_identification:_identify(src/ydlidar_ros2_ws/src) by extension 'python'
[1.059s] Level 1:colcon.colcon_core.package_identification:_identify(src/ydlidar_ros2_ws/src) by extensions ['python_setup_py']
[1.059s] Level 1:colcon.colcon_core.package_identification:_identify(src/ydlidar_ros2_ws/src) by extension 'python_setup_py'
[1.059s] Level 1:colcon.colcon_core.package_identification:_identify(src/ydlidar_ros2_ws/src/ydlidar_ros2_driver) by extensions ['ignore', 'ignore_ament_install']
[1.059s] Level 1:colcon.colcon_core.package_identification:_identify(src/ydlidar_ros2_ws/src/ydlidar_ros2_driver) by extension 'ignore'
[1.059s] Level 1:colcon.colcon_core.package_identification:_identify(src/ydlidar_ros2_ws/src/ydlidar_ros2_driver) by extension 'ignore_ament_install'
[1.059s] Level 1:colcon.colcon_core.package_identification:_identify(src/ydlidar_ros2_ws/src/ydlidar_ros2_driver) by extensions ['colcon_pkg']
[1.060s] Level 1:colcon.colcon_core.package_identification:_identify(src/ydlidar_ros2_ws/src/ydlidar_ros2_driver) by extension 'colcon_pkg'
[1.060s] Level 1:colcon.colcon_core.package_identification:_identify(src/ydlidar_ros2_ws/src/ydlidar_ros2_driver) by extensions ['colcon_meta']
[1.060s] Level 1:colcon.colcon_core.package_identification:_identify(src/ydlidar_ros2_ws/src/ydlidar_ros2_driver) by extension 'colcon_meta'
[1.060s] Level 1:colcon.colcon_core.package_identification:_identify(src/ydlidar_ros2_ws/src/ydlidar_ros2_driver) by extensions ['ros']
[1.060s] Level 1:colcon.colcon_core.package_identification:_identify(src/ydlidar_ros2_ws/src/ydlidar_ros2_driver) by extension 'ros'
[1.061s] DEBUG:colcon.colcon_core.package_identification:Package 'src/ydlidar_ros2_ws/src/ydlidar_ros2_driver' with type 'ros.ament_cmake' and name 'ydlidar_ros2_driver'
[1.061s] Level 1:colcon.colcon_core.package_discovery:discover_packages(recursive) using defaults
[1.061s] Level 1:colcon.colcon_core.package_discovery:discover_packages(ignore) discover
[1.061s] Level 1:colcon.colcon_core.package_discovery:discover_packages(ignore) using defaults
[1.061s] Level 1:colcon.colcon_core.package_discovery:discover_packages(path) discover
[1.061s] Level 1:colcon.colcon_core.package_discovery:discover_packages(path) using defaults
[1.117s] Level 1:colcon.colcon_core.package_discovery:discover_packages(prefix_path) check parameters
[1.117s] Level 1:colcon.colcon_core.package_discovery:discover_packages(prefix_path) discover
[1.125s] DEBUG:colcon.colcon_installed_package_information.package_discovery:Found 381 installed packages in /opt/ros/foxy
[1.129s] Level 1:colcon.colcon_core.package_discovery:discover_packages(prefix_path) using defaults
[1.300s] Level 5:colcon.colcon_core.verb:set package 'robot' build argument 'cmake_args' from command line to 'None'
[1.300s] Level 5:colcon.colcon_core.verb:set package 'robot' build argument 'cmake_target' from command line to 'None'
[1.300s] Level 5:colcon.colcon_core.verb:set package 'robot' build argument 'cmake_target_skip_unavailable' from command line to 'False'
[1.301s] Level 5:colcon.colcon_core.verb:set package 'robot' build argument 'cmake_clean_cache' from command line to 'False'
[1.301s] Level 5:colcon.colcon_core.verb:set package 'robot' build argument 'cmake_clean_first' from command line to 'False'
[1.301s] Level 5:colcon.colcon_core.verb:set package 'robot' build argument 'cmake_force_configure' from command line to 'False'
[1.301s] Level 5:colcon.colcon_core.verb:set package 'robot' build argument 'ament_cmake_args' from command line to 'None'
[1.301s] Level 5:colcon.colcon_core.verb:set package 'robot' build argument 'catkin_cmake_args' from command line to 'None'
[1.301s] Level 5:colcon.colcon_core.verb:set package 'robot' build argument 'catkin_skip_building_tests' from command line to 'False'
[1.301s] DEBUG:colcon.colcon_core.verb:Building package 'robot' with the following arguments: {'ament_cmake_args': None, 'build_base': '/home/jermito/rina_ws/build/robot', 'catkin_cmake_args': None, 'catkin_skip_building_tests': False, 'cmake_args': None, 'cmake_clean_cache': False, 'cmake_clean_first': False, 'cmake_force_configure': False, 'cmake_target': None, 'cmake_target_skip_unavailable': False, 'install_base': '/home/jermito/rina_ws/install/robot', 'merge_install': False, 'path': '/home/jermito/rina_ws/src/robot', 'symlink_install': True, 'test_result_base': None}
[1.303s] Level 5:colcon.colcon_core.verb:set package 'serial' build argument 'cmake_args' from command line to 'None'
[1.303s] Level 5:colcon.colcon_core.verb:set package 'serial' build argument 'cmake_target' from command line to 'None'
[1.303s] Level 5:colcon.colcon_core.verb:set package 'serial' build argument 'cmake_target_skip_unavailable' from command line to 'False'
[1.303s] Level 5:colcon.colcon_core.verb:set package 'serial' build argument 'cmake_clean_cache' from command line to 'False'
[1.303s] Level 5:colcon.colcon_core.verb:set package 'serial' build argument 'cmake_clean_first' from command line to 'False'
[1.303s] Level 5:colcon.colcon_core.verb:set package 'serial' build argument 'cmake_force_configure' from command line to 'False'
[1.303s] Level 5:colcon.colcon_core.verb:set package 'serial' build argument 'ament_cmake_args' from command line to 'None'
[1.303s] Level 5:colcon.colcon_core.verb:set package 'serial' build argument 'catkin_cmake_args' from command line to 'None'
[1.304s] Level 5:colcon.colcon_core.verb:set package 'serial' build argument 'catkin_skip_building_tests' from command line to 'False'
[1.304s] DEBUG:colcon.colcon_core.verb:Building package 'serial' with the following arguments: {'ament_cmake_args': None, 'build_base': '/home/jermito/rina_ws/build/serial', 'catkin_cmake_args': None, 'catkin_skip_building_tests': False, 'cmake_args': None, 'cmake_clean_cache': False, 'cmake_clean_first': False, 'cmake_force_configure': False, 'cmake_target': None, 'cmake_target_skip_unavailable': False, 'install_base': '/home/jermito/rina_ws/install/serial', 'merge_install': False, 'path': '/home/jermito/rina_ws/src/serial', 'symlink_install': True, 'test_result_base': None}
[1.306s] Level 5:colcon.colcon_core.verb:set package 'ydlidar_ros2_driver' build argument 'cmake_args' from command line to 'None'
[1.306s] Level 5:colcon.colcon_core.verb:set package 'ydlidar_ros2_driver' build argument 'cmake_target' from command line to 'None'
[1.306s] Level 5:colcon.colcon_core.verb:set package 'ydlidar_ros2_driver' build argument 'cmake_target_skip_unavailable' from command line to 'False'
[1.306s] Level 5:colcon.colcon_core.verb:set package 'ydlidar_ros2_driver' build argument 'cmake_clean_cache' from command line to 'False'
[1.306s] Level 5:colcon.colcon_core.verb:set package 'ydlidar_ros2_driver' build argument 'cmake_clean_first' from command line to 'False'
[1.306s] Level 5:colcon.colcon_core.verb:set package 'ydlidar_ros2_driver' build argument 'cmake_force_configure' from command line to 'False'
[1.306s] Level 5:colcon.colcon_core.verb:set package 'ydlidar_ros2_driver' build argument 'ament_cmake_args' from command line to 'None'
[1.306s] Level 5:colcon.colcon_core.verb:set package 'ydlidar_ros2_driver' build argument 'catkin_cmake_args' from command line to 'None'
[1.306s] Level 5:colcon.colcon_core.verb:set package 'ydlidar_ros2_driver' build argument 'catkin_skip_building_tests' from command line to 'False'
[1.306s] DEBUG:colcon.colcon_core.verb:Building package 'ydlidar_ros2_driver' with the following arguments: {'ament_cmake_args': None, 'build_base': '/home/jermito/rina_ws/build/ydlidar_ros2_driver', 'catkin_cmake_args': None, 'catkin_skip_building_tests': False, 'cmake_args': None, 'cmake_clean_cache': False, 'cmake_clean_first': False, 'cmake_force_configure': False, 'cmake_target': None, 'cmake_target_skip_unavailable': False, 'install_base': '/home/jermito/rina_ws/install/ydlidar_ros2_driver', 'merge_install': False, 'path': '/home/jermito/rina_ws/src/ydlidar_ros2_ws/src/ydlidar_ros2_driver', 'symlink_install': True, 'test_result_base': None}
[1.308s] Level 5:colcon.colcon_core.verb:set package 'diffdrive_arduino' build argument 'cmake_args' from command line to 'None'
[1.308s] Level 5:colcon.colcon_core.verb:set package 'diffdrive_arduino' build argument 'cmake_target' from command line to 'None'
[1.308s] Level 5:colcon.colcon_core.verb:set package 'diffdrive_arduino' build argument 'cmake_target_skip_unavailable' from command line to 'False'
[1.308s] Level 5:colcon.colcon_core.verb:set package 'diffdrive_arduino' build argument 'cmake_clean_cache' from command line to 'False'
[1.309s] Level 5:colcon.colcon_core.verb:set package 'diffdrive_arduino' build argument 'cmake_clean_first' from command line to 'False'
[1.309s] Level 5:colcon.colcon_core.verb:set package 'diffdrive_arduino' build argument 'cmake_force_configure' from command line to 'False'
[1.309s] Level 5:colcon.colcon_core.verb:set package 'diffdrive_arduino' build argument 'ament_cmake_args' from command line to 'None'
[1.309s] Level 5:colcon.colcon_core.verb:set package 'diffdrive_arduino' build argument 'catkin_cmake_args' from command line to 'None'
[1.309s] Level 5:colcon.colcon_core.verb:set package 'diffdrive_arduino' build argument 'catkin_skip_building_tests' from command line to 'False'
[1.309s] DEBUG:colcon.colcon_core.verb:Building package 'diffdrive_arduino' with the following arguments: {'ament_cmake_args': None, 'build_base': '/home/jermito/rina_ws/build/diffdrive_arduino', 'catkin_cmake_args': None, 'catkin_skip_building_tests': False, 'cmake_args': None, 'cmake_clean_cache': False, 'cmake_clean_first': False, 'cmake_force_configure': False, 'cmake_target': None, 'cmake_target_skip_unavailable': False, 'install_base': '/home/jermito/rina_ws/install/diffdrive_arduino', 'merge_install': False, 'path': '/home/jermito/rina_ws/src/diffdrive_arduino', 'symlink_install': True, 'test_result_base': None}
[1.310s] INFO:colcon.colcon_core.executor:Executing jobs using 'parallel' executor
[1.318s] DEBUG:colcon.colcon_parallel_executor.executor.parallel:run_until_complete
[1.318s] INFO:colcon.colcon_ros.task.ament_cmake.build:Building ROS package in '/home/jermito/rina_ws/src/serial' with build type 'ament_cmake'
[1.318s] INFO:colcon.colcon_cmake.task.cmake.build:Building CMake package in '/home/jermito/rina_ws/src/serial'
[1.329s] INFO:colcon.colcon_core.plugin_system:Skipping extension 'colcon_core.shell.bat': Not used on non-Windows systems
[1.330s] INFO:colcon.colcon_core.shell:Skip shell extension 'powershell' for command environment: Not usable outside of PowerShell
[1.330s] DEBUG:colcon.colcon_core.shell:Skip shell extension 'dsv' for command environment
[1.339s] INFO:colcon.colcon_ros.task.ament_cmake.build:Building ROS package in '/home/jermito/rina_ws/src/robot' with build type 'ament_cmake'
[1.340s] INFO:colcon.colcon_cmake.task.cmake.build:Building CMake package in '/home/jermito/rina_ws/src/robot'
[1.343s] INFO:colcon.colcon_core.shell:Skip shell extension 'powershell' for command environment: Not usable outside of PowerShell
[1.343s] DEBUG:colcon.colcon_core.shell:Skip shell extension 'dsv' for command environment
[1.352s] INFO:colcon.colcon_ros.task.ament_cmake.build:Building ROS package in '/home/jermito/rina_ws/src/ydlidar_ros2_ws/src/ydlidar_ros2_driver' with build type 'ament_cmake'
[1.353s] INFO:colcon.colcon_cmake.task.cmake.build:Building CMake package in '/home/jermito/rina_ws/src/ydlidar_ros2_ws/src/ydlidar_ros2_driver'
[1.356s] INFO:colcon.colcon_core.shell:Skip shell extension 'powershell' for command environment: Not usable outside of PowerShell
[1.357s] DEBUG:colcon.colcon_core.shell:Skip shell extension 'dsv' for command environment
[1.376s] DEBUG:colcon.colcon_core.event_handler.log_command:Invoking command in '/home/jermito/rina_ws/build/serial': CMAKE_PREFIX_PATH=/opt/ros/foxy /usr/bin/cmake --build /home/jermito/rina_ws/build/serial -- -j8 -l8
[1.391s] DEBUG:colcon.colcon_core.event_handler.log_command:Invoking command in '/home/jermito/rina_ws/build/robot': CMAKE_PREFIX_PATH=/opt/ros/foxy /usr/bin/cmake --build /home/jermito/rina_ws/build/robot -- -j8 -l8
[1.396s] DEBUG:colcon.colcon_core.event_handler.log_command:Invoking command in '/home/jermito/rina_ws/build/ydlidar_ros2_driver': CMAKE_PREFIX_PATH=/opt/ros/foxy /usr/bin/cmake --build /home/jermito/rina_ws/build/ydlidar_ros2_driver -- -j8 -l8
[1.494s] DEBUG:colcon.colcon_core.event_handler.log_command:Invoked command in '/home/jermito/rina_ws/build/robot' returned '0': CMAKE_PREFIX_PATH=/opt/ros/foxy /usr/bin/cmake --build /home/jermito/rina_ws/build/robot -- -j8 -l8
[1.555s] DEBUG:colcon.colcon_core.event_handler.log_command:Invoking command in '/home/jermito/rina_ws/build/robot': CMAKE_PREFIX_PATH=/opt/ros/foxy /usr/bin/cmake --install /home/jermito/rina_ws/build/robot
[1.579s] DEBUG:colcon.colcon_core.event_handler.log_command:Invoked command in '/home/jermito/rina_ws/build/serial' returned '0': CMAKE_PREFIX_PATH=/opt/ros/foxy /usr/bin/cmake --build /home/jermito/rina_ws/build/serial -- -j8 -l8
[1.591s] DEBUG:colcon.colcon_core.event_handler.log_command:Invoked command in '/home/jermito/rina_ws/build/ydlidar_ros2_driver' returned '0': CMAKE_PREFIX_PATH=/opt/ros/foxy /usr/bin/cmake --build /home/jermito/rina_ws/build/ydlidar_ros2_driver -- -j8 -l8
[1.616s] Level 1:colcon.colcon_core.environment:create_environment_scripts_only(robot)
[1.619s] DEBUG:colcon.colcon_core.event_handler.log_command:Invoked command in '/home/jermito/rina_ws/build/robot' returned '0': CMAKE_PREFIX_PATH=/opt/ros/foxy /usr/bin/cmake --install /home/jermito/rina_ws/build/robot
[1.631s] Level 1:colcon.colcon_core.environment:checking '/home/jermito/rina_ws/install/robot' for CMake module files
[1.632s] Level 1:colcon.colcon_core.environment:checking '/home/jermito/rina_ws/install/robot' for CMake config files
[1.633s] Level 1:colcon.colcon_core.shell:create_environment_hook('robot', 'cmake_prefix_path')
[1.636s] INFO:colcon.colcon_core.shell:Creating environment hook '/home/jermito/rina_ws/install/robot/share/robot/hook/cmake_prefix_path.ps1'
[1.637s] INFO:colcon.colcon_core.shell:Creating environment descriptor '/home/jermito/rina_ws/install/robot/share/robot/hook/cmake_prefix_path.dsv'
[1.638s] INFO:colcon.colcon_core.shell:Creating environment hook '/home/jermito/rina_ws/install/robot/share/robot/hook/cmake_prefix_path.sh'
[1.640s] Level 1:colcon.colcon_core.environment:checking '/home/jermito/rina_ws/install/robot/bin'
[1.640s] Level 1:colcon.colcon_core.environment:checking '/home/jermito/rina_ws/install/robot/lib/pkgconfig/robot.pc'
[1.640s] Level 1:colcon.colcon_core.environment:checking '/home/jermito/rina_ws/install/robot/lib/python3.8/site-packages'
[1.641s] Level 1:colcon.colcon_core.environment:checking '/home/jermito/rina_ws/install/robot/bin'
[1.644s] INFO:colcon.colcon_core.shell:Creating package script '/home/jermito/rina_ws/install/robot/share/robot/package.ps1'
[1.645s] INFO:colcon.colcon_core.shell:Creating package descriptor '/home/jermito/rina_ws/install/robot/share/robot/package.dsv'
[1.646s] INFO:colcon.colcon_core.shell:Creating package script '/home/jermito/rina_ws/install/robot/share/robot/package.sh'
[1.648s] INFO:colcon.colcon_core.shell:Creating package script '/home/jermito/rina_ws/install/robot/share/robot/package.bash'
[1.649s] INFO:colcon.colcon_core.shell:Creating package script '/home/jermito/rina_ws/install/robot/share/robot/package.zsh'
[1.651s] Level 1:colcon.colcon_core.environment:create_file_with_runtime_dependencies(/home/jermito/rina_ws/install/robot/share/colcon-core/packages/robot)
[1.660s] DEBUG:colcon.colcon_core.event_handler.log_command:Invoking command in '/home/jermito/rina_ws/build/ydlidar_ros2_driver': CMAKE_PREFIX_PATH=/opt/ros/foxy /usr/bin/cmake --install /home/jermito/rina_ws/build/ydlidar_ros2_driver
[1.665s] DEBUG:colcon.colcon_core.event_handler.log_command:Invoking command in '/home/jermito/rina_ws/build/serial': CMAKE_PREFIX_PATH=/opt/ros/foxy /usr/bin/cmake --install /home/jermito/rina_ws/build/serial
[1.690s] Level 1:colcon.colcon_core.environment:create_environment_scripts_only(robot)
[1.699s] Level 1:colcon.colcon_core.environment:checking '/home/jermito/rina_ws/install/robot' for CMake module files
[1.703s] Level 1:colcon.colcon_core.environment:checking '/home/jermito/rina_ws/install/robot' for CMake config files
[1.704s] Level 1:colcon.colcon_core.shell:create_environment_hook('robot', 'cmake_prefix_path')
[1.707s] INFO:colcon.colcon_core.shell:Creating environment hook '/home/jermito/rina_ws/install/robot/share/robot/hook/cmake_prefix_path.ps1'
[1.709s] INFO:colcon.colcon_core.shell:Creating environment descriptor '/home/jermito/rina_ws/install/robot/share/robot/hook/cmake_prefix_path.dsv'
[1.710s] INFO:colcon.colcon_core.shell:Creating environment hook '/home/jermito/rina_ws/install/robot/share/robot/hook/cmake_prefix_path.sh'
[1.712s] Level 1:colcon.colcon_core.environment:checking '/home/jermito/rina_ws/install/robot/bin'
[1.712s] Level 1:colcon.colcon_core.environment:checking '/home/jermito/rina_ws/install/robot/lib/pkgconfig/robot.pc'
[1.712s] Level 1:colcon.colcon_core.environment:checking '/home/jermito/rina_ws/install/robot/lib/python3.8/site-packages'
[1.713s] Level 1:colcon.colcon_core.environment:checking '/home/jermito/rina_ws/install/robot/bin'
[1.718s] INFO:colcon.colcon_core.shell:Creating package script '/home/jermito/rina_ws/install/robot/share/robot/package.ps1'
[1.720s] INFO:colcon.colcon_core.shell:Creating package descriptor '/home/jermito/rina_ws/install/robot/share/robot/package.dsv'
[1.722s] INFO:colcon.colcon_core.shell:Creating package script '/home/jermito/rina_ws/install/robot/share/robot/package.sh'
[1.722s] INFO:colcon.colcon_core.shell:Creating package script '/home/jermito/rina_ws/install/robot/share/robot/package.bash'
[1.723s] INFO:colcon.colcon_core.shell:Creating package script '/home/jermito/rina_ws/install/robot/share/robot/package.zsh'
[1.724s] Level 1:colcon.colcon_core.environment:create_file_with_runtime_dependencies(/home/jermito/rina_ws/install/robot/share/colcon-core/packages/robot)
[1.726s] Level 1:colcon.colcon_core.environment:create_environment_scripts_only(ydlidar_ros2_driver)
[1.730s] Level 1:colcon.colcon_core.environment:checking '/home/jermito/rina_ws/install/ydlidar_ros2_driver' for CMake module files
[1.731s] DEBUG:colcon.colcon_core.event_handler.log_command:Invoked command in '/home/jermito/rina_ws/build/ydlidar_ros2_driver' returned '0': CMAKE_PREFIX_PATH=/opt/ros/foxy /usr/bin/cmake --install /home/jermito/rina_ws/build/ydlidar_ros2_driver
[1.732s] Level 1:colcon.colcon_core.environment:checking '/home/jermito/rina_ws/install/ydlidar_ros2_driver' for CMake config files
[1.733s] Level 1:colcon.colcon_core.shell:create_environment_hook('ydlidar_ros2_driver', 'cmake_prefix_path')
[1.736s] INFO:colcon.colcon_core.shell:Creating environment hook '/home/jermito/rina_ws/install/ydlidar_ros2_driver/share/ydlidar_ros2_driver/hook/cmake_prefix_path.ps1'
[1.737s] INFO:colcon.colcon_core.shell:Creating environment descriptor '/home/jermito/rina_ws/install/ydlidar_ros2_driver/share/ydlidar_ros2_driver/hook/cmake_prefix_path.dsv'
[1.737s] INFO:colcon.colcon_core.shell:Creating environment hook '/home/jermito/rina_ws/install/ydlidar_ros2_driver/share/ydlidar_ros2_driver/hook/cmake_prefix_path.sh'
[1.738s] Level 1:colcon.colcon_core.environment:checking '/home/jermito/rina_ws/install/ydlidar_ros2_driver/lib'
[1.739s] Level 1:colcon.colcon_core.environment:checking '/home/jermito/rina_ws/install/ydlidar_ros2_driver/bin'
[1.739s] Level 1:colcon.colcon_core.environment:checking '/home/jermito/rina_ws/install/ydlidar_ros2_driver/lib/pkgconfig/ydlidar_ros2_driver.pc'
[1.739s] Level 1:colcon.colcon_core.environment:checking '/home/jermito/rina_ws/install/ydlidar_ros2_driver/lib/python3.8/site-packages'
[1.739s] Level 1:colcon.colcon_core.environment:checking '/home/jermito/rina_ws/install/ydlidar_ros2_driver/bin'
[1.742s] INFO:colcon.colcon_core.shell:Creating package script '/home/jermito/rina_ws/install/ydlidar_ros2_driver/share/ydlidar_ros2_driver/package.ps1'
[1.743s] INFO:colcon.colcon_core.shell:Creating package descriptor '/home/jermito/rina_ws/install/ydlidar_ros2_driver/share/ydlidar_ros2_driver/package.dsv'
[1.744s] INFO:colcon.colcon_core.shell:Creating package script '/home/jermito/rina_ws/install/ydlidar_ros2_driver/share/ydlidar_ros2_driver/package.sh'
[1.744s] INFO:colcon.colcon_core.shell:Creating package script '/home/jermito/rina_ws/install/ydlidar_ros2_driver/share/ydlidar_ros2_driver/package.bash'
[1.745s] INFO:colcon.colcon_core.shell:Creating package script '/home/jermito/rina_ws/install/ydlidar_ros2_driver/share/ydlidar_ros2_driver/package.zsh'
[1.745s] Level 1:colcon.colcon_core.environment:create_file_with_runtime_dependencies(/home/jermito/rina_ws/install/ydlidar_ros2_driver/share/colcon-core/packages/ydlidar_ros2_driver)
[1.750s] Level 1:colcon.colcon_core.environment:create_environment_scripts_only(serial)
[1.755s] Level 1:colcon.colcon_core.environment:checking '/home/jermito/rina_ws/install/serial' for CMake module files
[1.756s] DEBUG:colcon.colcon_core.event_handler.log_command:Invoked command in '/home/jermito/rina_ws/build/serial' returned '0': CMAKE_PREFIX_PATH=/opt/ros/foxy /usr/bin/cmake --install /home/jermito/rina_ws/build/serial
[1.757s] Level 1:colcon.colcon_core.environment:checking '/home/jermito/rina_ws/install/serial' for CMake config files
[1.758s] Level 1:colcon.colcon_core.shell:create_environment_hook('serial', 'cmake_prefix_path')
[1.761s] INFO:colcon.colcon_core.shell:Creating environment hook '/home/jermito/rina_ws/install/serial/share/serial/hook/cmake_prefix_path.ps1'
[1.762s] INFO:colcon.colcon_core.shell:Creating environment descriptor '/home/jermito/rina_ws/install/serial/share/serial/hook/cmake_prefix_path.dsv'
[1.763s] INFO:colcon.colcon_core.shell:Creating environment hook '/home/jermito/rina_ws/install/serial/share/serial/hook/cmake_prefix_path.sh'
[1.764s] Level 1:colcon.colcon_core.environment:checking '/home/jermito/rina_ws/install/serial/lib'
[1.764s] Level 1:colcon.colcon_core.environment:checking '/home/jermito/rina_ws/install/serial/bin'
[1.764s] Level 1:colcon.colcon_core.environment:checking '/home/jermito/rina_ws/install/serial/lib/pkgconfig/serial.pc'
[1.764s] Level 1:colcon.colcon_core.environment:checking '/home/jermito/rina_ws/install/serial/lib/python3.8/site-packages'
[1.765s] Level 1:colcon.colcon_core.environment:checking '/home/jermito/rina_ws/install/serial/bin'
[1.768s] INFO:colcon.colcon_core.shell:Creating package script '/home/jermito/rina_ws/install/serial/share/serial/package.ps1'
[1.769s] INFO:colcon.colcon_core.shell:Creating package descriptor '/home/jermito/rina_ws/install/serial/share/serial/package.dsv'
[1.769s] INFO:colcon.colcon_core.shell:Creating package script '/home/jermito/rina_ws/install/serial/share/serial/package.sh'
[1.770s] INFO:colcon.colcon_core.shell:Creating package script '/home/jermito/rina_ws/install/serial/share/serial/package.bash'
[1.771s] INFO:colcon.colcon_core.shell:Creating package script '/home/jermito/rina_ws/install/serial/share/serial/package.zsh'
[1.771s] Level 1:colcon.colcon_core.environment:create_file_with_runtime_dependencies(/home/jermito/rina_ws/install/serial/share/colcon-core/packages/serial)
[1.786s] Level 1:colcon.colcon_core.environment:create_environment_scripts_only(ydlidar_ros2_driver)
[1.791s] Level 1:colcon.colcon_core.environment:checking '/home/jermito/rina_ws/install/ydlidar_ros2_driver' for CMake module files
[1.792s] Level 1:colcon.colcon_core.environment:checking '/home/jermito/rina_ws/install/ydlidar_ros2_driver' for CMake config files
[1.792s] Level 1:colcon.colcon_core.shell:create_environment_hook('ydlidar_ros2_driver', 'cmake_prefix_path')
[1.795s] INFO:colcon.colcon_core.shell:Creating environment hook '/home/jermito/rina_ws/install/ydlidar_ros2_driver/share/ydlidar_ros2_driver/hook/cmake_prefix_path.ps1'
[1.796s] INFO:colcon.colcon_core.shell:Creating environment descriptor '/home/jermito/rina_ws/install/ydlidar_ros2_driver/share/ydlidar_ros2_driver/hook/cmake_prefix_path.dsv'
[1.797s] INFO:colcon.colcon_core.shell:Creating environment hook '/home/jermito/rina_ws/install/ydlidar_ros2_driver/share/ydlidar_ros2_driver/hook/cmake_prefix_path.sh'
[1.798s] Level 1:colcon.colcon_core.environment:checking '/home/jermito/rina_ws/install/ydlidar_ros2_driver/lib'
[1.798s] Level 1:colcon.colcon_core.environment:checking '/home/jermito/rina_ws/install/ydlidar_ros2_driver/bin'
[1.798s] Level 1:colcon.colcon_core.environment:checking '/home/jermito/rina_ws/install/ydlidar_ros2_driver/lib/pkgconfig/ydlidar_ros2_driver.pc'
[1.798s] Level 1:colcon.colcon_core.environment:checking '/home/jermito/rina_ws/install/ydlidar_ros2_driver/lib/python3.8/site-packages'
[1.799s] Level 1:colcon.colcon_core.environment:checking '/home/jermito/rina_ws/install/ydlidar_ros2_driver/bin'
[1.802s] INFO:colcon.colcon_core.shell:Creating package script '/home/jermito/rina_ws/install/ydlidar_ros2_driver/share/ydlidar_ros2_driver/package.ps1'
[1.803s] INFO:colcon.colcon_core.shell:Creating package descriptor '/home/jermito/rina_ws/install/ydlidar_ros2_driver/share/ydlidar_ros2_driver/package.dsv'
[1.804s] INFO:colcon.colcon_core.shell:Creating package script '/home/jermito/rina_ws/install/ydlidar_ros2_driver/share/ydlidar_ros2_driver/package.sh'
[1.804s] INFO:colcon.colcon_core.shell:Creating package script '/home/jermito/rina_ws/install/ydlidar_ros2_driver/share/ydlidar_ros2_driver/package.bash'
[1.805s] INFO:colcon.colcon_core.shell:Creating package script '/home/jermito/rina_ws/install/ydlidar_ros2_driver/share/ydlidar_ros2_driver/package.zsh'
[1.806s] Level 1:colcon.colcon_core.environment:create_file_with_runtime_dependencies(/home/jermito/rina_ws/install/ydlidar_ros2_driver/share/colcon-core/packages/ydlidar_ros2_driver)
[1.819s] Level 1:colcon.colcon_core.environment:create_environment_scripts_only(serial)
[1.824s] Level 1:colcon.colcon_core.environment:checking '/home/jermito/rina_ws/install/serial' for CMake module files
[1.825s] Level 1:colcon.colcon_core.environment:checking '/home/jermito/rina_ws/install/serial' for CMake config files
[1.826s] Level 1:colcon.colcon_core.shell:create_environment_hook('serial', 'cmake_prefix_path')
[1.829s] INFO:colcon.colcon_core.shell:Creating environment hook '/home/jermito/rina_ws/install/serial/share/serial/hook/cmake_prefix_path.ps1'
[1.829s] INFO:colcon.colcon_core.shell:Creating environment descriptor '/home/jermito/rina_ws/install/serial/share/serial/hook/cmake_prefix_path.dsv'
[1.830s] INFO:colcon.colcon_core.shell:Creating environment hook '/home/jermito/rina_ws/install/serial/share/serial/hook/cmake_prefix_path.sh'
[1.831s] Level 1:colcon.colcon_core.environment:checking '/home/jermito/rina_ws/install/serial/lib'
[1.831s] Level 1:colcon.colcon_core.environment:checking '/home/jermito/rina_ws/install/serial/bin'
[1.831s] Level 1:colcon.colcon_core.environment:checking '/home/jermito/rina_ws/install/serial/lib/pkgconfig/serial.pc'
[1.832s] Level 1:colcon.colcon_core.environment:checking '/home/jermito/rina_ws/install/serial/lib/python3.8/site-packages'
[1.832s] Level 1:colcon.colcon_core.environment:checking '/home/jermito/rina_ws/install/serial/bin'
[1.836s] INFO:colcon.colcon_core.shell:Creating package script '/home/jermito/rina_ws/install/serial/share/serial/package.ps1'
[1.837s] INFO:colcon.colcon_core.shell:Creating package descriptor '/home/jermito/rina_ws/install/serial/share/serial/package.dsv'
[1.838s] INFO:colcon.colcon_core.shell:Creating package script '/home/jermito/rina_ws/install/serial/share/serial/package.sh'
[1.838s] INFO:colcon.colcon_core.shell:Creating package script '/home/jermito/rina_ws/install/serial/share/serial/package.bash'
[1.839s] INFO:colcon.colcon_core.shell:Creating package script '/home/jermito/rina_ws/install/serial/share/serial/package.zsh'
[1.840s] Level 1:colcon.colcon_core.environment:create_file_with_runtime_dependencies(/home/jermito/rina_ws/install/serial/share/colcon-core/packages/serial)
[1.840s] INFO:colcon.colcon_ros.task.ament_cmake.build:Building ROS package in '/home/jermito/rina_ws/src/diffdrive_arduino' with build type 'ament_cmake'
[1.840s] INFO:colcon.colcon_cmake.task.cmake.build:Building CMake package in '/home/jermito/rina_ws/src/diffdrive_arduino'
[1.843s] INFO:colcon.colcon_core.shell:Skip shell extension 'powershell' for command environment: Not usable outside of PowerShell
[1.844s] DEBUG:colcon.colcon_core.shell:Skip shell extension 'dsv' for command environment
[1.867s] DEBUG:colcon.colcon_core.event_handler.log_command:Invoking command in '/home/jermito/rina_ws/build/diffdrive_arduino': AMENT_PREFIX_PATH=/home/jermito/rina_ws/install/serial:${AMENT_PREFIX_PATH} CMAKE_PREFIX_PATH=/home/jermito/rina_ws/install/serial:/opt/ros/foxy LD_LIBRARY_PATH=/home/jermito/rina_ws/install/serial/lib:${LD_LIBRARY_PATH} /usr/bin/cmake --build /home/jermito/rina_ws/build/diffdrive_arduino -- -j8 -l8
[2.001s] DEBUG:colcon.colcon_core.event_handler.log_command:Invoked command in '/home/jermito/rina_ws/build/diffdrive_arduino' returned '0': AMENT_PREFIX_PATH=/home/jermito/rina_ws/install/serial:${AMENT_PREFIX_PATH} CMAKE_PREFIX_PATH=/home/jermito/rina_ws/install/serial:/opt/ros/foxy LD_LIBRARY_PATH=/home/jermito/rina_ws/install/serial/lib:${LD_LIBRARY_PATH} /usr/bin/cmake --build /home/jermito/rina_ws/build/diffdrive_arduino -- -j8 -l8
[2.044s] DEBUG:colcon.colcon_core.event_handler.log_command:Invoking command in '/home/jermito/rina_ws/build/diffdrive_arduino': AMENT_PREFIX_PATH=/home/jermito/rina_ws/install/serial:${AMENT_PREFIX_PATH} CMAKE_PREFIX_PATH=/home/jermito/rina_ws/install/serial:/opt/ros/foxy LD_LIBRARY_PATH=/home/jermito/rina_ws/install/serial/lib:${LD_LIBRARY_PATH} /usr/bin/cmake --install /home/jermito/rina_ws/build/diffdrive_arduino
[2.094s] Level 1:colcon.colcon_core.environment:create_environment_scripts_only(diffdrive_arduino)
[2.099s] Level 1:colcon.colcon_core.environment:checking '/home/jermito/rina_ws/install/diffdrive_arduino' for CMake module files
[2.099s] DEBUG:colcon.colcon_core.event_handler.log_command:Invoked command in '/home/jermito/rina_ws/build/diffdrive_arduino' returned '0': AMENT_PREFIX_PATH=/home/jermito/rina_ws/install/serial:${AMENT_PREFIX_PATH} CMAKE_PREFIX_PATH=/home/jermito/rina_ws/install/serial:/opt/ros/foxy LD_LIBRARY_PATH=/home/jermito/rina_ws/install/serial/lib:${LD_LIBRARY_PATH} /usr/bin/cmake --install /home/jermito/rina_ws/build/diffdrive_arduino
[2.100s] Level 1:colcon.colcon_core.environment:checking '/home/jermito/rina_ws/install/diffdrive_arduino' for CMake config files
[2.101s] Level 1:colcon.colcon_core.shell:create_environment_hook('diffdrive_arduino', 'cmake_prefix_path')
[2.105s] INFO:colcon.colcon_core.shell:Creating environment hook '/home/jermito/rina_ws/install/diffdrive_arduino/share/diffdrive_arduino/hook/cmake_prefix_path.ps1'
[2.105s] INFO:colcon.colcon_core.shell:Creating environment descriptor '/home/jermito/rina_ws/install/diffdrive_arduino/share/diffdrive_arduino/hook/cmake_prefix_path.dsv'
[2.106s] INFO:colcon.colcon_core.shell:Creating environment hook '/home/jermito/rina_ws/install/diffdrive_arduino/share/diffdrive_arduino/hook/cmake_prefix_path.sh'
[2.107s] Level 1:colcon.colcon_core.environment:checking '/home/jermito/rina_ws/install/diffdrive_arduino/lib'
[2.107s] Level 1:colcon.colcon_core.shell:create_environment_hook('diffdrive_arduino', 'ld_library_path_lib')
[2.110s] INFO:colcon.colcon_core.shell:Creating environment hook '/home/jermito/rina_ws/install/diffdrive_arduino/share/diffdrive_arduino/hook/ld_library_path_lib.ps1'
[2.111s] INFO:colcon.colcon_core.shell:Creating environment descriptor '/home/jermito/rina_ws/install/diffdrive_arduino/share/diffdrive_arduino/hook/ld_library_path_lib.dsv'
[2.111s] INFO:colcon.colcon_core.shell:Creating environment hook '/home/jermito/rina_ws/install/diffdrive_arduino/share/diffdrive_arduino/hook/ld_library_path_lib.sh'
[2.112s] Level 1:colcon.colcon_core.environment:checking '/home/jermito/rina_ws/install/diffdrive_arduino/bin'
[2.112s] Level 1:colcon.colcon_core.environment:checking '/home/jermito/rina_ws/install/diffdrive_arduino/lib/pkgconfig/diffdrive_arduino.pc'
[2.112s] Level 1:colcon.colcon_core.environment:checking '/home/jermito/rina_ws/install/diffdrive_arduino/lib/python3.8/site-packages'
[2.113s] Level 1:colcon.colcon_core.environment:checking '/home/jermito/rina_ws/install/diffdrive_arduino/bin'
[2.116s] INFO:colcon.colcon_core.shell:Creating package script '/home/jermito/rina_ws/install/diffdrive_arduino/share/diffdrive_arduino/package.ps1'
[2.117s] INFO:colcon.colcon_core.shell:Creating package descriptor '/home/jermito/rina_ws/install/diffdrive_arduino/share/diffdrive_arduino/package.dsv'
[2.117s] INFO:colcon.colcon_core.shell:Creating package script '/home/jermito/rina_ws/install/diffdrive_arduino/share/diffdrive_arduino/package.sh'
[2.118s] INFO:colcon.colcon_core.shell:Creating package script '/home/jermito/rina_ws/install/diffdrive_arduino/share/diffdrive_arduino/package.bash'
[2.119s] INFO:colcon.colcon_core.shell:Creating package script '/home/jermito/rina_ws/install/diffdrive_arduino/share/diffdrive_arduino/package.zsh'
[2.120s] Level 1:colcon.colcon_core.environment:create_file_with_runtime_dependencies(/home/jermito/rina_ws/install/diffdrive_arduino/share/colcon-core/packages/diffdrive_arduino)
[2.165s] Level 1:colcon.colcon_core.environment:create_environment_scripts_only(diffdrive_arduino)
[2.170s] Level 1:colcon.colcon_core.environment:checking '/home/jermito/rina_ws/install/diffdrive_arduino' for CMake module files
[2.171s] Level 1:colcon.colcon_core.environment:checking '/home/jermito/rina_ws/install/diffdrive_arduino' for CMake config files
[2.171s] Level 1:colcon.colcon_core.shell:create_environment_hook('diffdrive_arduino', 'cmake_prefix_path')
[2.174s] INFO:colcon.colcon_core.shell:Creating environment hook '/home/jermito/rina_ws/install/diffdrive_arduino/share/diffdrive_arduino/hook/cmake_prefix_path.ps1'
[2.175s] INFO:colcon.colcon_core.shell:Creating environment descriptor '/home/jermito/rina_ws/install/diffdrive_arduino/share/diffdrive_arduino/hook/cmake_prefix_path.dsv'
[2.176s] INFO:colcon.colcon_core.shell:Creating environment hook '/home/jermito/rina_ws/install/diffdrive_arduino/share/diffdrive_arduino/hook/cmake_prefix_path.sh'
[2.177s] Level 1:colcon.colcon_core.environment:checking '/home/jermito/rina_ws/install/diffdrive_arduino/lib'
[2.177s] Level 1:colcon.colcon_core.shell:create_environment_hook('diffdrive_arduino', 'ld_library_path_lib')
[2.180s] INFO:colcon.colcon_core.shell:Creating environment hook '/home/jermito/rina_ws/install/diffdrive_arduino/share/diffdrive_arduino/hook/ld_library_path_lib.ps1'
[2.180s] INFO:colcon.colcon_core.shell:Creating environment descriptor '/home/jermito/rina_ws/install/diffdrive_arduino/share/diffdrive_arduino/hook/ld_library_path_lib.dsv'
[2.181s] INFO:colcon.colcon_core.shell:Creating environment hook '/home/jermito/rina_ws/install/diffdrive_arduino/share/diffdrive_arduino/hook/ld_library_path_lib.sh'
[2.181s] Level 1:colcon.colcon_core.environment:checking '/home/jermito/rina_ws/install/diffdrive_arduino/bin'
[2.182s] Level 1:colcon.colcon_core.environment:checking '/home/jermito/rina_ws/install/diffdrive_arduino/lib/pkgconfig/diffdrive_arduino.pc'
[2.182s] Level 1:colcon.colcon_core.environment:checking '/home/jermito/rina_ws/install/diffdrive_arduino/lib/python3.8/site-packages'
[2.182s] Level 1:colcon.colcon_core.environment:checking '/home/jermito/rina_ws/install/diffdrive_arduino/bin'
[2.186s] INFO:colcon.colcon_core.shell:Creating package script '/home/jermito/rina_ws/install/diffdrive_arduino/share/diffdrive_arduino/package.ps1'
[2.186s] INFO:colcon.colcon_core.shell:Creating package descriptor '/home/jermito/rina_ws/install/diffdrive_arduino/share/diffdrive_arduino/package.dsv'
[2.187s] INFO:colcon.colcon_core.shell:Creating package script '/home/jermito/rina_ws/install/diffdrive_arduino/share/diffdrive_arduino/package.sh'
[2.188s] INFO:colcon.colcon_core.shell:Creating package script '/home/jermito/rina_ws/install/diffdrive_arduino/share/diffdrive_arduino/package.bash'
[2.189s] INFO:colcon.colcon_core.shell:Creating package script '/home/jermito/rina_ws/install/diffdrive_arduino/share/diffdrive_arduino/package.zsh'
[2.189s] Level 1:colcon.colcon_core.environment:create_file_with_runtime_dependencies(/home/jermito/rina_ws/install/diffdrive_arduino/share/colcon-core/packages/diffdrive_arduino)
[2.190s] DEBUG:colcon.colcon_parallel_executor.executor.parallel:closing loop
[2.191s] DEBUG:colcon.colcon_parallel_executor.executor.parallel:loop closed
[2.191s] DEBUG:colcon.colcon_parallel_executor.executor.parallel:run_until_complete finished with '0'
[2.191s] DEBUG:colcon.colcon_core.event_reactor:joining thread
[2.202s] INFO:colcon.colcon_core.plugin_system:Skipping extension 'colcon_notification.desktop_notification.terminal_notifier': Not used on non-Darwin systems
[2.202s] INFO:colcon.colcon_core.plugin_system:Skipping extension 'colcon_notification.desktop_notification.win32': Not used on non-Windows systems
[2.202s] INFO:colcon.colcon_notification.desktop_notification:Sending desktop notification using 'notify2'
[2.231s] DEBUG:colcon.colcon_core.event_reactor:joined thread
[2.235s] INFO:colcon.colcon_core.shell:Creating prefix script '/home/jermito/rina_ws/install/local_setup.ps1'
[2.237s] INFO:colcon.colcon_core.shell:Creating prefix util module '/home/jermito/rina_ws/install/_local_setup_util_ps1.py'
[2.240s] INFO:colcon.colcon_core.shell:Creating prefix chain script '/home/jermito/rina_ws/install/setup.ps1'
[2.242s] INFO:colcon.colcon_core.shell:Creating prefix script '/home/jermito/rina_ws/install/local_setup.sh'
[2.244s] INFO:colcon.colcon_core.shell:Creating prefix util module '/home/jermito/rina_ws/install/_local_setup_util_sh.py'
[2.244s] INFO:colcon.colcon_core.shell:Creating prefix chain script '/home/jermito/rina_ws/install/setup.sh'
[2.247s] INFO:colcon.colcon_core.shell:Creating prefix script '/home/jermito/rina_ws/install/local_setup.bash'
[2.248s] INFO:colcon.colcon_core.shell:Creating prefix chain script '/home/jermito/rina_ws/install/setup.bash'
[2.251s] INFO:colcon.colcon_core.shell:Creating prefix script '/home/jermito/rina_ws/install/local_setup.zsh'
[2.252s] INFO:colcon.colcon_core.shell:Creating prefix chain script '/home/jermito/rina_ws/install/setup.zsh'
