[0.049s] Invoking command in '/home/jermito/rina_ws/build/robot': CMAKE_PREFIX_PATH=/opt/ros/foxy /usr/bin/cmake --build /home/jermito/rina_ws/build/robot -- -j8 -l8
[0.130s] Invoked command in '/home/jermito/rina_ws/build/robot' returned '0': CMAKE_PREFIX_PATH=/opt/ros/foxy /usr/bin/cmake --build /home/jermito/rina_ws/build/robot -- -j8 -l8
[0.215s] Invoking command in '/home/jermito/rina_ws/build/robot': CMAKE_PREFIX_PATH=/opt/ros/foxy /usr/bin/cmake --install /home/jermito/rina_ws/build/robot
[0.236s] -- Install configuration: ""
[0.236s] -- Execute custom install script
[0.240s] -- Up-to-date symlink: /home/jermito/rina_ws/install/robot/share/robot/config/controller.yaml
[0.240s] -- Symlinking: /home/jermito/rina_ws/install/robot/share/robot/config/mapper_params_online_async.yaml
[0.256s] -- Up-to-date symlink: /home/jermito/rina_ws/install/robot/share/robot/urdf/control/gazebo_control.xacro
[0.257s] -- Up-to-date symlink: /home/jermito/rina_ws/install/robot/share/robot/urdf/control/ros2_control.xacro
[0.257s] -- Up-to-date symlink: /home/jermito/rina_ws/install/robot/share/robot/urdf/materials.xacro
[0.258s] -- Up-to-date symlink: /home/jermito/rina_ws/install/robot/share/robot/urdf/properties.xacro
[0.258s] -- Up-to-date symlink: /home/jermito/rina_ws/install/robot/share/robot/urdf/robot.urdf.xacro
[0.258s] -- Up-to-date symlink: /home/jermito/rina_ws/install/robot/share/robot/urdf/robot_core.urdf.xacro
[0.259s] -- Up-to-date symlink: /home/jermito/rina_ws/install/robot/share/robot/urdf/sensors/lidar.xacro
[0.260s] -- Up-to-date symlink: /home/jermito/rina_ws/install/robot/share/robot/launch/gazebo.launch.py
[0.261s] -- Up-to-date symlink: /home/jermito/rina_ws/install/robot/share/robot/launch/robot.launch.py
[0.261s] -- Up-to-date symlink: /home/jermito/rina_ws/install/robot/share/robot/launch/rsp.launch.py
[0.262s] -- Up-to-date symlink: /home/jermito/rina_ws/install/robot/share/robot/meshes/Wheel_1_1.stl
[0.263s] -- Up-to-date symlink: /home/jermito/rina_ws/install/robot/share/robot/meshes/Wheel_2_1.stl
[0.263s] -- Up-to-date symlink: /home/jermito/rina_ws/install/robot/share/robot/meshes/base_link.stl
[0.263s] -- Up-to-date symlink: /home/jermito/rina_ws/install/robot/share/robot/meshes/chassis/base_link.stl
[0.264s] -- Up-to-date symlink: /home/jermito/rina_ws/install/robot/share/robot/meshes/lidar/base_link.stl
[0.265s] -- Up-to-date symlink: /home/jermito/rina_ws/install/robot/share/robot/meshes/wheel/base_link.stl
[0.265s] -- Up-to-date symlink: /home/jermito/rina_ws/install/robot/share/ament_index/resource_index/package_run_dependencies/robot
[0.266s] -- Up-to-date symlink: /home/jermito/rina_ws/install/robot/share/ament_index/resource_index/parent_prefix_path/robot
[0.267s] -- Up-to-date symlink: /home/jermito/rina_ws/install/robot/share/robot/environment/ament_prefix_path.sh
[0.267s] -- Up-to-date symlink: /home/jermito/rina_ws/install/robot/share/robot/environment/ament_prefix_path.dsv
[0.268s] -- Up-to-date symlink: /home/jermito/rina_ws/install/robot/share/robot/environment/path.sh
[0.268s] -- Up-to-date symlink: /home/jermito/rina_ws/install/robot/share/robot/environment/path.dsv
[0.268s] -- Up-to-date symlink: /home/jermito/rina_ws/install/robot/share/robot/local_setup.bash
[0.269s] -- Up-to-date symlink: /home/jermito/rina_ws/install/robot/share/robot/local_setup.sh
[0.270s] -- Up-to-date symlink: /home/jermito/rina_ws/install/robot/share/robot/local_setup.zsh
[0.271s] -- Up-to-date symlink: /home/jermito/rina_ws/install/robot/share/robot/local_setup.dsv
[0.271s] -- Symlinking: /home/jermito/rina_ws/install/robot/share/robot/package.dsv
[0.296s] -- Up-to-date symlink: /home/jermito/rina_ws/install/robot/share/ament_index/resource_index/packages/robot
[0.297s] -- Up-to-date symlink: /home/jermito/rina_ws/install/robot/share/robot/cmake/robotConfig.cmake
[0.297s] -- Up-to-date symlink: /home/jermito/rina_ws/install/robot/share/robot/cmake/robotConfig-version.cmake
[0.298s] -- Up-to-date symlink: /home/jermito/rina_ws/install/robot/share/robot/package.xml
[0.308s] Invoked command in '/home/jermito/rina_ws/build/robot' returned '0': CMAKE_PREFIX_PATH=/opt/ros/foxy /usr/bin/cmake --install /home/jermito/rina_ws/build/robot
