[0.033s] Invoking command in '/home/jermito/rina_ws/build/diffdrive_arduino': AMENT_PREFIX_PATH=/home/jermito/rina_ws/install/serial:${AMENT_PREFIX_PATH} CMAKE_PREFIX_PATH=/home/jermito/rina_ws/install/serial:/opt/ros/foxy LD_LIBRARY_PATH=/home/jermito/rina_ws/install/serial/lib:${LD_LIBRARY_PATH} /usr/bin/cmake --build /home/jermito/rina_ws/build/diffdrive_arduino -- -j8 -l8
[0.110s] [ 57%] Built target diffdrive_arduino
[0.116s] [100%] Built target fake_robot
[0.127s] Invoked command in '/home/jermito/rina_ws/build/diffdrive_arduino' returned '0': AMENT_PREFIX_PATH=/home/jermito/rina_ws/install/serial:${AMENT_PREFIX_PATH} CMAKE_PREFIX_PATH=/home/jermito/rina_ws/install/serial:/opt/ros/foxy LD_LIBRARY_PATH=/home/jermito/rina_ws/install/serial/lib:${LD_LIBRARY_PATH} /usr/bin/cmake --build /home/jermito/rina_ws/build/diffdrive_arduino -- -j8 -l8
[0.157s] Invoking command in '/home/jermito/rina_ws/build/diffdrive_arduino': AMENT_PREFIX_PATH=/home/jermito/rina_ws/install/serial:${AMENT_PREFIX_PATH} CMAKE_PREFIX_PATH=/home/jermito/rina_ws/install/serial:/opt/ros/foxy LD_LIBRARY_PATH=/home/jermito/rina_ws/install/serial/lib:${LD_LIBRARY_PATH} /usr/bin/cmake --install /home/jermito/rina_ws/build/diffdrive_arduino
[0.166s] -- Install configuration: ""
[0.167s] -- Execute custom install script
[0.167s] -- Up-to-date symlink: /home/jermito/rina_ws/install/diffdrive_arduino/share/diffdrive_arduino//robot_hardware.xml
[0.167s] -- Up-to-date symlink: /home/jermito/rina_ws/install/diffdrive_arduino/share/diffdrive_arduino//fake_robot_hardware.xml
[0.168s] -- Up-to-date symlink: /home/jermito/rina_ws/install/diffdrive_arduino/lib/libdiffdrive_arduino.so
[0.168s] -- Up-to-date symlink: /home/jermito/rina_ws/install/diffdrive_arduino/lib/libfake_robot.so
[0.168s] -- Up-to-date symlink: /home/jermito/rina_ws/install/diffdrive_arduino/share/diffdrive_arduino/controllers/robot_controller_example.yaml
[0.169s] -- Up-to-date symlink: /home/jermito/rina_ws/install/diffdrive_arduino/share/diffdrive_arduino/fake_robot.launch.py
[0.169s] -- Up-to-date symlink: /home/jermito/rina_ws/install/diffdrive_arduino/share/diffdrive_arduino/test_robot.launch.py
[0.169s] -- Up-to-date symlink: /home/jermito/rina_ws/install/diffdrive_arduino/share/diffdrive_arduino/environment/library_path.sh
[0.170s] -- Up-to-date symlink: /home/jermito/rina_ws/install/diffdrive_arduino/share/diffdrive_arduino/environment/library_path.dsv
[0.170s] -- Up-to-date symlink: /home/jermito/rina_ws/install/diffdrive_arduino/share/ament_index/resource_index/package_run_dependencies/diffdrive_arduino
[0.171s] -- Up-to-date symlink: /home/jermito/rina_ws/install/diffdrive_arduino/share/ament_index/resource_index/parent_prefix_path/diffdrive_arduino
[0.171s] -- Up-to-date symlink: /home/jermito/rina_ws/install/diffdrive_arduino/share/diffdrive_arduino/environment/ament_prefix_path.sh
[0.171s] -- Up-to-date symlink: /home/jermito/rina_ws/install/diffdrive_arduino/share/diffdrive_arduino/environment/ament_prefix_path.dsv
[0.172s] -- Up-to-date symlink: /home/jermito/rina_ws/install/diffdrive_arduino/share/diffdrive_arduino/environment/path.sh
[0.172s] -- Up-to-date symlink: /home/jermito/rina_ws/install/diffdrive_arduino/share/diffdrive_arduino/environment/path.dsv
[0.173s] -- Up-to-date symlink: /home/jermito/rina_ws/install/diffdrive_arduino/share/diffdrive_arduino/local_setup.bash
[0.173s] -- Up-to-date symlink: /home/jermito/rina_ws/install/diffdrive_arduino/share/diffdrive_arduino/local_setup.sh
[0.173s] -- Up-to-date symlink: /home/jermito/rina_ws/install/diffdrive_arduino/share/diffdrive_arduino/local_setup.zsh
[0.174s] -- Up-to-date symlink: /home/jermito/rina_ws/install/diffdrive_arduino/share/diffdrive_arduino/local_setup.dsv
[0.174s] -- Symlinking: /home/jermito/rina_ws/install/diffdrive_arduino/share/diffdrive_arduino/package.dsv
[0.185s] -- Up-to-date symlink: /home/jermito/rina_ws/install/diffdrive_arduino/share/ament_index/resource_index/packages/diffdrive_arduino
[0.185s] -- Up-to-date symlink: /home/jermito/rina_ws/install/diffdrive_arduino/share/ament_index/resource_index/hardware_interface__pluginlib__plugin/diffdrive_arduino
[0.185s] -- Up-to-date symlink: /home/jermito/rina_ws/install/diffdrive_arduino/share/diffdrive_arduino/cmake/ament_cmake_export_libraries-extras.cmake
[0.185s] -- Up-to-date symlink: /home/jermito/rina_ws/install/diffdrive_arduino/share/diffdrive_arduino/cmake/ament_cmake_export_dependencies-extras.cmake
[0.186s] -- Up-to-date symlink: /home/jermito/rina_ws/install/diffdrive_arduino/share/diffdrive_arduino/cmake/diffdrive_arduinoConfig.cmake
[0.186s] -- Up-to-date symlink: /home/jermito/rina_ws/install/diffdrive_arduino/share/diffdrive_arduino/cmake/diffdrive_arduinoConfig-version.cmake
[0.186s] -- Up-to-date symlink: /home/jermito/rina_ws/install/diffdrive_arduino/share/diffdrive_arduino/package.xml
[0.192s] Invoked command in '/home/jermito/rina_ws/build/diffdrive_arduino' returned '0': AMENT_PREFIX_PATH=/home/jermito/rina_ws/install/serial:${AMENT_PREFIX_PATH} CMAKE_PREFIX_PATH=/home/jermito/rina_ws/install/serial:/opt/ros/foxy LD_LIBRARY_PATH=/home/jermito/rina_ws/install/serial/lib:${LD_LIBRARY_PATH} /usr/bin/cmake --install /home/jermito/rina_ws/build/diffdrive_arduino
