[0.016s] Invoking command in '/home/jermito/rina_ws/build/diffdrive_arduino': AMENT_PREFIX_PATH=/home/jermito/rina_ws/install/serial:${AMENT_PREFIX_PATH} CMAKE_PREFIX_PATH=/home/jermito/rina_ws/install/serial:/opt/ros/foxy LD_LIBRARY_PATH=/home/jermito/rina_ws/install/serial/lib:${LD_LIBRARY_PATH} /usr/bin/cmake /home/jermito/rina_ws/src/diffdrive_arduino -DAMENT_CMAKE_SYMLINK_INSTALL=1 -DCMAKE_INSTALL_PREFIX=/home/jermito/rina_ws/install/diffdrive_arduino
[0.105s] -- The C compiler identification is GNU 9.4.0
[0.269s] -- The CXX compiler identification is GNU 9.4.0
[0.282s] -- Check for working C compiler: /usr/bin/cc
[0.431s] -- Check for working C compiler: /usr/bin/cc -- works
[0.433s] -- Detecting C compiler ABI info
[0.530s] -- Detecting C compiler ABI info - done
[0.545s] -- Detecting C compile features
[0.545s] -- Detecting C compile features - done
[0.551s] -- Check for working CXX compiler: /usr/bin/c++
[0.680s] -- Check for working CXX compiler: /usr/bin/c++ -- works
[0.682s] -- Detecting CXX compiler ABI info
[0.785s] -- Detecting CXX compiler ABI info - done
[0.821s] -- Detecting CXX compile features
[0.822s] -- Detecting CXX compile features - done
[0.827s] -- Found ament_cmake: 0.9.12 (/opt/ros/foxy/share/ament_cmake/cmake)
[0.878s] -- Found PythonInterp: /usr/bin/python3 (found suitable version "3.8.10", minimum required is "3") 
[0.878s] -- Using PYTHON_EXECUTABLE: /usr/bin/python3
[1.216s] -- Override CMake install command with custom implementation using symlinks instead of copying resources
[1.260s] -- Found serial: 1.2.1 (/home/jermito/rina_ws/install/serial/share/serial/cmake)
[1.265s] -- Found hardware_interface: 0.11.0 (/opt/ros/foxy/share/hardware_interface/cmake)
[1.328s] -- Using all available rosidl_typesupport_c: rosidl_typesupport_fastrtps_c;rosidl_typesupport_introspection_c
[1.338s] -- Found rosidl_adapter: 1.3.1 (/opt/ros/foxy/share/rosidl_adapter/cmake)
[1.477s] -- Found OpenSSL: /usr/lib/x86_64-linux-gnu/libcrypto.so (found version "1.1.1f")  
[1.534s] -- Found FastRTPS: /opt/ros/foxy/include  
[1.680s] -- Using all available rosidl_typesupport_cpp: rosidl_typesupport_fastrtps_cpp;rosidl_typesupport_introspection_cpp
[2.641s] -- Found controller_manager: 0.11.0 (/opt/ros/foxy/share/controller_manager/cmake)
[2.752s] -- Found rmw_implementation_cmake: 1.0.4 (/opt/ros/foxy/share/rmw_implementation_cmake/cmake)
[2.760s] -- Using RMW implementation 'rmw_fastrtps_cpp' as default
[2.763s] -- Looking for pthread.h
[2.847s] -- Looking for pthread.h - found
[2.847s] -- Performing Test CMAKE_HAVE_LIBC_PTHREAD
[2.957s] -- Performing Test CMAKE_HAVE_LIBC_PTHREAD - Failed
[2.958s] -- Looking for pthread_create in pthreads
[3.096s] -- Looking for pthread_create in pthreads - not found
[3.096s] -- Looking for pthread_create in pthread
[3.241s] -- Looking for pthread_create in pthread - found
[3.245s] -- Found Threads: TRUE  
[4.315s] -- Configuring done
[4.389s] -- Generating done
[4.393s] -- Build files have been written to: /home/jermito/rina_ws/build/diffdrive_arduino
[4.405s] Invoked command in '/home/jermito/rina_ws/build/diffdrive_arduino' returned '0': AMENT_PREFIX_PATH=/home/jermito/rina_ws/install/serial:${AMENT_PREFIX_PATH} CMAKE_PREFIX_PATH=/home/jermito/rina_ws/install/serial:/opt/ros/foxy LD_LIBRARY_PATH=/home/jermito/rina_ws/install/serial/lib:${LD_LIBRARY_PATH} /usr/bin/cmake /home/jermito/rina_ws/src/diffdrive_arduino -DAMENT_CMAKE_SYMLINK_INSTALL=1 -DCMAKE_INSTALL_PREFIX=/home/jermito/rina_ws/install/diffdrive_arduino
[4.408s] Invoking command in '/home/jermito/rina_ws/build/diffdrive_arduino': AMENT_PREFIX_PATH=/home/jermito/rina_ws/install/serial:${AMENT_PREFIX_PATH} CMAKE_PREFIX_PATH=/home/jermito/rina_ws/install/serial:/opt/ros/foxy LD_LIBRARY_PATH=/home/jermito/rina_ws/install/serial/lib:${LD_LIBRARY_PATH} /usr/bin/cmake --build /home/jermito/rina_ws/build/diffdrive_arduino -- -j8 -l8
[4.448s] [35m[1mScanning dependencies of target fake_robot[0m
[4.449s] [35m[1mScanning dependencies of target diffdrive_arduino[0m
[4.526s] [ 14%] [32mBuilding CXX object CMakeFiles/fake_robot.dir/src/wheel.cpp.o[0m
[4.527s] [ 28%] [32mBuilding CXX object CMakeFiles/fake_robot.dir/src/fake_robot.cpp.o[0m
[4.532s] [ 42%] [32mBuilding CXX object CMakeFiles/diffdrive_arduino.dir/src/diffdrive_arduino.cpp.o[0m
[4.532s] [ 57%] [32mBuilding CXX object CMakeFiles/diffdrive_arduino.dir/src/wheel.cpp.o[0m
[4.534s] [ 71%] [32mBuilding CXX object CMakeFiles/diffdrive_arduino.dir/src/arduino_comms.cpp.o[0m
[8.771s] [ 85%] [32m[1mLinking CXX shared library libfake_robot.so[0m
[8.838s] [100%] [32m[1mLinking CXX shared library libdiffdrive_arduino.so[0m
[9.051s] [100%] Built target fake_robot
[9.101s] [100%] Built target diffdrive_arduino
[9.111s] Invoked command in '/home/jermito/rina_ws/build/diffdrive_arduino' returned '0': AMENT_PREFIX_PATH=/home/jermito/rina_ws/install/serial:${AMENT_PREFIX_PATH} CMAKE_PREFIX_PATH=/home/jermito/rina_ws/install/serial:/opt/ros/foxy LD_LIBRARY_PATH=/home/jermito/rina_ws/install/serial/lib:${LD_LIBRARY_PATH} /usr/bin/cmake --build /home/jermito/rina_ws/build/diffdrive_arduino -- -j8 -l8
[9.138s] Invoking command in '/home/jermito/rina_ws/build/diffdrive_arduino': AMENT_PREFIX_PATH=/home/jermito/rina_ws/install/serial:${AMENT_PREFIX_PATH} CMAKE_PREFIX_PATH=/home/jermito/rina_ws/install/serial:/opt/ros/foxy LD_LIBRARY_PATH=/home/jermito/rina_ws/install/serial/lib:${LD_LIBRARY_PATH} /usr/bin/cmake --install /home/jermito/rina_ws/build/diffdrive_arduino
[9.145s] -- Install configuration: ""
[9.145s] -- Execute custom install script
[9.146s] -- Symlinking: /home/jermito/rina_ws/install/diffdrive_arduino/share/diffdrive_arduino//robot_hardware.xml
[9.153s] -- Symlinking: /home/jermito/rina_ws/install/diffdrive_arduino/share/diffdrive_arduino//fake_robot_hardware.xml
[9.181s] -- Symlinking: /home/jermito/rina_ws/install/diffdrive_arduino/lib/libdiffdrive_arduino.so
[9.193s] -- Symlinking: /home/jermito/rina_ws/install/diffdrive_arduino/lib/libfake_robot.so
[9.203s] -- Symlinking: /home/jermito/rina_ws/install/diffdrive_arduino/share/diffdrive_arduino/controllers/robot_controller_example.yaml
[9.211s] -- Symlinking: /home/jermito/rina_ws/install/diffdrive_arduino/share/diffdrive_arduino/fake_robot.launch.py
[9.219s] -- Symlinking: /home/jermito/rina_ws/install/diffdrive_arduino/share/diffdrive_arduino/test_robot.launch.py
[9.227s] -- Symlinking: /home/jermito/rina_ws/install/diffdrive_arduino/share/diffdrive_arduino/environment/library_path.sh
[9.235s] -- Symlinking: /home/jermito/rina_ws/install/diffdrive_arduino/share/diffdrive_arduino/environment/library_path.dsv
[9.242s] -- Symlinking: /home/jermito/rina_ws/install/diffdrive_arduino/share/ament_index/resource_index/package_run_dependencies/diffdrive_arduino
[9.250s] -- Symlinking: /home/jermito/rina_ws/install/diffdrive_arduino/share/ament_index/resource_index/parent_prefix_path/diffdrive_arduino
[9.259s] -- Symlinking: /home/jermito/rina_ws/install/diffdrive_arduino/share/diffdrive_arduino/environment/ament_prefix_path.sh
[9.267s] -- Symlinking: /home/jermito/rina_ws/install/diffdrive_arduino/share/diffdrive_arduino/environment/ament_prefix_path.dsv
[9.275s] -- Symlinking: /home/jermito/rina_ws/install/diffdrive_arduino/share/diffdrive_arduino/environment/path.sh
[9.283s] -- Symlinking: /home/jermito/rina_ws/install/diffdrive_arduino/share/diffdrive_arduino/environment/path.dsv
[9.290s] -- Symlinking: /home/jermito/rina_ws/install/diffdrive_arduino/share/diffdrive_arduino/local_setup.bash
[9.298s] -- Symlinking: /home/jermito/rina_ws/install/diffdrive_arduino/share/diffdrive_arduino/local_setup.sh
[9.306s] -- Symlinking: /home/jermito/rina_ws/install/diffdrive_arduino/share/diffdrive_arduino/local_setup.zsh
[9.314s] -- Symlinking: /home/jermito/rina_ws/install/diffdrive_arduino/share/diffdrive_arduino/local_setup.dsv
[9.322s] -- Symlinking: /home/jermito/rina_ws/install/diffdrive_arduino/share/diffdrive_arduino/package.dsv
[9.329s] -- Symlinking: /home/jermito/rina_ws/install/diffdrive_arduino/share/ament_index/resource_index/packages/diffdrive_arduino
[9.337s] -- Symlinking: /home/jermito/rina_ws/install/diffdrive_arduino/share/ament_index/resource_index/hardware_interface__pluginlib__plugin/diffdrive_arduino
[9.345s] -- Symlinking: /home/jermito/rina_ws/install/diffdrive_arduino/share/diffdrive_arduino/cmake/ament_cmake_export_libraries-extras.cmake
[9.353s] -- Symlinking: /home/jermito/rina_ws/install/diffdrive_arduino/share/diffdrive_arduino/cmake/ament_cmake_export_dependencies-extras.cmake
[9.361s] -- Symlinking: /home/jermito/rina_ws/install/diffdrive_arduino/share/diffdrive_arduino/cmake/diffdrive_arduinoConfig.cmake
[9.368s] -- Symlinking: /home/jermito/rina_ws/install/diffdrive_arduino/share/diffdrive_arduino/cmake/diffdrive_arduinoConfig-version.cmake
[9.377s] -- Symlinking: /home/jermito/rina_ws/install/diffdrive_arduino/share/diffdrive_arduino/package.xml
[9.389s] Invoked command in '/home/jermito/rina_ws/build/diffdrive_arduino' returned '0': AMENT_PREFIX_PATH=/home/jermito/rina_ws/install/serial:${AMENT_PREFIX_PATH} CMAKE_PREFIX_PATH=/home/jermito/rina_ws/install/serial:/opt/ros/foxy LD_LIBRARY_PATH=/home/jermito/rina_ws/install/serial/lib:${LD_LIBRARY_PATH} /usr/bin/cmake --install /home/jermito/rina_ws/build/diffdrive_arduino
