[0.042s] Invoking command in '/home/jermito/rina_ws/build/robot': CMAKE_PREFIX_PATH=${CMAKE_PREFIX_PATH}:/opt/ros/foxy /usr/bin/cmake --build /home/jermito/rina_ws/build/robot -- -j8 -l8
[0.069s] -- Found ament_cmake: 0.9.12 (/opt/ros/foxy/share/ament_cmake/cmake)
[0.102s] -- Using PYTHON_EXECUTABLE: /usr/bin/python3
[0.460s] -- Override CMake install command with custom implementation using symlinks instead of copying resources
[0.469s] -- Found ament_lint_auto: 0.9.8 (/opt/ros/foxy/share/ament_lint_auto/cmake)
[0.556s] -- Added test 'copyright' to check source files copyright and LICENSE
[0.559s] -- Added test 'flake8' to check Python code syntax and style conventions
[0.559s] -- Added test 'lint_cmake' to check CMake code style
[0.560s] -- Added test 'pep257' to check Python code against some of the style conventions in PEP 257
[0.561s] -- Added test 'xmllint' to check XML markup files
[0.563s] -- Configuring done
[0.565s] -- Generating done
[0.567s] -- Build files have been written to: /home/jermito/rina_ws/build/robot
[0.605s] Invoked command in '/home/jermito/rina_ws/build/robot' returned '0': CMAKE_PREFIX_PATH=${CMAKE_PREFIX_PATH}:/opt/ros/foxy /usr/bin/cmake --build /home/jermito/rina_ws/build/robot -- -j8 -l8
[0.658s] Invoking command in '/home/jermito/rina_ws/build/robot': CMAKE_PREFIX_PATH=${CMAKE_PREFIX_PATH}:/opt/ros/foxy /usr/bin/cmake --install /home/jermito/rina_ws/build/robot
[0.667s] -- Install configuration: ""
[0.667s] -- Execute custom install script
[0.668s] -- Up-to-date symlink: /home/jermito/rina_ws/install/robot/share/robot/config/controller.yaml
[0.669s] -- Up-to-date symlink: /home/jermito/rina_ws/install/robot/share/robot/urdf/control/gazebo_control.xacro
[0.669s] -- Up-to-date symlink: /home/jermito/rina_ws/install/robot/share/robot/urdf/control/ros2_control.xacro
[0.669s] -- Up-to-date symlink: /home/jermito/rina_ws/install/robot/share/robot/urdf/materials.xacro
[0.670s] -- Up-to-date symlink: /home/jermito/rina_ws/install/robot/share/robot/urdf/properties.xacro
[0.670s] -- Up-to-date symlink: /home/jermito/rina_ws/install/robot/share/robot/urdf/robot.urdf.xacro
[0.670s] -- Up-to-date symlink: /home/jermito/rina_ws/install/robot/share/robot/urdf/robot_core.urdf.xacro
[0.670s] -- Up-to-date symlink: /home/jermito/rina_ws/install/robot/share/robot/urdf/sensors/lidar.xacro
[0.671s] -- Up-to-date symlink: /home/jermito/rina_ws/install/robot/share/robot/launch/gazebo.launch.py
[0.671s] -- Up-to-date symlink: /home/jermito/rina_ws/install/robot/share/robot/launch/rsp.launch.py
[0.672s] -- Up-to-date symlink: /home/jermito/rina_ws/install/robot/share/robot/meshes/Wheel_1_1.stl
[0.672s] -- Up-to-date symlink: /home/jermito/rina_ws/install/robot/share/robot/meshes/Wheel_2_1.stl
[0.672s] -- Up-to-date symlink: /home/jermito/rina_ws/install/robot/share/robot/meshes/base_link.stl
[0.673s] -- Up-to-date symlink: /home/jermito/rina_ws/install/robot/share/ament_index/resource_index/package_run_dependencies/robot
[0.673s] -- Up-to-date symlink: /home/jermito/rina_ws/install/robot/share/ament_index/resource_index/parent_prefix_path/robot
[0.673s] -- Up-to-date symlink: /home/jermito/rina_ws/install/robot/share/robot/environment/ament_prefix_path.sh
[0.674s] -- Up-to-date symlink: /home/jermito/rina_ws/install/robot/share/robot/environment/ament_prefix_path.dsv
[0.674s] -- Up-to-date symlink: /home/jermito/rina_ws/install/robot/share/robot/environment/path.sh
[0.674s] -- Up-to-date symlink: /home/jermito/rina_ws/install/robot/share/robot/environment/path.dsv
[0.675s] -- Up-to-date symlink: /home/jermito/rina_ws/install/robot/share/robot/local_setup.bash
[0.675s] -- Up-to-date symlink: /home/jermito/rina_ws/install/robot/share/robot/local_setup.sh
[0.675s] -- Up-to-date symlink: /home/jermito/rina_ws/install/robot/share/robot/local_setup.zsh
[0.676s] -- Up-to-date symlink: /home/jermito/rina_ws/install/robot/share/robot/local_setup.dsv
[0.676s] -- Symlinking: /home/jermito/rina_ws/install/robot/share/robot/package.dsv
[0.690s] -- Up-to-date symlink: /home/jermito/rina_ws/install/robot/share/ament_index/resource_index/packages/robot
[0.691s] -- Up-to-date symlink: /home/jermito/rina_ws/install/robot/share/robot/cmake/robotConfig.cmake
[0.691s] -- Up-to-date symlink: /home/jermito/rina_ws/install/robot/share/robot/cmake/robotConfig-version.cmake
[0.691s] -- Up-to-date symlink: /home/jermito/rina_ws/install/robot/share/robot/package.xml
[0.710s] Invoked command in '/home/jermito/rina_ws/build/robot' returned '0': CMAKE_PREFIX_PATH=${CMAKE_PREFIX_PATH}:/opt/ros/foxy /usr/bin/cmake --install /home/jermito/rina_ws/build/robot
