[0.051s] Invoking command in '/home/jermito/rina_ws/build/robot': CMAKE_PREFIX_PATH=/opt/ros/foxy /usr/bin/cmake /home/jermito/rina_ws/src/robot -DAMENT_CMAKE_SYMLINK_INSTALL=1 -DCMAKE_INSTALL_PREFIX=/home/jermito/rina_ws/install/robot
[0.139s] -- The C compiler identification is GNU 9.4.0
[0.248s] -- The CXX compiler identification is GNU 9.4.0
[0.255s] -- Check for working C compiler: /usr/bin/cc
[0.359s] -- Check for working C compiler: /usr/bin/cc -- works
[0.360s] -- Detecting C compiler ABI info
[0.517s] -- Detecting C compiler ABI info - done
[0.543s] -- Detecting C compile features
[0.544s] -- Detecting C compile features - done
[0.547s] -- Check for working CXX compiler: /usr/bin/c++
[0.698s] -- Check for working CXX compiler: /usr/bin/c++ -- works
[0.703s] -- Detecting CXX compiler ABI info
[0.845s] -- Detecting CXX compiler ABI info - done
[0.882s] -- Detecting CXX compile features
[0.883s] -- Detecting CXX compile features - done
[0.889s] -- Found ament_cmake: 0.9.12 (/opt/ros/foxy/share/ament_cmake/cmake)
[0.957s] -- Found PythonInterp: /usr/bin/python3 (found suitable version "3.8.10", minimum required is "3") 
[0.957s] -- Using PYTHON_EXECUTABLE: /usr/bin/python3
[1.337s] -- Override CMake install command with custom implementation using symlinks instead of copying resources
[1.398s] -- Found ament_lint_auto: 0.9.8 (/opt/ros/foxy/share/ament_lint_auto/cmake)
[1.558s] -- Added test 'copyright' to check source files copyright and LICENSE
[1.565s] -- Added test 'flake8' to check Python code syntax and style conventions
[1.566s] -- Added test 'lint_cmake' to check CMake code style
[1.567s] -- Added test 'pep257' to check Python code against some of the style conventions in PEP 257
[1.569s] -- Added test 'xmllint' to check XML markup files
[1.573s] -- Configuring done
[1.589s] -- Generating done
[1.592s] -- Build files have been written to: /home/jermito/rina_ws/build/robot
[1.602s] Invoked command in '/home/jermito/rina_ws/build/robot' returned '0': CMAKE_PREFIX_PATH=/opt/ros/foxy /usr/bin/cmake /home/jermito/rina_ws/src/robot -DAMENT_CMAKE_SYMLINK_INSTALL=1 -DCMAKE_INSTALL_PREFIX=/home/jermito/rina_ws/install/robot
[1.607s] Invoking command in '/home/jermito/rina_ws/build/robot': CMAKE_PREFIX_PATH=/opt/ros/foxy /usr/bin/cmake --build /home/jermito/rina_ws/build/robot -- -j8 -l8
[1.676s] Invoked command in '/home/jermito/rina_ws/build/robot' returned '0': CMAKE_PREFIX_PATH=/opt/ros/foxy /usr/bin/cmake --build /home/jermito/rina_ws/build/robot -- -j8 -l8
[1.723s] Invoking command in '/home/jermito/rina_ws/build/robot': CMAKE_PREFIX_PATH=/opt/ros/foxy /usr/bin/cmake --install /home/jermito/rina_ws/build/robot
[1.730s] -- Install configuration: ""
[1.731s] -- Execute custom install script
[1.731s] -- Symlinking: /home/jermito/rina_ws/install/robot/share/robot/config/controller.yaml
[1.740s] -- Symlinking: /home/jermito/rina_ws/install/robot/share/robot/urdf/control/gazebo_control.xacro
[1.768s] -- Symlinking: /home/jermito/rina_ws/install/robot/share/robot/urdf/control/ros2_control.xacro
[1.782s] -- Symlinking: /home/jermito/rina_ws/install/robot/share/robot/urdf/materials.xacro
[1.795s] -- Symlinking: /home/jermito/rina_ws/install/robot/share/robot/urdf/properties.xacro
[1.805s] -- Symlinking: /home/jermito/rina_ws/install/robot/share/robot/urdf/robot.urdf.xacro
[1.813s] -- Symlinking: /home/jermito/rina_ws/install/robot/share/robot/urdf/robot_core.urdf.xacro
[1.843s] -- Symlinking: /home/jermito/rina_ws/install/robot/share/robot/urdf/sensors/lidar.xacro
[1.857s] -- Symlinking: /home/jermito/rina_ws/install/robot/share/robot/launch/gazebo.launch.py
[1.869s] -- Symlinking: /home/jermito/rina_ws/install/robot/share/robot/launch/robot.launch.py
[1.878s] -- Symlinking: /home/jermito/rina_ws/install/robot/share/robot/launch/rsp.launch.py
[1.900s] -- Symlinking: /home/jermito/rina_ws/install/robot/share/robot/meshes/base_link.stl
[1.925s] -- Symlinking: /home/jermito/rina_ws/install/robot/share/robot/meshes/chassis/base_link.stl
[1.937s] -- Symlinking: /home/jermito/rina_ws/install/robot/share/robot/meshes/left_wheel_1.stl
[1.947s] -- Symlinking: /home/jermito/rina_ws/install/robot/share/robot/meshes/lidar/base_link.stl
[1.955s] -- Symlinking: /home/jermito/rina_ws/install/robot/share/robot/meshes/right_wheel_1.stl
[1.964s] -- Symlinking: /home/jermito/rina_ws/install/robot/share/robot/meshes/wheel/base_link.stl
[1.989s] -- Symlinking: /home/jermito/rina_ws/install/robot/share/ament_index/resource_index/package_run_dependencies/robot
[2.004s] -- Symlinking: /home/jermito/rina_ws/install/robot/share/ament_index/resource_index/parent_prefix_path/robot
[2.014s] -- Symlinking: /home/jermito/rina_ws/install/robot/share/robot/environment/ament_prefix_path.sh
[2.048s] -- Symlinking: /home/jermito/rina_ws/install/robot/share/robot/environment/ament_prefix_path.dsv
[2.067s] -- Symlinking: /home/jermito/rina_ws/install/robot/share/robot/environment/path.sh
[2.082s] -- Symlinking: /home/jermito/rina_ws/install/robot/share/robot/environment/path.dsv
[2.120s] -- Symlinking: /home/jermito/rina_ws/install/robot/share/robot/local_setup.bash
[2.136s] -- Symlinking: /home/jermito/rina_ws/install/robot/share/robot/local_setup.sh
[2.146s] -- Symlinking: /home/jermito/rina_ws/install/robot/share/robot/local_setup.zsh
[2.183s] -- Symlinking: /home/jermito/rina_ws/install/robot/share/robot/local_setup.dsv
[2.201s] -- Symlinking: /home/jermito/rina_ws/install/robot/share/robot/package.dsv
[2.226s] -- Symlinking: /home/jermito/rina_ws/install/robot/share/ament_index/resource_index/packages/robot
[2.249s] -- Symlinking: /home/jermito/rina_ws/install/robot/share/robot/cmake/robotConfig.cmake
[2.267s] -- Symlinking: /home/jermito/rina_ws/install/robot/share/robot/cmake/robotConfig-version.cmake
[2.299s] -- Symlinking: /home/jermito/rina_ws/install/robot/share/robot/package.xml
[2.370s] Invoked command in '/home/jermito/rina_ws/build/robot' returned '0': CMAKE_PREFIX_PATH=/opt/ros/foxy /usr/bin/cmake --install /home/jermito/rina_ws/build/robot
