[0.039s] Invoking command in '/home/jermito/rina_ws/build/ydlidar_ros2_driver': CMAKE_PREFIX_PATH=/opt/ros/foxy /usr/bin/cmake --build /home/jermito/rina_ws/build/ydlidar_ros2_driver -- -j8 -l8
[0.208s] [ 50%] Built target ydlidar_ros2_driver_client
[0.209s] [100%] Built target ydlidar_ros2_driver_node
[0.232s] Invoked command in '/home/jermito/rina_ws/build/ydlidar_ros2_driver' returned '0': CMAKE_PREFIX_PATH=/opt/ros/foxy /usr/bin/cmake --build /home/jermito/rina_ws/build/ydlidar_ros2_driver -- -j8 -l8
[0.308s] Invoking command in '/home/jermito/rina_ws/build/ydlidar_ros2_driver': CMAKE_PREFIX_PATH=/opt/ros/foxy /usr/bin/cmake --install /home/jermito/rina_ws/build/ydlidar_ros2_driver
[0.321s] -- Install configuration: ""
[0.322s] -- Execute custom install script
[0.324s] -- Up-to-date symlink: /home/jermito/rina_ws/install/ydlidar_ros2_driver/lib/ydlidar_ros2_driver/ydlidar_ros2_driver_node
[0.325s] -- Up-to-date symlink: /home/jermito/rina_ws/install/ydlidar_ros2_driver/lib/ydlidar_ros2_driver/ydlidar_ros2_driver_client
[0.327s] -- Up-to-date symlink: /home/jermito/rina_ws/install/ydlidar_ros2_driver/share/ydlidar_ros2_driver/launch/ydlidar.py
[0.327s] -- Up-to-date symlink: /home/jermito/rina_ws/install/ydlidar_ros2_driver/share/ydlidar_ros2_driver/launch/ydlidar_launch.py
[0.328s] -- Up-to-date symlink: /home/jermito/rina_ws/install/ydlidar_ros2_driver/share/ydlidar_ros2_driver/launch/ydlidar_launch_view.py
[0.329s] -- Up-to-date symlink: /home/jermito/rina_ws/install/ydlidar_ros2_driver/share/ydlidar_ros2_driver/params/G1.yaml
[0.329s] -- Up-to-date symlink: /home/jermito/rina_ws/install/ydlidar_ros2_driver/share/ydlidar_ros2_driver/params/G2.yaml
[0.330s] -- Up-to-date symlink: /home/jermito/rina_ws/install/ydlidar_ros2_driver/share/ydlidar_ros2_driver/params/G6.yaml
[0.335s] -- Up-to-date symlink: /home/jermito/rina_ws/install/ydlidar_ros2_driver/share/ydlidar_ros2_driver/params/TG.yaml
[0.341s] -- Up-to-date symlink: /home/jermito/rina_ws/install/ydlidar_ros2_driver/share/ydlidar_ros2_driver/params/TminiPro.yaml
[0.342s] -- Up-to-date symlink: /home/jermito/rina_ws/install/ydlidar_ros2_driver/share/ydlidar_ros2_driver/params/X2.yaml
[0.342s] -- Up-to-date symlink: /home/jermito/rina_ws/install/ydlidar_ros2_driver/share/ydlidar_ros2_driver/params/X4-Pro.yaml
[0.342s] -- Up-to-date symlink: /home/jermito/rina_ws/install/ydlidar_ros2_driver/share/ydlidar_ros2_driver/params/X4.yaml
[0.342s] -- Up-to-date symlink: /home/jermito/rina_ws/install/ydlidar_ros2_driver/share/ydlidar_ros2_driver/params/ydlidar.yaml
[0.342s] -- Up-to-date symlink: /home/jermito/rina_ws/install/ydlidar_ros2_driver/share/ydlidar_ros2_driver/startup/initenv.sh
[0.342s] -- Up-to-date symlink: /home/jermito/rina_ws/install/ydlidar_ros2_driver/share/ydlidar_ros2_driver/config/ydlidar.rviz
[0.343s] -- Up-to-date symlink: /home/jermito/rina_ws/install/ydlidar_ros2_driver/share/ament_index/resource_index/package_run_dependencies/ydlidar_ros2_driver
[0.343s] -- Up-to-date symlink: /home/jermito/rina_ws/install/ydlidar_ros2_driver/share/ament_index/resource_index/parent_prefix_path/ydlidar_ros2_driver
[0.343s] -- Up-to-date symlink: /home/jermito/rina_ws/install/ydlidar_ros2_driver/share/ydlidar_ros2_driver/environment/ament_prefix_path.sh
[0.343s] -- Up-to-date symlink: /home/jermito/rina_ws/install/ydlidar_ros2_driver/share/ydlidar_ros2_driver/environment/ament_prefix_path.dsv
[0.343s] -- Up-to-date symlink: /home/jermito/rina_ws/install/ydlidar_ros2_driver/share/ydlidar_ros2_driver/environment/path.sh
[0.343s] -- Up-to-date symlink: /home/jermito/rina_ws/install/ydlidar_ros2_driver/share/ydlidar_ros2_driver/environment/path.dsv
[0.343s] -- Up-to-date symlink: /home/jermito/rina_ws/install/ydlidar_ros2_driver/share/ydlidar_ros2_driver/local_setup.bash
[0.345s] -- Up-to-date symlink: /home/jermito/rina_ws/install/ydlidar_ros2_driver/share/ydlidar_ros2_driver/local_setup.sh
[0.346s] -- Up-to-date symlink: /home/jermito/rina_ws/install/ydlidar_ros2_driver/share/ydlidar_ros2_driver/local_setup.zsh
[0.346s] -- Up-to-date symlink: /home/jermito/rina_ws/install/ydlidar_ros2_driver/share/ydlidar_ros2_driver/local_setup.dsv
[0.346s] -- Symlinking: /home/jermito/rina_ws/install/ydlidar_ros2_driver/share/ydlidar_ros2_driver/package.dsv
[0.360s] -- Up-to-date symlink: /home/jermito/rina_ws/install/ydlidar_ros2_driver/share/ament_index/resource_index/packages/ydlidar_ros2_driver
[0.361s] -- Up-to-date symlink: /home/jermito/rina_ws/install/ydlidar_ros2_driver/share/ydlidar_ros2_driver/cmake/ydlidar_ros2_driverConfig.cmake
[0.361s] -- Up-to-date symlink: /home/jermito/rina_ws/install/ydlidar_ros2_driver/share/ydlidar_ros2_driver/cmake/ydlidar_ros2_driverConfig-version.cmake
[0.362s] -- Up-to-date symlink: /home/jermito/rina_ws/install/ydlidar_ros2_driver/share/ydlidar_ros2_driver/package.xml
[0.397s] Invoked command in '/home/jermito/rina_ws/build/ydlidar_ros2_driver' returned '0': CMAKE_PREFIX_PATH=/opt/ros/foxy /usr/bin/cmake --install /home/jermito/rina_ws/build/ydlidar_ros2_driver
